  ***** WELCOME TO FLAPWL KANSAI-12  12/12/30  *****
  === RELAXED CORE ===
 WE USE THE DATA ON FILE( 1):  Paramagnetic arsenic  #166                      
 IL= -1   NGEN=  3   INV=  0   IDU=  0
 JA=    3 WITH (    0/  1,    0/  1,    0/  1)
 JA=   10 WITH (    0/  1,    0/  1,    0/  1)
 JA=   13 WITH (    0/  1,    0/  1,    0/  1)
  A, B, C=    7.10347999106817    7.10347999106817   19.73100699195026
 CA,CB,CC=    0.00000000000000    0.00000000000000   -0.50000000000000
 NAT,NKAT,(KION(I),I=1,NKAT)    2    1    2
 I, (RATOM(J,I),J=1,3)    1   0.0000000   0.0000000   0.2276400
 I, (RATOM(J,I),J=1,3)    2   0.0000000   0.0000000   0.7723600
   1  1           3           3           6           6           3

         0.66937909  0.82346157  1.00000000  1.09114413  1.20335712
 TMAD(I,J),I= 1:        3.8006682
 VP,AS=      0.8018395      1.1547005
  ====== ELECTRON NUMBER ====
 TOTAL=     66.00000000  VALENCE=     10.00000000
  ===========================
 IKAT= 1  Z,MASS,RADIUS=  33.00000000  74.07041853   0.00008735
  ----- WELCOME TO TSPACE V4.2 2012/12/31 -----
 LATTICE CONSTANTS ARE SET AS
  A=  7.10348  B=  7.10348  C= 19.73101
 CA=  0.00000 CB=  0.00000 CC= -0.50000
 --- LATTICE PARAMETERS IN REAL SPACE ---------
  A, B, C=    7.1034799911    7.1034799911   19.7310069920
 CA,CB,CC=     0.0000000000     0.0000000000    -0.5000000000
 --- LATTICE PARAMETERS IN RECIPROCAL SPACE ---
  A, B, C=    1.0213581887    1.0213581887    0.3184422016
 CA,CB,CC=     0.0000000000     0.0000000000     0.5000000000
 ----------------------------------------------
  TRIGONAL LATTICE
 

 GROUP ELEMENTS
  1   1   E     X  Y  Z  0/1  0/1  0/1
  2   3   C3+  -Y  W  Z  0/1  0/1  0/1
  3   5   C3-  -W -X  Z  0/1  0/1  0/1
  4  10   C212  W -Y -Z  0/1  0/1  0/1
  5  11   C222 -X -W -Z  0/1  0/1  0/1
  6  12   C232  Y  X -Z  0/1  0/1  0/1
  7  13  IE    -X -Y -Z  0/1  0/1  0/1
  8  15  IC3+   Y -W -Z  0/1  0/1  0/1
  9  17  IC3-   W  X -Z  0/1  0/1  0/1
 10  22  IC212 -W  Y  Z  0/1  0/1  0/1
 11  23  IC222  X  W  Z  0/1  0/1  0/1
 12  24  IC232 -Y -X  Z  0/1  0/1  0/1
 
 TABLE OF THE TRANSLATION OF ATOMIC POSITION
  1  1  1  2
  2  3  1  2
  3  5  1  2
  4 10  2  1
  5 11  2  1
  6 12  2  1
  7 13  2  1
  8 15  2  1
  9 17  2  1
 10 22  1  2
 11 23  1  2
 12 24  1  2
 IK=          15    IE=           4
 IK=          47    IE=           9
 IK=          71    IE=          13
 IK=         145    IE=          22
 IK=         211    IE=          29
 IK=         327    IE=          41
 (    0    0    0 )  (    1 )      0.00000D+00
 (    0    0    3 )  (    3 )      0.93535D+00
 (    0    1   -1 )  (    9 )      0.10475D+01
 (    0    1    2 )  (   15 )      0.11785D+01
 (    0    1   -4 )  (   21 )      0.15985D+01
 (    1    1    0 )  (   27 )      0.17321D+01
 (    0    1    5 )  (   33 )      0.18521D+01
 (    0    0    6 )  (   35 )      0.18707D+01
 (    1    1    3 )  (   47 )      0.19685D+01
 (    0    2    1 )  (   53 )      0.20242D+01
 (    0    2   -2 )  (   59 )      0.20950D+01
 (    0    2    4 )  (   65 )      0.23570D+01
 (    0    1   -7 )  (   71 )      0.24007D+01
 (    0    2   -5 )  (   77 )      0.25358D+01
 (    1    1    6 )  (   89 )      0.25494D+01
 (    1    2   -1 )  (  101 )      0.26641D+01
 (    0    1    8 )  (  107 )      0.26873D+01
 (    1    2    2 )  (  119 )      0.27182D+01
 (    0    0    9 )  (  121 )      0.28060D+01
 (    1    2   -4 )  (  133 )      0.29250D+01
 (    0    2    7 )  (  139 )      0.29603D+01
 (    0    3    0 )  (  145 )      0.30000D+01
 (    1    2    5 )  (  157 )      0.30709D+01
 (    0    3    3 )  (  169 )      0.31424D+01
 (    0    2   -8 )  (  175 )      0.31971D+01
 (    0    1  -10 )  (  181 )      0.32743D+01
 (    1    1    9 )  (  193 )      0.32976D+01
 (    1    2   -7 )  (  205 )      0.34298D+01
 (    2    2    0 )  (  211 )      0.34641D+01
 (    0    3    6 )  (  223 )      0.35355D+01
 (    0    1   11 )  (  229 )      0.35724D+01
 (    2    2    3 )  (  241 )      0.35882D+01
 (    1   -4   -1 )  (  253 )      0.36190D+01
 (    1    2    8 )  (  265 )      0.36361D+01
 (    1    3   -2 )  (  277 )      0.36591D+01
 (    0    2   10 )  (  283 )      0.37042D+01
 (    0    0   12 )  (  285 )      0.37414D+01
 (    1    3    4 )  (  297 )      0.38151D+01
 (    1    3   -5 )  (  309 )      0.39281D+01
 (    2    2    6 )  (  321 )      0.39369D+01
 (    0    2  -11 )  (  327 )      0.39702D+01
1
      
 FTAPW                
      
      
 NON-MAGNETIC         
 WITH SPIN-ORBIT      
      
      
  RADIUS OF MT =  0.311300000000000     
  ==== RADIUS OF MT (A.U.) ====
 KIND OF ATOM =  1    S=  2.21131
  =============================
  FULL POTENTIAL :  AMX0=  8.3500   LMAX0= 6
 AMX=  4.1750   LMAX= 7  NNEIG(INITIAL)=  10
 LEVEL   = 1
 IXNAME  =GL  
 ITERDATA= 1
  ===== PARAMETERS FTAPWL =====
  NKAT,LMAX,NSPIN=           1           7           1
  FULL POTENTIAL DATA :  AMX0=     8.35000     LMAX0= 6
  LAPW           DATA :  AMX =     4.17500     LMAX = 7
  === EFG-OUT ON ===
  =============================
   2.21131332121952     
           1         327   2.21131332121952       0.793586602020590     
  -9.00000000000000       6.000000000000000E-002
 ATOM=  1,    R(1)=  0.00012341   R(327)=  2.21131332   SATOM=  2.21131332
      ALATT           WUNIT           VCELL           VOUT
       7.10347999      1.02135819    287.40938834    196.82164280


      RAPW(P)        VIN(P)         CR(P)        ANA(P)  KAT(1,P)  KAT(2,P)
      2.21131332    45.29387277     0.15759357     2.0    1         2

 FA(P1,P2)                                                  FO(P1)
   P1        P2=1,NKAT
    1        0.02311
+                                                           1.21652
  NKP1=          33
  NKP1=          33
  NKP1=          33  NKP0=        2197
 === K POINTS === (NX,NY,NZ)=(  4  4  4) ===== NKP1=   33   NKP2=  192
 (  0  0  0)/  4( 1) (  0  0  1)/  4( 2) (  0  0  2)/  4( 2) (  0  0  3)/  4( 2)
 (  0  0  4)/  4( 2) (  0  0  5)/  4( 2) (  0  0  6)/  4( 1) (  0  1  0)/  4( 6)
 (  0  1  1)/  4( 6) (  0  1  2)/  4( 6) (  0  1  3)/  4( 6) (  0  1  4)/  4( 6)
 (  0  1  5)/  4( 6) (  0  1  6)/  4( 6) (  0  2  0)/  4( 6) (  0  2  1)/  4( 6)
 (  0  2  2)/  4( 6) (  0  2  3)/  4( 6) (  0  2  4)/  4( 3) (  1  0  1)/  4( 6)
 (  1  0  2)/  4( 6) (  1  0  3)/  4( 6) (  1  0  4)/  4( 6) (  1  0  5)/  4( 6)
 (  1  1  0)/  4( 6) (  1  1  1)/  4(12) (  1  1  2)/  4(12) (  1  1  3)/  4(12)
 (  1  1  4)/  4(12) (  1  1  5)/  4(12) (  1  1  6)/  4( 6) (  2  0  1)/  4( 6)
 (  2  0  2)/  4( 3) (
 === CENTER OF RANDOM POINTS = (  0.00058 -0.00036 -0.00121 ) ===
  AM=   8.35000000000000         JF=           6
           1           1
           6          12           1           1           1           1
           2           2
 NK,NW=        2999        2999    ND1=         315
     NO. OF BASIS  =          315
  NO. OF PW IN SPW =         2999
0 ========== ITER=  1 ===========================
  === POTENTIAL V*R IN MT ===
  IKAT =           1    ISPIN=           1
     1 -0.659670886660D+02   26 -0.659299600563D+02   51 -0.658508570287D+02
    76 -0.656820676278D+02  101 -0.653212408384D+02  126 -0.645507300977D+02
   151 -0.629319299698D+02  176 -0.597170959682D+02  201 -0.539341662193D+02
   226 -0.446580659799D+02  251 -0.318944806149D+02  276 -0.174381698495D+02
   301 -0.668237451909D+01  326 -0.144497622720D+01  327 -0.130911783159D+01
 <<< CPU =     0.000(SEC.) FOR SUB.POTVR0 >>>.   TOTAL CPU =     0.077(SEC.).  




 ===== CORE STATE CALCULATION =====
 IA=           1    RMAX=R(         347 )=   4.03263551391383     
  ===== EIGENENERGY OF CORE STATE (RYD.) =====
 100         -858.908242
 200         -108.264026
 210          -94.929851
 300          -13.117029
 310           -8.995406
 320           -2.198323




 ----- NO. OF CORE ELECTRONS INSIDE THE MUFFIN-TIN SPHERE ( NEW  ) ---
 ATOM=  1       0.279767D+02  0.279767D+02
 IND0= 0 IND1= 0    L= 0   IA= 1  ISP= 1
 -0.800 -0.600 -0.400 -0.200  0.000  0.200  0.400  0.600  0.800  1.000  1.200
 -0.447 -0.411 -0.374 -0.335 -0.293 -0.250 -0.205 -0.158 -0.110 -0.061 -0.012
  0.174  0.252  0.328  0.403  0.475  0.545  0.610  0.670  0.725  0.774  0.815
 IND0= 0 IND1= 4    L= 1   IA= 1  ISP= 1
 -0.800 -0.620 -0.440 -0.260 -0.080  0.100  0.280  0.460  0.640  0.820  1.000
  0.606  0.585  0.562  0.539  0.514  0.489  0.462  0.434  0.404  0.374  0.342
  0.155  0.088  0.022 -0.044 -0.110 -0.176 -0.242 -0.307 -0.371 -0.434 -0.495
 IND0= 0 IND1= 4    L= 2   IA= 1  ISP= 1
  1.000  1.120  1.240  1.360  1.480  1.600  1.720  1.840  1.960  2.080  2.200
 -0.618 -0.606 -0.595 -0.582 -0.570 -0.557 -0.544 -0.530 -0.516 -0.501 -0.486
 -0.090 -0.049 -0.007  0.034  0.076  0.117  0.158  0.199  0.240  0.281  0.322
 IND0= 0 IND1= 0    L= 3   IA= 1  ISP= 1
  0.000  0.100  0.200  0.300  0.400  0.500  0.600  0.700  0.800  0.900  1.000
  0.829  0.823  0.816  0.810  0.804  0.797  0.791  0.784  0.777  0.770  0.763
  0.888  0.857  0.826  0.795  0.763  0.732  0.700  0.669  0.637  0.605  0.573
 IND0= 0 IND1= 0    L= 4   IA= 1  ISP= 1
  0.000  0.100  0.200  0.300  0.400  0.500  0.600  0.700  0.800  0.900  1.000
  0.957  0.953  0.949  0.945  0.941  0.937  0.933  0.929  0.925  0.920  0.916
  1.545  1.518  1.490  1.462  1.434  1.407  1.379  1.351  1.323  1.295  1.267
 IND0= 0 IND1= 0    L= 5   IA= 1  ISP= 1
  0.000  0.100  0.200  0.300  0.400  0.500  0.600  0.700  0.800  0.900  1.000
  1.058  1.055  1.052  1.049  1.046  1.043  1.040  1.037  1.034  1.031  1.028
  2.233  2.208  2.183  2.157  2.132  2.106  2.081  2.055  2.030  2.004  1.978
 IND0= 0 IND1= 0    L= 6   IA= 1  ISP= 1
  0.000  0.100  0.200  0.300  0.400  0.500  0.600  0.700  0.800  0.900  1.000
  1.145  1.142  1.140  1.138  1.135  1.133  1.131  1.128  1.126  1.123  1.121
  2.966  2.942  2.919  2.895  2.871  2.848  2.824  2.800  2.776  2.753  2.729
 IND0= 0 IND1= 0    L= 7   IA= 1  ISP= 1
  0.000  0.100  0.200  0.300  0.400  0.500  0.600  0.700  0.800  0.900  1.000
  1.223  1.221  1.219  1.217  1.215  1.213  1.211  1.209  1.207  1.205  1.203
  3.743  3.721  3.699  3.677  3.654  3.632  3.610  3.588  3.565  3.543  3.520
 <<< CPU =     0.001(SEC.) FOR SUB.TSRWF  >>>.   TOTAL CPU =     0.078(SEC.).  
   
   RADIAL INTEGRAL OF SPIN-ORBIT HAMILTONIAN 
   ******* MASS CORRECTION INCLUDED ******** 
   
 <<< CPU =     0.001(SEC.) FOR SUB.SOINTR >>>.   TOTAL CPU =     0.079(SEC.).  
 <<< CPU =     0.009(SEC.) FOR SUB.VPW000 >>>.   TOTAL CPU =     0.093(SEC.).  
 ===    1/ 33 ===== (  0  0  0)/  4 ==========
  NO. OF PLANE WAVES =         381
 ===    2/ 33 ===== (  0  0  1)/  4 ==========
  NO. OF PLANE WAVES =         381
 ===    3/ 33 ===== (  0  0  2)/  4 ==========
  NO. OF PLANE WAVES =         369
 ===    4/ 33 ===== (  0  0  3)/  4 ==========
  NO. OF PLANE WAVES =         375
 ===    5/ 33 ===== (  0  0  4)/  4 ==========
  NO. OF PLANE WAVES =         375
 ===    6/ 33 ===== (  0  0  5)/  4 ==========
  NO. OF PLANE WAVES =         387
 ===    7/ 33 ===== (  0  0  6)/  4 ==========
  NO. OF PLANE WAVES =         380
 ===    8/ 33 ===== (  0  1  0)/  4 ==========
  NO. OF PLANE WAVES =         374
 ===    9/ 33 ===== (  0  1  1)/  4 ==========
  NO. OF PLANE WAVES =         378
 ===   10/ 33 ===== (  0  1  2)/  4 ==========
  NO. OF PLANE WAVES =         378
 ===   11/ 33 ===== (  0  1  3)/  4 ==========
  NO. OF PLANE WAVES =         375
 ===   12/ 33 ===== (  0  1  4)/  4 ==========
  NO. OF PLANE WAVES =         375
 ===   13/ 33 ===== (  0  1  5)/  4 ==========
  NO. OF PLANE WAVES =         375
 ===   14/ 33 ===== (  0  1  6)/  4 ==========
  NO. OF PLANE WAVES =         373
 ===   15/ 33 ===== (  0  2  0)/  4 ==========
  NO. OF PLANE WAVES =         384
 ===   16/ 33 ===== (  0  2  1)/  4 ==========
  NO. OF PLANE WAVES =         376
 ===   17/ 33 ===== (  0  2  2)/  4 ==========
  NO. OF PLANE WAVES =         377
 ===   18/ 33 ===== (  0  2  3)/  4 ==========
  NO. OF PLANE WAVES =         378
 ===   19/ 33 ===== (  0  2  4)/  4 ==========
  NO. OF PLANE WAVES =         372
 ===   20/ 33 ===== (  1  0  1)/  4 ==========
  NO. OF PLANE WAVES =         380
 ===   21/ 33 ===== (  1  0  2)/  4 ==========
  NO. OF PLANE WAVES =         373
 ===   22/ 33 ===== (  1  0  3)/  4 ==========
  NO. OF PLANE WAVES =         376
 ===   23/ 33 ===== (  1  0  4)/  4 ==========
  NO. OF PLANE WAVES =         371
 ===   24/ 33 ===== (  1  0  5)/  4 ==========
  NO. OF PLANE WAVES =         374
 ===   25/ 33 ===== (  1  1  0)/  4 ==========
  NO. OF PLANE WAVES =         375
 ===   26/ 33 ===== (  1  1  1)/  4 ==========
  NO. OF PLANE WAVES =         373
 ===   27/ 33 ===== (  1  1  2)/  4 ==========
  NO. OF PLANE WAVES =         376
 ===   28/ 33 ===== (  1  1  3)/  4 ==========
  NO. OF PLANE WAVES =         375
 ===   29/ 33 ===== (  1  1  4)/  4 ==========
  NO. OF PLANE WAVES =         375
 ===   30/ 33 ===== (  1  1  5)/  4 ==========
  NO. OF PLANE WAVES =         379
 ===   31/ 33 ===== (  1  1  6)/  4 ==========
  NO. OF PLANE WAVES =         378
 ===   32/ 33 ===== (  2  0  1)/  4 ==========
  NO. OF PLANE WAVES =         376
 ===   33/ 33 ===== (  2  0  2)/  4 ==========
  NO. OF PLANE WAVES =         374
 TIME TO GET EIGENSTATES.     7.714     7.807
  EMAX=   1.27855008003982         EMIN= -0.667397645796351     
     FERMI-EN=  0.43859999  DOS=     0.00000  INT.DOS=  10.0000000000
  === DOS OF EACH BAND ===
 SPIN= 1    1    0.000    2    0.000    3    0.000    4    0.000    5    0.000
            6    0.000    7    0.000    8    0.000    9    0.000   10    0.000
           11    0.000   12    0.000   13    0.000   14    0.000   15    0.000
           16    0.000   17    0.000   18    0.000   19    0.000   20    0.000
  === OCCUPATION OF EACH BAND ===
 SPIN= 1    1  1.00000    2  1.00000    3  1.00000    4  1.00000    5  1.00000
            6  1.00000    7  1.00000    8  1.00000    9  1.00000   10  1.00000
           11  0.00000   12  0.00000   13  0.00000   14  0.00000   15  0.00000
           16  0.00000   17  0.00000   18  0.00000   19  0.00000   20  0.00000
   NX=  4  NY=  4  NZ=  4
 NEIG= 20NKP1= 33 NSP=  1
   1/ 33  (  0  0  0 )/  4 SPIN= 1
 -0.6674 -0.6674  0.0283  0.0283  0.2681  0.2681  0.2929  0.2929  0.3029  0.3029
  0.5598  0.5598  0.6557  0.6557  0.6720  0.6720  0.9628  0.9628  0.9647  0.9647
   2/ 33  (  0  0  1 )/  4 SPIN= 1
 -0.6630 -0.6630 -0.0022 -0.0022  0.2793  0.2793  0.3032  0.3032  0.3035  0.3035
  0.5646  0.5646  0.6429  0.6429  0.6586  0.6586  0.9686  0.9686  0.9699  0.9699
   3/ 33  (  0  0  2 )/  4 SPIN= 1
 -0.6502 -0.6502 -0.0684 -0.0684  0.2862  0.2862  0.3054  0.3054  0.3349  0.3349
  0.5774  0.5774  0.6118  0.6118  0.6252  0.6252  0.9366  0.9366  0.9920  0.9920
   4/ 33  (  0  0  3 )/  4 SPIN= 1
 -0.6304 -0.6304 -0.1417 -0.1417  0.2908  0.2908  0.3089  0.3089  0.3603  0.3603
  0.5673  0.5673  0.5851  0.5851  0.5995  0.5995  0.9307  0.9307  1.0365  1.0365
   5/ 33  (  0  0  4 )/  4 SPIN= 1
 -0.6067 -0.6067 -0.2079 -0.2079  0.2961  0.2961  0.3136  0.3136  0.3733  0.3733
  0.5335  0.5335  0.5488  0.5488  0.6066  0.6066  0.9605  0.9605  1.1001  1.1001
   6/ 33  (  0  0  5 )/  4 SPIN= 1
 -0.5853 -0.5853 -0.2561 -0.2561  0.3009  0.3009  0.3182  0.3182  0.3785  0.3785
  0.5090  0.5090  0.5234  0.5234  0.6070  0.6070  1.0102  1.0102  1.1769  1.1769
   7/ 33  (  0  0  6 )/  4 SPIN= 1
 -0.5762 -0.5762 -0.2743 -0.2743  0.3030  0.3030  0.3201  0.3201  0.3799  0.3799
  0.5002  0.5002  0.5142  0.5142  0.6061  0.6061  1.0385  1.0385  1.2324  1.2324
   8/ 33  (  0  1  0 )/  4 SPIN= 1
 -0.6109 -0.6109 -0.1325 -0.1325  0.2375  0.2375  0.2714  0.2714  0.3202  0.3202
  0.5314  0.5314  0.5867  0.5867  0.6698  0.6698  0.8669  0.8669  0.9631  0.9631
   9/ 33  (  0  1  1 )/  4 SPIN= 1
 -0.6069 -0.6069 -0.1246 -0.1246  0.1977  0.1977  0.2206  0.2206  0.3361  0.3361
  0.5499  0.5499  0.6012  0.6012  0.7252  0.7252  0.8623  0.8623  1.0107  1.0107
  10/ 33  (  0  1  2 )/  4 SPIN= 1
 -0.5951 -0.5951 -0.1340 -0.1340  0.1406  0.1406  0.2031  0.2031  0.3137  0.3137
  0.5938  0.5938  0.6296  0.6296  0.7612  0.7612  0.8821  0.8821  1.0795  1.0795
  11/ 33  (  0  1  3 )/  4 SPIN= 1
 -0.5766 -0.5766 -0.1633 -0.1633  0.0980  0.0980  0.1937  0.1937  0.2935  0.2935
  0.6053  0.6053  0.6982  0.6982  0.7623  0.7623  0.9001  0.9001  1.1605  1.1605
  12/ 33  (  0  1  4 )/  4 SPIN= 1
 -0.5546 -0.5546 -0.2042 -0.2042  0.0680  0.0680  0.1925  0.1925  0.2880  0.2880
  0.6212  0.6212  0.7357  0.7357  0.7557  0.7557  0.9085  0.9085  1.2513  1.2513
  13/ 33  (  0  1  5 )/  4 SPIN= 1
 -0.5347 -0.5347 -0.2417 -0.2417  0.0479  0.0479  0.1997  0.1997  0.2975  0.2975
  0.6346  0.6346  0.6967  0.6967  0.7990  0.7990  0.9182  0.9182  1.2286  1.2286
  14/ 33  (  0  1  6 )/  4 SPIN= 1
 -0.5257 -0.5257 -0.2615 -0.2615  0.0388  0.0388  0.2146  0.2146  0.3191  0.3191
  0.6301  0.6301  0.6555  0.6555  0.8260  0.8260  0.9482  0.9482  1.1452  1.1452
  15/ 33  (  0  2  0 )/  4 SPIN= 1
 -0.4703 -0.4703 -0.3472 -0.3472  0.1537  0.1537  0.2025  0.2025  0.3007  0.3007
  0.5531  0.5531  0.6256  0.6256  0.6316  0.6316  0.9141  0.9141  1.2490  1.2490
  16/ 33  (  0  2  1 )/  4 SPIN= 1
 -0.4698 -0.4698 -0.3230 -0.3230  0.0935  0.0935  0.1779  0.1779  0.2456  0.2456
  0.5868  0.5868  0.6929  0.6929  0.7464  0.7464  0.8713  0.8713  1.2552  1.2552
  17/ 33  (  0  2  2 )/  4 SPIN= 1
 -0.4675 -0.4675 -0.2991 -0.2991  0.0496  0.0496  0.1569  0.1569  0.1984  0.1984
  0.5806  0.5806  0.7652  0.7652  0.8606  0.8606  0.8913  0.8913  1.2678  1.2678
  18/ 33  (  0  2  3 )/  4 SPIN= 1
 -0.4648 -0.4648 -0.2817 -0.2817  0.0254  0.0254  0.1424  0.1424  0.1646  0.1646
  0.5608  0.5608  0.8277  0.8277  0.9368  0.9368  0.9518  0.9518  1.2786  1.2786
  19/ 33  (  0  2  4 )/  4 SPIN= 1
 -0.4635 -0.4635 -0.2755 -0.2755  0.0184  0.0184  0.1363  0.1363  0.1525  0.1525
  0.5520  0.5520  0.8544  0.8544  0.9601  0.9601  0.9877  0.9877  1.2544  1.2544
  20/ 33  (  1  0  1 )/  4 SPIN= 1
 -0.6064 -0.6064 -0.1511 -0.1511  0.2499  0.2499  0.2622  0.2622  0.3469  0.3469
  0.5369  0.5369  0.5928  0.5928  0.6164  0.6164  0.8989  0.8989  0.9523  0.9523
  21/ 33  (  1  0  2 )/  4 SPIN= 1
 -0.5941 -0.5941 -0.1759 -0.1759  0.1773  0.1773  0.2733  0.2733  0.4203  0.4203
  0.4929  0.4929  0.5773  0.5773  0.6673  0.6673  0.9037  0.9037  1.0192  1.0192
  22/ 33  (  1  0  3 )/  4 SPIN= 1
 -0.5751 -0.5751 -0.2044 -0.2044  0.1133  0.1133  0.2723  0.2723  0.4357  0.4357
  0.4977  0.4977  0.5662  0.5662  0.7442  0.7442  0.9207  0.9207  1.0330  1.0330
  23/ 33  (  1  0  4 )/  4 SPIN= 1
 -0.5528 -0.5528 -0.2337 -0.2337  0.0683  0.0683  0.2569  0.2569  0.3905  0.3905
  0.5571  0.5571  0.5822  0.5822  0.7976  0.7976  0.9729  0.9729  1.0649  1.0649
  24/ 33  (  1  0  5 )/  4 SPIN= 1
 -0.5333 -0.5333 -0.2567 -0.2567  0.0443  0.0443  0.2351  0.2351  0.3506  0.3506
  0.6016  0.6016  0.6171  0.6171  0.8242  0.8242  1.0063  1.0063  1.0767  1.0767
  25/ 33  (  1  1  0 )/  4 SPIN= 1
 -0.5040 -0.5040 -0.2890 -0.2890  0.0734  0.0734  0.2895  0.2895  0.3004  0.3004
  0.5309  0.5309  0.5529  0.5529  0.7769  0.7769  0.8969  0.8969  1.1038  1.1038
  26/ 33  (  1  1  1 )/  4 SPIN= 1
 -0.5006 -0.5006 -0.2912 -0.2912  0.0750  0.0750  0.2547  0.2547  0.3029  0.3029
  0.5173  0.5173  0.6175  0.6175  0.7648  0.7648  0.8877  0.8877  1.1245  1.1245
  27/ 33  (  1  1  2 )/  4 SPIN= 1
 -0.4909 -0.4909 -0.2968 -0.2968  0.0715  0.0715  0.2320  0.2320  0.2511  0.2511
  0.5724  0.5724  0.6923  0.6923  0.7394  0.7394  0.8667  0.8667  1.1885  1.1885
  28/ 33  (  1  1  3 )/  4 SPIN= 1
 -0.4765 -0.4765 -0.3040 -0.3040  0.0540  0.0540  0.1769  0.1769  0.2518  0.2518
  0.6588  0.6588  0.6817  0.6817  0.7750  0.7750  0.8553  0.8553  1.1878  1.1878
  29/ 33  (  1  1  4 )/  4 SPIN= 1
 -0.4602 -0.4602 -0.3111 -0.3111  0.0336  0.0336  0.1126  0.1126  0.2952  0.2952
  0.6247  0.6247  0.7491  0.7491  0.8218  0.8218  0.8684  0.8684  1.1112  1.1112
  30/ 33  (  1  1  5 )/  4 SPIN= 1
 -0.4467 -0.4467 -0.3164 -0.3164  0.0233  0.0233  0.0642  0.0642  0.3461  0.3461
  0.5701  0.5701  0.7986  0.7986  0.8497  0.8497  0.9145  0.9145  1.0530  1.0530
  31/ 33  (  1  1  6 )/  4 SPIN= 1
 -0.4413 -0.4413 -0.3185 -0.3185  0.0255  0.0255  0.0412  0.0412  0.3735  0.3735
  0.5417  0.5417  0.8257  0.8257  0.8341  0.8341  0.9770  0.9770  1.0080  1.0080
  32/ 33  (  2  0  1 )/  4 SPIN= 1
 -0.4691 -0.4691 -0.3654 -0.3654  0.2191  0.2191  0.2246  0.2246  0.3611  0.3611
  0.4928  0.4928  0.5315  0.5315  0.5774  0.5774  1.0087  1.0087  1.2318  1.2318
  33/ 33  (  2  0  2 )/  4 SPIN= 1
 -0.4682 -0.4682 -0.3723 -0.3723  0.2337  0.2337  0.2557  0.2557  0.4145  0.4145
  0.4389  0.4389  0.4825  0.4825  0.5588  0.5588  1.1202  1.1202  1.1420  1.1420
 FERMI LEVEL= 0.438600
 ====== EIGENENERGIES HAVE BEEN WRITTEN ON FILE( 6) =====
 ====== EIGENENERGIES HAVE BEEN WRITTEN ON FILE(40) =====
 CORE-OUT(ISPIN= 1)=      0.04657730(NUMBER)
 CORE-OUT(ISPIN= 1)=      0.00023665(DENSITY)
  ====  SPW-COMPONENTS OF CHARGE DENSITY (UP-SPIN, DOWN-SPIN, TOTAL) ====
  IFL=          27
  NKP1=          33    NSPIN=           1    NKP2=         192
  NSSW=          12
 (1)SPIN (AMOUNT OF L-CHARGE IN MT)
    IA=  1      1.387   1.482   0.067   0.008   0.001   0.000   0.000   0.000
  === EL. DENSITY ON MT  (DIFFEREINCE BETWEEN (IN) AND (OUT)) ===
 ATOM=  1 AVERAGE=  0.04556 (IN)   0.04437 (OUT) STANDARD DEVIATION=  0.00120
 ATOM=  2 AVERAGE=  0.04556 (IN)   0.04436 (OUT) STANDARD DEVIATION=  0.00120
  CHARGE FOR FULL POTENTIAL IS WRITTEN IN          32
  === GENERALIZED MULTIPOLE MOMENT (TRUE) ===
 (  1 ) -0.828606312450D+00
 (  2 ) -0.110486576832D+00
 (  3 ) -0.235108517103D-01
 (  4 )  0.332981830498D+00
 (  5 ) -0.366158767111D+00
 (  6 ) -0.256171161052D+00
 (  7 )  0.557373918572D+00
 (  8 ) -0.783989844066D-01
 (  9 ) -0.219744858186D+00
 ( 10 ) -0.156218083262D+00
 ( 11 )  0.162777058081D+00
 ( 12 )  0.152267228506D-01
  === MULTIPOLE MOMENT (PW PART) ===
 ISSW=    1       0.973362442136D+00
 ISSW=    2      -0.116503460643D+00
 ISSW=    3      -0.190915700751D-01
 ISSW=    4       0.332989827905D+00
 ISSW=    5      -0.365885132627D+00
 ISSW=    6      -0.253484170700D+00
 ISSW=    7       0.550532047310D+00
 ISSW=    8      -0.774550392876D-01
 ISSW=    9      -0.216194949732D+00
 ISSW=   10      -0.155829350696D+00
 ISSW=   11       0.162488548036D+00
 ISSW=   12       0.149782590283D-01
 IKAT,SKMAX,NU,LMAX=           1   18.8575589050354               13           6
 N0=          12          11          10           9           8           7
           6
 ATOM=  1    AVERAGE = -0.00010    STANDARD DEVIATION =  0.00001
 ATOM=  2    AVERAGE = -0.00010    STANDARD DEVIATION =  0.00001
  === COULOMB POTENTIAL IN MT (SSW) ===


  ==== ELECTRIC FIELD GRADIENT (EFG) ====

  COEFFICIENT OF LATTICE HARMONICS EXPANSION

    FOR As-SITE  (KIND =  1, ATOM =  1)
          L =  2   M =  0  (  0.100000000000D+01  0.000000000000D+00 )
      V0 = -1.9220276449D+21 (V/m^2)

  CONVENTIONAL FORM

    FOR As-SITE  (KIND =  1, ATOM =  1)

  (BEING PARALELL TO CARTESIAN AXES)
      V_XX =  9.6101382243D+20 (V/m^2)
      V_YY =  9.6101382243D+20 (V/m^2)
      V_ZZ = -1.9220276449D+21 (V/m^2)
      V_XY =  0.0000000000D+00 (V/m^2)
      V_YZ =  0.0000000000D+00 (V/m^2)
      V_ZX =  0.0000000000D+00 (V/m^2)

  (BEING PARALELL TO PRINCIPLE AXES)
 V(1,1)= -1.9220276449E+21 (V/m^2) for   0.00000000  0.00000000  1.00000000
 V(2,2)=  9.6101382243E+20 (V/m^2) for   0.00000000  1.00000000  0.00000000
 V(3,3)=  9.6101382243E+20 (V/m^2) for   1.00000000  0.00000000  0.00000000
 ETA=  0.00000000
 
  === COULOMB POT. ON MT  (DIFFEREINCE BETWEEN (IN) AND (OUT)) ===
 ATOM=  1 AVERAGE=  0.23484 (IN)   0.23484 (OUT) STANDARD DEVIATION=  0.00000
 ATOM=  2 AVERAGE=  0.23453 (IN)   0.23453 (OUT) STANDARD DEVIATION=  0.00000
 NX,NY,NZ=          19          19          53
  SD OF XC-POTENTIAL (PW) 
 ISP=           1    NPP,SD=         200  1.337282181428724E-004
  SD OF XC-ENERGY    (PW) 
               NPP,SD=         200  1.031661022111680E-004
  === XC-POTENTIAL (DIFFEREINCE BETWEEN (IN) AND (OUT) ===
 ATOM=  1 AVERAGE= -0.83455 (IN)  -0.82752 (OUT) STANDARD DEVIATION=  0.00707
 ATOM=  2 AVERAGE= -0.83443 (IN)  -0.82740 (OUT) STANDARD DEVIATION=  0.00708
  ESUM=  -5212.53664032038     
 <<< CPU =     0.000(SEC.) FOR SUB.ESUM0  >>>.   TOTAL CPU =    11.206(SEC.).  
 ISPIN ETP DETP ETS DETS    1      -0.309569       0.068275   -3750.531605      -1.140493
 ET,ET3,DET   -8963.377814     -69.749019      -1.072218
 <<< CPU =     0.000(SEC.) FOR SUB.ETOT   >>>.   TOTAL CPU =    11.206(SEC.).  
  ---- ET=   -9034.199051         DET=      -1.072218   ---
 (VALENCE IN MT) MOMENT=      0.00000000  CHARGE=      5.89256128
                               IA=  1   M=  2.9463   N=  2.9463
 == R.M.S. OF DIFFERNCE BETWEEN OLD AND NEW ==
 ISPIN= 1  WHOLE CELL  =   0.606503D-01
           INTERSTITIAL=   0.548155D-01
           ATOM(As* 2 )=   0.717096D-01
  === SIMPLE ITERATION === ( 0.100 0.100 ) ===
0 ========== ITER=  2 ===========================
  === POTENTIAL V*R IN MT ===
  IKAT =           1    ISPIN=           1
     1 -0.659670890510D+02   26 -0.659299608730D+02   51 -0.658508587612D+02
    76 -0.656820713032D+02  101 -0.653212486338D+02  126 -0.645507465950D+02
   151 -0.629319645628D+02  176 -0.597171667578D+02  201 -0.539343060652D+02
   226 -0.446583232576D+02  251 -0.318949271373D+02  276 -0.174390888991D+02
   301 -0.668420632289D+01  326 -0.144605701772D+01  327 -0.131072890137D+01
 <<< CPU =     0.000(SEC.) FOR SUB.POTVR0 >>>.   TOTAL CPU =    11.216(SEC.).  




 ===== CORE STATE CALCULATION =====
 IA=           1    RMAX=R(         347 )=   4.03263551391383     
  ===== EIGENENERGY OF CORE STATE (RYD.) =====
 100         -858.911071
 200         -108.266146
 210          -94.932047
 300          -13.118982
 310           -8.997344
 320           -2.200144




 ----- NO. OF CORE ELECTRONS INSIDE THE MUFFIN-TIN SPHERE ( NEW  ) ---
 ATOM=  1       0.279767D+02  0.279767D+02
 IND0= 0 IND1= 0    L= 0   IA= 1  ISP= 1
 -0.800 -0.600 -0.400 -0.200  0.000  0.200  0.400  0.600  0.800  1.000  1.200
 -0.447 -0.411 -0.374 -0.335 -0.293 -0.250 -0.205 -0.158 -0.110 -0.061 -0.012
  0.174  0.252  0.329  0.403  0.476  0.545  0.610  0.671  0.726  0.774  0.815
 IND0= 0 IND1= 4    L= 1   IA= 1  ISP= 1
 -0.800 -0.620 -0.440 -0.260 -0.080  0.100  0.280  0.460  0.640  0.820  1.000
  0.606  0.585  0.562  0.539  0.514  0.489  0.462  0.434  0.404  0.374  0.342
  0.154  0.088  0.022 -0.044 -0.111 -0.177 -0.242 -0.307 -0.371 -0.434 -0.495
 IND0= 0 IND1= 4    L= 2   IA= 1  ISP= 1
  1.000  1.120  1.240  1.360  1.480  1.600  1.720  1.840  1.960  2.080  2.200
 -0.618 -0.606 -0.595 -0.582 -0.570 -0.557 -0.544 -0.530 -0.516 -0.501 -0.486
 -0.090 -0.048 -0.007  0.034  0.076  0.117  0.158  0.199  0.240  0.281  0.322
 IND0= 0 IND1= 0    L= 3   IA= 1  ISP= 1
  0.000  0.100  0.200  0.300  0.400  0.500  0.600  0.700  0.800  0.900  1.000
  0.829  0.823  0.816  0.810  0.804  0.797  0.791  0.784  0.777  0.770  0.763
  0.888  0.857  0.826  0.795  0.763  0.732  0.700  0.668  0.637  0.605  0.573
 IND0= 0 IND1= 0    L= 4   IA= 1  ISP= 1
  0.000  0.100  0.200  0.300  0.400  0.500  0.600  0.700  0.800  0.900  1.000
  0.957  0.953  0.949  0.945  0.941  0.937  0.933  0.929  0.925  0.920  0.916
  1.545  1.518  1.490  1.462  1.434  1.407  1.379  1.351  1.323  1.295  1.266
 IND0= 0 IND1= 0    L= 5   IA= 1  ISP= 1
  0.000  0.100  0.200  0.300  0.400  0.500  0.600  0.700  0.800  0.900  1.000
  1.058  1.055  1.052  1.049  1.046  1.043  1.040  1.037  1.034  1.031  1.028
  2.233  2.208  2.183  2.157  2.132  2.106  2.081  2.055  2.030  2.004  1.978
 IND0= 0 IND1= 0    L= 6   IA= 1  ISP= 1
  0.000  0.100  0.200  0.300  0.400  0.500  0.600  0.700  0.800  0.900  1.000
  1.145  1.142  1.140  1.138  1.135  1.133  1.131  1.128  1.126  1.123  1.121
  2.966  2.942  2.919  2.895  2.871  2.848  2.824  2.800  2.776  2.752  2.729
 IND0= 0 IND1= 0    L= 7   IA= 1  ISP= 1
  0.000  0.100  0.200  0.300  0.400  0.500  0.600  0.700  0.800  0.900  1.000
  1.223  1.221  1.219  1.217  1.215  1.213  1.211  1.209  1.207  1.205  1.203
  3.743  3.721  3.699  3.677  3.654  3.632  3.610  3.587  3.565  3.543  3.520
 <<< CPU =     0.001(SEC.) FOR SUB.TSRWF  >>>.   TOTAL CPU =    11.218(SEC.).  
   
   RADIAL INTEGRAL OF SPIN-ORBIT HAMILTONIAN 
   ******* MASS CORRECTION INCLUDED ******** 
   
 <<< CPU =     0.000(SEC.) FOR SUB.SOINTR >>>.   TOTAL CPU =    11.218(SEC.).  
 <<< CPU =     0.009(SEC.) FOR SUB.VPW000 >>>.   TOTAL CPU =    11.232(SEC.).  
 ===    1/ 33 ===== (  0  0  0)/  4 ==========
  NO. OF PLANE WAVES =         381
 ===    2/ 33 ===== (  0  0  1)/  4 ==========
  NO. OF PLANE WAVES =         381
 ===    3/ 33 ===== (  0  0  2)/  4 ==========
  NO. OF PLANE WAVES =         369
 ===    4/ 33 ===== (  0  0  3)/  4 ==========
  NO. OF PLANE WAVES =         375
 ===    5/ 33 ===== (  0  0  4)/  4 ==========
  NO. OF PLANE WAVES =         375
 ===    6/ 33 ===== (  0  0  5)/  4 ==========
  NO. OF PLANE WAVES =         387
 ===    7/ 33 ===== (  0  0  6)/  4 ==========
  NO. OF PLANE WAVES =         380
 ===    8/ 33 ===== (  0  1  0)/  4 ==========
  NO. OF PLANE WAVES =         374
 ===    9/ 33 ===== (  0  1  1)/  4 ==========
  NO. OF PLANE WAVES =         378
 ===   10/ 33 ===== (  0  1  2)/  4 ==========
  NO. OF PLANE WAVES =         378
 ===   11/ 33 ===== (  0  1  3)/  4 ==========
  NO. OF PLANE WAVES =         375
 ===   12/ 33 ===== (  0  1  4)/  4 ==========
  NO. OF PLANE WAVES =         375
 ===   13/ 33 ===== (  0  1  5)/  4 ==========
  NO. OF PLANE WAVES =         375
 ===   14/ 33 ===== (  0  1  6)/  4 ==========
  NO. OF PLANE WAVES =         373
 ===   15/ 33 ===== (  0  2  0)/  4 ==========
  NO. OF PLANE WAVES =         384
 ===   16/ 33 ===== (  0  2  1)/  4 ==========
  NO. OF PLANE WAVES =         376
 ===   17/ 33 ===== (  0  2  2)/  4 ==========
  NO. OF PLANE WAVES =         377
 ===   18/ 33 ===== (  0  2  3)/  4 ==========
  NO. OF PLANE WAVES =         378
 ===   19/ 33 ===== (  0  2  4)/  4 ==========
  NO. OF PLANE WAVES =         372
 ===   20/ 33 ===== (  1  0  1)/  4 ==========
  NO. OF PLANE WAVES =         380
 ===   21/ 33 ===== (  1  0  2)/  4 ==========
  NO. OF PLANE WAVES =         373
 ===   22/ 33 ===== (  1  0  3)/  4 ==========
  NO. OF PLANE WAVES =         376
 ===   23/ 33 ===== (  1  0  4)/  4 ==========
  NO. OF PLANE WAVES =         371
 ===   24/ 33 ===== (  1  0  5)/  4 ==========
  NO. OF PLANE WAVES =         374
 ===   25/ 33 ===== (  1  1  0)/  4 ==========
  NO. OF PLANE WAVES =         375
 ===   26/ 33 ===== (  1  1  1)/  4 ==========
  NO. OF PLANE WAVES =         373
 ===   27/ 33 ===== (  1  1  2)/  4 ==========
  NO. OF PLANE WAVES =         376
 ===   28/ 33 ===== (  1  1  3)/  4 ==========
  NO. OF PLANE WAVES =         375
 ===   29/ 33 ===== (  1  1  4)/  4 ==========
  NO. OF PLANE WAVES =         375
 ===   30/ 33 ===== (  1  1  5)/  4 ==========
  NO. OF PLANE WAVES =         379
 ===   31/ 33 ===== (  1  1  6)/  4 ==========
  NO. OF PLANE WAVES =         378
 ===   32/ 33 ===== (  2  0  1)/  4 ==========
  NO. OF PLANE WAVES =         376
 ===   33/ 33 ===== (  2  0  2)/  4 ==========
  NO. OF PLANE WAVES =         374
 TIME TO GET EIGENSTATES.     7.709    18.941
  EMAX=   1.27605258245269         EMIN= -0.666810216345260     
     FERMI-EN=  0.43545674  DOS=     0.00318  INT.DOS=  10.0000000000
  === DOS OF EACH BAND ===
 SPIN= 1    1    0.000    2    0.000    3    0.000    4    0.000    5    0.000
            6    0.000    7    0.000    8    0.000    9    0.001   10    0.001
           11    0.000   12    0.000   13    0.000   14    0.000   15    0.000
           16    0.000   17    0.000   18    0.000   19    0.000   20    0.000
  === OCCUPATION OF EACH BAND ===
 SPIN= 1    1  1.00000    2  1.00000    3  1.00000    4  1.00000    5  1.00000
            6  1.00000    7  1.00000    8  1.00000    9  1.00000   10  1.00000
           11  0.00000   12  0.00000   13  0.00000   14  0.00000   15  0.00000
           16  0.00000   17  0.00000   18  0.00000   19  0.00000   20  0.00000
   NX=  4  NY=  4  NZ=  4
 NEIG= 20NKP1= 33 NSP=  1
   1/ 33  (  0  0  0 )/  4 SPIN= 1
 -0.6668 -0.6668  0.0257  0.0257  0.2657  0.2657  0.2926  0.2926  0.3038  0.3038
  0.5628  0.5628  0.6559  0.6559  0.6722  0.6722  0.9598  0.9598  0.9616  0.9616
   2/ 33  (  0  0  1 )/  4 SPIN= 1
 -0.6624 -0.6624 -0.0051 -0.0051  0.2791  0.2791  0.3016  0.3016  0.3045  0.3045
  0.5669  0.5669  0.6428  0.6428  0.6586  0.6586  0.9657  0.9657  0.9669  0.9669
   3/ 33  (  0  0  2 )/  4 SPIN= 1
 -0.6494 -0.6494 -0.0718 -0.0718  0.2871  0.2871  0.3064  0.3064  0.3341  0.3341
  0.5773  0.5773  0.6113  0.6113  0.6246  0.6246  0.9334  0.9334  0.9893  0.9893
   4/ 33  (  0  0  3 )/  4 SPIN= 1
 -0.6293 -0.6293 -0.1458 -0.1458  0.2920  0.2920  0.3100  0.3100  0.3615  0.3615
  0.5660  0.5660  0.5840  0.5840  0.5968  0.5968  0.9288  0.9288  1.0341  1.0341
   5/ 33  (  0  0  4 )/  4 SPIN= 1
 -0.6050 -0.6050 -0.2126 -0.2126  0.2974  0.2974  0.3150  0.3150  0.3760  0.3760
  0.5319  0.5319  0.5472  0.5472  0.6015  0.6015  0.9596  0.9596  1.0980  1.0980
   6/ 33  (  0  0  5 )/  4 SPIN= 1
 -0.5830 -0.5830 -0.2614 -0.2614  0.3024  0.3024  0.3197  0.3197  0.3821  0.3821
  0.5071  0.5071  0.5215  0.5215  0.6006  0.6006  1.0101  1.0101  1.1754  1.1754
   7/ 33  (  0  0  6 )/  4 SPIN= 1
 -0.5735 -0.5735 -0.2800 -0.2800  0.3046  0.3046  0.3218  0.3218  0.3837  0.3837
  0.4981  0.4981  0.5122  0.5122  0.5994  0.5994  1.0390  1.0390  1.2319  1.2319
   8/ 33  (  0  1  0 )/  4 SPIN= 1
 -0.6103 -0.6103 -0.1328 -0.1328  0.2384  0.2384  0.2693  0.2693  0.3177  0.3177
  0.5288  0.5288  0.5876  0.5876  0.6673  0.6673  0.8644  0.8644  0.9622  0.9622
   9/ 33  (  0  1  1 )/  4 SPIN= 1
 -0.6063 -0.6063 -0.1249 -0.1249  0.1961  0.1961  0.2212  0.2212  0.3326  0.3326
  0.5478  0.5478  0.6028  0.6028  0.7234  0.7234  0.8595  0.8595  1.0094  1.0094
  10/ 33  (  0  1  2 )/  4 SPIN= 1
 -0.5943 -0.5943 -0.1349 -0.1349  0.1397  0.1397  0.2037  0.2037  0.3093  0.3093
  0.5946  0.5946  0.6290  0.6290  0.7601  0.7601  0.8794  0.8794  1.0777  1.0777
  11/ 33  (  0  1  3 )/  4 SPIN= 1
 -0.5755 -0.5755 -0.1652 -0.1652  0.0981  0.0981  0.1941  0.1941  0.2889  0.2889
  0.6067  0.6067  0.6976  0.6976  0.7615  0.7615  0.8968  0.8968  1.1591  1.1591
  12/ 33  (  0  1  4 )/  4 SPIN= 1
 -0.5530 -0.5530 -0.2072 -0.2072  0.0686  0.0686  0.1930  0.1930  0.2838  0.2838
  0.6224  0.6224  0.7347  0.7347  0.7558  0.7558  0.9043  0.9043  1.2504  1.2504
  13/ 33  (  0  1  5 )/  4 SPIN= 1
 -0.5325 -0.5325 -0.2456 -0.2456  0.0485  0.0485  0.2003  0.2003  0.2938  0.2938
  0.6355  0.6355  0.6954  0.6954  0.7993  0.7993  0.9138  0.9138  1.2263  1.2263
  14/ 33  (  0  1  6 )/  4 SPIN= 1
 -0.5232 -0.5232 -0.2658 -0.2658  0.0391  0.0391  0.2154  0.2154  0.3161  0.3161
  0.6301  0.6301  0.6539  0.6539  0.8263  0.8263  0.9447  0.9447  1.1425  1.1425
  15/ 33  (  0  2  0 )/  4 SPIN= 1
 -0.4691 -0.4691 -0.3473 -0.3473  0.1507  0.1507  0.2038  0.2038  0.2983  0.2983
  0.5526  0.5526  0.6221  0.6221  0.6286  0.6286  0.9109  0.9109  1.2497  1.2497
  16/ 33  (  0  2  1 )/  4 SPIN= 1
 -0.4688 -0.4688 -0.3226 -0.3226  0.0900  0.0900  0.1787  0.1787  0.2427  0.2427
  0.5875  0.5875  0.6899  0.6899  0.7437  0.7437  0.8673  0.8673  1.2559  1.2559
  17/ 33  (  0  2  2 )/  4 SPIN= 1
 -0.4665 -0.4665 -0.2981 -0.2981  0.0456  0.0456  0.1574  0.1574  0.1951  0.1951
  0.5818  0.5818  0.7628  0.7628  0.8583  0.8583  0.8872  0.8872  1.2683  1.2683
  18/ 33  (  0  2  3 )/  4 SPIN= 1
 -0.4638 -0.4638 -0.2803 -0.2803  0.0211  0.0211  0.1423  0.1423  0.1614  0.1614
  0.5619  0.5619  0.8257  0.8257  0.9331  0.9331  0.9501  0.9501  1.2761  1.2761
  19/ 33  (  0  2  4 )/  4 SPIN= 1
 -0.4626 -0.4626 -0.2739 -0.2739  0.0140  0.0140  0.1356  0.1356  0.1498  0.1498
  0.5531  0.5531  0.8527  0.8527  0.9565  0.9565  0.9863  0.9863  1.2514  1.2514
  20/ 33  (  1  0  1 )/  4 SPIN= 1
 -0.6058 -0.6058 -0.1517 -0.1517  0.2487  0.2487  0.2632  0.2632  0.3445  0.3445
  0.5366  0.5366  0.5905  0.5905  0.6132  0.6132  0.8986  0.8986  0.9499  0.9499
  21/ 33  (  1  0  2 )/  4 SPIN= 1
 -0.5932 -0.5932 -0.1770 -0.1770  0.1758  0.1758  0.2752  0.2752  0.4187  0.4187
  0.4913  0.4913  0.5737  0.5737  0.6653  0.6653  0.9039  0.9039  1.0187  1.0187
  22/ 33  (  1  0  3 )/  4 SPIN= 1
 -0.5740 -0.5740 -0.2063 -0.2063  0.1121  0.1121  0.2742  0.2742  0.4355  0.4355
  0.4943  0.4943  0.5626  0.5626  0.7433  0.7433  0.9200  0.9200  1.0323  1.0323
  23/ 33  (  1  0  4 )/  4 SPIN= 1
 -0.5511 -0.5511 -0.2366 -0.2366  0.0677  0.0677  0.2585  0.2585  0.3891  0.3891
  0.5550  0.5550  0.5792  0.5792  0.7979  0.7979  0.9712  0.9712  1.0640  1.0640
  24/ 33  (  1  0  5 )/  4 SPIN= 1
 -0.5311 -0.5311 -0.2605 -0.2605  0.0441  0.0441  0.2363  0.2363  0.3484  0.3484
  0.6002  0.6002  0.6152  0.6152  0.8246  0.8246  1.0041  1.0041  1.0734  1.0734
  25/ 33  (  1  1  0 )/  4 SPIN= 1
 -0.5034 -0.5034 -0.2885 -0.2885  0.0737  0.0737  0.2865  0.2865  0.2973  0.2973
  0.5283  0.5283  0.5502  0.5502  0.7782  0.7782  0.8967  0.8967  1.1000  1.1000
  26/ 33  (  1  1  1 )/  4 SPIN= 1
 -0.5000 -0.5000 -0.2907 -0.2907  0.0755  0.0755  0.2508  0.2508  0.3005  0.3005
  0.5141  0.5141  0.6156  0.6156  0.7657  0.7657  0.8870  0.8870  1.1215  1.1215
  27/ 33  (  1  1  2 )/  4 SPIN= 1
 -0.4901 -0.4901 -0.2965 -0.2965  0.0721  0.0721  0.2280  0.2280  0.2484  0.2484
  0.5695  0.5695  0.6924  0.6924  0.7385  0.7385  0.8652  0.8652  1.1866  1.1866
  28/ 33  (  1  1  3 )/  4 SPIN= 1
 -0.4755 -0.4755 -0.3039 -0.3039  0.0540  0.0540  0.1746  0.1746  0.2477  0.2477
  0.6567  0.6567  0.6817  0.6817  0.7741  0.7741  0.8534  0.8534  1.1863  1.1863
  29/ 33  (  1  1  4 )/  4 SPIN= 1
 -0.4589 -0.4589 -0.3112 -0.3112  0.0329  0.0329  0.1102  0.1102  0.2918  0.2918
  0.6238  0.6238  0.7481  0.7481  0.8213  0.8213  0.8665  0.8665  1.1089  1.1089
  30/ 33  (  1  1  5 )/  4 SPIN= 1
 -0.4450 -0.4450 -0.3168 -0.3168  0.0223  0.0223  0.0617  0.0617  0.3433  0.3433
  0.5684  0.5684  0.7990  0.7990  0.8500  0.8500  0.9117  0.9117  1.0503  1.0503
  31/ 33  (  1  1  6 )/  4 SPIN= 1
 -0.4394 -0.4394 -0.3190 -0.3190  0.0247  0.0247  0.0382  0.0382  0.3710  0.3710
  0.5396  0.5396  0.8263  0.8263  0.8347  0.8347  0.9739  0.9739  1.0058  1.0058
  32/ 33  (  2  0  1 )/  4 SPIN= 1
 -0.4678 -0.4678 -0.3659 -0.3659  0.2167  0.2167  0.2263  0.2263  0.3594  0.3594
  0.4913  0.4913  0.5281  0.5281  0.5732  0.5732  1.0061  1.0061  1.2316  1.2316
  33/ 33  (  2  0  2 )/  4 SPIN= 1
 -0.4668 -0.4668 -0.3730 -0.3730  0.2357  0.2357  0.2535  0.2535  0.4157  0.4157
  0.4345  0.4345  0.4787  0.4787  0.5543  0.5543  1.1177  1.1177  1.1403  1.1403
 FERMI LEVEL= 0.435457
 ====== EIGENENERGIES HAVE BEEN WRITTEN ON FILE( 6) =====
 ====== EIGENENERGIES HAVE BEEN WRITTEN ON FILE(40) =====
 CORE-OUT(ISPIN= 1)=      0.04651460(NUMBER)
 CORE-OUT(ISPIN= 1)=      0.00023633(DENSITY)
  ====  SPW-COMPONENTS OF CHARGE DENSITY (UP-SPIN, DOWN-SPIN, TOTAL) ====
  IFL=          27
  NKP1=          33    NSPIN=           1    NKP2=         192
  NSSW=          12
 (1)SPIN (AMOUNT OF L-CHARGE IN MT)
    IA=  1      1.386   1.483   0.066   0.008   0.001   0.000   0.000   0.000
  === EL. DENSITY ON MT  (DIFFEREINCE BETWEEN (IN) AND (OUT)) ===
 ATOM=  1 AVERAGE=  0.04554 (IN)   0.04434 (OUT) STANDARD DEVIATION=  0.00120
 ATOM=  2 AVERAGE=  0.04553 (IN)   0.04434 (OUT) STANDARD DEVIATION=  0.00119
  CHARGE FOR FULL POTENTIAL IS WRITTEN IN          32
  === GENERALIZED MULTIPOLE MOMENT (TRUE) ===
 (  1 ) -0.829268741086D+00
 (  2 ) -0.978710653776D-01
 (  3 ) -0.203407182241D-01
 (  4 )  0.330038466819D+00
 (  5 ) -0.364273638681D+00
 (  6 ) -0.254709228776D+00
 (  7 )  0.554505809526D+00
 (  8 ) -0.779250387550D-01
 (  9 ) -0.216824433571D+00
 ( 10 ) -0.154884430722D+00
 ( 11 )  0.160253324760D+00
 ( 12 )  0.170340667093D-01
  === MULTIPOLE MOMENT (PW PART) ===
 ISSW=    1       0.973180884999D+00
 ISSW=    2      -0.105599667624D+00
 ISSW=    3      -0.161357286606D-01
 ISSW=    4       0.330258405795D+00
 ISSW=    5      -0.364191748146D+00
 ISSW=    6      -0.251974583599D+00
 ISSW=    7       0.547678068699D+00
 ISSW=    8      -0.770024844149D-01
 ISSW=    9      -0.213304395367D+00
 ISSW=   10      -0.154464810807D+00
 ISSW=   11       0.159957889399D+00
 ISSW=   12       0.168026093674D-01
 IKAT,SKMAX,NU,LMAX=           1   18.8575589050354               13           6
 N0=          12          11          10           9           8           7
           6
 ATOM=  1    AVERAGE = -0.00010    STANDARD DEVIATION =  0.00001
 ATOM=  2    AVERAGE = -0.00010    STANDARD DEVIATION =  0.00001
  === COULOMB POTENTIAL IN MT (SSW) ===


  ==== ELECTRIC FIELD GRADIENT (EFG) ====

  COEFFICIENT OF LATTICE HARMONICS EXPANSION

    FOR As-SITE  (KIND =  1, ATOM =  1)
          L =  2   M =  0  (  0.100000000000D+01  0.000000000000D+00 )
      V0 = -2.1560332650D+21 (V/m^2)

  CONVENTIONAL FORM

    FOR As-SITE  (KIND =  1, ATOM =  1)

  (BEING PARALELL TO CARTESIAN AXES)
      V_XX =  1.0780166325D+21 (V/m^2)
      V_YY =  1.0780166325D+21 (V/m^2)
      V_ZZ = -2.1560332650D+21 (V/m^2)
      V_XY =  0.0000000000D+00 (V/m^2)
      V_YZ =  0.0000000000D+00 (V/m^2)
      V_ZX =  0.0000000000D+00 (V/m^2)

  (BEING PARALELL TO PRINCIPLE AXES)
 V(1,1)= -2.1560332650E+21 (V/m^2) for   0.00000000  0.00000000  1.00000000
 V(2,2)=  1.0780166325E+21 (V/m^2) for   0.00000000  1.00000000  0.00000000
 V(3,3)=  1.0780166325E+21 (V/m^2) for   1.00000000  0.00000000  0.00000000
 ETA=  0.00000000
 
  === COULOMB POT. ON MT  (DIFFEREINCE BETWEEN (IN) AND (OUT)) ===
 ATOM=  1 AVERAGE=  0.23362 (IN)   0.23362 (OUT) STANDARD DEVIATION=  0.00000
 ATOM=  2 AVERAGE=  0.23334 (IN)   0.23334 (OUT) STANDARD DEVIATION=  0.00000
 NX,NY,NZ=          19          19          53
  SD OF XC-POTENTIAL (PW) 
 ISP=           1    NPP,SD=         200  1.364684764612455E-004
  SD OF XC-ENERGY    (PW) 
               NPP,SD=         200  1.052692897564146E-004
  === XC-POTENTIAL (DIFFEREINCE BETWEEN (IN) AND (OUT) ===
 ATOM=  1 AVERAGE= -0.83455 (IN)  -0.82754 (OUT) STANDARD DEVIATION=  0.00706
 ATOM=  2 AVERAGE= -0.83444 (IN)  -0.82742 (OUT) STANDARD DEVIATION=  0.00706
  ESUM=  -5212.65769420403     
 <<< CPU =     0.000(SEC.) FOR SUB.ESUM0  >>>.   TOTAL CPU =    22.360(SEC.).  
 ISPIN ETP DETP ETS DETS    1      -0.309353       0.064670   -3750.446956      -1.100368
 ET,ET3,DET   -8963.414003     -69.760280      -1.035697
 <<< CPU =     0.001(SEC.) FOR SUB.ETOT   >>>.   TOTAL CPU =    22.361(SEC.).  
  ---- ET=   -9034.209980         DET=      -1.035697   ---
 (VALENCE IN MT) MOMENT=      0.00000000  CHARGE=      5.88917766
                               IA=  1   M=  2.9446   N=  2.9446
 == R.M.S. OF DIFFERNCE BETWEEN OLD AND NEW ==
 ISPIN= 1  WHOLE CELL  =   0.500087D-01
           INTERSTITIAL=   0.455249D-01
           ATOM(As* 2 )=   0.585796D-01
 A,D= -0.152395760238584       3.365964079558915E-002
 THETA=   -4.527552   BETA=    0.100000 FOR NEXT INPUT
0 ========== ITER=  3 ===========================
  === POTENTIAL V*R IN MT ===
  IKAT =           1    ISPIN=           1
     1 -0.659670910154D+02   26 -0.659299650398D+02   51 -0.658508676001D+02
    76 -0.656820900550D+02  101 -0.653212884055D+02  126 -0.645508307644D+02
   151 -0.629321410733D+02  176 -0.597175281140D+02  201 -0.539350212421D+02
   226 -0.446596473743D+02  251 -0.318972559179D+02  276 -0.174439630627D+02
   301 -0.669419820928D+01  326 -0.145286453880D+01  327 -0.132018053171D+01
 <<< CPU =     0.000(SEC.) FOR SUB.POTVR0 >>>.   TOTAL CPU =    22.373(SEC.).  




 ===== CORE STATE CALCULATION =====
 IA=           1    RMAX=R(         347 )=   4.03263551391383     
  ===== EIGENENERGY OF CORE STATE (RYD.) =====
 100         -858.925538
 200         -108.277162
 210          -94.943423
 300          -13.129392
 310           -9.007679
 320           -2.209906




 ----- NO. OF CORE ELECTRONS INSIDE THE MUFFIN-TIN SPHERE ( NEW  ) ---
 ATOM=  1       0.279769D+02  0.279769D+02
 IND0= 0 IND1= 0    L= 0   IA= 1  ISP= 1
 -0.800 -0.600 -0.400 -0.200  0.000  0.200  0.400  0.600  0.800  1.000  1.200
 -0.446 -0.411 -0.373 -0.334 -0.292 -0.249 -0.204 -0.157 -0.109 -0.060 -0.010
  0.176  0.253  0.330  0.404  0.477  0.546  0.611  0.672  0.726  0.774  0.815
 IND0= 0 IND1= 4    L= 1   IA= 1  ISP= 1
 -0.800 -0.620 -0.440 -0.260 -0.080  0.100  0.280  0.460  0.640  0.820  1.000
  0.606  0.584  0.562  0.538  0.514  0.488  0.461  0.433  0.404  0.373  0.341
  0.153  0.087  0.021 -0.045 -0.112 -0.178 -0.243 -0.308 -0.372 -0.435 -0.496
 IND0= 0 IND1= 4    L= 2   IA= 1  ISP= 1
  1.000  1.120  1.240  1.360  1.480  1.600  1.720  1.840  1.960  2.080  2.200
 -0.617 -0.606 -0.594 -0.582 -0.570 -0.557 -0.543 -0.530 -0.515 -0.501 -0.486
 -0.089 -0.047 -0.006  0.035  0.077  0.118  0.159  0.200  0.241  0.282  0.323
 IND0= 0 IND1= 0    L= 3   IA= 1  ISP= 1
  0.000  0.100  0.200  0.300  0.400  0.500  0.600  0.700  0.800  0.900  1.000
  0.829  0.822  0.816  0.810  0.804  0.797  0.791  0.784  0.777  0.770  0.763
  0.887  0.856  0.825  0.794  0.762  0.731  0.699  0.668  0.636  0.604  0.572
 IND0= 0 IND1= 0    L= 4   IA= 1  ISP= 1
  0.000  0.100  0.200  0.300  0.400  0.500  0.600  0.700  0.800  0.900  1.000
  0.957  0.953  0.949  0.945  0.941  0.937  0.933  0.929  0.925  0.920  0.916
  1.544  1.517  1.489  1.462  1.434  1.406  1.378  1.350  1.322  1.294  1.266
 IND0= 0 IND1= 0    L= 5   IA= 1  ISP= 1
  0.000  0.100  0.200  0.300  0.400  0.500  0.600  0.700  0.800  0.900  1.000
  1.058  1.055  1.052  1.049  1.046  1.043  1.040  1.037  1.034  1.031  1.027
  2.233  2.207  2.182  2.157  2.131  2.106  2.080  2.055  2.029  2.003  1.978
 IND0= 0 IND1= 0    L= 6   IA= 1  ISP= 1
  0.000  0.100  0.200  0.300  0.400  0.500  0.600  0.700  0.800  0.900  1.000
  1.145  1.142  1.140  1.138  1.135  1.133  1.131  1.128  1.126  1.123  1.121
  2.965  2.942  2.918  2.895  2.871  2.847  2.823  2.800  2.776  2.752  2.728
 IND0= 0 IND1= 0    L= 7   IA= 1  ISP= 1
  0.000  0.100  0.200  0.300  0.400  0.500  0.600  0.700  0.800  0.900  1.000
  1.223  1.221  1.219  1.217  1.215  1.213  1.211  1.209  1.207  1.205  1.203
  3.743  3.720  3.698  3.676  3.654  3.632  3.609  3.587  3.565  3.542  3.520
 <<< CPU =     0.001(SEC.) FOR SUB.TSRWF  >>>.   TOTAL CPU =    22.375(SEC.).  
   
   RADIAL INTEGRAL OF SPIN-ORBIT HAMILTONIAN 
   ******* MASS CORRECTION INCLUDED ******** 
   
 <<< CPU =     0.000(SEC.) FOR SUB.SOINTR >>>.   TOTAL CPU =    22.375(SEC.).  
 <<< CPU =     0.009(SEC.) FOR SUB.VPW000 >>>.   TOTAL CPU =    22.389(SEC.).  
 ===    1/ 33 ===== (  0  0  0)/  4 ==========
  NO. OF PLANE WAVES =         381
 ===    2/ 33 ===== (  0  0  1)/  4 ==========
  NO. OF PLANE WAVES =         381
 ===    3/ 33 ===== (  0  0  2)/  4 ==========
  NO. OF PLANE WAVES =         369
 ===    4/ 33 ===== (  0  0  3)/  4 ==========
  NO. OF PLANE WAVES =         375
 ===    5/ 33 ===== (  0  0  4)/  4 ==========
  NO. OF PLANE WAVES =         375
 ===    6/ 33 ===== (  0  0  5)/  4 ==========
  NO. OF PLANE WAVES =         387
 ===    7/ 33 ===== (  0  0  6)/  4 ==========
  NO. OF PLANE WAVES =         380
 ===    8/ 33 ===== (  0  1  0)/  4 ==========
  NO. OF PLANE WAVES =         374
 ===    9/ 33 ===== (  0  1  1)/  4 ==========
  NO. OF PLANE WAVES =         378
 ===   10/ 33 ===== (  0  1  2)/  4 ==========
  NO. OF PLANE WAVES =         378
 ===   11/ 33 ===== (  0  1  3)/  4 ==========
  NO. OF PLANE WAVES =         375
 ===   12/ 33 ===== (  0  1  4)/  4 ==========
  NO. OF PLANE WAVES =         375
 ===   13/ 33 ===== (  0  1  5)/  4 ==========
  NO. OF PLANE WAVES =         375
 ===   14/ 33 ===== (  0  1  6)/  4 ==========
  NO. OF PLANE WAVES =         373
 ===   15/ 33 ===== (  0  2  0)/  4 ==========
  NO. OF PLANE WAVES =         384
 ===   16/ 33 ===== (  0  2  1)/  4 ==========
  NO. OF PLANE WAVES =         376
 ===   17/ 33 ===== (  0  2  2)/  4 ==========
  NO. OF PLANE WAVES =         377
 ===   18/ 33 ===== (  0  2  3)/  4 ==========
  NO. OF PLANE WAVES =         378
 ===   19/ 33 ===== (  0  2  4)/  4 ==========
  NO. OF PLANE WAVES =         372
 ===   20/ 33 ===== (  1  0  1)/  4 ==========
  NO. OF PLANE WAVES =         380
 ===   21/ 33 ===== (  1  0  2)/  4 ==========
  NO. OF PLANE WAVES =         373
 ===   22/ 33 ===== (  1  0  3)/  4 ==========
  NO. OF PLANE WAVES =         376
 ===   23/ 33 ===== (  1  0  4)/  4 ==========
  NO. OF PLANE WAVES =         371
 ===   24/ 33 ===== (  1  0  5)/  4 ==========
  NO. OF PLANE WAVES =         374
 ===   25/ 33 ===== (  1  1  0)/  4 ==========
  NO. OF PLANE WAVES =         375
 ===   26/ 33 ===== (  1  1  1)/  4 ==========
  NO. OF PLANE WAVES =         373
 ===   27/ 33 ===== (  1  1  2)/  4 ==========
  NO. OF PLANE WAVES =         376
 ===   28/ 33 ===== (  1  1  3)/  4 ==========
  NO. OF PLANE WAVES =         375
 ===   29/ 33 ===== (  1  1  4)/  4 ==========
  NO. OF PLANE WAVES =         375
 ===   30/ 33 ===== (  1  1  5)/  4 ==========
  NO. OF PLANE WAVES =         379
 ===   31/ 33 ===== (  1  1  6)/  4 ==========
  NO. OF PLANE WAVES =         378
 ===   32/ 33 ===== (  2  0  1)/  4 ==========
  NO. OF PLANE WAVES =         376
 ===   33/ 33 ===== (  2  0  2)/  4 ==========
  NO. OF PLANE WAVES =         374
 TIME TO GET EIGENSTATES.     7.709    30.098
  EMAX=   1.26896146219368         EMIN= -0.666190035161315     
     FERMI-EN=  0.42822852  DOS=     0.09465  INT.DOS=  10.0000000000
  === DOS OF EACH BAND ===
 SPIN= 1    1    0.000    2    0.000    3    0.000    4    0.000    5    0.000
            6    0.000    7    0.000    8    0.000    9    0.034   10    0.034
           11    0.013   12    0.013   13    0.000   14    0.000   15    0.000
           16    0.000   17    0.000   18    0.000   19    0.000   20    0.000
  === OCCUPATION OF EACH BAND ===
 SPIN= 1    1  1.00000    2  1.00000    3  1.00000    4  1.00000    5  1.00000
            6  1.00000    7  1.00000    8  1.00000    9  0.99996   10  0.99996
           11  0.00004   12  0.00004   13  0.00000   14  0.00000   15  0.00000
           16  0.00000   17  0.00000   18  0.00000   19  0.00000   20  0.00000
   NX=  4  NY=  4  NZ=  4
 NEIG= 20NKP1= 33 NSP=  1
   1/ 33  (  0  0  0 )/  4 SPIN= 1
 -0.6662 -0.6662  0.0122  0.0122  0.2519  0.2519  0.2923  0.2923  0.3064  0.3064
  0.5762  0.5762  0.6551  0.6551  0.6716  0.6716  0.9454  0.9454  0.9467  0.9467
   2/ 33  (  0  0  1 )/  4 SPIN= 1
 -0.6615 -0.6615 -0.0200 -0.0200  0.2730  0.2730  0.2966  0.2966  0.3071  0.3071
  0.5769  0.5769  0.6409  0.6409  0.6568  0.6568  0.9447  0.9447  0.9525  0.9525
   3/ 33  (  0  0  2 )/  4 SPIN= 1
 -0.6477 -0.6477 -0.0889 -0.0889  0.2893  0.2893  0.3094  0.3094  0.3283  0.3283
  0.5777  0.5777  0.6077  0.6077  0.6205  0.6205  0.9174  0.9174  0.9765  0.9765
   4/ 33  (  0  0  3 )/  4 SPIN= 1
 -0.6261 -0.6261 -0.1651 -0.1651  0.2953  0.2953  0.3136  0.3136  0.3638  0.3638
  0.5585  0.5585  0.5774  0.5774  0.5858  0.5858  0.9187  0.9187  1.0225  1.0225
   5/ 33  (  0  0  4 )/  4 SPIN= 1
 -0.5995 -0.5995 -0.2347 -0.2347  0.3017  0.3017  0.3194  0.3194  0.3858  0.3858
  0.5228  0.5228  0.5384  0.5384  0.5790  0.5790  0.9545  0.9545  1.0878  1.0878
   6/ 33  (  0  0  5 )/  4 SPIN= 1
 -0.5745 -0.5745 -0.2868 -0.2868  0.3078  0.3078  0.3252  0.3252  0.3966  0.3966
  0.4967  0.4967  0.5110  0.5110  0.5715  0.5715  1.0087  1.0087  1.1674  1.1674
   7/ 33  (  0  0  6 )/  4 SPIN= 1
 -0.5633 -0.5633 -0.3072 -0.3072  0.3104  0.3104  0.3277  0.3277  0.3998  0.3998
  0.4871  0.4871  0.5010  0.5010  0.5682  0.5682  1.0398  1.0398  1.2287  1.2287
   8/ 33  (  0  1  0 )/  4 SPIN= 1
 -0.6097 -0.6097 -0.1366 -0.1366  0.2400  0.2400  0.2593  0.2593  0.3069  0.3069
  0.5152  0.5152  0.5914  0.5914  0.6546  0.6546  0.8509  0.8509  0.9581  0.9581
   9/ 33  (  0  1  1 )/  4 SPIN= 1
 -0.6055 -0.6055 -0.1289 -0.1289  0.1875  0.1875  0.2226  0.2226  0.3165  0.3165
  0.5365  0.5365  0.6096  0.6096  0.7138  0.7138  0.8452  0.8452  1.0038  1.0038
  10/ 33  (  0  1  2 )/  4 SPIN= 1
 -0.5928 -0.5928 -0.1415 -0.1415  0.1356  0.1356  0.2046  0.2046  0.2889  0.2889
  0.5952  0.5952  0.6265  0.6265  0.7535  0.7535  0.8661  0.8661  1.0691  1.0691
  11/ 33  (  0  1  3 )/  4 SPIN= 1
 -0.5727 -0.5727 -0.1763 -0.1763  0.0988  0.0988  0.1947  0.1947  0.2668  0.2668
  0.6113  0.6113  0.6933  0.6933  0.7562  0.7562  0.8811  0.8811  1.1515  1.1515
  12/ 33  (  0  1  4 )/  4 SPIN= 1
 -0.5480 -0.5480 -0.2228 -0.2228  0.0713  0.0713  0.1934  0.1934  0.2631  0.2631
  0.6267  0.6267  0.7287  0.7287  0.7546  0.7546  0.8845  0.8845  1.2449  1.2449
  13/ 33  (  0  1  5 )/  4 SPIN= 1
 -0.5248 -0.5248 -0.2652 -0.2652  0.0506  0.0506  0.2012  0.2012  0.2761  0.2761
  0.6385  0.6385  0.6879  0.6879  0.7996  0.7996  0.8933  0.8933  1.2150  1.2150
  14/ 33  (  0  1  6 )/  4 SPIN= 1
 -0.5138 -0.5138 -0.2873 -0.2873  0.0396  0.0396  0.2173  0.2173  0.3015  0.3015
  0.6281  0.6281  0.6457  0.6457  0.8264  0.8264  0.9282  0.9282  1.1296  1.1296
  15/ 33  (  0  2  0 )/  4 SPIN= 1
 -0.4662 -0.4662 -0.3503 -0.3503  0.1365  0.1365  0.2080  0.2080  0.2863  0.2863
  0.5498  0.5498  0.6051  0.6051  0.6142  0.6142  0.8955  0.8955  1.2511  1.2511
  16/ 33  (  0  2  1 )/  4 SPIN= 1
 -0.4664 -0.4664 -0.3232 -0.3232  0.0738  0.0738  0.1808  0.1808  0.2290  0.2290
  0.5898  0.5898  0.6752  0.6752  0.7308  0.7308  0.8483  0.8483  1.2575  1.2575
  17/ 33  (  0  2  2 )/  4 SPIN= 1
 -0.4644 -0.4644 -0.2961 -0.2961  0.0273  0.0273  0.1575  0.1575  0.1802  0.1802
  0.5859  0.5859  0.7503  0.7503  0.8467  0.8467  0.8681  0.8681  1.2690  1.2690
  18/ 33  (  0  2  3 )/  4 SPIN= 1
 -0.4616 -0.4616 -0.2760 -0.2760  0.0010  0.0010  0.1364  0.1364  0.1504  0.1504
  0.5657  0.5657  0.8153  0.8153  0.9153  0.9153  0.9409  0.9409  1.2637  1.2637
  19/ 33  (  0  2  4 )/  4 SPIN= 1
 -0.4604 -0.4604 -0.2686 -0.2686 -0.0067 -0.0067  0.1243  0.1243  0.1434  0.1434
  0.5566  0.5566  0.8434  0.8434  0.9397  0.9397  0.9784  0.9784  1.2371  1.2371
  20/ 33  (  1  0  1 )/  4 SPIN= 1
 -0.6050 -0.6050 -0.1570 -0.1570  0.2409  0.2409  0.2674  0.2674  0.3324  0.3324
  0.5336  0.5336  0.5793  0.5793  0.5978  0.5978  0.8944  0.8944  0.9399  0.9399
  21/ 33  (  1  0  2 )/  4 SPIN= 1
 -0.5916 -0.5916 -0.1847 -0.1847  0.1683  0.1683  0.2824  0.2824  0.4080  0.4080
  0.4854  0.4854  0.5559  0.5559  0.6549  0.6549  0.9038  0.9038  1.0131  1.0131
  22/ 33  (  1  0  3 )/  4 SPIN= 1
 -0.5709 -0.5709 -0.2174 -0.2174  0.1064  0.1064  0.2816  0.2816  0.4305  0.4305
  0.4811  0.4811  0.5449  0.5449  0.7375  0.7375  0.9163  0.9163  1.0278  1.0278
  23/ 33  (  1  0  4 )/  4 SPIN= 1
 -0.5458 -0.5458 -0.2519 -0.2519  0.0641  0.0641  0.2640  0.2640  0.3800  0.3800
  0.5452  0.5452  0.5645  0.5645  0.7973  0.7973  0.9626  0.9626  1.0588  1.0588
  24/ 33  (  1  0  5 )/  4 SPIN= 1
 -0.5229 -0.5229 -0.2800 -0.2800  0.0427  0.0427  0.2397  0.2397  0.3365  0.3365
  0.5917  0.5917  0.6063  0.6063  0.8252  0.8252  0.9937  0.9937  1.0580  1.0580
  25/ 33  (  1  1  0 )/  4 SPIN= 1
 -0.5028 -0.5028 -0.2885 -0.2885  0.0734  0.0734  0.2729  0.2729  0.2829  0.2829
  0.5151  0.5151  0.5366  0.5366  0.7827  0.7827  0.8949  0.8949  1.0821  1.0821
  26/ 33  (  1  1  1 )/  4 SPIN= 1
 -0.4992 -0.4992 -0.2910 -0.2910  0.0764  0.0764  0.2326  0.2326  0.2897  0.2897
  0.4987  0.4987  0.6055  0.6055  0.7685  0.7685  0.8829  0.8829  1.1067  1.1067
  27/ 33  (  1  1  2 )/  4 SPIN= 1
 -0.4887 -0.4887 -0.2974 -0.2974  0.0740  0.0740  0.2082  0.2082  0.2366  0.2366
  0.5551  0.5551  0.6895  0.6895  0.7342  0.7342  0.8581  0.8581  1.1770  1.1770
  28/ 33  (  1  1  3 )/  4 SPIN= 1
 -0.4730 -0.4730 -0.3057 -0.3057  0.0529  0.0529  0.1635  0.1635  0.2289  0.2289
  0.6455  0.6455  0.6801  0.6801  0.7684  0.7684  0.8443  0.8443  1.1784  1.1784
  29/ 33  (  1  1  4 )/  4 SPIN= 1
 -0.4548 -0.4548 -0.3142 -0.3142  0.0284  0.0284  0.0987  0.0987  0.2762  0.2762
  0.6179  0.6179  0.7416  0.7416  0.8179  0.8179  0.8576  0.8576  1.0972  1.0972
  30/ 33  (  1  1  5 )/  4 SPIN= 1
 -0.4392 -0.4392 -0.3211 -0.3211  0.0156  0.0156  0.0501  0.0501  0.3301  0.3301
  0.5590  0.5590  0.7993  0.7993  0.8504  0.8504  0.8984  0.8984  1.0371  1.0371
  31/ 33  (  1  1  6 )/  4 SPIN= 1
 -0.4328 -0.4328 -0.3240 -0.3240  0.0193  0.0193  0.0247  0.0247  0.3591  0.3591
  0.5286  0.5286  0.8278  0.8278  0.8366  0.8366  0.9586  0.9586  0.9940  0.9940
  32/ 33  (  2  0  1 )/  4 SPIN= 1
 -0.4640 -0.4640 -0.3708 -0.3708  0.2048  0.2048  0.2328  0.2328  0.3495  0.3495
  0.4842  0.4842  0.5124  0.5124  0.5532  0.5532  0.9934  0.9934  1.2284  1.2284
  33/ 33  (  2  0  2 )/  4 SPIN= 1
 -0.4626 -0.4626 -0.3788 -0.3788  0.2432  0.2432  0.2436  0.2436  0.4138  0.4138
  0.4196  0.4196  0.4607  0.4607  0.5328  0.5328  1.1054  1.1054  1.1316  1.1316
 FERMI LEVEL= 0.428229
 ====== EIGENENERGIES HAVE BEEN WRITTEN ON FILE( 6) =====
 ====== EIGENENERGIES HAVE BEEN WRITTEN ON FILE(40) =====
 CORE-OUT(ISPIN= 1)=      0.04619807(NUMBER)
 CORE-OUT(ISPIN= 1)=      0.00023472(DENSITY)
  ====  SPW-COMPONENTS OF CHARGE DENSITY (UP-SPIN, DOWN-SPIN, TOTAL) ====
  IFL=          27
  NKP1=          33    NSPIN=           1    NKP2=         192
  NSSW=          12
 (1)SPIN (AMOUNT OF L-CHARGE IN MT)
    IA=  1      1.377   1.491   0.061   0.008   0.001   0.000   0.000   0.000
  === EL. DENSITY ON MT  (DIFFEREINCE BETWEEN (IN) AND (OUT)) ===
 ATOM=  1 AVERAGE=  0.04545 (IN)   0.04426 (OUT) STANDARD DEVIATION=  0.00119
 ATOM=  2 AVERAGE=  0.04545 (IN)   0.04426 (OUT) STANDARD DEVIATION=  0.00119
  CHARGE FOR FULL POTENTIAL IS WRITTEN IN          32
  === GENERALIZED MULTIPOLE MOMENT (TRUE) ===
 (  1 ) -0.831618347216D+00
 (  2 ) -0.338476540084D-01
 (  3 ) -0.208433881202D-02
 (  4 )  0.316795791361D+00
 (  5 ) -0.361913285138D+00
 (  6 ) -0.248061782627D+00
 (  7 )  0.541980879779D+00
 (  8 ) -0.750854983496D-01
 (  9 ) -0.204478501237D+00
 ( 10 ) -0.149223929918D+00
 ( 11 )  0.147681858028D+00
 ( 12 )  0.261255064153D-01
  === MULTIPOLE MOMENT (PW PART) ===
 ISSW=    1       0.973707582044D+00
 ISSW=    2      -0.514256827115D-01
 ISSW=    3       0.121874003678D-02
 ISSW=    4       0.317800430978D+00
 ISSW=    5      -0.362904316514D+00
 ISSW=    6      -0.245151869161D+00
 ISSW=    7       0.535127135042D+00
 ISSW=    8      -0.742378467241D-01
 ISSW=    9      -0.201046220613D+00
 ISSW=   10      -0.148606752565D+00
 ISSW=   11       0.147352399540D+00
 ISSW=   12       0.259583137726D-01
 IKAT,SKMAX,NU,LMAX=           1   18.8575589050354               13           6
 N0=          12          11          10           9           8           7
           6
 ATOM=  1    AVERAGE = -0.00010    STANDARD DEVIATION =  0.00001
 ATOM=  2    AVERAGE = -0.00010    STANDARD DEVIATION =  0.00001
  === COULOMB POTENTIAL IN MT (SSW) ===


  ==== ELECTRIC FIELD GRADIENT (EFG) ====

  COEFFICIENT OF LATTICE HARMONICS EXPANSION

    FOR As-SITE  (KIND =  1, ATOM =  1)
          L =  2   M =  0  (  0.100000000000D+01  0.000000000000D+00 )
      V0 = -3.8447280624D+21 (V/m^2)

  CONVENTIONAL FORM

    FOR As-SITE  (KIND =  1, ATOM =  1)

  (BEING PARALELL TO CARTESIAN AXES)
      V_XX =  1.9223640312D+21 (V/m^2)
      V_YY =  1.9223640312D+21 (V/m^2)
      V_ZZ = -3.8447280624D+21 (V/m^2)
      V_XY =  0.0000000000D+00 (V/m^2)
      V_YZ =  0.0000000000D+00 (V/m^2)
      V_ZX =  0.0000000000D+00 (V/m^2)

  (BEING PARALELL TO PRINCIPLE AXES)
 V(1,1)= -3.8447280624E+21 (V/m^2) for   0.00000000  0.00000000  1.00000000
 V(2,2)=  1.9223640312E+21 (V/m^2) for   0.00000000  1.00000000  0.00000000
 V(3,3)=  1.9223640312E+21 (V/m^2) for   1.00000000  0.00000000  0.00000000
 ETA=  0.00000000
 
  === COULOMB POT. ON MT  (DIFFEREINCE BETWEEN (IN) AND (OUT)) ===
 ATOM=  1 AVERAGE=  0.22808 (IN)   0.22808 (OUT) STANDARD DEVIATION=  0.00000
 ATOM=  2 AVERAGE=  0.22796 (IN)   0.22796 (OUT) STANDARD DEVIATION=  0.00000
 NX,NY,NZ=          19          19          53
  SD OF XC-POTENTIAL (PW) 
 ISP=           1    NPP,SD=         200  1.632537489349537E-004
  SD OF XC-ENERGY    (PW) 
               NPP,SD=         200  1.258835119978020E-004
  === XC-POTENTIAL (DIFFEREINCE BETWEEN (IN) AND (OUT) ===
 ATOM=  1 AVERAGE= -0.83462 (IN)  -0.82765 (OUT) STANDARD DEVIATION=  0.00701
 ATOM=  2 AVERAGE= -0.83455 (IN)  -0.82757 (OUT) STANDARD DEVIATION=  0.00701
  ESUM=  -5213.30587823861     
 <<< CPU =     0.000(SEC.) FOR SUB.ESUM0  >>>.   TOTAL CPU =    33.511(SEC.).  
 ISPIN ETP DETP ETS DETS    1      -0.308999       0.038075   -3750.162464      -0.768865
 ET,ET3,DET   -8963.777341     -69.762294      -0.730789
 <<< CPU =     0.000(SEC.) FOR SUB.ETOT   >>>.   TOTAL CPU =    33.511(SEC.).  
  ---- ET=   -9034.270424         DET=      -0.730789   ---
 (VALENCE IN MT) MOMENT=      0.00000000  CHARGE=      5.87708194
                               IA=  1   M=  2.9385   N=  2.9385
 == R.M.S. OF DIFFERNCE BETWEEN OLD AND NEW ==
 ISPIN= 1  WHOLE CELL  =   0.944505D-02
           INTERSTITIAL=   0.886531D-02
           ATOM(As* 2 )=   0.105959D-01
 A,D=  2.973853598339337E-002  0.752611416951910     
 THETA=    0.039514   BETA=    0.100000 FOR NEXT INPUT
0 ========== ITER=  4 ===========================
  === POTENTIAL V*R IN MT ===
  IKAT =           1    ISPIN=           1
     1 -0.659670911310D+02   26 -0.659299652849D+02   51 -0.658508681201D+02
    76 -0.656820911582D+02  101 -0.653212907457D+02  126 -0.645508357166D+02
   151 -0.629321514513D+02  176 -0.597175493431D+02  201 -0.539350638838D+02
   226 -0.446597319793D+02  251 -0.318974262932D+02  276 -0.174443853200D+02
   301 -0.669529201114D+01  326 -0.145431036319D+01  327 -0.132175838265D+01
 <<< CPU =     0.000(SEC.) FOR SUB.POTVR0 >>>.   TOTAL CPU =    33.524(SEC.).  




 ===== CORE STATE CALCULATION =====
 IA=           1    RMAX=R(         347 )=   4.03263551391383     
  ===== EIGENENERGY OF CORE STATE (RYD.) =====
 100         -858.926402
 200         -108.277940
 210          -94.944204
 300          -13.130340
 310           -9.008628
 320           -2.210834




 ----- NO. OF CORE ELECTRONS INSIDE THE MUFFIN-TIN SPHERE ( NEW  ) ---
 ATOM=  1       0.279769D+02  0.279769D+02
 IND0= 0 IND1= 0    L= 0   IA= 1  ISP= 1
 -0.800 -0.600 -0.400 -0.200  0.000  0.200  0.400  0.600  0.800  1.000  1.200
 -0.446 -0.410 -0.373 -0.333 -0.292 -0.249 -0.204 -0.157 -0.109 -0.060 -0.010
  0.176  0.254  0.330  0.405  0.477  0.546  0.611  0.672  0.726  0.775  0.815
 IND0= 0 IND1= 4    L= 1   IA= 1  ISP= 1
 -0.800 -0.620 -0.440 -0.260 -0.080  0.100  0.280  0.460  0.640  0.820  1.000
  0.605  0.584  0.562  0.538  0.514  0.488  0.461  0.433  0.404  0.373  0.341
  0.153  0.087  0.021 -0.046 -0.112 -0.178 -0.243 -0.308 -0.372 -0.435 -0.497
 IND0= 0 IND1= 4    L= 2   IA= 1  ISP= 1
  1.000  1.120  1.240  1.360  1.480  1.600  1.720  1.840  1.960  2.080  2.200
 -0.617 -0.606 -0.594 -0.582 -0.570 -0.557 -0.543 -0.529 -0.515 -0.501 -0.486
 -0.088 -0.047 -0.006  0.036  0.077  0.118  0.160  0.201  0.242  0.282  0.323
 IND0= 0 IND1= 0    L= 3   IA= 1  ISP= 1
  0.000  0.100  0.200  0.300  0.400  0.500  0.600  0.700  0.800  0.900  1.000
  0.828  0.822  0.816  0.810  0.804  0.797  0.791  0.784  0.777  0.770  0.763
  0.887  0.856  0.825  0.794  0.762  0.731  0.699  0.668  0.636  0.604  0.572
 IND0= 0 IND1= 0    L= 4   IA= 1  ISP= 1
  0.000  0.100  0.200  0.300  0.400  0.500  0.600  0.700  0.800  0.900  1.000
  0.957  0.953  0.949  0.945  0.941  0.937  0.933  0.929  0.925  0.920  0.916
  1.544  1.517  1.489  1.461  1.434  1.406  1.378  1.350  1.322  1.294  1.266
 IND0= 0 IND1= 0    L= 5   IA= 1  ISP= 1
  0.000  0.100  0.200  0.300  0.400  0.500  0.600  0.700  0.800  0.900  1.000
  1.058  1.055  1.052  1.049  1.046  1.043  1.040  1.037  1.034  1.031  1.027
  2.233  2.207  2.182  2.157  2.131  2.106  2.080  2.054  2.029  2.003  1.977
 IND0= 0 IND1= 0    L= 6   IA= 1  ISP= 1
  0.000  0.100  0.200  0.300  0.400  0.500  0.600  0.700  0.800  0.900  1.000
  1.145  1.142  1.140  1.138  1.135  1.133  1.131  1.128  1.126  1.123  1.121
  2.965  2.942  2.918  2.894  2.871  2.847  2.823  2.799  2.776  2.752  2.728
 IND0= 0 IND1= 0    L= 7   IA= 1  ISP= 1
  0.000  0.100  0.200  0.300  0.400  0.500  0.600  0.700  0.800  0.900  1.000
  1.223  1.221  1.219  1.217  1.215  1.213  1.211  1.209  1.207  1.205  1.203
  3.742  3.720  3.698  3.676  3.654  3.631  3.609  3.587  3.564  3.542  3.520
 <<< CPU =     0.001(SEC.) FOR SUB.TSRWF  >>>.   TOTAL CPU =    33.526(SEC.).  
   
   RADIAL INTEGRAL OF SPIN-ORBIT HAMILTONIAN 
   ******* MASS CORRECTION INCLUDED ******** 
   
 <<< CPU =     0.000(SEC.) FOR SUB.SOINTR >>>.   TOTAL CPU =    33.526(SEC.).  
 <<< CPU =     0.009(SEC.) FOR SUB.VPW000 >>>.   TOTAL CPU =    33.540(SEC.).  
 ===    1/ 33 ===== (  0  0  0)/  4 ==========
  NO. OF PLANE WAVES =         381
 ===    2/ 33 ===== (  0  0  1)/  4 ==========
  NO. OF PLANE WAVES =         381
 ===    3/ 33 ===== (  0  0  2)/  4 ==========
  NO. OF PLANE WAVES =         369
 ===    4/ 33 ===== (  0  0  3)/  4 ==========
  NO. OF PLANE WAVES =         375
 ===    5/ 33 ===== (  0  0  4)/  4 ==========
  NO. OF PLANE WAVES =         375
 ===    6/ 33 ===== (  0  0  5)/  4 ==========
  NO. OF PLANE WAVES =         387
 ===    7/ 33 ===== (  0  0  6)/  4 ==========
  NO. OF PLANE WAVES =         380
 ===    8/ 33 ===== (  0  1  0)/  4 ==========
  NO. OF PLANE WAVES =         374
 ===    9/ 33 ===== (  0  1  1)/  4 ==========
  NO. OF PLANE WAVES =         378
 ===   10/ 33 ===== (  0  1  2)/  4 ==========
  NO. OF PLANE WAVES =         378
 ===   11/ 33 ===== (  0  1  3)/  4 ==========
  NO. OF PLANE WAVES =         375
 ===   12/ 33 ===== (  0  1  4)/  4 ==========
  NO. OF PLANE WAVES =         375
 ===   13/ 33 ===== (  0  1  5)/  4 ==========
  NO. OF PLANE WAVES =         375
 ===   14/ 33 ===== (  0  1  6)/  4 ==========
  NO. OF PLANE WAVES =         373
 ===   15/ 33 ===== (  0  2  0)/  4 ==========
  NO. OF PLANE WAVES =         384
 ===   16/ 33 ===== (  0  2  1)/  4 ==========
  NO. OF PLANE WAVES =         376
 ===   17/ 33 ===== (  0  2  2)/  4 ==========
  NO. OF PLANE WAVES =         377
 ===   18/ 33 ===== (  0  2  3)/  4 ==========
  NO. OF PLANE WAVES =         378
 ===   19/ 33 ===== (  0  2  4)/  4 ==========
  NO. OF PLANE WAVES =         372
 ===   20/ 33 ===== (  1  0  1)/  4 ==========
  NO. OF PLANE WAVES =         380
 ===   21/ 33 ===== (  1  0  2)/  4 ==========
  NO. OF PLANE WAVES =         373
 ===   22/ 33 ===== (  1  0  3)/  4 ==========
  NO. OF PLANE WAVES =         376
 ===   23/ 33 ===== (  1  0  4)/  4 ==========
  NO. OF PLANE WAVES =         371
 ===   24/ 33 ===== (  1  0  5)/  4 ==========
  NO. OF PLANE WAVES =         374
 ===   25/ 33 ===== (  1  1  0)/  4 ==========
  NO. OF PLANE WAVES =         375
 ===   26/ 33 ===== (  1  1  1)/  4 ==========
  NO. OF PLANE WAVES =         373
 ===   27/ 33 ===== (  1  1  2)/  4 ==========
  NO. OF PLANE WAVES =         376
 ===   28/ 33 ===== (  1  1  3)/  4 ==========
  NO. OF PLANE WAVES =         375
 ===   29/ 33 ===== (  1  1  4)/  4 ==========
  NO. OF PLANE WAVES =         375
 ===   30/ 33 ===== (  1  1  5)/  4 ==========
  NO. OF PLANE WAVES =         379
 ===   31/ 33 ===== (  1  1  6)/  4 ==========
  NO. OF PLANE WAVES =         378
 ===   32/ 33 ===== (  2  0  1)/  4 ==========
  NO. OF PLANE WAVES =         376
 ===   33/ 33 ===== (  2  0  2)/  4 ==========
  NO. OF PLANE WAVES =         374
 TIME TO GET EIGENSTATES.     7.713    41.253
  EMAX=   1.26810170288589         EMIN= -0.667099539756110     
     FERMI-EN=  0.42753168  DOS=     0.10183  INT.DOS=  10.0000000000
  === DOS OF EACH BAND ===
 SPIN= 1    1    0.000    2    0.000    3    0.000    4    0.000    5    0.000
            6    0.000    7    0.000    8    0.000    9    0.037   10    0.037
           11    0.014   12    0.014   13    0.000   14    0.000   15    0.000
           16    0.000   17    0.000   18    0.000   19    0.000   20    0.000
  === OCCUPATION OF EACH BAND ===
 SPIN= 1    1  1.00000    2  1.00000    3  1.00000    4  1.00000    5  1.00000
            6  1.00000    7  1.00000    8  1.00000    9  0.99996   10  0.99996
           11  0.00004   12  0.00004   13  0.00000   14  0.00000   15  0.00000
           16  0.00000   17  0.00000   18  0.00000   19  0.00000   20  0.00000
   NX=  4  NY=  4  NZ=  4
 NEIG= 20NKP1= 33 NSP=  1
   1/ 33  (  0  0  0 )/  4 SPIN= 1
 -0.6671 -0.6671  0.0119  0.0119  0.2517  0.2517  0.2914  0.2914  0.3054  0.3054
  0.5746  0.5746  0.6542  0.6542  0.6707  0.6707  0.9451  0.9451  0.9464  0.9464
   2/ 33  (  0  0  1 )/  4 SPIN= 1
 -0.6624 -0.6624 -0.0202 -0.0202  0.2725  0.2725  0.2959  0.2959  0.3061  0.3061
  0.5755  0.5755  0.6400  0.6400  0.6559  0.6559  0.9449  0.9449  0.9522  0.9522
   3/ 33  (  0  0  2 )/  4 SPIN= 1
 -0.6487 -0.6487 -0.0891 -0.0891  0.2884  0.2884  0.3084  0.3084  0.3277  0.3277
  0.5767  0.5767  0.6069  0.6069  0.6197  0.6197  0.9173  0.9173  0.9761  0.9761
   4/ 33  (  0  0  3 )/  4 SPIN= 1
 -0.6272 -0.6272 -0.1652 -0.1652  0.2943  0.2943  0.3126  0.3126  0.3629  0.3629
  0.5579  0.5579  0.5767  0.5767  0.5854  0.5854  0.9183  0.9183  1.0221  1.0221
   5/ 33  (  0  0  4 )/  4 SPIN= 1
 -0.6006 -0.6006 -0.2346 -0.2346  0.3007  0.3007  0.3184  0.3184  0.3845  0.3845
  0.5223  0.5223  0.5379  0.5379  0.5791  0.5791  0.9539  0.9539  1.0873  1.0873
   6/ 33  (  0  0  5 )/  4 SPIN= 1
 -0.5758 -0.5758 -0.2866 -0.2866  0.3067  0.3067  0.3241  0.3241  0.3950  0.3950
  0.4962  0.4962  0.5105  0.5105  0.5720  0.5720  1.0079  1.0079  1.1668  1.1668
   7/ 33  (  0  0  6 )/  4 SPIN= 1
 -0.5647 -0.5647 -0.3068 -0.3068  0.3093  0.3093  0.3266  0.3266  0.3982  0.3982
  0.4866  0.4866  0.5005  0.5005  0.5688  0.5688  1.0389  1.0389  1.2279  1.2279
   8/ 33  (  0  1  0 )/  4 SPIN= 1
 -0.6106 -0.6106 -0.1373 -0.1373  0.2391  0.2391  0.2588  0.2588  0.3065  0.3065
  0.5149  0.5149  0.5902  0.5902  0.6542  0.6542  0.8506  0.8506  0.9574  0.9574
   9/ 33  (  0  1  1 )/  4 SPIN= 1
 -0.6065 -0.6065 -0.1296 -0.1296  0.1870  0.1870  0.2217  0.2217  0.3163  0.3163
  0.5361  0.5361  0.6084  0.6084  0.7132  0.7132  0.8450  0.8450  1.0032  1.0032
  10/ 33  (  0  1  2 )/  4 SPIN= 1
 -0.5937 -0.5937 -0.1421 -0.1421  0.1348  0.1348  0.2037  0.2037  0.2889  0.2889
  0.5943  0.5943  0.6256  0.6256  0.7528  0.7528  0.8659  0.8659  1.0686  1.0686
  11/ 33  (  0  1  3 )/  4 SPIN= 1
 -0.5737 -0.5737 -0.1767 -0.1767  0.0978  0.0978  0.1937  0.1937  0.2670  0.2670
  0.6102  0.6102  0.6926  0.6926  0.7555  0.7555  0.8809  0.8809  1.1510  1.1510
  12/ 33  (  0  1  4 )/  4 SPIN= 1
 -0.5492 -0.5492 -0.2230 -0.2230  0.0702  0.0702  0.1925  0.1925  0.2631  0.2631
  0.6256  0.6256  0.7280  0.7280  0.7537  0.7537  0.8845  0.8845  1.2443  1.2443
  13/ 33  (  0  1  5 )/  4 SPIN= 1
 -0.5261 -0.5261 -0.2652 -0.2652  0.0496  0.0496  0.2003  0.2003  0.2760  0.2760
  0.6374  0.6374  0.6872  0.6872  0.7987  0.7987  0.8933  0.8933  1.2146  1.2146
  14/ 33  (  0  1  6 )/  4 SPIN= 1
 -0.5151 -0.5151 -0.2872 -0.2872  0.0387  0.0387  0.2163  0.2163  0.3012  0.3012
  0.6273  0.6273  0.6451  0.6451  0.8255  0.8255  0.9281  0.9281  1.1294  1.1294
  15/ 33  (  0  2  0 )/  4 SPIN= 1
 -0.4673 -0.4673 -0.3510 -0.3510  0.1363  0.1363  0.2069  0.2069  0.2860  0.2860
  0.5490  0.5490  0.6049  0.6049  0.6139  0.6139  0.8953  0.8953  1.2501  1.2501
  16/ 33  (  0  2  1 )/  4 SPIN= 1
 -0.4674 -0.4674 -0.3240 -0.3240  0.0736  0.0736  0.1798  0.1798  0.2287  0.2287
  0.5887  0.5887  0.6749  0.6749  0.7305  0.7305  0.8483  0.8483  1.2566  1.2566
  17/ 33  (  0  2  2 )/  4 SPIN= 1
 -0.4653 -0.4653 -0.2971 -0.2971  0.0272  0.0272  0.1567  0.1567  0.1800  0.1800
  0.5848  0.5848  0.7499  0.7499  0.8463  0.8463  0.8681  0.8681  1.2681  1.2681
  18/ 33  (  0  2  3 )/  4 SPIN= 1
 -0.4626 -0.4626 -0.2771 -0.2771  0.0010  0.0010  0.1360  0.1360  0.1497  0.1497
  0.5646  0.5646  0.8148  0.8148  0.9153  0.9153  0.9404  0.9404  1.2634  1.2634
  19/ 33  (  0  2  4 )/  4 SPIN= 1
 -0.4614 -0.4614 -0.2698 -0.2698 -0.0067 -0.0067  0.1241  0.1241  0.1426  0.1426
  0.5556  0.5556  0.8428  0.8428  0.9396  0.9396  0.9779  0.9779  1.2368  1.2368
  20/ 33  (  1  0  1 )/  4 SPIN= 1
 -0.6059 -0.6059 -0.1576 -0.1576  0.2404  0.2404  0.2663  0.2663  0.3320  0.3320
  0.5328  0.5328  0.5789  0.5789  0.5975  0.5975  0.8938  0.8938  0.9394  0.9394
  21/ 33  (  1  0  2 )/  4 SPIN= 1
 -0.5926 -0.5926 -0.1852 -0.1852  0.1677  0.1677  0.2812  0.2812  0.4077  0.4077
  0.4846  0.4846  0.5557  0.5557  0.6545  0.6545  0.9030  0.9030  1.0128  1.0128
  22/ 33  (  1  0  3 )/  4 SPIN= 1
 -0.5719 -0.5719 -0.2177 -0.2177  0.1057  0.1057  0.2803  0.2803  0.4299  0.4299
  0.4807  0.4807  0.5447  0.5447  0.7368  0.7368  0.9156  0.9156  1.0271  1.0271
  23/ 33  (  1  0  4 )/  4 SPIN= 1
 -0.5469 -0.5469 -0.2521 -0.2521  0.0633  0.0633  0.2629  0.2629  0.3795  0.3795
  0.5447  0.5447  0.5642  0.5642  0.7964  0.7964  0.9622  0.9622  1.0580  1.0580
  24/ 33  (  1  0  5 )/  4 SPIN= 1
 -0.5242 -0.5242 -0.2800 -0.2800  0.0419  0.0419  0.2386  0.2386  0.3362  0.3362
  0.5911  0.5911  0.6057  0.6057  0.8242  0.8242  0.9932  0.9932  1.0578  1.0578
  25/ 33  (  1  1  0 )/  4 SPIN= 1
 -0.5037 -0.5037 -0.2894 -0.2894  0.0726  0.0726  0.2726  0.2726  0.2827  0.2827
  0.5148  0.5148  0.5362  0.5362  0.7815  0.7815  0.8941  0.8941  1.0820  1.0820
  26/ 33  (  1  1  1 )/  4 SPIN= 1
 -0.5001 -0.5001 -0.2918 -0.2918  0.0754  0.0754  0.2325  0.2325  0.2893  0.2893
  0.4984  0.4984  0.6050  0.6050  0.7674  0.7674  0.8822  0.8822  1.1065  1.1065
  27/ 33  (  1  1  2 )/  4 SPIN= 1
 -0.4897 -0.4897 -0.2982 -0.2982  0.0730  0.0730  0.2082  0.2082  0.2362  0.2362
  0.5549  0.5549  0.6888  0.6888  0.7334  0.7334  0.8575  0.8575  1.1765  1.1765
  28/ 33  (  1  1  3 )/  4 SPIN= 1
 -0.4740 -0.4740 -0.3065 -0.3065  0.0520  0.0520  0.1631  0.1631  0.2288  0.2288
  0.6451  0.6451  0.6792  0.6792  0.7677  0.7677  0.8439  0.8439  1.1779  1.1779
  29/ 33  (  1  1  4 )/  4 SPIN= 1
 -0.4559 -0.4559 -0.3149 -0.3149  0.0277  0.0277  0.0983  0.0983  0.2760  0.2760
  0.6172  0.6172  0.7410  0.7410  0.8172  0.8172  0.8571  0.8571  1.0969  1.0969
  30/ 33  (  1  1  5 )/  4 SPIN= 1
 -0.4404 -0.4404 -0.3218 -0.3218  0.0150  0.0150  0.0497  0.0497  0.3298  0.3298
  0.5585  0.5585  0.7983  0.7983  0.8495  0.8495  0.8981  0.8981  1.0368  1.0368
  31/ 33  (  1  1  6 )/  4 SPIN= 1
 -0.4340 -0.4340 -0.3246 -0.3246  0.0187  0.0187  0.0243  0.0243  0.3588  0.3588
  0.5282  0.5282  0.8268  0.8268  0.8355  0.8355  0.9585  0.9585  0.9936  0.9936
  32/ 33  (  2  0  1 )/  4 SPIN= 1
 -0.4651 -0.4651 -0.3715 -0.3715  0.2044  0.2044  0.2316  0.2316  0.3491  0.3491
  0.4836  0.4836  0.5122  0.5122  0.5531  0.5531  0.9931  0.9931  1.2277  1.2277
  33/ 33  (  2  0  2 )/  4 SPIN= 1
 -0.4637 -0.4637 -0.3794 -0.3794  0.2424  0.2424  0.2428  0.2428  0.4139  0.4139
  0.4185  0.4185  0.4606  0.4606  0.5328  0.5328  1.1051  1.1051  1.1311  1.1311
 FERMI LEVEL= 0.427532
 ====== EIGENENERGIES HAVE BEEN WRITTEN ON FILE( 6) =====
 ====== EIGENENERGIES HAVE BEEN WRITTEN ON FILE(40) =====
 CORE-OUT(ISPIN= 1)=      0.04618115(NUMBER)
 CORE-OUT(ISPIN= 1)=      0.00023463(DENSITY)
  ====  SPW-COMPONENTS OF CHARGE DENSITY (UP-SPIN, DOWN-SPIN, TOTAL) ====
  IFL=          27
  NKP1=          33    NSPIN=           1    NKP2=         192
  NSSW=          12
 (1)SPIN (AMOUNT OF L-CHARGE IN MT)
    IA=  1      1.378   1.490   0.062   0.008   0.001   0.000   0.000   0.000
  === EL. DENSITY ON MT  (DIFFEREINCE BETWEEN (IN) AND (OUT)) ===
 ATOM=  1 AVERAGE=  0.04545 (IN)   0.04426 (OUT) STANDARD DEVIATION=  0.00119
 ATOM=  2 AVERAGE=  0.04545 (IN)   0.04426 (OUT) STANDARD DEVIATION=  0.00119
  CHARGE FOR FULL POTENTIAL IS WRITTEN IN          32
  === GENERALIZED MULTIPOLE MOMENT (TRUE) ===
 (  1 ) -0.831490193684D+00
 (  2 ) -0.365735430632D-01
 (  3 ) -0.319181550807D-02
 (  4 )  0.316928722615D+00
 (  5 ) -0.361736605083D+00
 (  6 ) -0.248242722749D+00
 (  7 )  0.542181799341D+00
 (  8 ) -0.752004173453D-01
 (  9 ) -0.204850560704D+00
 ( 10 ) -0.149300917992D+00
 ( 11 )  0.148080220647D+00
 ( 12 )  0.258231493955D-01
  === MULTIPOLE MOMENT (PW PART) ===
 ISSW=    1       0.973808847290D+00
 ISSW=    2      -0.540039996885D-01
 ISSW=    3       0.108691629082D-03
 ISSW=    4       0.317875851056D+00
 ISSW=    5      -0.362680001931D+00
 ISSW=    6      -0.245351162861D+00
 ISSW=    7       0.535336440119D+00
 ISSW=    8      -0.743486183736D-01
 ISSW=    9      -0.201417838518D+00
 ISSW=   10      -0.148691474343D+00
 ISSW=   11       0.147753726960D+00
 ISSW=   12       0.256532457651D-01
 IKAT,SKMAX,NU,LMAX=           1   18.8575589050354               13           6
 N0=          12          11          10           9           8           7
           6
 ATOM=  1    AVERAGE = -0.00010    STANDARD DEVIATION =  0.00001
 ATOM=  2    AVERAGE = -0.00010    STANDARD DEVIATION =  0.00001
  === COULOMB POTENTIAL IN MT (SSW) ===


  ==== ELECTRIC FIELD GRADIENT (EFG) ====

  COEFFICIENT OF LATTICE HARMONICS EXPANSION

    FOR As-SITE  (KIND =  1, ATOM =  1)
          L =  2   M =  0  (  0.100000000000D+01  0.000000000000D+00 )
      V0 = -3.7581532491D+21 (V/m^2)

  CONVENTIONAL FORM

    FOR As-SITE  (KIND =  1, ATOM =  1)

  (BEING PARALELL TO CARTESIAN AXES)
      V_XX =  1.8790766245D+21 (V/m^2)
      V_YY =  1.8790766245D+21 (V/m^2)
      V_ZZ = -3.7581532491D+21 (V/m^2)
      V_XY =  0.0000000000D+00 (V/m^2)
      V_YZ =  0.0000000000D+00 (V/m^2)
      V_ZX =  0.0000000000D+00 (V/m^2)

  (BEING PARALELL TO PRINCIPLE AXES)
 V(1,1)= -3.7581532491E+21 (V/m^2) for   0.00000000  0.00000000  1.00000000
 V(2,2)=  1.8790766245E+21 (V/m^2) for   0.00000000  1.00000000  0.00000000
 V(3,3)=  1.8790766245E+21 (V/m^2) for   1.00000000  0.00000000  0.00000000
 ETA=  0.00000000
 
  === COULOMB POT. ON MT  (DIFFEREINCE BETWEEN (IN) AND (OUT)) ===
 ATOM=  1 AVERAGE=  0.22833 (IN)   0.22833 (OUT) STANDARD DEVIATION=  0.00000
 ATOM=  2 AVERAGE=  0.22820 (IN)   0.22820 (OUT) STANDARD DEVIATION=  0.00000
 NX,NY,NZ=          19          19          53
  SD OF XC-POTENTIAL (PW) 
 ISP=           1    NPP,SD=         200  1.613207945556624E-004
  SD OF XC-ENERGY    (PW) 
               NPP,SD=         200  1.243972315296169E-004
  === XC-POTENTIAL (DIFFEREINCE BETWEEN (IN) AND (OUT) ===
 ATOM=  1 AVERAGE= -0.83462 (IN)  -0.82765 (OUT) STANDARD DEVIATION=  0.00701
 ATOM=  2 AVERAGE= -0.83454 (IN)  -0.82757 (OUT) STANDARD DEVIATION=  0.00701
  ESUM=  -5213.36222400628     
 <<< CPU =     0.000(SEC.) FOR SUB.ESUM0  >>>.   TOTAL CPU =    44.673(SEC.).  
 ISPIN ETP DETP ETS DETS    1      -0.308926       0.035367   -3750.192402      -0.687177
 ET,ET3,DET   -8963.863552     -69.760496      -0.651810
 <<< CPU =     0.000(SEC.) FOR SUB.ETOT   >>>.   TOTAL CPU =    44.673(SEC.).  
  ---- ET=   -9034.275858         DET=      -0.651810   ---
 (VALENCE IN MT) MOMENT=      0.00000000  CHARGE=      5.87770750
                               IA=  1   M=  2.9389   N=  2.9389
 == R.M.S. OF DIFFERNCE BETWEEN OLD AND NEW ==
 ISPIN= 1  WHOLE CELL  =   0.826095D-02
           INTERSTITIAL=   0.809528D-02
           ATOM(As* 2 )=   0.860993D-02
 A,D= -2.239130697254067E-003  1.547470349019556E-003
 THETA=   -1.446962   BETA=    0.100000 FOR NEXT INPUT
0 ========== ITER=  5 ===========================
  === POTENTIAL V*R IN MT ===
  IKAT =           1    ISPIN=           1
     1 -0.659670914428D+02   26 -0.659299659463D+02   51 -0.658508695232D+02
    76 -0.656820941354D+02  101 -0.653212970608D+02  126 -0.645508490802D+02
   151 -0.629321794529D+02  176 -0.597176065787D+02  201 -0.539351782776D+02
   226 -0.446599549146D+02  251 -0.318978617989D+02  276 -0.174454399144D+02
   301 -0.669797527898D+01  326 -0.145765181239D+01  327 -0.132548552810D+01
 <<< CPU =     0.000(SEC.) FOR SUB.POTVR0 >>>.   TOTAL CPU =    44.686(SEC.).  




 ===== CORE STATE CALCULATION =====
 IA=           1    RMAX=R(         347 )=   4.03263551391383     
  ===== EIGENENERGY OF CORE STATE (RYD.) =====
 100         -858.928720
 200         -108.279945
 210          -94.946230
 300          -13.132701
 310           -9.010990
 320           -2.213133




 ----- NO. OF CORE ELECTRONS INSIDE THE MUFFIN-TIN SPHERE ( NEW  ) ---
 ATOM=  1       0.279769D+02  0.279769D+02
 IND0= 0 IND1= 0    L= 0   IA= 1  ISP= 1
 -0.800 -0.600 -0.400 -0.200  0.000  0.200  0.400  0.600  0.800  1.000  1.200
 -0.446 -0.410 -0.373 -0.333 -0.292 -0.248 -0.203 -0.156 -0.108 -0.059 -0.010
  0.177  0.254  0.331  0.405  0.478  0.547  0.612  0.672  0.727  0.775  0.815
 IND0= 0 IND1= 4    L= 1   IA= 1  ISP= 1
 -0.800 -0.620 -0.440 -0.260 -0.080  0.100  0.280  0.460  0.640  0.820  1.000
  0.605  0.584  0.561  0.538  0.513  0.488  0.461  0.433  0.403  0.373  0.341
  0.153  0.086  0.020 -0.046 -0.112 -0.178 -0.244 -0.309 -0.373 -0.436 -0.497
 IND0= 0 IND1= 4    L= 2   IA= 1  ISP= 1
  1.000  1.120  1.240  1.360  1.480  1.600  1.720  1.840  1.960  2.080  2.200
 -0.617 -0.606 -0.594 -0.582 -0.569 -0.556 -0.543 -0.529 -0.515 -0.500 -0.485
 -0.088 -0.047 -0.005  0.036  0.078  0.119  0.160  0.201  0.242  0.283  0.323
 IND0= 0 IND1= 0    L= 3   IA= 1  ISP= 1
  0.000  0.100  0.200  0.300  0.400  0.500  0.600  0.700  0.800  0.900  1.000
  0.828  0.822  0.816  0.810  0.804  0.797  0.791  0.784  0.777  0.770  0.763
  0.887  0.856  0.824  0.793  0.762  0.730  0.699  0.667  0.635  0.603  0.571
 IND0= 0 IND1= 0    L= 4   IA= 1  ISP= 1
  0.000  0.100  0.200  0.300  0.400  0.500  0.600  0.700  0.800  0.900  1.000
  0.957  0.953  0.949  0.945  0.941  0.937  0.933  0.929  0.925  0.920  0.916
  1.544  1.516  1.489  1.461  1.433  1.405  1.378  1.350  1.322  1.293  1.265
 IND0= 0 IND1= 0    L= 5   IA= 1  ISP= 1
  0.000  0.100  0.200  0.300  0.400  0.500  0.600  0.700  0.800  0.900  1.000
  1.058  1.055  1.052  1.049  1.046  1.043  1.040  1.037  1.034  1.031  1.027
  2.232  2.207  2.182  2.156  2.131  2.105  2.080  2.054  2.028  2.003  1.977
 IND0= 0 IND1= 0    L= 6   IA= 1  ISP= 1
  0.000  0.100  0.200  0.300  0.400  0.500  0.600  0.700  0.800  0.900  1.000
  1.145  1.142  1.140  1.138  1.135  1.133  1.131  1.128  1.126  1.123  1.121
  2.965  2.941  2.918  2.894  2.870  2.847  2.823  2.799  2.775  2.751  2.727
 IND0= 0 IND1= 0    L= 7   IA= 1  ISP= 1
  0.000  0.100  0.200  0.300  0.400  0.500  0.600  0.700  0.800  0.900  1.000
  1.222  1.221  1.219  1.217  1.215  1.213  1.211  1.209  1.207  1.205  1.203
  3.742  3.720  3.698  3.676  3.653  3.631  3.609  3.586  3.564  3.542  3.519
 <<< CPU =     0.001(SEC.) FOR SUB.TSRWF  >>>.   TOTAL CPU =    44.687(SEC.).  
   
   RADIAL INTEGRAL OF SPIN-ORBIT HAMILTONIAN 
   ******* MASS CORRECTION INCLUDED ******** 
   
 <<< CPU =     0.001(SEC.) FOR SUB.SOINTR >>>.   TOTAL CPU =    44.688(SEC.).  
 <<< CPU =     0.009(SEC.) FOR SUB.VPW000 >>>.   TOTAL CPU =    44.702(SEC.).  
 ===    1/ 33 ===== (  0  0  0)/  4 ==========
  NO. OF PLANE WAVES =         381
 ===    2/ 33 ===== (  0  0  1)/  4 ==========
  NO. OF PLANE WAVES =         381
 ===    3/ 33 ===== (  0  0  2)/  4 ==========
  NO. OF PLANE WAVES =         369
 ===    4/ 33 ===== (  0  0  3)/  4 ==========
  NO. OF PLANE WAVES =         375
 ===    5/ 33 ===== (  0  0  4)/  4 ==========
  NO. OF PLANE WAVES =         375
 ===    6/ 33 ===== (  0  0  5)/  4 ==========
  NO. OF PLANE WAVES =         387
 ===    7/ 33 ===== (  0  0  6)/  4 ==========
  NO. OF PLANE WAVES =         380
 ===    8/ 33 ===== (  0  1  0)/  4 ==========
  NO. OF PLANE WAVES =         374
 ===    9/ 33 ===== (  0  1  1)/  4 ==========
  NO. OF PLANE WAVES =         378
 ===   10/ 33 ===== (  0  1  2)/  4 ==========
  NO. OF PLANE WAVES =         378
 ===   11/ 33 ===== (  0  1  3)/  4 ==========
  NO. OF PLANE WAVES =         375
 ===   12/ 33 ===== (  0  1  4)/  4 ==========
  NO. OF PLANE WAVES =         375
 ===   13/ 33 ===== (  0  1  5)/  4 ==========
  NO. OF PLANE WAVES =         375
 ===   14/ 33 ===== (  0  1  6)/  4 ==========
  NO. OF PLANE WAVES =         373
 ===   15/ 33 ===== (  0  2  0)/  4 ==========
  NO. OF PLANE WAVES =         384
 ===   16/ 33 ===== (  0  2  1)/  4 ==========
  NO. OF PLANE WAVES =         376
 ===   17/ 33 ===== (  0  2  2)/  4 ==========
  NO. OF PLANE WAVES =         377
 ===   18/ 33 ===== (  0  2  3)/  4 ==========
  NO. OF PLANE WAVES =         378
 ===   19/ 33 ===== (  0  2  4)/  4 ==========
  NO. OF PLANE WAVES =         372
 ===   20/ 33 ===== (  1  0  1)/  4 ==========
  NO. OF PLANE WAVES =         380
 ===   21/ 33 ===== (  1  0  2)/  4 ==========
  NO. OF PLANE WAVES =         373
 ===   22/ 33 ===== (  1  0  3)/  4 ==========
  NO. OF PLANE WAVES =         376
 ===   23/ 33 ===== (  1  0  4)/  4 ==========
  NO. OF PLANE WAVES =         371
 ===   24/ 33 ===== (  1  0  5)/  4 ==========
  NO. OF PLANE WAVES =         374
 ===   25/ 33 ===== (  1  1  0)/  4 ==========
  NO. OF PLANE WAVES =         375
 ===   26/ 33 ===== (  1  1  1)/  4 ==========
  NO. OF PLANE WAVES =         373
 ===   27/ 33 ===== (  1  1  2)/  4 ==========
  NO. OF PLANE WAVES =         376
 ===   28/ 33 ===== (  1  1  3)/  4 ==========
  NO. OF PLANE WAVES =         375
 ===   29/ 33 ===== (  1  1  4)/  4 ==========
  NO. OF PLANE WAVES =         375
 ===   30/ 33 ===== (  1  1  5)/  4 ==========
  NO. OF PLANE WAVES =         379
 ===   31/ 33 ===== (  1  1  6)/  4 ==========
  NO. OF PLANE WAVES =         378
 ===   32/ 33 ===== (  2  0  1)/  4 ==========
  NO. OF PLANE WAVES =         376
 ===   33/ 33 ===== (  2  0  2)/  4 ==========
  NO. OF PLANE WAVES =         374
 TIME TO GET EIGENSTATES.     7.709    52.411
  EMAX=   1.26627938753291         EMIN= -0.669042188144144     
     FERMI-EN=  0.42583832  DOS=     0.11154  INT.DOS=  10.0000000000
  === DOS OF EACH BAND ===
 SPIN= 1    1    0.000    2    0.000    3    0.000    4    0.000    5    0.000
            6    0.000    7    0.000    8    0.000    9    0.040   10    0.040
           11    0.016   12    0.016   13    0.000   14    0.000   15    0.000
           16    0.000   17    0.000   18    0.000   19    0.000   20    0.000
  === OCCUPATION OF EACH BAND ===
 SPIN= 1    1  1.00000    2  1.00000    3  1.00000    4  1.00000    5  1.00000
            6  1.00000    7  1.00000    8  1.00000    9  0.99995   10  0.99995
           11  0.00005   12  0.00005   13  0.00000   14  0.00000   15  0.00000
           16  0.00000   17  0.00000   18  0.00000   19  0.00000   20  0.00000
   NX=  4  NY=  4  NZ=  4
 NEIG= 20NKP1= 33 NSP=  1
   1/ 33  (  0  0  0 )/  4 SPIN= 1
 -0.6690 -0.6690  0.0107  0.0107  0.2507  0.2507  0.2894  0.2894  0.3033  0.3033
  0.5719  0.5719  0.6521  0.6521  0.6685  0.6685  0.9440  0.9440  0.9453  0.9453
   2/ 33  (  0  0  1 )/  4 SPIN= 1
 -0.6644 -0.6644 -0.0213 -0.0213  0.2712  0.2712  0.2942  0.2942  0.3040  0.3040
  0.5730  0.5730  0.6380  0.6380  0.6538  0.6538  0.9443  0.9443  0.9511  0.9511
   3/ 33  (  0  0  2 )/  4 SPIN= 1
 -0.6507 -0.6507 -0.0900 -0.0900  0.2864  0.2864  0.3063  0.3063  0.3262  0.3262
  0.5747  0.5747  0.6050  0.6050  0.6178  0.6178  0.9164  0.9164  0.9749  0.9749
   4/ 33  (  0  0  3 )/  4 SPIN= 1
 -0.6292 -0.6292 -0.1660 -0.1660  0.2922  0.2922  0.3105  0.3105  0.3609  0.3609
  0.5562  0.5562  0.5750  0.5750  0.5841  0.5841  0.9171  0.9171  1.0208  1.0208
   5/ 33  (  0  0  4 )/  4 SPIN= 1
 -0.6029 -0.6029 -0.2353 -0.2353  0.2985  0.2985  0.3162  0.3162  0.3820  0.3820
  0.5207  0.5207  0.5362  0.5362  0.5787  0.5787  0.9523  0.9523  1.0859  1.0859
   6/ 33  (  0  0  5 )/  4 SPIN= 1
 -0.5782 -0.5782 -0.2870 -0.2870  0.3045  0.3045  0.3219  0.3219  0.3923  0.3923
  0.4947  0.4947  0.5090  0.5090  0.5720  0.5720  1.0061  1.0061  1.1652  1.1652
   7/ 33  (  0  0  6 )/  4 SPIN= 1
 -0.5672 -0.5672 -0.3071 -0.3071  0.3071  0.3071  0.3244  0.3244  0.3953  0.3953
  0.4852  0.4852  0.4990  0.4990  0.5689  0.5689  1.0370  1.0370  1.2260  1.2260
   8/ 33  (  0  1  0 )/  4 SPIN= 1
 -0.6126 -0.6126 -0.1390 -0.1390  0.2372  0.2372  0.2575  0.2575  0.3052  0.3052
  0.5137  0.5137  0.5880  0.5880  0.6528  0.6528  0.8496  0.8496  0.9558  0.9558
   9/ 33  (  0  1  1 )/  4 SPIN= 1
 -0.6084 -0.6084 -0.1313 -0.1313  0.1856  0.1856  0.2197  0.2197  0.3154  0.3154
  0.5348  0.5348  0.6059  0.6059  0.7117  0.7117  0.8440  0.8440  1.0016  1.0016
  10/ 33  (  0  1  2 )/  4 SPIN= 1
 -0.5957 -0.5957 -0.1436 -0.1436  0.1332  0.1332  0.2017  0.2017  0.2882  0.2882
  0.5924  0.5924  0.6236  0.6236  0.7511  0.7511  0.8648  0.8648  1.0672  1.0672
  11/ 33  (  0  1  3 )/  4 SPIN= 1
 -0.5758 -0.5758 -0.1780 -0.1780  0.0958  0.0958  0.1918  0.1918  0.2663  0.2663
  0.6080  0.6080  0.6909  0.6909  0.7537  0.7537  0.8800  0.8800  1.1495  1.1495
  12/ 33  (  0  1  4 )/  4 SPIN= 1
 -0.5514 -0.5514 -0.2240 -0.2240  0.0682  0.0682  0.1906  0.1906  0.2624  0.2624
  0.6234  0.6234  0.7263  0.7263  0.7519  0.7519  0.8838  0.8838  1.2427  1.2427
  13/ 33  (  0  1  5 )/  4 SPIN= 1
 -0.5285 -0.5285 -0.2659 -0.2659  0.0476  0.0476  0.1983  0.1983  0.2751  0.2751
  0.6353  0.6353  0.6856  0.6856  0.7967  0.7967  0.8926  0.8926  1.2135  1.2135
  14/ 33  (  0  1  6 )/  4 SPIN= 1
 -0.5176 -0.5176 -0.2878 -0.2878  0.0368  0.0368  0.2143  0.2143  0.3002  0.3002
  0.6255  0.6255  0.6435  0.6435  0.8235  0.8235  0.9271  0.9271  1.1283  1.1283
  15/ 33  (  0  2  0 )/  4 SPIN= 1
 -0.4693 -0.4693 -0.3528 -0.3528  0.1352  0.1352  0.2047  0.2047  0.2848  0.2848
  0.5472  0.5472  0.6039  0.6039  0.6127  0.6127  0.8944  0.8944  1.2482  1.2482
  16/ 33  (  0  2  1 )/  4 SPIN= 1
 -0.4695 -0.4695 -0.3259 -0.3259  0.0726  0.0726  0.1778  0.1778  0.2276  0.2276
  0.5866  0.5866  0.6737  0.6737  0.7293  0.7293  0.8476  0.8476  1.2547  1.2547
  17/ 33  (  0  2  2 )/  4 SPIN= 1
 -0.4674 -0.4674 -0.2991 -0.2991  0.0263  0.0263  0.1547  0.1547  0.1789  0.1789
  0.5825  0.5825  0.7485  0.7485  0.8451  0.8451  0.8674  0.8674  1.2663  1.2663
  18/ 33  (  0  2  3 )/  4 SPIN= 1
 -0.4646 -0.4646 -0.2792 -0.2792  0.0002  0.0002  0.1347  0.1347  0.1482  0.1482
  0.5624  0.5624  0.8133  0.8133  0.9145  0.9145  0.9389  0.9389  1.2622  1.2622
  19/ 33  (  0  2  4 )/  4 SPIN= 1
 -0.4634 -0.4634 -0.2720 -0.2720 -0.0074 -0.0074  0.1230  0.1230  0.1408  0.1408
  0.5534  0.5534  0.8412  0.8412  0.9388  0.9388  0.9764  0.9764  1.2358  1.2358
  20/ 33  (  1  0  1 )/  4 SPIN= 1
 -0.6078 -0.6078 -0.1592 -0.1592  0.2390  0.2390  0.2641  0.2641  0.3309  0.3309
  0.5310  0.5310  0.5775  0.5775  0.5963  0.5963  0.8922  0.8922  0.9381  0.9381
  21/ 33  (  1  0  2 )/  4 SPIN= 1
 -0.5946 -0.5946 -0.1867 -0.1867  0.1663  0.1663  0.2789  0.2789  0.4066  0.4066
  0.4829  0.4829  0.5547  0.5547  0.6531  0.6531  0.9012  0.9012  1.0116  1.0116
  22/ 33  (  1  0  3 )/  4 SPIN= 1
 -0.5740 -0.5740 -0.2190 -0.2190  0.1042  0.1042  0.2780  0.2780  0.4284  0.4284
  0.4794  0.4794  0.5437  0.5437  0.7352  0.7352  0.9140  0.9140  1.0253  1.0253
  23/ 33  (  1  0  4 )/  4 SPIN= 1
 -0.5491 -0.5491 -0.2531 -0.2531  0.0616  0.0616  0.2606  0.2606  0.3782  0.3782
  0.5434  0.5434  0.5630  0.5630  0.7945  0.7945  0.9609  0.9609  1.0563  1.0563
  24/ 33  (  1  0  5 )/  4 SPIN= 1
 -0.5266 -0.5266 -0.2807 -0.2807  0.0401  0.0401  0.2365  0.2365  0.3350  0.3350
  0.5897  0.5897  0.6042  0.6042  0.8222  0.8222  0.9919  0.9919  1.0570  1.0570
  25/ 33  (  1  1  0 )/  4 SPIN= 1
 -0.5056 -0.5056 -0.2913 -0.2913  0.0707  0.0707  0.2715  0.2715  0.2816  0.2816
  0.5137  0.5137  0.5350  0.5350  0.7792  0.7792  0.8923  0.8923  1.0812  1.0812
  26/ 33  (  1  1  1 )/  4 SPIN= 1
 -0.5020 -0.5020 -0.2937 -0.2937  0.0734  0.0734  0.2317  0.2317  0.2880  0.2880
  0.4973  0.4973  0.6037  0.6037  0.7652  0.7652  0.8806  0.8806  1.1055  1.1055
  27/ 33  (  1  1  2 )/  4 SPIN= 1
 -0.4917 -0.4917 -0.3001 -0.3001  0.0709  0.0709  0.2075  0.2075  0.2349  0.2349
  0.5537  0.5537  0.6871  0.6871  0.7316  0.7316  0.8561  0.8561  1.1752  1.1752
  28/ 33  (  1  1  3 )/  4 SPIN= 1
 -0.4760 -0.4760 -0.3083 -0.3083  0.0502  0.0502  0.1618  0.1618  0.2280  0.2280
  0.6438  0.6438  0.6773  0.6773  0.7661  0.7661  0.8425  0.8425  1.1765  1.1765
  29/ 33  (  1  1  4 )/  4 SPIN= 1
 -0.4580 -0.4580 -0.3167 -0.3167  0.0260  0.0260  0.0970  0.0970  0.2750  0.2750
  0.6156  0.6156  0.7393  0.7393  0.8155  0.8155  0.8557  0.8557  1.0957  1.0957
  30/ 33  (  1  1  5 )/  4 SPIN= 1
 -0.4426 -0.4426 -0.3234 -0.3234  0.0135  0.0135  0.0484  0.0484  0.3286  0.3286
  0.5570  0.5570  0.7963  0.7963  0.8474  0.8474  0.8971  0.8971  1.0357  1.0357
  31/ 33  (  1  1  6 )/  4 SPIN= 1
 -0.4363 -0.4363 -0.3262 -0.3262  0.0171  0.0171  0.0232  0.0232  0.3576  0.3576
  0.5268  0.5268  0.8248  0.8248  0.8334  0.8334  0.9575  0.9575  0.9924  0.9924
  32/ 33  (  2  0  1 )/  4 SPIN= 1
 -0.4672 -0.4672 -0.3731 -0.3731  0.2032  0.2032  0.2293  0.2293  0.3478  0.3478
  0.4820  0.4820  0.5111  0.5111  0.5522  0.5522  0.9920  0.9920  1.2261  1.2261
  33/ 33  (  2  0  2 )/  4 SPIN= 1
 -0.4658 -0.4658 -0.3810 -0.3810  0.2400  0.2400  0.2415  0.2415  0.4134  0.4134
  0.4162  0.4162  0.4597  0.4597  0.5320  0.5320  1.1040  1.1040  1.1296  1.1296
 FERMI LEVEL= 0.425838
 ====== EIGENENERGIES HAVE BEEN WRITTEN ON FILE( 6) =====
 ====== EIGENENERGIES HAVE BEEN WRITTEN ON FILE(40) =====
 CORE-OUT(ISPIN= 1)=      0.04613511(NUMBER)
 CORE-OUT(ISPIN= 1)=      0.00023440(DENSITY)
  ====  SPW-COMPONENTS OF CHARGE DENSITY (UP-SPIN, DOWN-SPIN, TOTAL) ====
  IFL=          27
  NKP1=          33    NSPIN=           1    NKP2=         192
  NSSW=          12
 (1)SPIN (AMOUNT OF L-CHARGE IN MT)
    IA=  1      1.378   1.490   0.062   0.008   0.001   0.000   0.000   0.000
  === EL. DENSITY ON MT  (DIFFEREINCE BETWEEN (IN) AND (OUT)) ===
 ATOM=  1 AVERAGE=  0.04545 (IN)   0.04427 (OUT) STANDARD DEVIATION=  0.00119
 ATOM=  2 AVERAGE=  0.04545 (IN)   0.04426 (OUT) STANDARD DEVIATION=  0.00119
  CHARGE FOR FULL POTENTIAL IS WRITTEN IN          32
  === GENERALIZED MULTIPOLE MOMENT (TRUE) ===
 (  1 ) -0.831344047153D+00
 (  2 ) -0.401710534971D-01
 (  3 ) -0.490534612225D-02
 (  4 )  0.316736044617D+00
 (  5 ) -0.360996054011D+00
 (  6 ) -0.248376858135D+00
 (  7 )  0.542036845672D+00
 (  8 ) -0.753661525998D-01
 (  9 ) -0.205123912910D+00
 ( 10 ) -0.149197328311D+00
 ( 11 )  0.148484164084D+00
 ( 12 )  0.254934268813D-01
  === MULTIPOLE MOMENT (PW PART) ===
 ISSW=    1       0.974018832679D+00
 ISSW=    2      -0.576077790262D-01
 ISSW=    3      -0.164152030904D-02
 ISSW=    4       0.317598789064D+00
 ISSW=    5      -0.361871509863D+00
 ISSW=    6      -0.245515194378D+00
 ISSW=    7       0.535211476772D+00
 ISSW=    8      -0.745079599155D-01
 ISSW=    9      -0.201695744692D+00
 ISSW=   10      -0.148600109791D+00
 ISSW=   11       0.148162777374D+00
 ISSW=   12       0.253198010752D-01
 IKAT,SKMAX,NU,LMAX=           1   18.8575589050354               13           6
 N0=          12          11          10           9           8           7
           6
 ATOM=  1    AVERAGE = -0.00010    STANDARD DEVIATION =  0.00001
 ATOM=  2    AVERAGE = -0.00010    STANDARD DEVIATION =  0.00001
  === COULOMB POTENTIAL IN MT (SSW) ===


  ==== ELECTRIC FIELD GRADIENT (EFG) ====

  COEFFICIENT OF LATTICE HARMONICS EXPANSION

    FOR As-SITE  (KIND =  1, ATOM =  1)
          L =  2   M =  0  (  0.100000000000D+01  0.000000000000D+00 )
      V0 = -3.6202268013D+21 (V/m^2)

  CONVENTIONAL FORM

    FOR As-SITE  (KIND =  1, ATOM =  1)

  (BEING PARALELL TO CARTESIAN AXES)
      V_XX =  1.8101134006D+21 (V/m^2)
      V_YY =  1.8101134006D+21 (V/m^2)
      V_ZZ = -3.6202268013D+21 (V/m^2)
      V_XY =  0.0000000000D+00 (V/m^2)
      V_YZ =  0.0000000000D+00 (V/m^2)
      V_ZX =  0.0000000000D+00 (V/m^2)

  (BEING PARALELL TO PRINCIPLE AXES)
 V(1,1)= -3.6202268013E+21 (V/m^2) for   0.00000000  0.00000000  1.00000000
 V(2,2)=  1.8101134006E+21 (V/m^2) for   0.00000000  1.00000000  0.00000000
 V(3,3)=  1.8101134006E+21 (V/m^2) for   1.00000000  0.00000000  0.00000000
 ETA=  0.00000000
 
  === COULOMB POT. ON MT  (DIFFEREINCE BETWEEN (IN) AND (OUT)) ===
 ATOM=  1 AVERAGE=  0.22865 (IN)   0.22865 (OUT) STANDARD DEVIATION=  0.00000
 ATOM=  2 AVERAGE=  0.22851 (IN)   0.22851 (OUT) STANDARD DEVIATION=  0.00000
 NX,NY,NZ=          19          19          53
  SD OF XC-POTENTIAL (PW) 
 ISP=           1    NPP,SD=         200  1.586648646755511E-004
  SD OF XC-ENERGY    (PW) 
               NPP,SD=         200  1.223569154995033E-004
  === XC-POTENTIAL (DIFFEREINCE BETWEEN (IN) AND (OUT) ===
 ATOM=  1 AVERAGE= -0.83461 (IN)  -0.82764 (OUT) STANDARD DEVIATION=  0.00700
 ATOM=  2 AVERAGE= -0.83453 (IN)  -0.82756 (OUT) STANDARD DEVIATION=  0.00701
  ESUM=  -5213.50379096393     
 <<< CPU =     0.000(SEC.) FOR SUB.ESUM0  >>>.   TOTAL CPU =    55.832(SEC.).  
 ISPIN ETP DETP ETS DETS    1      -0.308874       0.028309   -3750.236493      -0.509629
 ET,ET3,DET   -8964.049158     -69.759439      -0.481320
 <<< CPU =     0.000(SEC.) FOR SUB.ETOT   >>>.   TOTAL CPU =    55.832(SEC.).  
  ---- ET=   -9034.289917         DET=      -0.481320   ---
 (VALENCE IN MT) MOMENT=      0.00000000  CHARGE=      5.87839412
                               IA=  1   M=  2.9392   N=  2.9392
 == R.M.S. OF DIFFERNCE BETWEEN OLD AND NEW ==
 ISPIN= 1  WHOLE CELL  =   0.675299D-02
           INTERSTITIAL=   0.690992D-02
           ATOM(As* 2 )=   0.639879D-02
 A,D= -1.673706051894273E-003  3.159643753378229E-003
 THETA=   -0.529714   BETA=    0.100000 FOR NEXT INPUT
  === SUCCESSFULLY END (FLAPWM) ===
