 WE USE THE DATA ON FILE( 1):  Paramagnetic arsenic  #166                      
 IL= -1   NGEN=  3   INV=  0   IDU=  0
 JA=    3 WITH (    0/  1,    0/  1,    0/  1)
 JA=   10 WITH (    0/  1,    0/  1,    0/  1)
 JA=   13 WITH (    0/  1,    0/  1,    0/  1)
  A, B, C=    7.10347999106817    7.10347999106817   19.73100699195026
 CA,CB,CC=    0.00000000000000    0.00000000000000   -0.50000000000000
 NAT,NKAT,(KION(I),I=1,NKAT)    2    1    2
 I, (RATOM(J,I),J=1,3)    1   0.0000000   0.0000000   0.2276400
 I, (RATOM(J,I),J=1,3)    2   0.0000000   0.0000000   0.7723600
   1  1           3           3           6           6           3

         0.66937909  0.82346157  1.00000000  1.09114413  1.20335712
 TMAD(I,J),I= 1:        3.8006682
 VP,AS=      0.8018395      1.1547005
  ====== ELECTRON NUMBER ====
 TOTAL=     66.00000000  VALENCE=     10.00000000
  ===========================
 IKAT= 1  Z,MASS,RADIUS=  33.00000000  74.07041853   0.00008735
  ----- WELCOME TO TSPACE V4.2 2012/12/31 -----
 LATTICE CONSTANTS ARE SET AS
  A=  7.10348  B=  7.10348  C= 19.73101
 CA=  0.00000 CB=  0.00000 CC= -0.50000
 --- LATTICE PARAMETERS IN REAL SPACE ---------
  A, B, C=    7.1034799911    7.1034799911   19.7310069920
 CA,CB,CC=     0.0000000000     0.0000000000    -0.5000000000
 --- LATTICE PARAMETERS IN RECIPROCAL SPACE ---
  A, B, C=    1.0213581887    1.0213581887    0.3184422016
 CA,CB,CC=     0.0000000000     0.0000000000     0.5000000000
 ----------------------------------------------
  TRIGONAL LATTICE
 

 GROUP ELEMENTS
  1   1   E     X  Y  Z  0/1  0/1  0/1
  2   3   C3+  -Y  W  Z  0/1  0/1  0/1
  3   5   C3-  -W -X  Z  0/1  0/1  0/1
  4  10   C212  W -Y -Z  0/1  0/1  0/1
  5  11   C222 -X -W -Z  0/1  0/1  0/1
  6  12   C232  Y  X -Z  0/1  0/1  0/1
  7  13  IE    -X -Y -Z  0/1  0/1  0/1
  8  15  IC3+   Y -W -Z  0/1  0/1  0/1
  9  17  IC3-   W  X -Z  0/1  0/1  0/1
 10  22  IC212 -W  Y  Z  0/1  0/1  0/1
 11  23  IC222  X  W  Z  0/1  0/1  0/1
 12  24  IC232 -Y -X  Z  0/1  0/1  0/1
 
 TABLE OF THE TRANSLATION OF ATOMIC POSITION
  1  1  1  2
  2  3  1  2
  3  5  1  2
  4 10  2  1
  5 11  2  1
  6 12  2  1
  7 13  2  1
  8 15  2  1
  9 17  2  1
 10 22  1  2
 11 23  1  2
 12 24  1  2
 IK=          15    IE=           4
 IK=          47    IE=           9
 IK=          71    IE=          13
 IK=         145    IE=          22
 IK=         211    IE=          29
 IK=         327    IE=          41
 (    0    0    0 )  (    1 )      0.00000D+00
 (    0    0    3 )  (    3 )      0.93535D+00
 (    0    1   -1 )  (    9 )      0.10475D+01
 (    0    1    2 )  (   15 )      0.11785D+01
 (    0    1   -4 )  (   21 )      0.15985D+01
 (    1    1    0 )  (   27 )      0.17321D+01
 (    0    1    5 )  (   33 )      0.18521D+01
 (    0    0    6 )  (   35 )      0.18707D+01
 (    1    1    3 )  (   47 )      0.19685D+01
 (    0    2    1 )  (   53 )      0.20242D+01
 (    0    2   -2 )  (   59 )      0.20950D+01
 (    0    2    4 )  (   65 )      0.23570D+01
 (    0    1   -7 )  (   71 )      0.24007D+01
 (    0    2   -5 )  (   77 )      0.25358D+01
 (    1    1    6 )  (   89 )      0.25494D+01
 (    1    2   -1 )  (  101 )      0.26641D+01
 (    0    1    8 )  (  107 )      0.26873D+01
 (    1    2    2 )  (  119 )      0.27182D+01
 (    0    0    9 )  (  121 )      0.28060D+01
 (    1    2   -4 )  (  133 )      0.29250D+01
 (    0    2    7 )  (  139 )      0.29603D+01
 (    0    3    0 )  (  145 )      0.30000D+01
 (    1    2    5 )  (  157 )      0.30709D+01
 (    0    3    3 )  (  169 )      0.31424D+01
 (    0    2   -8 )  (  175 )      0.31971D+01
 (    0    1  -10 )  (  181 )      0.32743D+01
 (    1    1    9 )  (  193 )      0.32976D+01
 (    1    2   -7 )  (  205 )      0.34298D+01
 (    2    2    0 )  (  211 )      0.34641D+01
 (    0    3    6 )  (  223 )      0.35355D+01
 (    0    1   11 )  (  229 )      0.35724D+01
 (    2    2    3 )  (  241 )      0.35882D+01
 (    1   -4   -1 )  (  253 )      0.36190D+01
 (    1    2    8 )  (  265 )      0.36361D+01
 (    1    3   -2 )  (  277 )      0.36591D+01
 (    0    2   10 )  (  283 )      0.37042D+01
 (    0    0   12 )  (  285 )      0.37414D+01
 (    1    3    4 )  (  297 )      0.38151D+01
 (    1    3   -5 )  (  309 )      0.39281D+01
 (    2    2    6 )  (  321 )      0.39369D+01
 (    0    2  -11 )  (  327 )      0.39702D+01
1
      
 FTAPW                
      
      
 NON-MAGNETIC         
 WITH SPIN-ORBIT      
      
      
  RADIUS OF MT =  0.311300000000000     
  ==== RADIUS OF MT (A.U.) ====
 KIND OF ATOM =  1    S=  2.21131
  =============================
  FULL POTENTIAL :  AMX0=  8.3500   LMAX0= 6
 AMX=  4.1750   LMAX= 7  NNEIG(INITIAL)=  10
 LEVEL   = 1
 IXNAME  =GL  
 ITERDATA= 0
  ===== PARAMETERS FTAPW1 =====
  NKAT,LMAX,NSPIN=           1           7           1
  FULL POTENTIAL DATA :  AMX0=     8.35000     LMAX0= 6
  LAPW           DATA :  AMX =     4.17500     LMAX = 7
  =============================
           1         327   2.21131332121952       0.793586602020590     
  -9.00000000000000       6.000000000000000E-002
 ATOM=  1,    R(1)=  0.00012341   R(327)=  2.21131332   SATOM=  2.21131332
      ALATT           WUNIT           VCELL           VOUT
       7.10347999      1.02135819    287.40938834    196.82164280


      RAPW(P)        VIN(P)         CR(P)        ANA(P)  KAT(1,P)  KAT(2,P)
      2.21131332    45.29387277     0.15759357     2.0    1         2

 FA(P1,P2)                                                  FO(P1)
   P1        P2=1,NKAT
    1        0.02311
+                                                           1.21652
  NKP1=          33
  NKP1=          33
  NKP1=          33  NKP0=        2197
 === K POINTS === (NX,NY,NZ)=(  4  4  4) ===== NKP1=   33   NKP2=  192
 (  0  0  0)/  4( 1) (  0  0  1)/  4( 2) (  0  0  2)/  4( 2) (  0  0  3)/  4( 2)
 (  0  0  4)/  4( 2) (  0  0  5)/  4( 2) (  0  0  6)/  4( 1) (  0  1  0)/  4( 6)
 (  0  1  1)/  4( 6) (  0  1  2)/  4( 6) (  0  1  3)/  4( 6) (  0  1  4)/  4( 6)
 (  0  1  5)/  4( 6) (  0  1  6)/  4( 6) (  0  2  0)/  4( 6) (  0  2  1)/  4( 6)
 (  0  2  2)/  4( 6) (  0  2  3)/  4( 6) (  0  2  4)/  4( 3) (  1  0  1)/  4( 6)
 (  1  0  2)/  4( 6) (  1  0  3)/  4( 6) (  1  0  4)/  4( 6) (  1  0  5)/  4( 6)
 (  1  1  0)/  4( 6) (  1  1  1)/  4(12) (  1  1  2)/  4(12) (  1  1  3)/  4(12)
 (  1  1  4)/  4(12) (  1  1  5)/  4(12) (  1  1  6)/  4( 6) (  2  0  1)/  4( 6)
 (  2  0  2)/  4( 3) (
 === CENTER OF RANDOM POINTS = (  0.00058 -0.00036 -0.00121 ) ===
 FULL POTENTIAL DATA :  AMX0=     8.35000     LMAX0= 6
  AM=   8.35000000000000         JF=           6
           1           1
           6          12           1           1           1           1
           2           2
 NK,NW=        2999        2999    ND1=         315
     NO. OF BASIS  =          315
  NO. OF PW IN SPW =         2999
 ----------  POTENTIALS HAVE BEEN READ  FROM FILE(35).  ----------





 ==========  CHARGE DENSITIES HAVE BEEN READ FROM FILE(30).  ==========









 TOTAL CHARGE DENSITY OF ATOM  1  As (SPIN=1)
                  327
     0  0.00000D+00     10  0.11085D-01     20  0.19787D-01     30  0.35273D-01     40  0.62769D-01
    50  0.11143D+00     60  0.19718D+00     70  0.34740D+00     80  0.60848D+00     90  0.10573D+01
   100  0.18176D+01    110  0.30797D+01    120  0.51171D+01    130  0.82812D+01    140  0.12934D+02
   150  0.19261D+02    160  0.26909D+02    170  0.34552D+02    180  0.39799D+02    190  0.40291D+02
   200  0.36355D+02    210  0.33073D+02    220  0.36746D+02    230  0.45330D+02    240  0.46370D+02
   250  0.34548D+02    260  0.24825D+02    270  0.28128D+02    280  0.30143D+02    290  0.20418D+02
   300  0.91537D+01    310  0.42641D+01    320  0.30912D+01




 CORE CHARGE DENSITY OF ATOM  1  As (SPIN=1)
                  327
     0  0.00000D+00     10  0.11070D-01     20  0.19760D-01     30  0.35226D-01     40  0.62685D-01
    50  0.11128D+00     60  0.19692D+00     70  0.34694D+00     80  0.60767D+00     90  0.10559D+01
   100  0.18152D+01    110  0.30756D+01    120  0.51103D+01    130  0.82703D+01    140  0.12917D+02
   150  0.19236D+02    160  0.26876D+02    170  0.34511D+02    180  0.39756D+02    190  0.40252D+02
   200  0.36318D+02    210  0.33015D+02    220  0.36624D+02    230  0.45148D+02    240  0.46239D+02
   250  0.34535D+02    260  0.24689D+02    270  0.27646D+02    280  0.29742D+02    290  0.20386D+02
   300  0.85890D+01    310  0.23196D+01    320  0.41138D+00
 0.6600000000000000D+02 0.0000000000000000D+00
    8
    1    1
 -0.8598551809805793D+03  0.2202112624050394D+04
 -0.1092005495359477D+03  0.4316481017812687D+03
 -0.9586787143121238D+02  0.1243688264317806D+04
 -0.1404423521768403D+02  0.9996064871038095D+02
 -0.9921728982101786D+01  0.2669394073955241D+03
 -0.3121706567239915D+01  0.3412894227241844D+03
 -0.1170748551020075D+01  0.1261530022515041D+02
 -0.4902942285641742D+00  0.1019532134301992D+02

 -------   CHARGE DENSITIES HAVE BEEN WRITTEN ON FILE( 6).  ------




 ===== CORE STATE CALCULATION =====
 IA=           1    RMAX=R(         347 )=   4.03263551391383     
  ===== EIGENENERGY OF CORE STATE (RYD.) =====
 100         -859.069506
 200         -108.424075
 210          -95.090008
 300          -13.277504
 310           -9.155895
 320           -2.359689
 IND0=11 IND1= 0    L= 0   IA= 1  ISP= 1
 -0.800 -0.600 -0.400 -0.200  0.000  0.200  0.400  0.600  0.800  1.000  1.200
 -0.419 -0.382 -0.343 -0.302 -0.259 -0.214 -0.168 -0.120 -0.071 -0.022  0.028
  0.236  0.313  0.388  0.461  0.531  0.597  0.659  0.715  0.764  0.807  0.841
 IND0= 0 IND1= 3    L= 1   IA= 1  ISP= 1
 -0.800 -0.620 -0.440 -0.260 -0.080  0.100  0.280  0.460  0.640  0.820  1.000
  0.587  0.565  0.542  0.517  0.492  0.465  0.437  0.408  0.377  0.346  0.312
  0.096  0.030 -0.037 -0.103 -0.169 -0.235 -0.300 -0.364 -0.427 -0.488 -0.548
 IND0= 0 IND1= 2    L= 2   IA= 1  ISP= 1
  1.000  1.120  1.240  1.360  1.480  1.600  1.720  1.840  1.960  2.080  2.200
 -0.603 -0.591 -0.578 -0.566 -0.553 -0.539 -0.525 -0.511 -0.496 -0.481 -0.466
 -0.035  0.006  0.048  0.089  0.130  0.172  0.213  0.254  0.294  0.335  0.375
 IND0= 0 IND1= 0    L= 3   IA= 1  ISP= 1
  0.000  0.100  0.200  0.300  0.400  0.500  0.600  0.700  0.800  0.900  1.000
  0.819  0.813  0.806  0.800  0.794  0.787  0.780  0.773  0.766  0.759  0.752
  0.839  0.807  0.776  0.745  0.713  0.681  0.650  0.618  0.586  0.554  0.522
 IND0= 0 IND1= 0    L= 4   IA= 1  ISP= 1
  0.000  0.100  0.200  0.300  0.400  0.500  0.600  0.700  0.800  0.900  1.000
  0.951  0.947  0.943  0.939  0.935  0.931  0.926  0.922  0.918  0.914  0.909
  1.501  1.474  1.446  1.418  1.390  1.362  1.334  1.306  1.278  1.250  1.222
 IND0= 0 IND1= 0    L= 5   IA= 1  ISP= 1
  0.000  0.100  0.200  0.300  0.400  0.500  0.600  0.700  0.800  0.900  1.000
  1.053  1.050  1.047  1.044  1.041  1.038  1.035  1.032  1.029  1.026  1.022
  2.193  2.168  2.142  2.117  2.091  2.066  2.040  2.014  1.989  1.963  1.937
 IND0= 0 IND1= 0    L= 6   IA= 1  ISP= 1
  0.000  0.100  0.200  0.300  0.400  0.500  0.600  0.700  0.800  0.900  1.000
  1.141  1.139  1.136  1.134  1.132  1.129  1.127  1.124  1.122  1.120  1.117
  2.928  2.905  2.881  2.857  2.834  2.810  2.786  2.762  2.738  2.714  2.690
 IND0= 0 IND1= 0    L= 7   IA= 1  ISP= 1
  0.000  0.100  0.200  0.300  0.400  0.500  0.600  0.700  0.800  0.900  1.000
  1.220  1.218  1.216  1.214  1.212  1.210  1.208  1.206  1.204  1.202  1.200
  3.708  3.686  3.663  3.641  3.619  3.597  3.574  3.552  3.530  3.507  3.485
 <<< CPU =     0.002(SEC.) FOR SUB.TSRWF  >>>.   TOTAL CPU =     0.076(SEC.).  
 ===    1/ 33 ===== (  0  0  0)/  4 ==========
  NO. OF PLANE WAVES =         381
 ===    2/ 33 ===== (  0  0  1)/  4 ==========
  NO. OF PLANE WAVES =         381
 ===    3/ 33 ===== (  0  0  2)/  4 ==========
  NO. OF PLANE WAVES =         369
 ===    4/ 33 ===== (  0  0  3)/  4 ==========
  NO. OF PLANE WAVES =         375
 ===    5/ 33 ===== (  0  0  4)/  4 ==========
  NO. OF PLANE WAVES =         375
 ===    6/ 33 ===== (  0  0  5)/  4 ==========
  NO. OF PLANE WAVES =         387
 ===    7/ 33 ===== (  0  0  6)/  4 ==========
  NO. OF PLANE WAVES =         380
 ===    8/ 33 ===== (  0  1  0)/  4 ==========
  NO. OF PLANE WAVES =         374
 ===    9/ 33 ===== (  0  1  1)/  4 ==========
  NO. OF PLANE WAVES =         378
 ===   10/ 33 ===== (  0  1  2)/  4 ==========
  NO. OF PLANE WAVES =         378
 ===   11/ 33 ===== (  0  1  3)/  4 ==========
  NO. OF PLANE WAVES =         375
 ===   12/ 33 ===== (  0  1  4)/  4 ==========
  NO. OF PLANE WAVES =         375
 ===   13/ 33 ===== (  0  1  5)/  4 ==========
  NO. OF PLANE WAVES =         375
 ===   14/ 33 ===== (  0  1  6)/  4 ==========
  NO. OF PLANE WAVES =         373
 ===   15/ 33 ===== (  0  2  0)/  4 ==========
  NO. OF PLANE WAVES =         384
 ===   16/ 33 ===== (  0  2  1)/  4 ==========
  NO. OF PLANE WAVES =         376
 ===   17/ 33 ===== (  0  2  2)/  4 ==========
  NO. OF PLANE WAVES =         377
 ===   18/ 33 ===== (  0  2  3)/  4 ==========
  NO. OF PLANE WAVES =         378
 ===   19/ 33 ===== (  0  2  4)/  4 ==========
  NO. OF PLANE WAVES =         372
 ===   20/ 33 ===== (  1  0  1)/  4 ==========
  NO. OF PLANE WAVES =         380
 ===   21/ 33 ===== (  1  0  2)/  4 ==========
  NO. OF PLANE WAVES =         373
 ===   22/ 33 ===== (  1  0  3)/  4 ==========
  NO. OF PLANE WAVES =         376
 ===   23/ 33 ===== (  1  0  4)/  4 ==========
  NO. OF PLANE WAVES =         371
 ===   24/ 33 ===== (  1  0  5)/  4 ==========
  NO. OF PLANE WAVES =         374
 ===   25/ 33 ===== (  1  1  0)/  4 ==========
  NO. OF PLANE WAVES =         375
 ===   26/ 33 ===== (  1  1  1)/  4 ==========
  NO. OF PLANE WAVES =         373
 ===   27/ 33 ===== (  1  1  2)/  4 ==========
  NO. OF PLANE WAVES =         376
 ===   28/ 33 ===== (  1  1  3)/  4 ==========
  NO. OF PLANE WAVES =         375
 ===   29/ 33 ===== (  1  1  4)/  4 ==========
  NO. OF PLANE WAVES =         375
 ===   30/ 33 ===== (  1  1  5)/  4 ==========
  NO. OF PLANE WAVES =         379
 ===   31/ 33 ===== (  1  1  6)/  4 ==========
  NO. OF PLANE WAVES =         378
 ===   32/ 33 ===== (  2  0  1)/  4 ==========
  NO. OF PLANE WAVES =         376
 ===   33/ 33 ===== (  2  0  2)/  4 ==========
  NO. OF PLANE WAVES =         374
 TIME TO GET EIGENSTATES.     4.511     4.587
  EMAX=   1.19459398564804         EMIN= -0.730366131156303     
     FERMI-EN=  0.33462853  DOS=     0.11733  INT.DOS=  10.0000000000
  === DOS OF EACH BAND ===
 SPIN= 1    1    0.000    2    0.000    3    0.000    4    0.000    5    0.096
            6    0.022    7    0.000    8    0.000    9    0.000   10    0.000
  === OCCUPATION OF EACH BAND ===
 SPIN= 1    1  2.00000    2  2.00000    3  2.00000    4  2.00000    5  1.99994
            6  0.00006    7  0.00000    8  0.00000    9  0.00000   10  0.00000
   NX=  4  NY=  4  NZ=  4
 NEIG= 10NKP1= 33 NSP=  1
   1/ 33  (  0  0  0 )/  4 SPIN= 1
 -0.7304 -0.1111  0.1969  0.2695  0.2695  0.5233  0.5928  0.5928  0.8407  0.8593
   2/ 33  (  0  0  1 )/  4 SPIN= 1
 -0.7254 -0.1366  0.2129  0.2702  0.2702  0.5199  0.5789  0.5789  0.8028  0.8680
   3/ 33  (  0  0  2 )/  4 SPIN= 1
 -0.7106 -0.1967  0.2447  0.2724  0.2724  0.5101  0.5442  0.5442  0.7711  0.8963
   4/ 33  (  0  0  3 )/  4 SPIN= 1
 -0.6869 -0.2686  0.2722  0.2769  0.2769  0.4932  0.5022  0.5022  0.7758  0.9459
   5/ 33  (  0  0  4 )/  4 SPIN= 1
 -0.6567 -0.3382  0.2837  0.2837  0.2899  0.4630  0.4630  0.4720  0.8144  1.0149
   6/ 33  (  0  0  5 )/  4 SPIN= 1
 -0.6263 -0.3937  0.2910  0.2910  0.2998  0.4344  0.4344  0.4543  0.8671  1.1012
   7/ 33  (  0  0  6 )/  4 SPIN= 1
 -0.6116 -0.4171  0.2945  0.2945  0.3031  0.4235  0.4235  0.4475  0.8957  1.1440
   8/ 33  (  0  1  0 )/  4 SPIN= 1
 -0.6744 -0.2267  0.1924  0.2144  0.2536  0.4079  0.5171  0.5716  0.7078  0.8759
   9/ 33  (  0  1  1 )/  4 SPIN= 1
 -0.6700 -0.2217  0.1336  0.1888  0.2467  0.4454  0.5294  0.6303  0.7080  0.9231
  10/ 33  (  0  1  2 )/  4 SPIN= 1
 -0.6563 -0.2373  0.0869  0.1695  0.2066  0.5156  0.5350  0.6706  0.7415  0.9861
  11/ 33  (  0  1  3 )/  4 SPIN= 1
 -0.6344 -0.2739  0.0504  0.1585  0.1797  0.5236  0.6101  0.6777  0.7594  1.0517
  12/ 33  (  0  1  4 )/  4 SPIN= 1
 -0.6067 -0.3220  0.0196  0.1569  0.1739  0.5423  0.6556  0.6718  0.7570  1.0963
  13/ 33  (  0  1  5 )/  4 SPIN= 1
 -0.5789 -0.3675 -0.0043  0.1649  0.1852  0.5606  0.6178  0.7150  0.7615  1.0603
  14/ 33  (  0  1  6 )/  4 SPIN= 1
 -0.5644 -0.3920 -0.0172  0.1822  0.2087  0.5537  0.5738  0.7431  0.7966  0.9851
  15/ 33  (  0  2  0 )/  4 SPIN= 1
 -0.5295 -0.4257  0.0606  0.1783  0.2004  0.4677  0.5184  0.5240  0.7578  1.1197
  16/ 33  (  0  2  1 )/  4 SPIN= 1
 -0.5306 -0.3967 -0.0074  0.1475  0.1481  0.5116  0.5952  0.6331  0.7068  1.1278
  17/ 33  (  0  2  2 )/  4 SPIN= 1
 -0.5289 -0.3680 -0.0587  0.1043  0.1231  0.4956  0.6686  0.7277  0.7535  1.1388
  18/ 33  (  0  2  3 )/  4 SPIN= 1
 -0.5262 -0.3464 -0.0894  0.0729  0.1078  0.4648  0.7287  0.7871  0.8382  1.1603
  19/ 33  (  0  2  4 )/  4 SPIN= 1
 -0.5250 -0.3384 -0.0993  0.0611  0.1026  0.4524  0.7534  0.8141  0.8724  1.1946
  20/ 33  (  1  0  1 )/  4 SPIN= 1
 -0.6693 -0.2462  0.1892  0.2418  0.2589  0.4337  0.4958  0.5134  0.7574  0.8561
  21/ 33  (  1  0  2 )/  4 SPIN= 1
 -0.6550 -0.2748  0.1128  0.2613  0.3288  0.3919  0.4723  0.5630  0.7884  0.9105
  22/ 33  (  1  0  3 )/  4 SPIN= 1
 -0.6323 -0.3098  0.0495  0.2591  0.3358  0.3986  0.4645  0.6486  0.8019  0.9616
  23/ 33  (  1  0  4 )/  4 SPIN= 1
 -0.6038 -0.3482  0.0066  0.2360  0.2850  0.4637  0.4888  0.7120  0.8421  0.9755
  24/ 33  (  1  0  5 )/  4 SPIN= 1
 -0.5762 -0.3815 -0.0149  0.2072  0.2423  0.5181  0.5289  0.7412  0.8706  0.9171
  25/ 33  (  1  1  0 )/  4 SPIN= 1
 -0.5688 -0.3628  0.0209  0.2021  0.2163  0.4296  0.4346  0.7098  0.7759  0.9861
  26/ 33  (  1  1  1 )/  4 SPIN= 1
 -0.5650 -0.3655  0.0258  0.1515  0.2337  0.3950  0.5190  0.6935  0.7670  1.0108
  27/ 33  (  1  1  2 )/  4 SPIN= 1
 -0.5539 -0.3725  0.0238  0.1233  0.1755  0.4564  0.6071  0.6564  0.7451  1.0744
  28/ 33  (  1  1  3 )/  4 SPIN= 1
 -0.5368 -0.3820 -0.0055  0.0980  0.1512  0.5507  0.6031  0.6847  0.7324  1.0507
  29/ 33  (  1  1  4 )/  4 SPIN= 1
 -0.5167 -0.3922 -0.0358  0.0310  0.2057  0.5368  0.6524  0.7228  0.7550  0.9734
  30/ 33  (  1  1  5 )/  4 SPIN= 1
 -0.4986 -0.4014 -0.0515 -0.0185  0.2672  0.4737  0.7095  0.7649  0.7815  0.9157
  31/ 33  (  1  1  6 )/  4 SPIN= 1
 -0.4907 -0.4057 -0.0493 -0.0435  0.3030  0.4375  0.7384  0.7457  0.8334  0.8841
  32/ 33  (  2  0  1 )/  4 SPIN= 1
 -0.5257 -0.4483  0.1371  0.2084  0.2589  0.3901  0.4201  0.4677  0.8572  1.0973
  33/ 33  (  2  0  2 )/  4 SPIN= 1
 -0.5232 -0.4574  0.1855  0.2226  0.3103  0.3270  0.3677  0.4446  0.9367  1.0465
 FERMI LEVEL= 0.334629
 ====== EIGENENERGIES HAVE BEEN WRITTEN ON FILE( 6) =====
 ====== EIGENENERGIES HAVE BEEN WRITTEN ON FILE(40) =====




 ----- NO. OF ELECTRONS INSIDE THE MUFFIN-TIN SPHERE ( NEW  ) ---
 ELCOM,ELCO 0.279732E+02 0.279732E+02
 EINM, EIN  0.309386E+02 0.309386E+02
                               IA=  1   M=  0.000,   N= 30.939
                      (TOTAL IN MT-S)   M=  0.000,   N= 61.877
 (VALENCE) MOMENT=  0.000000000000000E+000     CHARGE=   5.93085924385606     
  ===== RHOUT =  2.094665178258989E-002  0.000000000000000E+000
  EKIN=   9219.53064271961     
    
  ===== TOTAL POTENTIAL ====

      VOM(IS)=  -0.147432D+00

 VIM(IA,IS) : UP        DOWN          (POTENTIAL ON THE SPHERE)
 IA=  1 :  V(UP)=  -0.750458D+00   V(DOWN)=
  ===== (IN MT SPHERE) =====     UP       DOWN
 IA=  1   J=   1    R=   0.123410D-03 :   V*R=  -0.659671D+02   0.000000D+00
 IA=  1   J=  51    R=   0.554238D-03 :   V*R=  -0.658509D+02   0.000000D+00
 IA=  1   J= 101    R=   0.248910D-02 :   V*R=  -0.653216D+02   0.000000D+00
 IA=  1   J= 151    R=   0.111787D-01 :   V*R=  -0.629337D+02   0.000000D+00
 IA=  1   J= 201    R=   0.502038D-01 :   V*R=  -0.539421D+02   0.000000D+00
 IA=  1   J= 251    R=   0.225467D+00 :   V*R=  -0.319300D+02   0.000000D+00
 IA=  1   J= 301    R=   0.101258D+01 :   V*R=  -0.684168D+01   0.000000D+00
  IKAT=           1
  === COULOMB POTENTIAL ( EXEPT -2/Z) ===
     1   0.330979040515D+03   26   0.330973830275D+03   51   0.330942742282D+03
    76   0.330808073930D+03  101   0.330255277729D+03  126   0.328112278906D+03
   151   0.320683033216D+03  176   0.300020250639D+03  201   0.261061007336D+03
   226   0.213875444847D+03  251   0.158734772110D+03  276   0.106066126508D+03
   301   0.603195026030D+02  326   0.307670862891D+02  327   0.299160882576D+02
  === COULOMB POTENTIAL ===
     1  -0.534472560179D+06   26  -0.252029254861D+06   51  -0.118751449865D+06
    76  -0.558611533240D+05  101  -0.261853063987D+05  126  -0.121839088986D+05
   151  -0.558342248253D+04  176  -0.248597742683D+04  201  -0.105358064976D+04
   226  -0.406470616652D+03  251  -0.133990803670D+03  276  -0.320636498121D+02
   301  -0.486043616845D+01  326   0.103260058665D-01  327   0.695715443787D-01
  ECLM=  -17927.7370099651         EEXC=  -325.677097497494     
             TOTAL ENERGY =  -9033.88346474301     
 (VALENCE IN MT) MOMENT=      0.00000000  CHARGE=      5.93085924
                               IA=  1   M=  2.9654   N=  2.9654
  CORE-OUT =  2.723971721824018E-004  0.000000000000000E+000
  ====  SPW-COMPONENTS OF CHARGE DENSITY (UP-SPIN, DOWN-SPIN, TOTAL) ====
  IFL=          27
  NKP1=          33    NSPIN=           1    NKP2=         192
  NSSW=          12
 (1)SPIN (AMOUNT OF L-CHARGE IN MT)
    IA=  1      1.430   1.479   0.050   0.006   0.001   0.000   0.000   0.000
  === EL. DENSITY ON MT  (DIFFEREINCE BETWEEN (IN) AND (OUT)) ===
 ATOM=  1 AVERAGE=  0.04242 (IN)   0.04116 (OUT) STANDARD DEVIATION=  0.00126
 ATOM=  2 AVERAGE=  0.04243 (IN)   0.04117 (OUT) STANDARD DEVIATION=  0.00126
  CHARGE FOR FULL POTENTIAL IS WRITTEN IN          32
  === GENERALIZED MULTIPOLE MOMENT (TRUE) ===
 (  1 ) -0.822370523941D+00
 (  2 )  0.184448671240D-01
 (  3 ) -0.130297490959D-01
 (  4 )  0.190764691771D+00
 (  5 ) -0.225756349508D+00
 (  6 ) -0.153429608157D+00
 (  7 )  0.331188521123D+00
 (  8 ) -0.446305514808D-01
 (  9 ) -0.160248915045D+00
 ( 10 ) -0.109538600530D+00
 ( 11 )  0.117003879753D+00
 ( 12 )  0.169423045609D-01
  === MULTIPOLE MOMENT (PW PART) ===
 ISSW=    1       0.131490873496D+01
 ISSW=    2      -0.986717387033D-02
 ISSW=    3      -0.146959657587D-01
 ISSW=    4       0.212068723759D+00
 ISSW=    5      -0.250894167210D+00
 ISSW=    6      -0.161335194766D+00
 ISSW=    7       0.348874361702D+00
 ISSW=    8      -0.462648920747D-01
 ISSW=    9      -0.165009108562D+00
 ISSW=   10      -0.112497238177D+00
 ISSW=   11       0.120482609073D+00
 ISSW=   12       0.168893497368D-01
 IKAT,SKMAX,NU,LMAX=           1   18.8575589050354               13           6
 N0=          12          11          10           9           8           7
           6
 ATOM=  1    AVERAGE = -0.00012    STANDARD DEVIATION =  0.00002
 ATOM=  2    AVERAGE = -0.00012    STANDARD DEVIATION =  0.00002
  === COULOMB POTENTIAL IN MT (SSW) ===
  === COULOMB POT. ON MT  (DIFFEREINCE BETWEEN (IN) AND (OUT)) ===
 ATOM=  1 AVERAGE=  0.22615 (IN)   0.22615 (OUT) STANDARD DEVIATION=  0.00000
 ATOM=  2 AVERAGE=  0.22632 (IN)   0.22632 (OUT) STANDARD DEVIATION=  0.00000
 NX,NY,NZ=          19          19          53
  SD OF XC-POTENTIAL (PW) 
 ISP=           1    NPP,SD=         200  1.847825431291815E-005
  SD OF XC-ENERGY    (PW) 
               NPP,SD=         200  1.420488693792408E-005
  === XC-POTENTIAL (DIFFEREINCE BETWEEN (IN) AND (OUT) ===
 ATOM=  1 AVERAGE= -0.81901 (IN)  -0.81154 (OUT) STANDARD DEVIATION=  0.00749
 ATOM=  2 AVERAGE= -0.81905 (IN)  -0.81158 (OUT) STANDARD DEVIATION=  0.00749
  === POTENTIAL V*R IN MT ===
  IKAT =           1    ISPIN=           1
     1 -0.659670886660D+02   26 -0.659299600563D+02   51 -0.658508570287D+02
    76 -0.656820676278D+02  101 -0.653212408384D+02  126 -0.645507300977D+02
   151 -0.629319299698D+02  176 -0.597170959682D+02  201 -0.539341662193D+02
   226 -0.446580659799D+02  251 -0.318944806149D+02  276 -0.174381698495D+02
   301 -0.668237451909D+01  326 -0.144497622720D+01  327 -0.130911783159D+01



    ****** DIFFERENCE IN STANDARDS OF POT. DIF BETWEEN FLAPW AND TAPW *******
  ISPIN=            1
   IK=            1    NAK=            2
        1   R =    0.168744D+01  VFULL=   -0.161877D+01   VAPW=   -0.177782D+01   DV=    0.159058D+00
        2   R =    0.173890D+01  VFULL=   -0.146848D+01   VAPW=   -0.162762D+01   DV=    0.159141D+00
        3   R =    0.179193D+01  VFULL=   -0.132830D+01   VAPW=   -0.148752D+01   DV=    0.159225D+00
        4   R =    0.184658D+01  VFULL=   -0.119768D+01   VAPW=   -0.135699D+01   DV=    0.159303D+00
        5   R =    0.190290D+01  VFULL=   -0.107617D+01   VAPW=   -0.123553D+01   DV=    0.159365D+00
        6   R =    0.196093D+01  VFULL=   -0.963323D+00   VAPW=   -0.112273D+01   DV=    0.159402D+00
        7   R =    0.202074D+01  VFULL=   -0.858783D+00   VAPW=   -0.101819D+01   DV=    0.159404D+00
        8   R =    0.208236D+01  VFULL=   -0.762234D+00   VAPW=   -0.921591D+00   DV=    0.159358D+00
        9   R =    0.214587D+01  VFULL=   -0.673376D+00   VAPW=   -0.832629D+00   DV=    0.159254D+00
       10   R =    0.221131D+01  VFULL=   -0.592009D+00   VAPW=   -0.751088D+00   DV=    0.159079D+00
    AVDEV=   0.159258863645558       0.000000000000000E+000


 ===== CHARGE DENSITY =====
 AT NUCLEUS                    ON MUFFIN-TIN SPHERE
 CORE           TOTAL          CORE           TOTAL
     0.34310D+05    0.34358D+05    0.15293D-02    0.42386D-01


 ===== SPIN DENSITY =====
 AT NUCLEUS                    ON MUFFIN-TIN SPHERE
 CORE           TOTAL          CORE           TOTAL
     0.00000D+00    0.00000D+00    0.00000D+00    0.00000D+00
  === SUCCESSFULLY END (FLAPW1) ===
