  ----- WELCOME TO TSPACE V2.1 1990/10/04 -----
 

 TABLE OF OPERATION CODE
   1   E     X  Y  Z
   2   C6+   W  X  Z
   3   C3+  -Y  W  Z
   4   C2   -X -Y  Z
   5   C3-  -W -X  Z
   6   C6-   Y -W  Z
   7   C211 -W  Y -Z
   8   C221  X  W -Z
   9   C231 -Y -X -Z
  10   C212  W -Y -Z
  11   C222 -X -W -Z
  12   C232  Y  X -Z
  13  IE    -X -Y -Z
  14  IC6+  -W -X -Z
  15  IC3+   Y -W -Z
  16  IC2    X  Y -Z
  17  IC3-   W  X -Z
  18  IC6-  -Y  W -Z
  19  IC211  W -Y  Z
  20  IC221 -X -W  Z
  21  IC231  Y  X  Z
  22  IC212 -W  Y  Z
  23  IC222  X  W  Z
  24  IC232 -Y -X  Z
 

 GROUP TABLE FOR D6H
  1  2  3  4  5  6  7  8  9 10 11 12 13 14 15 16 17 18 19 20 21 22 23 24
  2  3  4  5  6  1 11 12 10  8  9  7 14 15 16 17 18 13 23 24 22 20 21 19
  3  4  5  6  1  2  9  7  8 12 10 11 15 16 17 18 13 14 21 19 20 24 22 23
  4  5  6  1  2  3 10 11 12  7  8  9 16 17 18 13 14 15 22 23 24 19 20 21
  5  6  1  2  3  4  8  9  7 11 12 10 17 18 13 14 15 16 20 21 19 23 24 22
  6  1  2  3  4  5 12 10 11  9  7  8 18 13 14 15 16 17 24 22 23 21 19 20
  7 12  8 10  9 11  1  3  5  4  6  2 19 24 20 22 21 23 13 15 17 16 18 14
  8 10  9 11  7 12  5  1  3  2  4  6 20 22 21 23 19 24 17 13 15 14 16 18
  9 11  7 12  8 10  3  5  1  6  2  4 21 23 19 24 20 22 15 17 13 18 14 16
 10  9 11  7 12  8  4  6  2  1  3  5 22 21 23 19 24 20 16 18 14 13 15 17
 11  7 12  8 10  9  2  4  6  5  1  3 23 19 24 20 22 21 14 16 18 17 13 15
 12  8 10  9 11  7  6  2  4  3  5  1 24 20 22 21 23 19 18 14 16 15 17 13
 13 14 15 16 17 18 19 20 21 22 23 24  1  2  3  4  5  6  7  8  9 10 11 12
 14 15 16 17 18 13 23 24 22 20 21 19  2  3  4  5  6  1 11 12 10  8  9  7
 15 16 17 18 13 14 21 19 20 24 22 23  3  4  5  6  1  2  9  7  8 12 10 11
 16 17 18 13 14 15 22 23 24 19 20 21  4  5  6  1  2  3 10 11 12  7  8  9
 17 18 13 14 15 16 20 21 19 23 24 22  5  6  1  2  3  4  8  9  7 11 12 10
 18 13 14 15 16 17 24 22 23 21 19 20  6  1  2  3  4  5 12 10 11  9  7  8
 19 24 20 22 21 23 13 15 17 16 18 14  7 12  8 10  9 11  1  3  5  4  6  2
 20 22 21 23 19 24 17 13 15 14 16 18  8 10  9 11  7 12  5  1  3  2  4  6
 21 23 19 24 20 22 15 17 13 18 14 16  9 11  7 12  8 10  3  5  1  6  2  4
 22 21 23 19 24 20 16 18 14 13 15 17 10  9 11  7 12  8  4  6  2  1  3  5
 23 19 24 20 22 21 14 16 18 17 13 15 11  7 12  8 10  9  2  4  6  5  1  3
 24 20 22 21 23 19 18 14 16 15 17 13 12  8 10  9 11  7  6  2  4  3  5  1


 INVERS ELEMENTS
  1  6  5  4  3  2  7  8  9 10 11 12 13 18 17 16 15 14 19 20 21 22 23 24





 LATTICE PARAMETERS

  A=   7.10348   B=   7.10348   C=  19.73101


 COS(BC)=   0.00000
 COS(CA)=   0.00000
 COS(AB)=  -0.50000


 LATTICE CONSTANTS ARE SET AS
  A=  7.10348  B=  7.10348  C= 19.73101
 CA=  0.00000 CB=  0.00000 CC= -0.50000
 

 GROUP ELEMENTS
  1   1   E     X  Y  Z  0/1  0/1  0/1
  2   3   C3+  -Y  W  Z  0/1  0/1  0/1
  3   5   C3-  -W -X  Z  0/1  0/1  0/1
  4  10   C212  W -Y -Z  0/1  0/1  0/1
  5  11   C222 -X -W -Z  0/1  0/1  0/1
  6  12   C232  Y  X -Z  0/1  0/1  0/1
  7  13  IE    -X -Y -Z  0/1  0/1  0/1
  8  15  IC3+   Y -W -Z  0/1  0/1  0/1
  9  17  IC3-   W  X -Z  0/1  0/1  0/1
 10  22  IC212 -W  Y  Z  0/1  0/1  0/1
 11  23  IC222  X  W  Z  0/1  0/1  0/1
 12  24  IC232 -Y -X  Z  0/1  0/1  0/1





 NKA= 1    NA= 2

 KIND= 1   ATOM= 1 - 2.



 POSITIONS OF ATOMS -->

     1        0.00000   0.00000   0.22764
     2        0.00000   0.00000   0.77236
           2           1   1.21000000000000        ** 1**
 
 TABLE OF THE TRANSLATION OF ATOMIC POSITION
  1  1  1  2
  2  3  1  2
  3  5  1  2
  4 10  2  1
  5 11  2  1
  6 12  2  1
  7 13  2  1
  8 15  2  1
  9 17  2  1
 10 22  1  2
 11 23  1  2
 12 24  1  2
           2           1   1.21000000000000        ** 2**
1

  0.00000  0.00000  0.22764  7.10348  7.10348 19.73101  1.21000    1
    X        Y        Z       XD       YD       ZD
 -0.33333 -0.66667  0.10569 -0.33333 -0.66667 -0.12195  0.66938   1   2   1   1   1
 -0.33333  0.33333  0.10569 -0.33333  0.33333 -0.12195  0.66938   1   2   2   1   2
  0.66667  0.33333  0.10569  0.66667  0.33333 -0.12195  0.66938   1   2   3   1   3
 -0.66667 -0.33333  0.43903 -0.66667 -0.33333  0.21139  0.82346   1   2   4   2   1
  0.33333 -0.33333  0.43903  0.33333 -0.33333  0.21139  0.82346   1   2   5   2   2
  0.33333  0.66667  0.43903  0.33333  0.66667  0.21139  0.82346   1   2   6   2   3
 -1.00000 -1.00000  0.22764 -1.00000 -1.00000  0.00000  1.00000   1   1   7   3   1
 -1.00000  0.00000  0.22764 -1.00000  0.00000  0.00000  1.00000   1   1   8   3   2
  0.00000 -1.00000  0.22764  0.00000 -1.00000  0.00000  1.00000   1   1   9   3   3
  0.00000  1.00000  0.22764  0.00000  1.00000  0.00000  1.00000   1   1  10   3   4
  1.00000  0.00000  0.22764  1.00000  0.00000  0.00000  1.00000   1   1  11   3   5
  1.00000  1.00000  0.22764  1.00000  1.00000  0.00000  1.00000   1   1  12   3   6
 -0.66667 -0.33333 -0.10569 -0.66667 -0.33333 -0.33333  1.09114   1   1  13   4   1
  0.33333 -0.33333 -0.10569  0.33333 -0.33333 -0.33333  1.09114   1   1  14   4   2
  0.33333  0.66667 -0.10569  0.33333  0.66667 -0.33333  1.09114   1   1  15   4   3
 -0.33333 -0.66667  0.56097 -0.33333 -0.66667  0.33333  1.09114   1   1  16   4   4
 -0.33333  0.33333  0.56097 -0.33333  0.33333  0.33333  1.09114   1   1  17   4   5
  0.66667  0.33333  0.56097  0.66667  0.33333  0.33333  1.09114   1   1  18   4   6
 -1.33333 -0.66667  0.10569 -1.33333 -0.66667 -0.12195  1.20336   1   2  19   5   1
  0.66667 -0.66667  0.10569  0.66667 -0.66667 -0.12195  1.20336   1   2  20   5   2
  0.66667  1.33333  0.10569  0.66667  1.33333 -0.12195  1.20336   1   2  21   5   3
    5
       3       3       6       6       3
  0.6694  0.8235  1.0000  1.0911  1.2034
           2           1   1.21000000000000        ** 3**
           2           1   1.21000000000000        ** 4**
 IK=          15    IE=           4
 IK=          47    IE=           9
 IK=          71    IE=          13
 IK=         145    IE=          22
 IK=         211    IE=          29
 IK=         327    IE=          41
 IK=         471    IE=          56
 IK=         653    IE=          72
 IK=         851    IE=          93
 IK=        1129    IE=         119
 IK=        1405    IE=         144
 IK=        1761    IE=         174
 IK=        2213    IE=         211
 IK=        2657    IE=         244
 (    0    0    0 )  (    1 )      0.00000D+00
 (    0    0   -3 )  (    3 )      0.93535D+00
 (   -1    1    1 )  (    9 )      0.10475D+01
 (   -1    1   -2 )  (   15 )      0.11785D+01
 (   -1    1    4 )  (   21 )      0.15985D+01
 (   -2    1    0 )  (   27 )      0.17321D+01
 (   -1    1   -5 )  (   33 )      0.18521D+01
 (    0    0   -6 )  (   35 )      0.18707D+01
 (   -2    1   -3 )  (   47 )      0.19685D+01
 (   -2    2   -1 )  (   53 )      0.20242D+01
 (   -2    2    2 )  (   59 )      0.20950D+01
 (   -2    2   -4 )  (   65 )      0.23570D+01
 (   -1    1    7 )  (   71 )      0.24007D+01
 (   -2    2    5 )  (   77 )      0.25358D+01
 (   -2    1   -6 )  (   89 )      0.25494D+01
 (   -3    2    1 )  (  101 )      0.26641D+01
 (   -1    1   -8 )  (  107 )      0.26873D+01
 (   -3    2   -2 )  (  119 )      0.27182D+01
 (    0    0   -9 )  (  121 )      0.28060D+01
 (   -3    2    4 )  (  133 )      0.29250D+01
 (   -2    2   -7 )  (  139 )      0.29603D+01
 (   -3    3    0 )  (  145 )      0.30000D+01
 (   -3    2   -5 )  (  157 )      0.30709D+01
 (   -3    3   -3 )  (  169 )      0.31424D+01
 (   -2    2    8 )  (  175 )      0.31971D+01
 (   -1    1   10 )  (  181 )      0.32743D+01
 (   -2    1   -9 )  (  193 )      0.32976D+01
 (   -3    2    7 )  (  205 )      0.34298D+01
 (   -4    2    0 )  (  211 )      0.34641D+01
 (   -3    3   -6 )  (  223 )      0.35355D+01
 (   -1    1  -11 )  (  229 )      0.35724D+01
 (   -4    2   -3 )  (  241 )      0.35882D+01
 (   -3    4   -1 )  (  253 )      0.36190D+01
 (   -3    2   -8 )  (  265 )      0.36361D+01
 (   -4    3    2 )  (  277 )      0.36591D+01
 (   -2    2  -10 )  (  283 )      0.37042D+01
 (    0    0  -12 )  (  285 )      0.37414D+01
 (   -4    3   -4 )  (  297 )      0.38151D+01
 (   -4    3    5 )  (  309 )      0.39281D+01
 (   -4    2   -6 )  (  321 )      0.39369D+01
 (   -2    2   11 )  (  327 )      0.39702D+01
 (   -4    4    1 )  (  333 )      0.40121D+01
 (   -4    4   -2 )  (  339 )      0.40483D+01
 (   -3    2   10 )  (  351 )      0.40891D+01
 (   -3    3   -9 )  (  363 )      0.41078D+01
 (   -2    1  -12 )  (  375 )      0.41229D+01
 (   -1    1   13 )  (  381 )      0.41747D+01
 (   -4    4    4 )  (  387 )      0.41899D+01
 (   -4    3   -7 )  (  399 )      0.42146D+01
 (   -4    4   -5 )  (  405 )      0.42930D+01
 (   -3    2  -11 )  (  417 )      0.43315D+01
 (   -5    3    1 )  (  429 )      0.43700D+01
 (   -4    3    8 )  (  441 )      0.43842D+01
 (   -5    3   -2 )  (  453 )      0.44033D+01
 (   -4    2   -9 )  (  465 )      0.44580D+01
 (   -1    1  -14 )  (  471 )      0.44780D+01
 (   -2    2  -13 )  (  477 )      0.45198D+01
 (   -5    3    4 )  (  489 )      0.45338D+01
 (   -4    4    7 )  (  495 )      0.45567D+01
 (   -5    4    0 )  (  507 )      0.45826D+01
 (   -5    3   -5 )  (  519 )      0.46293D+01
 (    0    0  -15 )  (  521 )      0.46767D+01
 (   -5    4   -3 )  (  545 )      0.46771D+01
 (   -4    4   -8 )  (  551 )      0.47140D+01
 (   -4    3  -10 )  (  563 )      0.47666D+01
 (   -3    3  -12 )  (  575 )      0.47956D+01
 (   -2    2   14 )  (  581 )      0.48013D+01
 (   -3    2   13 )  (  593 )      0.48403D+01
 (   -5    3    7 )  (  605 )      0.48748D+01
 (   -5    4   -6 )  (  629 )      0.49497D+01
 (   -4    3   11 )  (  641 )      0.49762D+01
 (   -2    1  -15 )  (  653 )      0.49872D+01
 (   -5    5   -1 )  (  659 )      0.50097D+01
 (   -5    3   -8 )  (  671 )      0.50221D+01
 (   -5    5    2 )  (  677 )      0.50387D+01
 (   -4    4   10 )  (  683 )      0.50716D+01
 (   -1    1   16 )  (  689 )      0.50878D+01
 (   -4    2  -12 )  (  701 )      0.50988D+01
 (   -3    2  -14 )  (  713 )      0.51042D+01
 (   -5    5   -4 )  (  719 )      0.51532D+01
 (   -6    3    0 )  (  725 )      0.51962D+01
 (   -5    5    5 )  (  731 )      0.52374D+01
 (   -4    4  -11 )  (  737 )      0.52690D+01
 (   -6    3   -3 )  (  749 )      0.52797D+01
 (   -6    4   -1 )  (  761 )      0.53007D+01
 (   -6    4    2 )  (  773 )      0.53281D+01
 (   -5    3   10 )  (  785 )      0.53592D+01
 (   -5    4   -9 )  (  809 )      0.53734D+01
 (   -2    2  -16 )  (  815 )      0.53745D+01
 (   -1    1  -17 )  (  821 )      0.53938D+01
 (   -4    3  -13 )  (  833 )      0.54248D+01
 (   -6    4   -4 )  (  845 )      0.54365D+01
 (   -5    5   -7 )  (  851 )      0.54556D+01
 (   -6    4    5 )  (  863 )      0.55164D+01
 (   -6    3   -6 )  (  875 )      0.55226D+01
 (   -5    3  -11 )  (  887 )      0.55464D+01
 (   -3    3  -15 )  (  899 )      0.55563D+01
 (   -6    5    1 )  (  911 )      0.55765D+01
 (   -5    5    8 )  (  917 )      0.55876D+01
 (   -6    5   -2 )  (  929 )      0.56026D+01
 (    0    0  -18 )  (  931 )      0.56121D+01
 (   -3    2   16 )  (  943 )      0.56467D+01
 (   -4    3   14 )  (  955 )      0.56615D+01
 (   -2    2   17 )  (  961 )      0.56651D+01
 (   -4    4   13 )  (  967 )      0.56946D+01
 (   -6    5    4 )  (  979 )      0.57057D+01
 (   -6    4   -7 )  (  991 )      0.57239D+01
 (   -6    5   -5 )  ( 1003 )      0.57819D+01
 (   -4    2  -15 )  ( 1015 )      0.58200D+01
 (   -6    4    8 )  ( 1027 )      0.58499D+01
 (   -2    1  -18 )  ( 1039 )      0.58733D+01
 (   -5    5  -10 )  ( 1045 )      0.58924D+01
 (   -6    3   -9 )  ( 1057 )      0.59054D+01
 (   -5    4  -12 )  ( 1081 )      0.59159D+01
 (   -4    4  -14 )  ( 1087 )      0.59205D+01
 (   -3    2  -17 )  ( 1099 )      0.59240D+01
 (   -5    3   13 )  ( 1111 )      0.59522D+01
 (   -6    5    7 )  ( 1123 )      0.59802D+01
 (   -6    6    0 )  ( 1129 )      0.60000D+01
 (   -1    1   19 )  ( 1135 )      0.60077D+01
 (   -5    5   11 )  ( 1141 )      0.60632D+01
 (   -6    6   -3 )  ( 1153 )      0.60725D+01
 (   -7    4    1 )  ( 1165 )      0.60907D+01
 (   -6    5   -8 )  ( 1177 )      0.61009D+01
 (   -7    4   -2 )  ( 1189 )      0.61146D+01
 (   -6    4  -10 )  ( 1201 )      0.61417D+01
 (   -4    3  -16 )  ( 1213 )      0.61551D+01
 (   -5    3  -14 )  ( 1225 )      0.61687D+01
 (   -7    4    4 )  ( 1237 )      0.62093D+01
 (   -7    5    0 )  ( 1249 )      0.62450D+01
 (   -2    2  -19 )  ( 1255 )      0.62524D+01
 (   -7    4   -5 )  ( 1267 )      0.62793D+01
 (   -6    6   -6 )  ( 1279 )      0.62849D+01
 (   -6    4   11 )  ( 1291 )      0.63057D+01
 (   -7    5   -3 )  ( 1315 )      0.63147D+01
 (   -1    1  -20 )  ( 1321 )      0.63153D+01
 (   -3    3  -18 )  ( 1333 )      0.63636D+01
 (   -6    5   10 )  ( 1345 )      0.63813D+01
 (   -4    4   16 )  ( 1351 )      0.63942D+01
 (   -6    3  -12 )  ( 1363 )      0.64030D+01
 (   -4    3   17 )  ( 1375 )      0.64104D+01
 (   -5    5  -13 )  ( 1381 )      0.64365D+01
 (   -7    4    7 )  ( 1393 )      0.64624D+01
 (   -3    2   19 )  ( 1405 )      0.64879D+01
 (   -7    5   -6 )  ( 1429 )      0.65192D+01
 (   -6    5  -11 )  ( 1441 )      0.65393D+01
 (    0    0  -21 )  ( 1443 )      0.65474D+01
 (   -5    4  -15 )  ( 1467 )      0.65477D+01
 (   -2    2   20 )  ( 1473 )      0.65485D+01
 (   -7    6   -1 )  ( 1485 )      0.65648D+01
 (   -7    4   -8 )  ( 1497 )      0.65743D+01
 (   -7    6    2 )  ( 1509 )      0.65870D+01
 (   -4    2  -18 )  ( 1521 )      0.65951D+01
 (   -6    6   -9 )  ( 1533 )      0.66237D+01
 (   -5    3   16 )  ( 1545 )      0.66246D+01
 (   -5    5   14 )  ( 1551 )      0.66372D+01
 (   -4    4  -17 )  ( 1557 )      0.66403D+01
 (   -6    4  -13 )  ( 1569 )      0.66655D+01
 (   -7    6   -4 )  ( 1581 )      0.66750D+01
 (   -7    6    5 )  ( 1593 )      0.67402D+01
 (   -2    1  -21 )  ( 1605 )      0.67727D+01
 (   -3    2  -20 )  ( 1617 )      0.67737D+01
 (   -7    4   10 )  ( 1629 )      0.68353D+01
 (   -7    5   -9 )  ( 1653 )      0.68465D+01
 (   -6    4   14 )  ( 1665 )      0.68595D+01
 (   -5    3  -17 )  ( 1677 )      0.68625D+01
 (   -6    5   13 )  ( 1689 )      0.68868D+01
 (   -7    6   -7 )  ( 1701 )      0.69111D+01
 (   -8    4    0 )  ( 1707 )      0.69282D+01
 (   -1    1   22 )  ( 1713 )      0.69317D+01
 (   -4    3  -19 )  ( 1725 )      0.69349D+01
 (   -7    4  -11 )  ( 1737 )      0.69830D+01
 (   -6    3  -15 )  ( 1749 )      0.69908D+01
 (   -8    4   -3 )  ( 1761 )      0.69911D+01
 (   -8    5   -1 )  ( 1779 )      0.70069D+01
 (   -7    6    8 )  ( 1791 )      0.70158D+01
 (   -8    5    2 )  ( 1809 )      0.70277D+01
 (   -5    5  -16 )  ( 1815 )      0.70630D+01
 (   -6    6  -12 )  ( 1827 )      0.70709D+01
 (   -6    5  -14 )  ( 1839 )      0.70748D+01
 (   -8    5   -4 )  ( 1857 )      0.71102D+01
 (   -2    2  -22 )  ( 1863 )      0.71449D+01
 (   -4    4   19 )  ( 1869 )      0.71479D+01
 (   -8    5    5 )  ( 1887 )      0.71715D+01
 (   -8    4   -6 )  ( 1899 )      0.71763D+01
 (   -3    3  -21 )  ( 1911 )      0.72020D+01
 (   -4    3   20 )  ( 1923 )      0.72030D+01
 (   -8    6    1 )  ( 1935 )      0.72178D+01
 (   -6    8   -2 )  ( 1947 )      0.72380D+01
 (   -1    1  -23 )  ( 1953 )      0.72404D+01
 (   -5    4  -18 )  ( 1977 )      0.72454D+01
 (   -7    6  -10 )  ( 1989 )      0.72609D+01
 (   -6    4  -16 )  ( 2001 )      0.72722D+01
 (   -7    5  -12 )  ( 2025 )      0.72800D+01
 (   -5    5   17 )  ( 2031 )      0.72865D+01
 (   -7    4   13 )  ( 2043 )      0.73095D+01
 (   -8    6    4 )  ( 2055 )      0.73182D+01
 (   -8    5   -7 )  ( 2073 )      0.73323D+01
 (   -3    2   22 )  ( 2085 )      0.73518D+01
 (   -5    3   19 )  ( 2097 )      0.73547D+01
 (   -8    6   -5 )  ( 2109 )      0.73777D+01
 (   -7    6   11 )  ( 2121 )      0.74002D+01
 (   -4    2  -21 )  ( 2133 )      0.74074D+01
 (   -4    4  -20 )  ( 2139 )      0.74083D+01
 (   -5    8    8 )  ( 2157 )      0.74311D+01
 (   -2    2   23 )  ( 2163 )      0.74447D+01
 (   -8    4   -9 )  ( 2175 )      0.74749D+01
 (   -6    5   16 )  ( 2187 )      0.74757D+01
 (    0    0  -24 )  ( 2189 )      0.74828D+01
 (   -7    4  -14 )  ( 2201 )      0.74868D+01
 (   -6    4   17 )  ( 2213 )      0.74895D+01
 (   -8    6    7 )  ( 2225 )      0.75341D+01
 (   -8    7    0 )  ( 2237 )      0.75498D+01
 (   -6    6  -15 )  ( 2249 )      0.76074D+01
 (   -8    7   -3 )  ( 2273 )      0.76076D+01
 (   -5    3  -20 )  ( 2285 )      0.76081D+01
 (   -8    6   -8 )  ( 2297 )      0.76303D+01
 (   -3    2  -23 )  ( 2309 )      0.76435D+01
 (   -6    3  -18 )  ( 2321 )      0.76482D+01
 (   -8    5  -10 )  ( 2339 )      0.76630D+01
 (   -2    1  -24 )  ( 2351 )      0.76806D+01
 (   -6    5  -17 )  ( 2363 )      0.76872D+01
 (   -7    6  -13 )  ( 2375 )      0.77090D+01
 (   -4    3  -22 )  ( 2387 )      0.77491D+01
 (   -5    5  -19 )  ( 2393 )      0.77519D+01
 (   -8    7   -6 )  ( 2417 )      0.77781D+01
 (   -8    5   11 )  ( 2435 )      0.77950D+01
 (   -7    5  -15 )  ( 2459 )      0.78020D+01
 (   -9    5    1 )  ( 2471 )      0.78165D+01
 (   -9    5   -2 )  ( 2483 )      0.78351D+01
 (   -8    6   10 )  ( 2495 )      0.78563D+01
 (   -1    1   25 )  ( 2501 )      0.78585D+01
 (   -7    4   16 )  ( 2513 )      0.78667D+01
 (   -8    4  -12 )  ( 2525 )      0.78739D+01
 (   -7    6   14 )  ( 2537 )      0.78774D+01
 (   -9    5    4 )  ( 2549 )      0.79092D+01
 (   -9    6    0 )  ( 2561 )      0.79373D+01
 (   -4    4   22 )  ( 2567 )      0.79403D+01
 (   -6    4  -19 )  ( 2579 )      0.79431D+01
 (   -9    5   -5 )  ( 2591 )      0.79643D+01
 (   -8    6  -11 )  ( 2603 )      0.79851D+01
 (   -5    4  -21 )  ( 2627 )      0.79918D+01
 (   -9    6   -3 )  ( 2651 )      0.79922D+01
 (   -5    5   20 )  ( 2657 )      0.79927D+01
       405        50     4.29434     1.21000
 0.3800667733709424D+01
           2           1   1.21000000000000        ** 5**
