 WE USE THE DATA ON FILE( 1):  Paramagnetic arsenic  #166                      
 IL= -1   NGEN=  3   INV=  0   IDU=  0
 JA=    3 WITH (    0/  1,    0/  1,    0/  1)
 JA=   10 WITH (    0/  1,    0/  1,    0/  1)
 JA=   13 WITH (    0/  1,    0/  1,    0/  1)
  A, B, C=    7.10347999106817    7.10347999106817   19.73100699195026
 CA,CB,CC=    0.00000000000000    0.00000000000000   -0.50000000000000
 NAT,NKAT,(KION(I),I=1,NKAT)    2    1    2
 I, (RATOM(J,I),J=1,3)    1   0.0000000   0.0000000   0.2276400
 I, (RATOM(J,I),J=1,3)    2   0.0000000   0.0000000   0.7723600
   1  1           3           3           6           6           3

         0.66937909  0.82346157  1.00000000  1.09114413  1.20335712
 TMAD(I,J),I= 1:        3.8006682
 VP,AS=      0.8018395      1.1547005
  ====== ELECTRON NUMBER ====
 TOTAL=     66.00000000  VALENCE=     10.00000000
  ===========================
 IKAT= 1  Z,MASS,RADIUS=  33.00000000  74.07041853   0.00008735
  ----- WELCOME TO TSPACE V2.1 1990/10/04 -----
 LATTICE CONSTANTS ARE SET AS
  A=  7.10348  B=  7.10348  C= 19.73101
 CA=  0.00000 CB=  0.00000 CC= -0.50000
 --- LATTICE PARAMETERS IN REAL SPACE ---------
  A, B, C=    7.1034799911    7.1034799911   19.7310069920
 CA,CB,CC=    0.0000000000    0.0000000000   -0.5000000000
 --- LATTICE PARAMETERS IN RECIPROCAL SPACE ---
  A, B, C=    1.0213581887    1.0213581887    0.3184422016
 CA,CB,CC=    0.0000000000    0.0000000000    0.5000000000
 ----------------------------------------------
 

 GROUP ELEMENTS
  1   1   E     X  Y  Z  0/1  0/1  0/1
  2   3   C3+  -Y  W  Z  0/1  0/1  0/1
  3   5   C3-  -W -X  Z  0/1  0/1  0/1
  4  10   C212  W -Y -Z  0/1  0/1  0/1
  5  11   C222 -X -W -Z  0/1  0/1  0/1
  6  12   C232  Y  X -Z  0/1  0/1  0/1
  7  13  IE    -X -Y -Z  0/1  0/1  0/1
  8  15  IC3+   Y -W -Z  0/1  0/1  0/1
  9  17  IC3-   W  X -Z  0/1  0/1  0/1
 10  22  IC212 -W  Y  Z  0/1  0/1  0/1
 11  23  IC222  X  W  Z  0/1  0/1  0/1
 12  24  IC232 -Y -X  Z  0/1  0/1  0/1
 
 TABLE OF THE TRANSLATION OF ATOMIC POSITION
  1  1  1  2
  2  3  1  2
  3  5  1  2
  4 10  2  1
  5 11  2  1
  6 12  2  1
  7 13  2  1
  8 15  2  1
  9 17  2  1
 10 22  1  2
 11 23  1  2
 12 24  1  2
 IK=          15    IE=           4
 IK=          47    IE=           9
 IK=          71    IE=          13
 IK=         145    IE=          22
 IK=         211    IE=          29
 IK=         327    IE=          41
 (    0    0    0 )  (    1 )      0.00000D+00
 (    0    0   -3 )  (    3 )      0.93535D+00
 (   -1    1    1 )  (    9 )      0.10475D+01
 (   -1    1   -2 )  (   15 )      0.11785D+01
 (   -1    1    4 )  (   21 )      0.15985D+01
 (   -2    1    0 )  (   27 )      0.17321D+01
 (   -1    1   -5 )  (   33 )      0.18521D+01
 (    0    0   -6 )  (   35 )      0.18707D+01
 (   -2    1   -3 )  (   47 )      0.19685D+01
 (   -2    2   -1 )  (   53 )      0.20242D+01
 (   -2    2    2 )  (   59 )      0.20950D+01
 (   -2    2   -4 )  (   65 )      0.23570D+01
 (   -1    1    7 )  (   71 )      0.24007D+01
 (   -2    2    5 )  (   77 )      0.25358D+01
 (   -2    1   -6 )  (   89 )      0.25494D+01
 (   -3    2    1 )  (  101 )      0.26641D+01
 (   -1    1   -8 )  (  107 )      0.26873D+01
 (   -3    2   -2 )  (  119 )      0.27182D+01
 (    0    0   -9 )  (  121 )      0.28060D+01
 (   -3    2    4 )  (  133 )      0.29250D+01
 (   -2    2   -7 )  (  139 )      0.29603D+01
 (   -3    3    0 )  (  145 )      0.30000D+01
 (   -3    2   -5 )  (  157 )      0.30709D+01
 (   -3    3   -3 )  (  169 )      0.31424D+01
 (   -2    2    8 )  (  175 )      0.31971D+01
 (   -1    1   10 )  (  181 )      0.32743D+01
 (   -2    1   -9 )  (  193 )      0.32976D+01
 (   -3    2    7 )  (  205 )      0.34298D+01
 (   -4    2    0 )  (  211 )      0.34641D+01
 (   -3    3   -6 )  (  223 )      0.35355D+01
 (   -1    1  -11 )  (  229 )      0.35724D+01
 (   -4    2   -3 )  (  241 )      0.35882D+01
 (   -3    4   -1 )  (  253 )      0.36190D+01
 (   -3    2   -8 )  (  265 )      0.36361D+01
 (   -4    3    2 )  (  277 )      0.36591D+01
 (   -2    2  -10 )  (  283 )      0.37042D+01
 (    0    0  -12 )  (  285 )      0.37414D+01
 (   -4    3   -4 )  (  297 )      0.38151D+01
 (   -4    3    5 )  (  309 )      0.39281D+01
 (   -4    2   -6 )  (  321 )      0.39369D+01
 (   -2    2   11 )  (  327 )      0.39702D+01
1
      
 TAPW                 
      
      
 NON-MAGNETIC         
 WITH SPIN-ORBIT      
      
      
  RADIUS OF MT =  0.311300000000000     
  ==== RADIUS OF MT (A.U.) ====
 KIND OF ATOM =  1    S=  2.21131
  =============================
 AMX=  4.1760   LMAX= 7  NNEIG(INITIAL)=  10
 LEVEL   = 1
 IXNAME  =GL  
 ITERDATA= 0
           1         327   2.21131332121952       0.793586602020590     
  -9.00000000000000       6.000000000000000E-002
 ATOM=  1,    R(1)=  0.00012341   R(327)=  2.21131332   SATOM=  2.21131332
      ALATT           WUNIT           VCELL           VOUT
       7.10347999      1.02135819    287.40938834    196.82164280


      RAPW(P)        VIN(P)         CR(P)        ANA(P)  KAT(1,P)  KAT(2,P)
      2.21131332    45.29387277     0.15759357     2.0    1         2

 FA(P1,P2)                                                  FO(P1)
   P1        P2=1,NKAT
    1        0.02311
+                                                           1.21652
  NKP1=          33
  NKP1=          33  NKP0=        2197
 === K POINTS === (NX,NY,NZ)=(  4  4  4) ===== NKP1=   33   NKP2=  192
 (  0  0  0)/  4( 1) (  0  0  1)/  4( 2) (  0  0  2)/  4( 2) (  0  0  3)/  4( 2)
 (  0  0  4)/  4( 2) (  0  0  5)/  4( 2) (  0  0  6)/  4( 1) (  0  1  0)/  4( 6)
 (  0  1  1)/  4( 6) (  0  1  2)/  4( 6) (  0  1  3)/  4( 6) (  0  1  4)/  4( 6)
 (  0  1  5)/  4( 6) (  0  1  6)/  4( 6) (  0  1 -5)/  4( 6) (  0  1 -4)/  4( 6)
 (  0  1 -3)/  4( 6) (  0  1 -2)/  4( 6) (  0  1 -1)/  4( 6) (  0  2  0)/  4( 6)
 (  0  2  1)/  4( 6) (  0  2  2)/  4( 6) (  0  2  3)/  4( 6) (  0  2  4)/  4( 3)
 (  0 -2  1)/  4( 6) (  0  2 -2)/  4( 3) (  1  1  0)/  4( 6) (  1  1  1)/  4(12)
 (  1  1  2)/  4(12) (  1  1  3)/  4(12) (  1  1  4)/  4(12) (  1  1  5)/  4(12)
 (  1  1  6)/  4( 6) (
 ----------  POTENTIALS HAVE BEEN READ  FROM FILE(35).  ----------
0 ========== ITER=  1 ===========================




 ===== CORE STATE CALCULATION =====
 IA=           1    RMAX=R(         347 )=   4.03263551391383     
  ===== EIGENENERGY OF CORE STATE (RYD.) =====
 100         -859.108295
 200         -108.454070
 210          -95.121060
 300          -13.305211
 310           -9.183536
 320           -2.386185
 IND0=10 IND1= 0    L= 0   IA= 1  ISP= 1
  0.200  0.300  0.400  0.500  0.600  0.700  0.800  0.900  1.000  1.100  1.200
 -0.210 -0.187 -0.164 -0.140 -0.116 -0.092 -0.067 -0.042 -0.017  0.007  0.032
  0.601  0.632  0.662  0.691  0.718  0.743  0.767  0.789  0.809  0.827  0.843
 IND0= 0 IND1= 0    L= 1   IA= 1  ISP= 1
  0.000  0.100  0.200  0.300  0.400  0.500  0.600  0.700  0.800  0.900  1.000
  0.478  0.463  0.447  0.432  0.415  0.399  0.382  0.364  0.347  0.328  0.310
 -0.201 -0.238 -0.274 -0.310 -0.346 -0.381 -0.416 -0.451 -0.485 -0.518 -0.551
 IND0= 0 IND1= 0    L= 2   IA= 1  ISP= 1
  0.000  0.100  0.200  0.300  0.400  0.500  0.600  0.700  0.800  0.900  1.000
 -0.684 -0.677 -0.670 -0.663 -0.655 -0.647 -0.638 -0.629 -0.620 -0.611 -0.601
 -0.373 -0.340 -0.306 -0.272 -0.238 -0.204 -0.170 -0.136 -0.101 -0.067 -0.032
 IND0= 0 IND1= 0    L= 3   IA= 1  ISP= 1
  0.000  0.100  0.200  0.300  0.400  0.500  0.600  0.700  0.800  0.900  1.000
  0.818  0.812  0.806  0.800  0.793  0.786  0.780  0.773  0.766  0.759  0.751
  0.837  0.806  0.774  0.743  0.711  0.680  0.648  0.616  0.584  0.552  0.520
 IND0= 0 IND1= 0    L= 4   IA= 1  ISP= 1
  0.000  0.100  0.200  0.300  0.400  0.500  0.600  0.700  0.800  0.900  1.000
  0.951  0.947  0.943  0.939  0.935  0.930  0.926  0.922  0.918  0.913  0.909
  1.500  1.473  1.445  1.417  1.389  1.361  1.333  1.305  1.277  1.249  1.221
 IND0= 0 IND1= 0    L= 5   IA= 1  ISP= 1
  0.000  0.100  0.200  0.300  0.400  0.500  0.600  0.700  0.800  0.900  1.000
  1.053  1.050  1.047  1.044  1.041  1.038  1.035  1.032  1.029  1.026  1.022
  2.192  2.167  2.142  2.116  2.091  2.065  2.039  2.014  1.988  1.962  1.936
 IND0= 0 IND1= 0    L= 6   IA= 1  ISP= 1
  0.000  0.100  0.200  0.300  0.400  0.500  0.600  0.700  0.800  0.900  1.000
  1.141  1.139  1.136  1.134  1.132  1.129  1.127  1.124  1.122  1.119  1.117
  2.928  2.904  2.881  2.857  2.833  2.809  2.785  2.762  2.738  2.714  2.690
 IND0= 0 IND1= 0    L= 7   IA= 1  ISP= 1
  0.000  0.100  0.200  0.300  0.400  0.500  0.600  0.700  0.800  0.900  1.000
  1.219  1.218  1.216  1.214  1.212  1.210  1.208  1.206  1.204  1.202  1.200
  3.707  3.685  3.663  3.641  3.618  3.596  3.574  3.551  3.529  3.507  3.484
 <<< CPU =     0.001(SEC.) FOR SUB.TSRWF  >>>.   TOTAL CPU =     0.043(SEC.).  
   
   RADIAL INTEGRAL OF SPIN-ORBIT HAMILTONIAN 
   
 ===    1/ 33 ===== (  0  0  0)/  4 ==========
  NO. OF PLANE WAVES =         381
 <<< CPU =     0.012(SEC.) FOR SUB.SOHMTX >>>.   TOTAL CPU =     0.159(SEC.).  
 ===    2/ 33 ===== (  0  0  1)/  4 ==========
  NO. OF PLANE WAVES =         381
 <<< CPU =     0.010(SEC.) FOR SUB.SOHMTX >>>.   TOTAL CPU =     0.258(SEC.).  
 ===    3/ 33 ===== (  0  0  2)/  4 ==========
  NO. OF PLANE WAVES =         369
 <<< CPU =     0.010(SEC.) FOR SUB.SOHMTX >>>.   TOTAL CPU =     0.350(SEC.).  
 ===    4/ 33 ===== (  0  0  3)/  4 ==========
  NO. OF PLANE WAVES =         375
 <<< CPU =     0.010(SEC.) FOR SUB.SOHMTX >>>.   TOTAL CPU =     0.445(SEC.).  
 ===    5/ 33 ===== (  0  0  4)/  4 ==========
  NO. OF PLANE WAVES =         375
 <<< CPU =     0.010(SEC.) FOR SUB.SOHMTX >>>.   TOTAL CPU =     0.540(SEC.).  
 ===    6/ 33 ===== (  0  0  5)/  4 ==========
  NO. OF PLANE WAVES =         387
 <<< CPU =     0.010(SEC.) FOR SUB.SOHMTX >>>.   TOTAL CPU =     0.641(SEC.).  
 ===    7/ 33 ===== (  0  0  6)/  4 ==========
  NO. OF PLANE WAVES =         380
 <<< CPU =     0.012(SEC.) FOR SUB.SOHMTX >>>.   TOTAL CPU =     0.750(SEC.).  
 ===    8/ 33 ===== (  0  1  0)/  4 ==========
  NO. OF PLANE WAVES =         374
 <<< CPU =     0.010(SEC.) FOR SUB.SOHMTX >>>.   TOTAL CPU =     0.877(SEC.).  
 ===    9/ 33 ===== (  0  1  1)/  4 ==========
  NO. OF PLANE WAVES =         378
 <<< CPU =     0.010(SEC.) FOR SUB.SOHMTX >>>.   TOTAL CPU =     1.007(SEC.).  
 ===   10/ 33 ===== (  0  1  2)/  4 ==========
  NO. OF PLANE WAVES =         378
 <<< CPU =     0.010(SEC.) FOR SUB.SOHMTX >>>.   TOTAL CPU =     1.139(SEC.).  
 ===   11/ 33 ===== (  0  1  3)/  4 ==========
  NO. OF PLANE WAVES =         375
 <<< CPU =     0.009(SEC.) FOR SUB.SOHMTX >>>.   TOTAL CPU =     1.268(SEC.).  
 ===   12/ 33 ===== (  0  1  4)/  4 ==========
  NO. OF PLANE WAVES =         375
 <<< CPU =     0.010(SEC.) FOR SUB.SOHMTX >>>.   TOTAL CPU =     1.396(SEC.).  
 ===   13/ 33 ===== (  0  1  5)/  4 ==========
  NO. OF PLANE WAVES =         375
 <<< CPU =     0.010(SEC.) FOR SUB.SOHMTX >>>.   TOTAL CPU =     1.524(SEC.).  
 ===   14/ 33 ===== (  0  1  6)/  4 ==========
  NO. OF PLANE WAVES =         373
 <<< CPU =     0.010(SEC.) FOR SUB.SOHMTX >>>.   TOTAL CPU =     1.650(SEC.).  
 ===   15/ 33 ===== (  0  1 -5)/  4 ==========
  NO. OF PLANE WAVES =         374
 <<< CPU =     0.010(SEC.) FOR SUB.SOHMTX >>>.   TOTAL CPU =     1.777(SEC.).  
 ===   16/ 33 ===== (  0  1 -4)/  4 ==========
  NO. OF PLANE WAVES =         371
 <<< CPU =     0.009(SEC.) FOR SUB.SOHMTX >>>.   TOTAL CPU =     1.902(SEC.).  
 ===   17/ 33 ===== (  0  1 -3)/  4 ==========
  NO. OF PLANE WAVES =         376
 <<< CPU =     0.010(SEC.) FOR SUB.SOHMTX >>>.   TOTAL CPU =     2.030(SEC.).  
 ===   18/ 33 ===== (  0  1 -2)/  4 ==========
  NO. OF PLANE WAVES =         373
 <<< CPU =     0.009(SEC.) FOR SUB.SOHMTX >>>.   TOTAL CPU =     2.156(SEC.).  
 ===   19/ 33 ===== (  0  1 -1)/  4 ==========
  NO. OF PLANE WAVES =         380
 <<< CPU =     0.011(SEC.) FOR SUB.SOHMTX >>>.   TOTAL CPU =     2.289(SEC.).  
 ===   20/ 33 ===== (  0  2  0)/  4 ==========
  NO. OF PLANE WAVES =         384
 <<< CPU =     0.010(SEC.) FOR SUB.SOHMTX >>>.   TOTAL CPU =     2.425(SEC.).  
 ===   21/ 33 ===== (  0  2  1)/  4 ==========
  NO. OF PLANE WAVES =         376
 <<< CPU =     0.010(SEC.) FOR SUB.SOHMTX >>>.   TOTAL CPU =     2.555(SEC.).  
 ===   22/ 33 ===== (  0  2  2)/  4 ==========
  NO. OF PLANE WAVES =         379
 <<< CPU =     0.010(SEC.) FOR SUB.SOHMTX >>>.   TOTAL CPU =     2.687(SEC.).  
 ===   23/ 33 ===== (  0  2  3)/  4 ==========
  NO. OF PLANE WAVES =         378
 <<< CPU =     0.010(SEC.) FOR SUB.SOHMTX >>>.   TOTAL CPU =     2.818(SEC.).  
 ===   24/ 33 ===== (  0  2  4)/  4 ==========
  NO. OF PLANE WAVES =         372
 <<< CPU =     0.010(SEC.) FOR SUB.SOHMTX >>>.   TOTAL CPU =     2.922(SEC.).  
 ===   25/ 33 ===== (  0 -2  1)/  4 ==========
  NO. OF PLANE WAVES =         376
 <<< CPU =     0.010(SEC.) FOR SUB.SOHMTX >>>.   TOTAL CPU =     3.049(SEC.).  
 ===   26/ 33 ===== (  0  2 -2)/  4 ==========
  NO. OF PLANE WAVES =         374
 <<< CPU =     0.010(SEC.) FOR SUB.SOHMTX >>>.   TOTAL CPU =     3.154(SEC.).  
 ===   27/ 33 ===== (  1  1  0)/  4 ==========
  NO. OF PLANE WAVES =         377
 <<< CPU =     0.010(SEC.) FOR SUB.SOHMTX >>>.   TOTAL CPU =     3.282(SEC.).  
 ===   28/ 33 ===== (  1  1  1)/  4 ==========
  NO. OF PLANE WAVES =         373
 <<< CPU =     0.010(SEC.) FOR SUB.SOHMTX >>>.   TOTAL CPU =     3.506(SEC.).  
 ===   29/ 33 ===== (  1  1  2)/  4 ==========
  NO. OF PLANE WAVES =         376
 <<< CPU =     0.010(SEC.) FOR SUB.SOHMTX >>>.   TOTAL CPU =     3.729(SEC.).  
 ===   30/ 33 ===== (  1  1  3)/  4 ==========
  NO. OF PLANE WAVES =         375
 <<< CPU =     0.010(SEC.) FOR SUB.SOHMTX >>>.   TOTAL CPU =     3.953(SEC.).  
 ===   31/ 33 ===== (  1  1  4)/  4 ==========
  NO. OF PLANE WAVES =         377
 <<< CPU =     0.010(SEC.) FOR SUB.SOHMTX >>>.   TOTAL CPU =     4.180(SEC.).  
 ===   32/ 33 ===== (  1  1  5)/  4 ==========
  NO. OF PLANE WAVES =         379
 <<< CPU =     0.011(SEC.) FOR SUB.SOHMTX >>>.   TOTAL CPU =     4.408(SEC.).  
 ===   33/ 33 ===== (  1  1  6)/  4 ==========
  NO. OF PLANE WAVES =         378
 <<< CPU =     0.010(SEC.) FOR SUB.SOHMTX >>>.   TOTAL CPU =     4.535(SEC.).  
 TIME TO GET EIGENSTATES.     4.492     4.535
  EMAX=   1.19680491651858         EMIN= -0.725965210214773     
     FERMI-EN=  0.33335003  DOS=     0.11136  INT.DOS=  10.0000000000
  === DOS OF EACH BAND ===
 SPIN= 1    1    0.000    2    0.000    3    0.000    4    0.000    5    0.000
            6    0.000    7    0.000    8    0.000    9    0.046   10    0.046
           11    0.010   12    0.010   13    0.000   14    0.000   15    0.000
           16    0.000   17    0.000   18    0.000   19    0.000   20    0.000
  === OCCUPATION OF EACH BAND ===
 SPIN= 1    1  1.00000    2  1.00000    3  1.00000    4  1.00000    5  1.00000
            6  1.00000    7  1.00000    8  1.00000    9  0.99998   10  0.99998
           11  0.00002   12  0.00002   13  0.00000   14  0.00000   15  0.00000
           16  0.00000   17  0.00000   18  0.00000   19  0.00000   20  0.00000
   NX=  4  NY=  4  NZ=  4
 NEIG= 20NKP1= 33 NSP=  1
   1/ 33  (  0  0  0 )/  4 SPIN= 1
 -0.7260 -0.7260 -0.1228 -0.1228  0.1932  0.1932  0.2589  0.2589  0.2773  0.2773
  0.5187  0.5187  0.5813  0.5813  0.6011  0.6011  0.8458  0.8458  0.8661  0.8661
   2/ 33  (  0  0  1 )/  4 SPIN= 1
 -0.7211 -0.7211 -0.1468 -0.1468  0.2076  0.2076  0.2602  0.2602  0.2779  0.2779
  0.5147  0.5147  0.5685  0.5685  0.5871  0.5871  0.8087  0.8087  0.8746  0.8746
   3/ 33  (  0  0  2 )/  4 SPIN= 1
 -0.7067 -0.7067 -0.2044 -0.2044  0.2354  0.2354  0.2649  0.2649  0.2801  0.2801
  0.5025  0.5025  0.5369  0.5369  0.5523  0.5523  0.7778  0.7778  0.9030  0.9030
   4/ 33  (  0  0  3 )/  4 SPIN= 1
 -0.6838 -0.6838 -0.2740 -0.2740  0.2556  0.2556  0.2760  0.2760  0.2846  0.2846
  0.4800  0.4800  0.5013  0.5013  0.5102  0.5102  0.7824  0.7824  0.9522  0.9522
   5/ 33  (  0  0  4 )/  4 SPIN= 1
 -0.6545 -0.6545 -0.3415 -0.3415  0.2672  0.2672  0.2887  0.2887  0.2913  0.2913
  0.4495  0.4495  0.4710  0.4710  0.4728  0.4728  0.8199  0.8199  1.0207  1.0207
   6/ 33  (  0  0  5 )/  4 SPIN= 1
 -0.6251 -0.6251 -0.3955 -0.3955  0.2763  0.2763  0.2964  0.2964  0.2986  0.2986
  0.4243  0.4243  0.4424  0.4424  0.4530  0.4530  0.8714  0.8714  1.1063  1.1063
   7/ 33  (  0  0  6 )/  4 SPIN= 1
 -0.6109 -0.6109 -0.4181 -0.4181  0.2805  0.2805  0.2986  0.2986  0.3021  0.3021
  0.4145  0.4145  0.4315  0.4315  0.4457  0.4457  0.8993  0.8993  1.1470  1.1470
   8/ 33  (  0  1  0 )/  4 SPIN= 1
 -0.6715 -0.6715 -0.2350 -0.2350  0.1872  0.1872  0.2148  0.2148  0.2526  0.2526
  0.4077  0.4077  0.5153  0.5153  0.5710  0.5710  0.7145  0.7145  0.8804  0.8804
   9/ 33  (  0  1  1 )/  4 SPIN= 1
 -0.6672 -0.6672 -0.2304 -0.2304  0.1319  0.1319  0.1879  0.1879  0.2456  0.2456
  0.4441  0.4441  0.5305  0.5305  0.6273  0.6273  0.7120  0.7120  0.9276  0.9276
  10/ 33  (  0  1  2 )/  4 SPIN= 1
 -0.6539 -0.6539 -0.2456 -0.2456  0.0863  0.0863  0.1680  0.1680  0.2067  0.2067
  0.5169  0.5169  0.5336  0.5336  0.6656  0.6656  0.7435  0.7435  0.9904  0.9904
  11/ 33  (  0  1  3 )/  4 SPIN= 1
 -0.6327 -0.6327 -0.2808 -0.2808  0.0501  0.0501  0.1560  0.1560  0.1810  0.1810
  0.5267  0.5267  0.6053  0.6053  0.6724  0.6724  0.7606  0.7606  1.0548  1.0548
  12/ 33  (  0  1  4 )/  4 SPIN= 1
 -0.6058 -0.6058 -0.3271 -0.3271  0.0196  0.0196  0.1537  0.1537  0.1757  0.1757
  0.5434  0.5434  0.6511  0.6511  0.6670  0.6670  0.7585  0.7585  1.0995  1.0995
  13/ 33  (  0  1  5 )/  4 SPIN= 1
 -0.5790 -0.5790 -0.3709 -0.3709 -0.0039 -0.0039  0.1619  0.1619  0.1864  0.1864
  0.5575  0.5575  0.6152  0.6152  0.7111  0.7111  0.7640  0.7640  1.0643  1.0643
  14/ 33  (  0  1  6 )/  4 SPIN= 1
 -0.5650 -0.5650 -0.3946 -0.3946 -0.0164 -0.0164  0.1794  0.1794  0.2093  0.2093
  0.5459  0.5459  0.5742  0.5742  0.7384  0.7384  0.8020  0.8020  0.9895  0.9895
  15/ 33  (  0  1 -5 )/  4 SPIN= 1
 -0.5763 -0.5763 -0.3847 -0.3847 -0.0137 -0.0137  0.2044  0.2044  0.2422  0.2422
  0.5087  0.5087  0.5309  0.5309  0.7370  0.7370  0.8756  0.8756  0.9219  0.9219
  16/ 33  (  0  1 -4 )/  4 SPIN= 1
 -0.6029 -0.6029 -0.3527 -0.3527  0.0079  0.0079  0.2331  0.2331  0.2843  0.2843
  0.4572  0.4572  0.4889  0.4889  0.7083  0.7083  0.8468  0.8468  0.9807  0.9807
  17/ 33  (  0  1 -3 )/  4 SPIN= 1
 -0.6305 -0.6305 -0.3156 -0.3156  0.0505  0.0505  0.2557  0.2557  0.3344  0.3344
  0.3946  0.3946  0.4639  0.4639  0.6462  0.6462  0.8068  0.8068  0.9680  0.9680
  18/ 33  (  0  1 -2 )/  4 SPIN= 1
 -0.6526 -0.6526 -0.2815 -0.2815  0.1128  0.1128  0.2575  0.2575  0.3267  0.3267
  0.3895  0.3895  0.4717  0.4717  0.5625  0.5625  0.7931  0.7931  0.9173  0.9173
  19/ 33  (  0  1 -1 )/  4 SPIN= 1
 -0.6665 -0.6665 -0.2537 -0.2537  0.1867  0.1867  0.2371  0.2371  0.2604  0.2604
  0.4307  0.4307  0.4939  0.4939  0.5151  0.5151  0.7638  0.7638  0.8614  0.8614
  20/ 33  (  0  2  0 )/  4 SPIN= 1
 -0.5305 -0.5305 -0.4285 -0.4285  0.0612  0.0612  0.1745  0.1745  0.2013  0.2013
  0.4645  0.4645  0.5173  0.5173  0.5244  0.5244  0.7644  0.7644  1.1204  1.1204
  21/ 33  (  0  2  1 )/  4 SPIN= 1
 -0.5317 -0.5317 -0.4006 -0.4006 -0.0060 -0.0060  0.1394  0.1394  0.1544  0.1544
  0.5104  0.5104  0.5932  0.5932  0.6316  0.6316  0.7117  0.7117  1.1288  1.1288
  22/ 33  (  0  2  2 )/  4 SPIN= 1
 -0.5301 -0.5301 -0.3728 -0.3728 -0.0567 -0.0567  0.1013  0.1013  0.1252  0.1252
  0.4990  0.4990  0.6638  0.6638  0.7290  0.7290  0.7503  0.7503  1.1403  1.1403
  23/ 33  (  0  2  3 )/  4 SPIN= 1
 -0.5277 -0.5277 -0.3520 -0.3520 -0.0873 -0.0873  0.0717  0.0717  0.1090  0.1090
  0.4702  0.4702  0.7215  0.7215  0.7872  0.7872  0.8324  0.8324  1.1625  1.1625
  24/ 33  (  0  2  4 )/  4 SPIN= 1
 -0.5265 -0.5265 -0.3443 -0.3443 -0.0973 -0.0973  0.0605  0.0605  0.1036  0.1036
  0.4583  0.4583  0.7450  0.7450  0.8136  0.8136  0.8655  0.8655  1.1968  1.1968
  25/ 33  (  0 -2  1 )/  4 SPIN= 1
 -0.5268 -0.5268 -0.4504 -0.4504  0.1364  0.1364  0.2052  0.2052  0.2581  0.2581
  0.3886  0.3886  0.4201  0.4201  0.4682  0.4682  0.8632  0.8632  1.0990  1.0990
  26/ 33  (  0  2 -2 )/  4 SPIN= 1
 -0.5244 -0.5244 -0.4593 -0.4593  0.1835  0.1835  0.2193  0.2193  0.3091  0.3091
  0.3261  0.3261  0.3692  0.3692  0.4452  0.4452  0.9418  0.9418  1.0505  1.0505
  27/ 33  (  1  1  0 )/  4 SPIN= 1
 -0.5686 -0.5686 -0.3680 -0.3680  0.0220  0.0220  0.1997  0.1997  0.2164  0.2164
  0.4245  0.4245  0.4381  0.4381  0.7058  0.7058  0.7811  0.7811  0.9915  0.9915
  28/ 33  (  1  1  1 )/  4 SPIN= 1
 -0.5649 -0.5649 -0.3706 -0.3706  0.0267  0.0267  0.1513  0.1513  0.2317  0.2317
  0.3955  0.3955  0.5167  0.5167  0.6900  0.6900  0.7717  0.7717  1.0166  1.0166
  29/ 33  (  1  1  2 )/  4 SPIN= 1
 -0.5541 -0.5541 -0.3774 -0.3774  0.0243  0.0243  0.1233  0.1233  0.1751  0.1751
  0.4558  0.4558  0.6032  0.6032  0.6534  0.6534  0.7498  0.7498  1.0790  1.0790
  30/ 33  (  1  1  3 )/  4 SPIN= 1
 -0.5376 -0.5376 -0.3865 -0.3865 -0.0045 -0.0045  0.0977  0.0977  0.1519  0.1519
  0.5474  0.5474  0.6010  0.6010  0.6813  0.6813  0.7368  0.7368  1.0548  1.0548
  31/ 33  (  1  1  4 )/  4 SPIN= 1
 -0.5182 -0.5182 -0.3965 -0.3965 -0.0341 -0.0341  0.0322  0.0322  0.2049  0.2049
  0.5328  0.5328  0.6504  0.6504  0.7247  0.7247  0.7540  0.7540  0.9778  0.9778
  32/ 33  (  1  1  5 )/  4 SPIN= 1
 -0.5008 -0.5008 -0.4055 -0.4055 -0.0494 -0.0494 -0.0165 -0.0165  0.2650  0.2650
  0.4711  0.4711  0.7090  0.7090  0.7627  0.7627  0.7831  0.7831  0.9177  0.9177
  33/ 33  (  1  1  6 )/  4 SPIN= 1
 -0.4933 -0.4933 -0.4096 -0.4096 -0.0474 -0.0474 -0.0410 -0.0410  0.2997  0.2997
  0.4359  0.4359  0.7359  0.7359  0.7489  0.7489  0.8323  0.8323  0.8845  0.8845
 FERMI LEVEL= 0.333350
 ====== EIGENENERGIES HAVE BEEN WRITTEN ON FILE( 6) =====
 ====== EIGENENERGIES HAVE BEEN WRITTEN ON FILE(40) =====




 ----- NO. OF ELECTRONS INSIDE THE MUFFIN-TIN SPHERE ( NEW  ) ---
 ELCOM,ELCO 0.279738E+02 0.279738E+02
 EINM, EIN  0.309707E+02 0.309707E+02
                               IA=  1   M=  0.000,   N= 30.971
                      (TOTAL IN MT-S)   M=  0.000,   N= 61.941
 (VALENCE) MOMENT=  0.000000000000000E+000     CHARGE=   5.99377347832247     
  ===== RHOUT =  2.062106241126971E-002  0.000000000000000E+000
  EKIN=   9218.93332609925     
    
  ===== TOTAL POTENTIAL ====

      VOM(IS)=  -0.152327D+00

 VIM(IA,IS) : UP        DOWN          (POTENTIAL ON THE SPHERE)
 IA=  1 :  V(UP)=  -0.752888D+00   V(DOWN)=
  ===== (IN MT SPHERE) =====     UP       DOWN
 IA=  1   J=   1    R=   0.123410D-03 :   V*R=  -0.659671D+02   0.000000D+00
 IA=  1   J=  51    R=   0.554238D-03 :   V*R=  -0.658510D+02   0.000000D+00
 IA=  1   J= 101    R=   0.248910D-02 :   V*R=  -0.653217D+02   0.000000D+00
 IA=  1   J= 151    R=   0.111787D-01 :   V*R=  -0.629338D+02   0.000000D+00
 IA=  1   J= 201    R=   0.502038D-01 :   V*R=  -0.539426D+02   0.000000D+00
 IA=  1   J= 251    R=   0.225467D+00 :   V*R=  -0.319315D+02   0.000000D+00
 IA=  1   J= 301    R=   0.101258D+01 :   V*R=  -0.684511D+01   0.000000D+00
  ECLM=  -17927.1399270902         EEXC=  -325.669161780303     
             TOTAL ENERGY =  -9033.87576277127     
 (VALENCE IN MT) MOMENT=      0.00000000  CHARGE=      5.99377348
                               IA=  1   M=  2.9969   N=  2.9969
   CONVERGENCE TEST FOR ITER = 1 ==== R.M.S. OF POTENTIAL DEFFERENCE ====
 IA=  1 (As)  IS= 1 : 0.38439D-02
      MAX DIFF OF V*R = 0.30135D-01  AT R(306)= 0.118D+01 WHERE VR=-0.549D+01
 ----------  POTENTIALS HAVE BEEN WRITTEN ON FILE(36).  ------
 ----------  POTENTIALS HAVE BEEN WRITTEN ON FILE(37).  ------
 AMIXCH=  0.100          AMIXMO=  0.100
 ----------  POTENTIALS HAVE BEEN WRITTEN ON FILE(35).  ------
0 ========== ITER=  2 ===========================




 ===== CORE STATE CALCULATION =====
 IA=           1    RMAX=R(         347 )=   4.03263551391383     
  ===== EIGENENERGY OF CORE STATE (RYD.) =====
 100         -859.105125
 200         -108.451532
 210          -95.118441
 300          -13.302698
 310           -9.181020
 320           -2.383757
 IND0=10 IND1= 0    L= 0   IA= 1  ISP= 1
  0.200  0.300  0.400  0.500  0.600  0.700  0.800  0.900  1.000  1.100  1.200
 -0.211 -0.188 -0.164 -0.141 -0.116 -0.092 -0.067 -0.043 -0.018  0.007  0.032
  0.600  0.632  0.662  0.690  0.717  0.743  0.767  0.789  0.809  0.827  0.842
 IND0= 0 IND1= 0    L= 1   IA= 1  ISP= 1
  0.000  0.100  0.200  0.300  0.400  0.500  0.600  0.700  0.800  0.900  1.000
  0.478  0.463  0.448  0.432  0.416  0.399  0.382  0.365  0.347  0.329  0.310
 -0.201 -0.238 -0.274 -0.310 -0.345 -0.381 -0.416 -0.450 -0.485 -0.518 -0.551
 IND0= 0 IND1= 0    L= 2   IA= 1  ISP= 1
  0.000  0.100  0.200  0.300  0.400  0.500  0.600  0.700  0.800  0.900  1.000
 -0.684 -0.677 -0.670 -0.663 -0.655 -0.647 -0.638 -0.630 -0.620 -0.611 -0.602
 -0.374 -0.340 -0.306 -0.272 -0.238 -0.204 -0.170 -0.136 -0.101 -0.067 -0.032
 IND0= 0 IND1= 0    L= 3   IA= 1  ISP= 1
  0.000  0.100  0.200  0.300  0.400  0.500  0.600  0.700  0.800  0.900  1.000
  0.819  0.812  0.806  0.800  0.793  0.786  0.780  0.773  0.766  0.759  0.751
  0.837  0.806  0.775  0.743  0.712  0.680  0.648  0.616  0.584  0.552  0.520
 IND0= 0 IND1= 0    L= 4   IA= 1  ISP= 1
  0.000  0.100  0.200  0.300  0.400  0.500  0.600  0.700  0.800  0.900  1.000
  0.951  0.947  0.943  0.939  0.935  0.930  0.926  0.922  0.918  0.913  0.909
  1.500  1.473  1.445  1.417  1.389  1.361  1.333  1.305  1.277  1.249  1.221
 IND0= 0 IND1= 0    L= 5   IA= 1  ISP= 1
  0.000  0.100  0.200  0.300  0.400  0.500  0.600  0.700  0.800  0.900  1.000
  1.053  1.050  1.047  1.044  1.041  1.038  1.035  1.032  1.029  1.026  1.022
  2.192  2.167  2.142  2.116  2.091  2.065  2.039  2.014  1.988  1.962  1.936
 IND0= 0 IND1= 0    L= 6   IA= 1  ISP= 1
  0.000  0.100  0.200  0.300  0.400  0.500  0.600  0.700  0.800  0.900  1.000
  1.141  1.139  1.136  1.134  1.132  1.129  1.127  1.124  1.122  1.119  1.117
  2.928  2.904  2.880  2.857  2.833  2.809  2.785  2.762  2.738  2.714  2.690
 IND0= 0 IND1= 0    L= 7   IA= 1  ISP= 1
  0.000  0.100  0.200  0.300  0.400  0.500  0.600  0.700  0.800  0.900  1.000
  1.219  1.218  1.216  1.214  1.212  1.210  1.208  1.206  1.204  1.202  1.200
  3.707  3.685  3.663  3.641  3.618  3.596  3.574  3.551  3.529  3.507  3.484
 <<< CPU =     0.001(SEC.) FOR SUB.TSRWF  >>>.   TOTAL CPU =     4.565(SEC.).  
   
   RADIAL INTEGRAL OF SPIN-ORBIT HAMILTONIAN 
   
 ===    1/ 33 ===== (  0  0  0)/  4 ==========
  NO. OF PLANE WAVES =         381
 <<< CPU =     0.012(SEC.) FOR SUB.SOHMTX >>>.   TOTAL CPU =     4.680(SEC.).  
 ===    2/ 33 ===== (  0  0  1)/  4 ==========
  NO. OF PLANE WAVES =         381
 <<< CPU =     0.011(SEC.) FOR SUB.SOHMTX >>>.   TOTAL CPU =     4.779(SEC.).  
 ===    3/ 33 ===== (  0  0  2)/  4 ==========
  NO. OF PLANE WAVES =         369
 <<< CPU =     0.010(SEC.) FOR SUB.SOHMTX >>>.   TOTAL CPU =     4.871(SEC.).  
 ===    4/ 33 ===== (  0  0  3)/  4 ==========
  NO. OF PLANE WAVES =         375
 <<< CPU =     0.010(SEC.) FOR SUB.SOHMTX >>>.   TOTAL CPU =     4.965(SEC.).  
 ===    5/ 33 ===== (  0  0  4)/  4 ==========
  NO. OF PLANE WAVES =         375
 <<< CPU =     0.010(SEC.) FOR SUB.SOHMTX >>>.   TOTAL CPU =     5.059(SEC.).  
 ===    6/ 33 ===== (  0  0  5)/  4 ==========
  NO. OF PLANE WAVES =         387
 <<< CPU =     0.011(SEC.) FOR SUB.SOHMTX >>>.   TOTAL CPU =     5.161(SEC.).  
 ===    7/ 33 ===== (  0  0  6)/  4 ==========
  NO. OF PLANE WAVES =         380
 <<< CPU =     0.012(SEC.) FOR SUB.SOHMTX >>>.   TOTAL CPU =     5.270(SEC.).  
 ===    8/ 33 ===== (  0  1  0)/  4 ==========
  NO. OF PLANE WAVES =         374
 <<< CPU =     0.010(SEC.) FOR SUB.SOHMTX >>>.   TOTAL CPU =     5.397(SEC.).  
 ===    9/ 33 ===== (  0  1  1)/  4 ==========
  NO. OF PLANE WAVES =         378
 <<< CPU =     0.010(SEC.) FOR SUB.SOHMTX >>>.   TOTAL CPU =     5.527(SEC.).  
 ===   10/ 33 ===== (  0  1  2)/  4 ==========
  NO. OF PLANE WAVES =         378
 <<< CPU =     0.010(SEC.) FOR SUB.SOHMTX >>>.   TOTAL CPU =     5.657(SEC.).  
 ===   11/ 33 ===== (  0  1  3)/  4 ==========
  NO. OF PLANE WAVES =         375
 <<< CPU =     0.010(SEC.) FOR SUB.SOHMTX >>>.   TOTAL CPU =     5.786(SEC.).  
 ===   12/ 33 ===== (  0  1  4)/  4 ==========
  NO. OF PLANE WAVES =         375
 <<< CPU =     0.010(SEC.) FOR SUB.SOHMTX >>>.   TOTAL CPU =     5.914(SEC.).  
 ===   13/ 33 ===== (  0  1  5)/  4 ==========
  NO. OF PLANE WAVES =         375
 <<< CPU =     0.010(SEC.) FOR SUB.SOHMTX >>>.   TOTAL CPU =     6.042(SEC.).  
 ===   14/ 33 ===== (  0  1  6)/  4 ==========
  NO. OF PLANE WAVES =         373
 <<< CPU =     0.010(SEC.) FOR SUB.SOHMTX >>>.   TOTAL CPU =     6.168(SEC.).  
 ===   15/ 33 ===== (  0  1 -5)/  4 ==========
  NO. OF PLANE WAVES =         374
 <<< CPU =     0.010(SEC.) FOR SUB.SOHMTX >>>.   TOTAL CPU =     6.296(SEC.).  
 ===   16/ 33 ===== (  0  1 -4)/  4 ==========
  NO. OF PLANE WAVES =         371
 <<< CPU =     0.009(SEC.) FOR SUB.SOHMTX >>>.   TOTAL CPU =     6.421(SEC.).  
 ===   17/ 33 ===== (  0  1 -3)/  4 ==========
  NO. OF PLANE WAVES =         376
 <<< CPU =     0.010(SEC.) FOR SUB.SOHMTX >>>.   TOTAL CPU =     6.551(SEC.).  
 ===   18/ 33 ===== (  0  1 -2)/  4 ==========
  NO. OF PLANE WAVES =         373
 <<< CPU =     0.010(SEC.) FOR SUB.SOHMTX >>>.   TOTAL CPU =     6.677(SEC.).  
 ===   19/ 33 ===== (  0  1 -1)/  4 ==========
  NO. OF PLANE WAVES =         380
 <<< CPU =     0.010(SEC.) FOR SUB.SOHMTX >>>.   TOTAL CPU =     6.809(SEC.).  
 ===   20/ 33 ===== (  0  2  0)/  4 ==========
  NO. OF PLANE WAVES =         384
 <<< CPU =     0.010(SEC.) FOR SUB.SOHMTX >>>.   TOTAL CPU =     6.944(SEC.).  
 ===   21/ 33 ===== (  0  2  1)/  4 ==========
  NO. OF PLANE WAVES =         376
 <<< CPU =     0.010(SEC.) FOR SUB.SOHMTX >>>.   TOTAL CPU =     7.074(SEC.).  
 ===   22/ 33 ===== (  0  2  2)/  4 ==========
  NO. OF PLANE WAVES =         379
 <<< CPU =     0.010(SEC.) FOR SUB.SOHMTX >>>.   TOTAL CPU =     7.204(SEC.).  
 ===   23/ 33 ===== (  0  2  3)/  4 ==========
  NO. OF PLANE WAVES =         378
 <<< CPU =     0.010(SEC.) FOR SUB.SOHMTX >>>.   TOTAL CPU =     7.335(SEC.).  
 ===   24/ 33 ===== (  0  2  4)/  4 ==========
  NO. OF PLANE WAVES =         372
 <<< CPU =     0.010(SEC.) FOR SUB.SOHMTX >>>.   TOTAL CPU =     7.438(SEC.).  
 ===   25/ 33 ===== (  0 -2  1)/  4 ==========
  NO. OF PLANE WAVES =         376
 <<< CPU =     0.010(SEC.) FOR SUB.SOHMTX >>>.   TOTAL CPU =     7.567(SEC.).  
 ===   26/ 33 ===== (  0  2 -2)/  4 ==========
  NO. OF PLANE WAVES =         374
 <<< CPU =     0.010(SEC.) FOR SUB.SOHMTX >>>.   TOTAL CPU =     7.671(SEC.).  
 ===   27/ 33 ===== (  1  1  0)/  4 ==========
  NO. OF PLANE WAVES =         377
 <<< CPU =     0.010(SEC.) FOR SUB.SOHMTX >>>.   TOTAL CPU =     7.798(SEC.).  
 ===   28/ 33 ===== (  1  1  1)/  4 ==========
  NO. OF PLANE WAVES =         373
 <<< CPU =     0.009(SEC.) FOR SUB.SOHMTX >>>.   TOTAL CPU =     8.019(SEC.).  
 ===   29/ 33 ===== (  1  1  2)/  4 ==========
  NO. OF PLANE WAVES =         376
 <<< CPU =     0.010(SEC.) FOR SUB.SOHMTX >>>.   TOTAL CPU =     8.244(SEC.).  
 ===   30/ 33 ===== (  1  1  3)/  4 ==========
  NO. OF PLANE WAVES =         375
 <<< CPU =     0.010(SEC.) FOR SUB.SOHMTX >>>.   TOTAL CPU =     8.467(SEC.).  
 ===   31/ 33 ===== (  1  1  4)/  4 ==========
  NO. OF PLANE WAVES =         377
 <<< CPU =     0.010(SEC.) FOR SUB.SOHMTX >>>.   TOTAL CPU =     8.695(SEC.).  
 ===   32/ 33 ===== (  1  1  5)/  4 ==========
  NO. OF PLANE WAVES =         379
 <<< CPU =     0.010(SEC.) FOR SUB.SOHMTX >>>.   TOTAL CPU =     8.922(SEC.).  
 ===   33/ 33 ===== (  1  1  6)/  4 ==========
  NO. OF PLANE WAVES =         378
 <<< CPU =     0.010(SEC.) FOR SUB.SOHMTX >>>.   TOTAL CPU =     9.049(SEC.).  
 TIME TO GET EIGENSTATES.     4.484     9.049
  EMAX=   1.19626452545063         EMIN= -0.725998716572594     
     FERMI-EN=  0.33311781  DOS=     0.11414  INT.DOS=  10.0000000000
  === DOS OF EACH BAND ===
 SPIN= 1    1    0.000    2    0.000    3    0.000    4    0.000    5    0.000
            6    0.000    7    0.000    8    0.000    9    0.047   10    0.047
           11    0.010   12    0.010   13    0.000   14    0.000   15    0.000
           16    0.000   17    0.000   18    0.000   19    0.000   20    0.000
  === OCCUPATION OF EACH BAND ===
 SPIN= 1    1  1.00000    2  1.00000    3  1.00000    4  1.00000    5  1.00000
            6  1.00000    7  1.00000    8  1.00000    9  0.99998   10  0.99998
           11  0.00002   12  0.00002   13  0.00000   14  0.00000   15  0.00000
           16  0.00000   17  0.00000   18  0.00000   19  0.00000   20  0.00000
   NX=  4  NY=  4  NZ=  4
 NEIG= 20NKP1= 33 NSP=  1
   1/ 33  (  0  0  0 )/  4 SPIN= 1
 -0.7260 -0.7260 -0.1219 -0.1219  0.1930  0.1930  0.2589  0.2589  0.2772  0.2772
  0.5185  0.5185  0.5813  0.5813  0.6010  0.6010  0.8449  0.8449  0.8650  0.8650
   2/ 33  (  0  0  1 )/  4 SPIN= 1
 -0.7212 -0.7212 -0.1461 -0.1461  0.2074  0.2074  0.2601  0.2601  0.2779  0.2779
  0.5145  0.5145  0.5684  0.5684  0.5870  0.5870  0.8077  0.8077  0.8735  0.8735
   3/ 33  (  0  0  2 )/  4 SPIN= 1
 -0.7067 -0.7067 -0.2039 -0.2039  0.2354  0.2354  0.2649  0.2649  0.2801  0.2801
  0.5024  0.5024  0.5368  0.5368  0.5522  0.5522  0.7767  0.7767  0.9019  0.9019
   4/ 33  (  0  0  3 )/  4 SPIN= 1
 -0.6837 -0.6837 -0.2737 -0.2737  0.2556  0.2556  0.2760  0.2760  0.2845  0.2845
  0.4800  0.4800  0.5012  0.5012  0.5100  0.5100  0.7813  0.7813  0.9511  0.9511
   5/ 33  (  0  0  4 )/  4 SPIN= 1
 -0.6544 -0.6544 -0.3414 -0.3414  0.2671  0.2671  0.2887  0.2887  0.2912  0.2912
  0.4493  0.4493  0.4708  0.4708  0.4727  0.4727  0.8190  0.8190  1.0196  1.0196
   6/ 33  (  0  0  5 )/  4 SPIN= 1
 -0.6250 -0.6250 -0.3955 -0.3955  0.2762  0.2762  0.2964  0.2964  0.2985  0.2985
  0.4240  0.4240  0.4421  0.4421  0.4530  0.4530  0.8706  0.8706  1.1053  1.1053
   7/ 33  (  0  0  6 )/  4 SPIN= 1
 -0.6108 -0.6108 -0.4181 -0.4181  0.2805  0.2805  0.2986  0.2986  0.3020  0.3020
  0.4142  0.4142  0.4312  0.4312  0.4456  0.4456  0.8986  0.8986  1.1463  1.1463
   8/ 33  (  0  1  0 )/  4 SPIN= 1
 -0.6715 -0.6715 -0.2344 -0.2344  0.1870  0.1870  0.2147  0.2147  0.2524  0.2524
  0.4073  0.4073  0.5151  0.5151  0.5709  0.5709  0.7134  0.7134  0.8796  0.8796
   9/ 33  (  0  1  1 )/  4 SPIN= 1
 -0.6672 -0.6672 -0.2298 -0.2298  0.1316  0.1316  0.1877  0.1877  0.2453  0.2453
  0.4439  0.4439  0.5300  0.5300  0.6273  0.6273  0.7113  0.7113  0.9268  0.9268
  10/ 33  (  0  1  2 )/  4 SPIN= 1
 -0.6539 -0.6539 -0.2450 -0.2450  0.0859  0.0859  0.1678  0.1678  0.2064  0.2064
  0.5165  0.5165  0.5334  0.5334  0.6657  0.6657  0.7431  0.7431  0.9896  0.9896
  11/ 33  (  0  1  3 )/  4 SPIN= 1
 -0.6326 -0.6326 -0.2803 -0.2803  0.0497  0.0497  0.1558  0.1558  0.1806  0.1806
  0.5260  0.5260  0.6055  0.6055  0.6725  0.6725  0.7603  0.7603  1.0541  1.0541
  12/ 33  (  0  1  4 )/  4 SPIN= 1
 -0.6057 -0.6057 -0.3268 -0.3268  0.0192  0.0192  0.1535  0.1535  0.1754  0.1754
  0.5428  0.5428  0.6512  0.6512  0.6672  0.6672  0.7581  0.7581  1.0988  1.0988
  13/ 33  (  0  1  5 )/  4 SPIN= 1
 -0.5788 -0.5788 -0.3707 -0.3707 -0.0044 -0.0044  0.1616  0.1616  0.1861  0.1861
  0.5574  0.5574  0.6153  0.6153  0.7113  0.7113  0.7634  0.7634  1.0636  1.0636
  14/ 33  (  0  1  6 )/  4 SPIN= 1
 -0.5648 -0.5648 -0.3945 -0.3945 -0.0169 -0.0169  0.1791  0.1791  0.2090  0.2090
  0.5460  0.5460  0.5742  0.5742  0.7387  0.7387  0.8010  0.8010  0.9887  0.9887
  15/ 33  (  0  1 -5 )/  4 SPIN= 1
 -0.5761 -0.5761 -0.3845 -0.3845 -0.0142 -0.0142  0.2042  0.2042  0.2419  0.2419
  0.5088  0.5088  0.5309  0.5309  0.7372  0.7372  0.8747  0.8747  0.9210  0.9210
  16/ 33  (  0  1 -4 )/  4 SPIN= 1
 -0.6028 -0.6028 -0.3524 -0.3524  0.0074  0.0074  0.2329  0.2329  0.2841  0.2841
  0.4574  0.4574  0.4888  0.4888  0.7084  0.7084  0.8459  0.8459  0.9798  0.9798
  17/ 33  (  0  1 -3 )/  4 SPIN= 1
 -0.6305 -0.6305 -0.3152 -0.3152  0.0500  0.0500  0.2556  0.2556  0.3342  0.3342
  0.3947  0.3947  0.4637  0.4637  0.6462  0.6462  0.8059  0.8059  0.9669  0.9669
  18/ 33  (  0  1 -2 )/  4 SPIN= 1
 -0.6525 -0.6525 -0.2810 -0.2810  0.1124  0.1124  0.2575  0.2575  0.3267  0.3267
  0.3894  0.3894  0.4714  0.4714  0.5623  0.5623  0.7923  0.7923  0.9162  0.9162
  19/ 33  (  0  1 -1 )/  4 SPIN= 1
 -0.6665 -0.6665 -0.2532 -0.2532  0.1864  0.1864  0.2370  0.2370  0.2603  0.2603
  0.4305  0.4305  0.4936  0.4936  0.5149  0.5149  0.7627  0.7627  0.8604  0.8604
  20/ 33  (  0  2  0 )/  4 SPIN= 1
 -0.5303 -0.5303 -0.4283 -0.4283  0.0607  0.0607  0.1743  0.1743  0.2010  0.2010
  0.4644  0.4644  0.5170  0.5170  0.5242  0.5242  0.7633  0.7633  1.1200  1.1200
  21/ 33  (  0  2  1 )/  4 SPIN= 1
 -0.5314 -0.5314 -0.4003 -0.4003 -0.0065 -0.0065  0.1391  0.1391  0.1541  0.1541
  0.5101  0.5101  0.5931  0.5931  0.6315  0.6315  0.7108  0.7108  1.1284  1.1284
  22/ 33  (  0  2  2 )/  4 SPIN= 1
 -0.5299 -0.5299 -0.3724 -0.3724 -0.0573 -0.0573  0.1009  0.1009  0.1249  0.1249
  0.4982  0.4982  0.6639  0.6639  0.7287  0.7287  0.7503  0.7503  1.1398  1.1398
  23/ 33  (  0  2  3 )/  4 SPIN= 1
 -0.5274 -0.5274 -0.3516 -0.3516 -0.0879 -0.0879  0.0713  0.0713  0.1087  0.1087
  0.4692  0.4692  0.7217  0.7217  0.7871  0.7871  0.8328  0.8328  1.1619  1.1619
  24/ 33  (  0  2  4 )/  4 SPIN= 1
 -0.5262 -0.5262 -0.3439 -0.3439 -0.0979 -0.0979  0.0601  0.0601  0.1033  0.1033
  0.4573  0.4573  0.7453  0.7453  0.8136  0.8136  0.8660  0.8660  1.1963  1.1963
  25/ 33  (  0 -2  1 )/  4 SPIN= 1
 -0.5266 -0.5266 -0.4503 -0.4503  0.1361  0.1361  0.2051  0.2051  0.2579  0.2579
  0.3883  0.3883  0.4197  0.4197  0.4678  0.4678  0.8622  0.8622  1.0985  1.0985
  26/ 33  (  0  2 -2 )/  4 SPIN= 1
 -0.5242 -0.5242 -0.4591 -0.4591  0.1833  0.1833  0.2192  0.2192  0.3088  0.3088
  0.3258  0.3258  0.3688  0.3688  0.4449  0.4449  0.9409  0.9409  1.0498  1.0498
  27/ 33  (  1  1  0 )/  4 SPIN= 1
 -0.5685 -0.5685 -0.3676 -0.3676  0.0215  0.0215  0.1994  0.1994  0.2161  0.2161
  0.4242  0.4242  0.4378  0.4378  0.7059  0.7059  0.7802  0.7802  0.9906  0.9906
  28/ 33  (  1  1  1 )/  4 SPIN= 1
 -0.5647 -0.5647 -0.3702 -0.3702  0.0262  0.0262  0.1509  0.1509  0.2316  0.2316
  0.3951  0.3951  0.5166  0.5166  0.6901  0.6901  0.7708  0.7708  1.0156  1.0156
  29/ 33  (  1  1  2 )/  4 SPIN= 1
 -0.5540 -0.5540 -0.3770 -0.3770  0.0239  0.0239  0.1229  0.1229  0.1749  0.1749
  0.4555  0.4555  0.6033  0.6033  0.6534  0.6534  0.7489  0.7489  1.0782  1.0782
  30/ 33  (  1  1  3 )/  4 SPIN= 1
 -0.5375 -0.5375 -0.3862 -0.3862 -0.0050 -0.0050  0.0973  0.0973  0.1515  0.1515
  0.5472  0.5472  0.6011  0.6011  0.6813  0.6813  0.7360  0.7360  1.0540  1.0540
  31/ 33  (  1  1  4 )/  4 SPIN= 1
 -0.5180 -0.5180 -0.3962 -0.3962 -0.0347 -0.0347  0.0316  0.0316  0.2046  0.2046
  0.5328  0.5328  0.6503  0.6503  0.7241  0.7241  0.7538  0.7538  0.9770  0.9770
  32/ 33  (  1  1  5 )/  4 SPIN= 1
 -0.5005 -0.5005 -0.4052 -0.4052 -0.0500 -0.0500 -0.0171 -0.0171  0.2648  0.2648
  0.4710  0.4710  0.7087  0.7087  0.7627  0.7627  0.7826  0.7826  0.9172  0.9172
  33/ 33  (  1  1  6 )/  4 SPIN= 1
 -0.4929 -0.4929 -0.4093 -0.4093 -0.0480 -0.0480 -0.0417 -0.0417  0.2997  0.2997
  0.4357  0.4357  0.7355  0.7355  0.7486  0.7486  0.8320  0.8320  0.8842  0.8842
 FERMI LEVEL= 0.333118
 ====== EIGENENERGIES HAVE BEEN WRITTEN ON FILE( 6) =====
 ====== EIGENENERGIES HAVE BEEN WRITTEN ON FILE(40) =====




 ----- NO. OF ELECTRONS INSIDE THE MUFFIN-TIN SPHERE ( NEW  ) ---
 ELCOM,ELCO 0.279737E+02 0.279737E+02
 EINM, EIN  0.309679E+02 0.309679E+02
                               IA=  1   M=  0.000,   N= 30.968
                      (TOTAL IN MT-S)   M=  0.000,   N= 61.936
 (VALENCE) MOMENT=  0.000000000000000E+000     CHARGE=   5.98838468373007     
  ===== RHOUT =  2.064903366162221E-002  0.000000000000000E+000
  EKIN=   9218.82447525659     
    
  ===== TOTAL POTENTIAL ====

      VOM(IS)=  -0.151908D+00

 VIM(IA,IS) : UP        DOWN          (POTENTIAL ON THE SPHERE)
 IA=  1 :  V(UP)=  -0.752852D+00   V(DOWN)=
  ===== (IN MT SPHERE) =====     UP       DOWN
 IA=  1   J=   1    R=   0.123410D-03 :   V*R=  -0.659671D+02   0.000000D+00
 IA=  1   J=  51    R=   0.554238D-03 :   V*R=  -0.658510D+02   0.000000D+00
 IA=  1   J= 101    R=   0.248910D-02 :   V*R=  -0.653217D+02   0.000000D+00
 IA=  1   J= 151    R=   0.111787D-01 :   V*R=  -0.629339D+02   0.000000D+00
 IA=  1   J= 201    R=   0.502038D-01 :   V*R=  -0.539428D+02   0.000000D+00
 IA=  1   J= 251    R=   0.225467D+00 :   V*R=  -0.319322D+02   0.000000D+00
 IA=  1   J= 301    R=   0.101258D+01 :   V*R=  -0.684676D+01   0.000000D+00
  ECLM=  -17927.0393108863         EEXC=  -325.661031439056     
             TOTAL ENERGY =  -9033.87586706875     
 (VALENCE IN MT) MOMENT=      0.00000000  CHARGE=      5.98838468
                               IA=  1   M=  2.9942   N=  2.9942
   CONVERGENCE TEST FOR ITER = 2 ==== R.M.S. OF POTENTIAL DEFFERENCE ====
 IA=  1 (As)  IS= 1 : 0.32247D-02
      MAX DIFF OF V*R = 0.25599D-01  AT R(306)= 0.118D+01 WHERE VR=-0.549D+01
 ----------  POTENTIALS HAVE BEEN WRITTEN ON FILE(36).  ------
 ----------  POTENTIALS HAVE BEEN WRITTEN ON FILE(37).  ------
 AMIXCH=  0.100          AMIXMO=  0.100
 ----------  POTENTIALS HAVE BEEN WRITTEN ON FILE(35).  ------
0 ========== ITER=  3 ===========================




 ===== CORE STATE CALCULATION =====
 IA=           1    RMAX=R(         347 )=   4.03263551391383     
  ===== EIGENENERGY OF CORE STATE (RYD.) =====
 100         -859.102652
 200         -108.449583
 210          -95.116426
 300          -13.300681
 310           -9.178997
 320           -2.381803
 IND0=10 IND1= 0    L= 0   IA= 1  ISP= 1
  0.200  0.300  0.400  0.500  0.600  0.700  0.800  0.900  1.000  1.100  1.200
 -0.211 -0.188 -0.165 -0.141 -0.117 -0.092 -0.068 -0.043 -0.018  0.007  0.031
  0.600  0.631  0.661  0.690  0.717  0.743  0.767  0.789  0.809  0.827  0.842
 IND0= 0 IND1= 0    L= 1   IA= 1  ISP= 1
  0.000  0.100  0.200  0.300  0.400  0.500  0.600  0.700  0.800  0.900  1.000
  0.478  0.463  0.448  0.432  0.416  0.399  0.382  0.365  0.347  0.329  0.310
 -0.201 -0.237 -0.274 -0.310 -0.345 -0.381 -0.416 -0.450 -0.484 -0.518 -0.551
 IND0= 0 IND1= 0    L= 2   IA= 1  ISP= 1
  0.000  0.100  0.200  0.300  0.400  0.500  0.600  0.700  0.800  0.900  1.000
 -0.684 -0.677 -0.670 -0.663 -0.655 -0.647 -0.638 -0.630 -0.621 -0.611 -0.602
 -0.374 -0.340 -0.306 -0.273 -0.239 -0.204 -0.170 -0.136 -0.101 -0.067 -0.033
 IND0= 0 IND1= 0    L= 3   IA= 1  ISP= 1
  0.000  0.100  0.200  0.300  0.400  0.500  0.600  0.700  0.800  0.900  1.000
  0.819  0.812  0.806  0.800  0.793  0.786  0.780  0.773  0.766  0.759  0.751
  0.837  0.806  0.775  0.743  0.712  0.680  0.648  0.616  0.584  0.552  0.520
 IND0= 0 IND1= 0    L= 4   IA= 1  ISP= 1
  0.000  0.100  0.200  0.300  0.400  0.500  0.600  0.700  0.800  0.900  1.000
  0.951  0.947  0.943  0.939  0.935  0.930  0.926  0.922  0.918  0.913  0.909
  1.500  1.473  1.445  1.417  1.389  1.361  1.333  1.305  1.277  1.249  1.221
 IND0= 0 IND1= 0    L= 5   IA= 1  ISP= 1
  0.000  0.100  0.200  0.300  0.400  0.500  0.600  0.700  0.800  0.900  1.000
  1.053  1.050  1.047  1.044  1.041  1.038  1.035  1.032  1.029  1.026  1.022
  2.192  2.167  2.142  2.116  2.091  2.065  2.039  2.014  1.988  1.962  1.936
 IND0= 0 IND1= 0    L= 6   IA= 1  ISP= 1
  0.000  0.100  0.200  0.300  0.400  0.500  0.600  0.700  0.800  0.900  1.000
  1.141  1.139  1.136  1.134  1.132  1.129  1.127  1.124  1.122  1.119  1.117
  2.928  2.904  2.880  2.857  2.833  2.809  2.785  2.762  2.738  2.714  2.690
 IND0= 0 IND1= 0    L= 7   IA= 1  ISP= 1
  0.000  0.100  0.200  0.300  0.400  0.500  0.600  0.700  0.800  0.900  1.000
  1.219  1.218  1.216  1.214  1.212  1.210  1.208  1.206  1.204  1.202  1.200
  3.707  3.685  3.663  3.641  3.618  3.596  3.574  3.551  3.529  3.507  3.484
 <<< CPU =     0.001(SEC.) FOR SUB.TSRWF  >>>.   TOTAL CPU =     9.079(SEC.).  
   
   RADIAL INTEGRAL OF SPIN-ORBIT HAMILTONIAN 
   
 ===    1/ 33 ===== (  0  0  0)/  4 ==========
  NO. OF PLANE WAVES =         381
 <<< CPU =     0.012(SEC.) FOR SUB.SOHMTX >>>.   TOTAL CPU =     9.193(SEC.).  
 ===    2/ 33 ===== (  0  0  1)/  4 ==========
  NO. OF PLANE WAVES =         381
 <<< CPU =     0.010(SEC.) FOR SUB.SOHMTX >>>.   TOTAL CPU =     9.291(SEC.).  
 ===    3/ 33 ===== (  0  0  2)/  4 ==========
  NO. OF PLANE WAVES =         369
 <<< CPU =     0.010(SEC.) FOR SUB.SOHMTX >>>.   TOTAL CPU =     9.383(SEC.).  
 ===    4/ 33 ===== (  0  0  3)/  4 ==========
  NO. OF PLANE WAVES =         375
 <<< CPU =     0.011(SEC.) FOR SUB.SOHMTX >>>.   TOTAL CPU =     9.479(SEC.).  
 ===    5/ 33 ===== (  0  0  4)/  4 ==========
  NO. OF PLANE WAVES =         375
 <<< CPU =     0.010(SEC.) FOR SUB.SOHMTX >>>.   TOTAL CPU =     9.573(SEC.).  
 ===    6/ 33 ===== (  0  0  5)/  4 ==========
  NO. OF PLANE WAVES =         387
 <<< CPU =     0.010(SEC.) FOR SUB.SOHMTX >>>.   TOTAL CPU =     9.674(SEC.).  
 ===    7/ 33 ===== (  0  0  6)/  4 ==========
  NO. OF PLANE WAVES =         380
 <<< CPU =     0.012(SEC.) FOR SUB.SOHMTX >>>.   TOTAL CPU =     9.782(SEC.).  
 ===    8/ 33 ===== (  0  1  0)/  4 ==========
  NO. OF PLANE WAVES =         374
 <<< CPU =     0.009(SEC.) FOR SUB.SOHMTX >>>.   TOTAL CPU =     9.909(SEC.).  
 ===    9/ 33 ===== (  0  1  1)/  4 ==========
  NO. OF PLANE WAVES =         378
 <<< CPU =     0.010(SEC.) FOR SUB.SOHMTX >>>.   TOTAL CPU =    10.039(SEC.).  
 ===   10/ 33 ===== (  0  1  2)/  4 ==========
  NO. OF PLANE WAVES =         378
 <<< CPU =     0.010(SEC.) FOR SUB.SOHMTX >>>.   TOTAL CPU =    10.170(SEC.).  
 ===   11/ 33 ===== (  0  1  3)/  4 ==========
  NO. OF PLANE WAVES =         375
 <<< CPU =     0.010(SEC.) FOR SUB.SOHMTX >>>.   TOTAL CPU =    10.298(SEC.).  
 ===   12/ 33 ===== (  0  1  4)/  4 ==========
  NO. OF PLANE WAVES =         375
 <<< CPU =     0.010(SEC.) FOR SUB.SOHMTX >>>.   TOTAL CPU =    10.426(SEC.).  
 ===   13/ 33 ===== (  0  1  5)/  4 ==========
  NO. OF PLANE WAVES =         375
 <<< CPU =     0.010(SEC.) FOR SUB.SOHMTX >>>.   TOTAL CPU =    10.554(SEC.).  
 ===   14/ 33 ===== (  0  1  6)/  4 ==========
  NO. OF PLANE WAVES =         373
 <<< CPU =     0.009(SEC.) FOR SUB.SOHMTX >>>.   TOTAL CPU =    10.680(SEC.).  
 ===   15/ 33 ===== (  0  1 -5)/  4 ==========
  NO. OF PLANE WAVES =         374
 <<< CPU =     0.009(SEC.) FOR SUB.SOHMTX >>>.   TOTAL CPU =    10.807(SEC.).  
 ===   16/ 33 ===== (  0  1 -4)/  4 ==========
  NO. OF PLANE WAVES =         371
 <<< CPU =     0.010(SEC.) FOR SUB.SOHMTX >>>.   TOTAL CPU =    10.932(SEC.).  
 ===   17/ 33 ===== (  0  1 -3)/  4 ==========
  NO. OF PLANE WAVES =         376
 <<< CPU =     0.010(SEC.) FOR SUB.SOHMTX >>>.   TOTAL CPU =    11.061(SEC.).  
 ===   18/ 33 ===== (  0  1 -2)/  4 ==========
  NO. OF PLANE WAVES =         373
 <<< CPU =     0.010(SEC.) FOR SUB.SOHMTX >>>.   TOTAL CPU =    11.189(SEC.).  
 ===   19/ 33 ===== (  0  1 -1)/  4 ==========
  NO. OF PLANE WAVES =         380
 <<< CPU =     0.010(SEC.) FOR SUB.SOHMTX >>>.   TOTAL CPU =    11.321(SEC.).  
 ===   20/ 33 ===== (  0  2  0)/  4 ==========
  NO. OF PLANE WAVES =         384
 <<< CPU =     0.010(SEC.) FOR SUB.SOHMTX >>>.   TOTAL CPU =    11.455(SEC.).  
 ===   21/ 33 ===== (  0  2  1)/  4 ==========
  NO. OF PLANE WAVES =         376
 <<< CPU =     0.010(SEC.) FOR SUB.SOHMTX >>>.   TOTAL CPU =    11.584(SEC.).  
 ===   22/ 33 ===== (  0  2  2)/  4 ==========
  NO. OF PLANE WAVES =         379
 <<< CPU =     0.010(SEC.) FOR SUB.SOHMTX >>>.   TOTAL CPU =    11.715(SEC.).  
 ===   23/ 33 ===== (  0  2  3)/  4 ==========
  NO. OF PLANE WAVES =         378
 <<< CPU =     0.010(SEC.) FOR SUB.SOHMTX >>>.   TOTAL CPU =    11.846(SEC.).  
 ===   24/ 33 ===== (  0  2  4)/  4 ==========
  NO. OF PLANE WAVES =         372
 <<< CPU =     0.010(SEC.) FOR SUB.SOHMTX >>>.   TOTAL CPU =    11.949(SEC.).  
 ===   25/ 33 ===== (  0 -2  1)/  4 ==========
  NO. OF PLANE WAVES =         376
 <<< CPU =     0.010(SEC.) FOR SUB.SOHMTX >>>.   TOTAL CPU =    12.078(SEC.).  
 ===   26/ 33 ===== (  0  2 -2)/  4 ==========
  NO. OF PLANE WAVES =         374
 <<< CPU =     0.010(SEC.) FOR SUB.SOHMTX >>>.   TOTAL CPU =    12.182(SEC.).  
 ===   27/ 33 ===== (  1  1  0)/  4 ==========
  NO. OF PLANE WAVES =         377
 <<< CPU =     0.010(SEC.) FOR SUB.SOHMTX >>>.   TOTAL CPU =    12.309(SEC.).  
 ===   28/ 33 ===== (  1  1  1)/  4 ==========
  NO. OF PLANE WAVES =         373
 <<< CPU =     0.009(SEC.) FOR SUB.SOHMTX >>>.   TOTAL CPU =    12.531(SEC.).  
 ===   29/ 33 ===== (  1  1  2)/  4 ==========
  NO. OF PLANE WAVES =         376
 <<< CPU =     0.009(SEC.) FOR SUB.SOHMTX >>>.   TOTAL CPU =    12.755(SEC.).  
 ===   30/ 33 ===== (  1  1  3)/  4 ==========
  NO. OF PLANE WAVES =         375
 <<< CPU =     0.010(SEC.) FOR SUB.SOHMTX >>>.   TOTAL CPU =    12.980(SEC.).  
 ===   31/ 33 ===== (  1  1  4)/  4 ==========
  NO. OF PLANE WAVES =         377
 <<< CPU =     0.010(SEC.) FOR SUB.SOHMTX >>>.   TOTAL CPU =    13.206(SEC.).  
 ===   32/ 33 ===== (  1  1  5)/  4 ==========
  NO. OF PLANE WAVES =         379
 <<< CPU =     0.009(SEC.) FOR SUB.SOHMTX >>>.   TOTAL CPU =    13.435(SEC.).  
 ===   33/ 33 ===== (  1  1  6)/  4 ==========
  NO. OF PLANE WAVES =         378
 <<< CPU =     0.010(SEC.) FOR SUB.SOHMTX >>>.   TOTAL CPU =    13.563(SEC.).  
 TIME TO GET EIGENSTATES.     4.484    13.563
  EMAX=   1.19577213094128         EMIN= -0.726056450764227     
     FERMI-EN=  0.33288894  DOS=     0.11659  INT.DOS=  10.0000000000
  === DOS OF EACH BAND ===
 SPIN= 1    1    0.000    2    0.000    3    0.000    4    0.000    5    0.000
            6    0.000    7    0.000    8    0.000    9    0.048   10    0.048
           11    0.010   12    0.010   13    0.000   14    0.000   15    0.000
           16    0.000   17    0.000   18    0.000   19    0.000   20    0.000
  === OCCUPATION OF EACH BAND ===
 SPIN= 1    1  1.00000    2  1.00000    3  1.00000    4  1.00000    5  1.00000
            6  1.00000    7  1.00000    8  1.00000    9  0.99997   10  0.99997
           11  0.00003   12  0.00003   13  0.00000   14  0.00000   15  0.00000
           16  0.00000   17  0.00000   18  0.00000   19  0.00000   20  0.00000
   NX=  4  NY=  4  NZ=  4
 NEIG= 20NKP1= 33 NSP=  1
   1/ 33  (  0  0  0 )/  4 SPIN= 1
 -0.7261 -0.7261 -0.1212 -0.1212  0.1927  0.1927  0.2588  0.2588  0.2772  0.2772
  0.5184  0.5184  0.5813  0.5813  0.6010  0.6010  0.8441  0.8441  0.8640  0.8640
   2/ 33  (  0  0  1 )/  4 SPIN= 1
 -0.7212 -0.7212 -0.1455 -0.1455  0.2073  0.2073  0.2601  0.2601  0.2778  0.2778
  0.5144  0.5144  0.5684  0.5684  0.5869  0.5869  0.8068  0.8068  0.8725  0.8725
   3/ 33  (  0  0  2 )/  4 SPIN= 1
 -0.7068 -0.7068 -0.2035 -0.2035  0.2354  0.2354  0.2648  0.2648  0.2800  0.2800
  0.5024  0.5024  0.5367  0.5367  0.5521  0.5521  0.7757  0.7757  0.9009  0.9009
   4/ 33  (  0  0  3 )/  4 SPIN= 1
 -0.6838 -0.6838 -0.2734 -0.2734  0.2556  0.2556  0.2759  0.2759  0.2844  0.2844
  0.4799  0.4799  0.5011  0.5011  0.5098  0.5098  0.7803  0.7803  0.9501  0.9501
   5/ 33  (  0  0  4 )/  4 SPIN= 1
 -0.6544 -0.6544 -0.3413 -0.3413  0.2671  0.2671  0.2887  0.2887  0.2911  0.2911
  0.4491  0.4491  0.4706  0.4706  0.4726  0.4726  0.8181  0.8181  1.0187  1.0187
   6/ 33  (  0  0  5 )/  4 SPIN= 1
 -0.6249 -0.6249 -0.3955 -0.3955  0.2762  0.2762  0.2963  0.2963  0.2984  0.2984
  0.4238  0.4238  0.4418  0.4418  0.4529  0.4529  0.8698  0.8698  1.1044  1.1044
   7/ 33  (  0  0  6 )/  4 SPIN= 1
 -0.6106 -0.6106 -0.4182 -0.4182  0.2804  0.2804  0.2986  0.2986  0.3019  0.3019
  0.4140  0.4140  0.4309  0.4309  0.4455  0.4455  0.8980  0.8980  1.1457  1.1457
   8/ 33  (  0  1  0 )/  4 SPIN= 1
 -0.6715 -0.6715 -0.2340 -0.2340  0.1868  0.1868  0.2145  0.2145  0.2523  0.2523
  0.4070  0.4070  0.5148  0.5148  0.5708  0.5708  0.7124  0.7124  0.8788  0.8788
   9/ 33  (  0  1  1 )/  4 SPIN= 1
 -0.6672 -0.6672 -0.2292 -0.2292  0.1313  0.1313  0.1875  0.1875  0.2451  0.2451
  0.4437  0.4437  0.5295  0.5295  0.6273  0.6273  0.7106  0.7106  0.9260  0.9260
  10/ 33  (  0  1  2 )/  4 SPIN= 1
 -0.6539 -0.6539 -0.2445 -0.2445  0.0855  0.0855  0.1675  0.1675  0.2061  0.2061
  0.5160  0.5160  0.5332  0.5332  0.6658  0.6658  0.7427  0.7427  0.9888  0.9888
  11/ 33  (  0  1  3 )/  4 SPIN= 1
 -0.6326 -0.6326 -0.2799 -0.2799  0.0494  0.0494  0.1555  0.1555  0.1803  0.1803
  0.5253  0.5253  0.6057  0.6057  0.6726  0.6726  0.7600  0.7600  1.0535  1.0535
  12/ 33  (  0  1  4 )/  4 SPIN= 1
 -0.6056 -0.6056 -0.3265 -0.3265  0.0188  0.0188  0.1532  0.1532  0.1750  0.1750
  0.5424  0.5424  0.6513  0.6513  0.6674  0.6674  0.7577  0.7577  1.0982  1.0982
  13/ 33  (  0  1  5 )/  4 SPIN= 1
 -0.5786 -0.5786 -0.3706 -0.3706 -0.0048 -0.0048  0.1614  0.1614  0.1858  0.1858
  0.5572  0.5572  0.6153  0.6153  0.7114  0.7114  0.7628  0.7628  1.0629  1.0629
  14/ 33  (  0  1  6 )/  4 SPIN= 1
 -0.5646 -0.5646 -0.3944 -0.3944 -0.0173 -0.0173  0.1789  0.1789  0.2087  0.2087
  0.5460  0.5460  0.5742  0.5742  0.7388  0.7388  0.8002  0.8002  0.9879  0.9879
  15/ 33  (  0  1 -5 )/  4 SPIN= 1
 -0.5760 -0.5760 -0.3844 -0.3844 -0.0146 -0.0146  0.2040  0.2040  0.2417  0.2417
  0.5089  0.5089  0.5308  0.5308  0.7373  0.7373  0.8739  0.8739  0.9203  0.9203
  16/ 33  (  0  1 -4 )/  4 SPIN= 1
 -0.6028 -0.6028 -0.3522 -0.3522  0.0069  0.0069  0.2327  0.2327  0.2838  0.2838
  0.4574  0.4574  0.4887  0.4887  0.7085  0.7085  0.8452  0.8452  0.9790  0.9790
  17/ 33  (  0  1 -3 )/  4 SPIN= 1
 -0.6304 -0.6304 -0.3149 -0.3149  0.0495  0.0495  0.2555  0.2555  0.3340  0.3340
  0.3947  0.3947  0.4635  0.4635  0.6461  0.6461  0.8051  0.8051  0.9659  0.9659
  18/ 33  (  0  1 -2 )/  4 SPIN= 1
 -0.6525 -0.6525 -0.2807 -0.2807  0.1120  0.1120  0.2574  0.2574  0.3266  0.3266
  0.3892  0.3892  0.4712  0.4712  0.5621  0.5621  0.7915  0.7915  0.9152  0.9152
  19/ 33  (  0  1 -1 )/  4 SPIN= 1
 -0.6665 -0.6665 -0.2528 -0.2528  0.1862  0.1862  0.2369  0.2369  0.2601  0.2601
  0.4303  0.4303  0.4933  0.4933  0.5147  0.5147  0.7618  0.7618  0.8596  0.8596
  20/ 33  (  0  2  0 )/  4 SPIN= 1
 -0.5302 -0.5302 -0.4281 -0.4281  0.0603  0.0603  0.1741  0.1741  0.2007  0.2007
  0.4642  0.4642  0.5168  0.5168  0.5239  0.5239  0.7624  0.7624  1.1197  1.1197
  21/ 33  (  0  2  1 )/  4 SPIN= 1
 -0.5313 -0.5313 -0.4000 -0.4000 -0.0070 -0.0070  0.1389  0.1389  0.1538  0.1538
  0.5098  0.5098  0.5930  0.5930  0.6313  0.6313  0.7100  0.7100  1.1280  1.1280
  22/ 33  (  0  2  2 )/  4 SPIN= 1
 -0.5297 -0.5297 -0.3721 -0.3721 -0.0578 -0.0578  0.1006  0.1006  0.1246  0.1246
  0.4975  0.4975  0.6639  0.6639  0.7283  0.7283  0.7503  0.7503  1.1394  1.1394
  23/ 33  (  0  2  3 )/  4 SPIN= 1
 -0.5272 -0.5272 -0.3513 -0.3513 -0.0885 -0.0885  0.0709  0.0709  0.1084  0.1084
  0.4683  0.4683  0.7219  0.7219  0.7870  0.7870  0.8330  0.8330  1.1615  1.1615
  24/ 33  (  0  2  4 )/  4 SPIN= 1
 -0.5260 -0.5260 -0.3435 -0.3435 -0.0984 -0.0984  0.0596  0.0596  0.1030  0.1030
  0.4564  0.4564  0.7455  0.7455  0.8136  0.8136  0.8664  0.8664  1.1958  1.1958
  25/ 33  (  0 -2  1 )/  4 SPIN= 1
 -0.5265 -0.5265 -0.4501 -0.4501  0.1357  0.1357  0.2049  0.2049  0.2577  0.2577
  0.3881  0.3881  0.4194  0.4194  0.4675  0.4675  0.8613  0.8613  1.0980  1.0980
  26/ 33  (  0  2 -2 )/  4 SPIN= 1
 -0.5240 -0.5240 -0.4590 -0.4590  0.1831  0.1831  0.2190  0.2190  0.3086  0.3086
  0.3255  0.3255  0.3684  0.3684  0.4445  0.4445  0.9401  0.9401  1.0490  1.0490
  27/ 33  (  1  1  0 )/  4 SPIN= 1
 -0.5684 -0.5684 -0.3673 -0.3673  0.0210  0.0210  0.1991  0.1991  0.2159  0.2159
  0.4239  0.4239  0.4376  0.4376  0.7060  0.7060  0.7794  0.7794  0.9897  0.9897
  28/ 33  (  1  1  1 )/  4 SPIN= 1
 -0.5647 -0.5647 -0.3699 -0.3699  0.0258  0.0258  0.1505  0.1505  0.2314  0.2314
  0.3947  0.3947  0.5165  0.5165  0.6902  0.6902  0.7701  0.7701  1.0147  1.0147
  29/ 33  (  1  1  2 )/  4 SPIN= 1
 -0.5539 -0.5539 -0.3767 -0.3767  0.0235  0.0235  0.1225  0.1225  0.1746  0.1746
  0.4551  0.4551  0.6034  0.6034  0.6535  0.6535  0.7482  0.7482  1.0774  1.0774
  30/ 33  (  1  1  3 )/  4 SPIN= 1
 -0.5373 -0.5373 -0.3859 -0.3859 -0.0055 -0.0055  0.0969  0.0969  0.1511  0.1511
  0.5470  0.5470  0.6011  0.6011  0.6813  0.6813  0.7353  0.7353  1.0533  1.0533
  31/ 33  (  1  1  4 )/  4 SPIN= 1
 -0.5178 -0.5178 -0.3959 -0.3959 -0.0352 -0.0352  0.0312  0.0312  0.2043  0.2043
  0.5327  0.5327  0.6503  0.6503  0.7235  0.7235  0.7537  0.7537  0.9762  0.9762
  32/ 33  (  1  1  5 )/  4 SPIN= 1
 -0.5003 -0.5003 -0.4049 -0.4049 -0.0506 -0.0506 -0.0177 -0.0177  0.2647  0.2647
  0.4708  0.4708  0.7084  0.7084  0.7627  0.7627  0.7821  0.7821  0.9167  0.9167
  33/ 33  (  1  1  6 )/  4 SPIN= 1
 -0.4927 -0.4927 -0.4090 -0.4090 -0.0486 -0.0486 -0.0422 -0.0422  0.2997  0.2997
  0.4355  0.4355  0.7352  0.7352  0.7482  0.7482  0.8317  0.8317  0.8839  0.8839
 FERMI LEVEL= 0.332889
 ====== EIGENENERGIES HAVE BEEN WRITTEN ON FILE( 6) =====
 ====== EIGENENERGIES HAVE BEEN WRITTEN ON FILE(40) =====




 ----- NO. OF ELECTRONS INSIDE THE MUFFIN-TIN SPHERE ( NEW  ) ---
 ELCOM,ELCO 0.279737E+02 0.279737E+02
 EINM, EIN  0.309656E+02 0.309656E+02
                               IA=  1   M=  0.000,   N= 30.966
                      (TOTAL IN MT-S)   M=  0.000,   N= 61.931
 (VALENCE) MOMENT=  0.000000000000000E+000     CHARGE=   5.98377474382126     
  ===== RHOUT =  2.067293569166796E-002  0.000000000000000E+000
  EKIN=   9218.74420701882     
    
  ===== TOTAL POTENTIAL ====

      VOM(IS)=  -0.151550D+00

 VIM(IA,IS) : UP        DOWN          (POTENTIAL ON THE SPHERE)
 IA=  1 :  V(UP)=  -0.752819D+00   V(DOWN)=
  ===== (IN MT SPHERE) =====     UP       DOWN
 IA=  1   J=   1    R=   0.123410D-03 :   V*R=  -0.659671D+02   0.000000D+00
 IA=  1   J=  51    R=   0.554238D-03 :   V*R=  -0.658510D+02   0.000000D+00
 IA=  1   J= 101    R=   0.248910D-02 :   V*R=  -0.653217D+02   0.000000D+00
 IA=  1   J= 151    R=   0.111787D-01 :   V*R=  -0.629339D+02   0.000000D+00
 IA=  1   J= 201    R=   0.502038D-01 :   V*R=  -0.539429D+02   0.000000D+00
 IA=  1   J= 251    R=   0.225467D+00 :   V*R=  -0.319328D+02   0.000000D+00
 IA=  1   J= 301    R=   0.101258D+01 :   V*R=  -0.684813D+01   0.000000D+00
  ECLM=  -17926.9653868892         EEXC=  -325.654755320668     
             TOTAL ENERGY =  -9033.87593519100     
 (VALENCE IN MT) MOMENT=      0.00000000  CHARGE=      5.98377474
                               IA=  1   M=  2.9919   N=  2.9919
   CONVERGENCE TEST FOR ITER = 3 ==== R.M.S. OF POTENTIAL DEFFERENCE ====
 IA=  1 (As)  IS= 1 : 0.27105D-02
      MAX DIFF OF V*R = 0.21766D-01  AT R(306)= 0.118D+01 WHERE VR=-0.549D+01
 ----------  POTENTIALS HAVE BEEN WRITTEN ON FILE(36).  ------
 ----------  POTENTIALS HAVE BEEN WRITTEN ON FILE(37).  ------
 AMIXCH=  0.100          AMIXMO=  0.100
 ----------  POTENTIALS HAVE BEEN WRITTEN ON FILE(35).  ------
0 ========== ITER=  4 ===========================




 ===== CORE STATE CALCULATION =====
 IA=           1    RMAX=R(         347 )=   4.03263551391383     
  ===== EIGENENERGY OF CORE STATE (RYD.) =====
 100         -859.100714
 200         -108.448085
 210          -95.114873
 300          -13.299062
 310           -9.177370
 320           -2.380228
 IND0=10 IND1= 0    L= 0   IA= 1  ISP= 1
  0.200  0.300  0.400  0.500  0.600  0.700  0.800  0.900  1.000  1.100  1.200
 -0.211 -0.188 -0.165 -0.141 -0.117 -0.093 -0.068 -0.043 -0.019  0.006  0.031
  0.600  0.631  0.661  0.690  0.717  0.743  0.766  0.788  0.808  0.826  0.842
 IND0= 0 IND1= 0    L= 1   IA= 1  ISP= 1
  0.000  0.100  0.200  0.300  0.400  0.500  0.600  0.700  0.800  0.900  1.000
  0.478  0.463  0.448  0.432  0.416  0.399  0.382  0.365  0.347  0.329  0.310
 -0.201 -0.237 -0.273 -0.309 -0.345 -0.381 -0.416 -0.450 -0.484 -0.518 -0.551
 IND0= 0 IND1= 0    L= 2   IA= 1  ISP= 1
  0.000  0.100  0.200  0.300  0.400  0.500  0.600  0.700  0.800  0.900  1.000
 -0.684 -0.677 -0.670 -0.663 -0.655 -0.647 -0.638 -0.630 -0.621 -0.611 -0.602
 -0.374 -0.340 -0.307 -0.273 -0.239 -0.204 -0.170 -0.136 -0.102 -0.067 -0.033
 IND0= 0 IND1= 0    L= 3   IA= 1  ISP= 1
  0.000  0.100  0.200  0.300  0.400  0.500  0.600  0.700  0.800  0.900  1.000
  0.819  0.812  0.806  0.800  0.793  0.786  0.780  0.773  0.766  0.759  0.751
  0.837  0.806  0.775  0.743  0.712  0.680  0.648  0.616  0.584  0.552  0.520
 IND0= 0 IND1= 0    L= 4   IA= 1  ISP= 1
  0.000  0.100  0.200  0.300  0.400  0.500  0.600  0.700  0.800  0.900  1.000
  0.951  0.947  0.943  0.939  0.935  0.930  0.926  0.922  0.918  0.913  0.909
  1.500  1.473  1.445  1.417  1.389  1.361  1.333  1.305  1.277  1.249  1.221
 IND0= 0 IND1= 0    L= 5   IA= 1  ISP= 1
  0.000  0.100  0.200  0.300  0.400  0.500  0.600  0.700  0.800  0.900  1.000
  1.053  1.050  1.047  1.044  1.041  1.038  1.035  1.032  1.029  1.026  1.022
  2.192  2.167  2.141  2.116  2.090  2.065  2.039  2.014  1.988  1.962  1.936
 IND0= 0 IND1= 0    L= 6   IA= 1  ISP= 1
  0.000  0.100  0.200  0.300  0.400  0.500  0.600  0.700  0.800  0.900  1.000
  1.141  1.139  1.136  1.134  1.132  1.129  1.127  1.124  1.122  1.119  1.117
  2.928  2.904  2.880  2.857  2.833  2.809  2.785  2.762  2.738  2.714  2.690
 IND0= 0 IND1= 0    L= 7   IA= 1  ISP= 1
  0.000  0.100  0.200  0.300  0.400  0.500  0.600  0.700  0.800  0.900  1.000
  1.219  1.218  1.216  1.214  1.212  1.210  1.208  1.206  1.204  1.202  1.200
  3.707  3.685  3.663  3.641  3.618  3.596  3.574  3.551  3.529  3.507  3.484
 <<< CPU =     0.001(SEC.) FOR SUB.TSRWF  >>>.   TOTAL CPU =    13.592(SEC.).  
   
   RADIAL INTEGRAL OF SPIN-ORBIT HAMILTONIAN 
   
 ===    1/ 33 ===== (  0  0  0)/  4 ==========
  NO. OF PLANE WAVES =         381
 <<< CPU =     0.012(SEC.) FOR SUB.SOHMTX >>>.   TOTAL CPU =    13.706(SEC.).  
 ===    2/ 33 ===== (  0  0  1)/  4 ==========
  NO. OF PLANE WAVES =         381
 <<< CPU =     0.010(SEC.) FOR SUB.SOHMTX >>>.   TOTAL CPU =    13.804(SEC.).  
 ===    3/ 33 ===== (  0  0  2)/  4 ==========
  NO. OF PLANE WAVES =         369
 <<< CPU =     0.010(SEC.) FOR SUB.SOHMTX >>>.   TOTAL CPU =    13.896(SEC.).  
 ===    4/ 33 ===== (  0  0  3)/  4 ==========
  NO. OF PLANE WAVES =         375
 <<< CPU =     0.010(SEC.) FOR SUB.SOHMTX >>>.   TOTAL CPU =    13.990(SEC.).  
 ===    5/ 33 ===== (  0  0  4)/  4 ==========
  NO. OF PLANE WAVES =         375
 <<< CPU =     0.010(SEC.) FOR SUB.SOHMTX >>>.   TOTAL CPU =    14.085(SEC.).  
 ===    6/ 33 ===== (  0  0  5)/  4 ==========
  NO. OF PLANE WAVES =         387
 <<< CPU =     0.010(SEC.) FOR SUB.SOHMTX >>>.   TOTAL CPU =    14.186(SEC.).  
 ===    7/ 33 ===== (  0  0  6)/  4 ==========
  NO. OF PLANE WAVES =         380
 <<< CPU =     0.012(SEC.) FOR SUB.SOHMTX >>>.   TOTAL CPU =    14.295(SEC.).  
 ===    8/ 33 ===== (  0  1  0)/  4 ==========
  NO. OF PLANE WAVES =         374
 <<< CPU =     0.010(SEC.) FOR SUB.SOHMTX >>>.   TOTAL CPU =    14.422(SEC.).  
 ===    9/ 33 ===== (  0  1  1)/  4 ==========
  NO. OF PLANE WAVES =         378
 <<< CPU =     0.010(SEC.) FOR SUB.SOHMTX >>>.   TOTAL CPU =    14.552(SEC.).  
 ===   10/ 33 ===== (  0  1  2)/  4 ==========
  NO. OF PLANE WAVES =         378
 <<< CPU =     0.010(SEC.) FOR SUB.SOHMTX >>>.   TOTAL CPU =    14.682(SEC.).  
 ===   11/ 33 ===== (  0  1  3)/  4 ==========
  NO. OF PLANE WAVES =         375
 <<< CPU =     0.010(SEC.) FOR SUB.SOHMTX >>>.   TOTAL CPU =    14.810(SEC.).  
 ===   12/ 33 ===== (  0  1  4)/  4 ==========
  NO. OF PLANE WAVES =         375
 <<< CPU =     0.010(SEC.) FOR SUB.SOHMTX >>>.   TOTAL CPU =    14.939(SEC.).  
 ===   13/ 33 ===== (  0  1  5)/  4 ==========
  NO. OF PLANE WAVES =         375
 <<< CPU =     0.009(SEC.) FOR SUB.SOHMTX >>>.   TOTAL CPU =    15.066(SEC.).  
 ===   14/ 33 ===== (  0  1  6)/  4 ==========
  NO. OF PLANE WAVES =         373
 <<< CPU =     0.009(SEC.) FOR SUB.SOHMTX >>>.   TOTAL CPU =    15.192(SEC.).  
 ===   15/ 33 ===== (  0  1 -5)/  4 ==========
  NO. OF PLANE WAVES =         374
 <<< CPU =     0.010(SEC.) FOR SUB.SOHMTX >>>.   TOTAL CPU =    15.320(SEC.).  
 ===   16/ 33 ===== (  0  1 -4)/  4 ==========
  NO. OF PLANE WAVES =         371
 <<< CPU =     0.010(SEC.) FOR SUB.SOHMTX >>>.   TOTAL CPU =    15.446(SEC.).  
 ===   17/ 33 ===== (  0  1 -3)/  4 ==========
  NO. OF PLANE WAVES =         376
 <<< CPU =     0.010(SEC.) FOR SUB.SOHMTX >>>.   TOTAL CPU =    15.574(SEC.).  
 ===   18/ 33 ===== (  0  1 -2)/  4 ==========
  NO. OF PLANE WAVES =         373
 <<< CPU =     0.010(SEC.) FOR SUB.SOHMTX >>>.   TOTAL CPU =    15.702(SEC.).  
 ===   19/ 33 ===== (  0  1 -1)/  4 ==========
  NO. OF PLANE WAVES =         380
 <<< CPU =     0.010(SEC.) FOR SUB.SOHMTX >>>.   TOTAL CPU =    15.834(SEC.).  
 ===   20/ 33 ===== (  0  2  0)/  4 ==========
  NO. OF PLANE WAVES =         384
 <<< CPU =     0.010(SEC.) FOR SUB.SOHMTX >>>.   TOTAL CPU =    15.969(SEC.).  
 ===   21/ 33 ===== (  0  2  1)/  4 ==========
  NO. OF PLANE WAVES =         376
 <<< CPU =     0.010(SEC.) FOR SUB.SOHMTX >>>.   TOTAL CPU =    16.098(SEC.).  
 ===   22/ 33 ===== (  0  2  2)/  4 ==========
  NO. OF PLANE WAVES =         379
 <<< CPU =     0.010(SEC.) FOR SUB.SOHMTX >>>.   TOTAL CPU =    16.228(SEC.).  
 ===   23/ 33 ===== (  0  2  3)/  4 ==========
  NO. OF PLANE WAVES =         378
 <<< CPU =     0.010(SEC.) FOR SUB.SOHMTX >>>.   TOTAL CPU =    16.358(SEC.).  
 ===   24/ 33 ===== (  0  2  4)/  4 ==========
  NO. OF PLANE WAVES =         372
 <<< CPU =     0.010(SEC.) FOR SUB.SOHMTX >>>.   TOTAL CPU =    16.462(SEC.).  
 ===   25/ 33 ===== (  0 -2  1)/  4 ==========
  NO. OF PLANE WAVES =         376
 <<< CPU =     0.010(SEC.) FOR SUB.SOHMTX >>>.   TOTAL CPU =    16.591(SEC.).  
 ===   26/ 33 ===== (  0  2 -2)/  4 ==========
  NO. OF PLANE WAVES =         374
 <<< CPU =     0.010(SEC.) FOR SUB.SOHMTX >>>.   TOTAL CPU =    16.696(SEC.).  
 ===   27/ 33 ===== (  1  1  0)/  4 ==========
  NO. OF PLANE WAVES =         377
 <<< CPU =     0.009(SEC.) FOR SUB.SOHMTX >>>.   TOTAL CPU =    16.822(SEC.).  
 ===   28/ 33 ===== (  1  1  1)/  4 ==========
  NO. OF PLANE WAVES =         373
 <<< CPU =     0.009(SEC.) FOR SUB.SOHMTX >>>.   TOTAL CPU =    17.043(SEC.).  
 ===   29/ 33 ===== (  1  1  2)/  4 ==========
  NO. OF PLANE WAVES =         376
 <<< CPU =     0.009(SEC.) FOR SUB.SOHMTX >>>.   TOTAL CPU =    17.267(SEC.).  
 ===   30/ 33 ===== (  1  1  3)/  4 ==========
  NO. OF PLANE WAVES =         375
 <<< CPU =     0.010(SEC.) FOR SUB.SOHMTX >>>.   TOTAL CPU =    17.489(SEC.).  
 ===   31/ 33 ===== (  1  1  4)/  4 ==========
  NO. OF PLANE WAVES =         377
 <<< CPU =     0.010(SEC.) FOR SUB.SOHMTX >>>.   TOTAL CPU =    17.716(SEC.).  
 ===   32/ 33 ===== (  1  1  5)/  4 ==========
  NO. OF PLANE WAVES =         379
 <<< CPU =     0.010(SEC.) FOR SUB.SOHMTX >>>.   TOTAL CPU =    17.946(SEC.).  
 ===   33/ 33 ===== (  1  1  6)/  4 ==========
  NO. OF PLANE WAVES =         378
 <<< CPU =     0.010(SEC.) FOR SUB.SOHMTX >>>.   TOTAL CPU =    18.074(SEC.).  
 TIME TO GET EIGENSTATES.     4.482    18.074
  EMAX=   1.19532486820861         EMIN= -0.726130053131821     
     FERMI-EN=  0.33266739  DOS=     0.11875  INT.DOS=  10.0000000000
  === DOS OF EACH BAND ===
 SPIN= 1    1    0.000    2    0.000    3    0.000    4    0.000    5    0.000
            6    0.000    7    0.000    8    0.000    9    0.049   10    0.049
           11    0.011   12    0.011   13    0.000   14    0.000   15    0.000
           16    0.000   17    0.000   18    0.000   19    0.000   20    0.000
  === OCCUPATION OF EACH BAND ===
 SPIN= 1    1  1.00000    2  1.00000    3  1.00000    4  1.00000    5  1.00000
            6  1.00000    7  1.00000    8  1.00000    9  0.99997   10  0.99997
           11  0.00003   12  0.00003   13  0.00000   14  0.00000   15  0.00000
           16  0.00000   17  0.00000   18  0.00000   19  0.00000   20  0.00000
   NX=  4  NY=  4  NZ=  4
 NEIG= 20NKP1= 33 NSP=  1
   1/ 33  (  0  0  0 )/  4 SPIN= 1
 -0.7261 -0.7261 -0.1206 -0.1206  0.1925  0.1925  0.2588  0.2588  0.2771  0.2771
  0.5182  0.5182  0.5812  0.5812  0.6009  0.6009  0.8433  0.8433  0.8632  0.8632
   2/ 33  (  0  0  1 )/  4 SPIN= 1
 -0.7213 -0.7213 -0.1450 -0.1450  0.2071  0.2071  0.2600  0.2600  0.2777  0.2777
  0.5142  0.5142  0.5683  0.5683  0.5869  0.5869  0.8060  0.8060  0.8716  0.8716
   3/ 33  (  0  0  2 )/  4 SPIN= 1
 -0.7068 -0.7068 -0.2032 -0.2032  0.2353  0.2353  0.2647  0.2647  0.2799  0.2799
  0.5023  0.5023  0.5365  0.5365  0.5519  0.5519  0.7748  0.7748  0.9000  0.9000
   4/ 33  (  0  0  3 )/  4 SPIN= 1
 -0.6838 -0.6838 -0.2732 -0.2732  0.2555  0.2555  0.2758  0.2758  0.2843  0.2843
  0.4798  0.4798  0.5009  0.5009  0.5096  0.5096  0.7794  0.7794  0.9493  0.9493
   5/ 33  (  0  0  4 )/  4 SPIN= 1
 -0.6544 -0.6544 -0.3412 -0.3412  0.2670  0.2670  0.2886  0.2886  0.2910  0.2910
  0.4490  0.4490  0.4703  0.4703  0.4725  0.4725  0.8173  0.8173  1.0179  1.0179
   6/ 33  (  0  0  5 )/  4 SPIN= 1
 -0.6249 -0.6249 -0.3955 -0.3955  0.2761  0.2761  0.2963  0.2963  0.2983  0.2983
  0.4236  0.4236  0.4416  0.4416  0.4528  0.4528  0.8692  0.8692  1.1036  1.1036
   7/ 33  (  0  0  6 )/  4 SPIN= 1
 -0.6105 -0.6105 -0.4183 -0.4183  0.2803  0.2803  0.2985  0.2985  0.3018  0.3018
  0.4137  0.4137  0.4307  0.4307  0.4454  0.4454  0.8974  0.8974  1.1452  1.1452
   8/ 33  (  0  1  0 )/  4 SPIN= 1
 -0.6715 -0.6715 -0.2336 -0.2336  0.1865  0.1865  0.2143  0.2143  0.2521  0.2521
  0.4067  0.4067  0.5146  0.5146  0.5706  0.5706  0.7116  0.7116  0.8781  0.8781
   9/ 33  (  0  1  1 )/  4 SPIN= 1
 -0.6672 -0.6672 -0.2288 -0.2288  0.1310  0.1310  0.1873  0.1873  0.2449  0.2449
  0.4435  0.4435  0.5291  0.5291  0.6272  0.6272  0.7100  0.7100  0.9253  0.9253
  10/ 33  (  0  1  2 )/  4 SPIN= 1
 -0.6539 -0.6539 -0.2441 -0.2441  0.0852  0.0852  0.1673  0.1673  0.2058  0.2058
  0.5156  0.5156  0.5330  0.5330  0.6658  0.6658  0.7423  0.7423  0.9882  0.9882
  11/ 33  (  0  1  3 )/  4 SPIN= 1
 -0.6326 -0.6326 -0.2796 -0.2796  0.0490  0.0490  0.1553  0.1553  0.1800  0.1800
  0.5247  0.5247  0.6058  0.6058  0.6727  0.6727  0.7597  0.7597  1.0530  1.0530
  12/ 33  (  0  1  4 )/  4 SPIN= 1
 -0.6056 -0.6056 -0.3263 -0.3263  0.0185  0.0185  0.1530  0.1530  0.1747  0.1747
  0.5419  0.5419  0.6513  0.6513  0.6676  0.6676  0.7573  0.7573  1.0977  1.0977
  13/ 33  (  0  1  5 )/  4 SPIN= 1
 -0.5786 -0.5786 -0.3705 -0.3705 -0.0052 -0.0052  0.1611  0.1611  0.1855  0.1855
  0.5570  0.5570  0.6153  0.6153  0.7114  0.7114  0.7623  0.7623  1.0623  1.0623
  14/ 33  (  0  1  6 )/  4 SPIN= 1
 -0.5645 -0.5645 -0.3943 -0.3943 -0.0177 -0.0177  0.1787  0.1787  0.2084  0.2084
  0.5461  0.5461  0.5741  0.5741  0.7390  0.7390  0.7994  0.7994  0.9873  0.9873
  15/ 33  (  0  1 -5 )/  4 SPIN= 1
 -0.5759 -0.5759 -0.3843 -0.3843 -0.0151 -0.0151  0.2038  0.2038  0.2414  0.2414
  0.5089  0.5089  0.5308  0.5308  0.7374  0.7374  0.8732  0.8732  0.9196  0.9196
  16/ 33  (  0  1 -4 )/  4 SPIN= 1
 -0.6027 -0.6027 -0.3520 -0.3520  0.0064  0.0064  0.2325  0.2325  0.2836  0.2836
  0.4575  0.4575  0.4885  0.4885  0.7085  0.7085  0.8445  0.8445  0.9783  0.9783
  17/ 33  (  0  1 -3 )/  4 SPIN= 1
 -0.6304 -0.6304 -0.3146 -0.3146  0.0491  0.0491  0.2554  0.2554  0.3337  0.3337
  0.3947  0.3947  0.4633  0.4633  0.6461  0.6461  0.8044  0.8044  0.9651  0.9651
  18/ 33  (  0  1 -2 )/  4 SPIN= 1
 -0.6525 -0.6525 -0.2804 -0.2804  0.1116  0.1116  0.2573  0.2573  0.3265  0.3265
  0.3890  0.3890  0.4709  0.4709  0.5619  0.5619  0.7908  0.7908  0.9143  0.9143
  19/ 33  (  0  1 -1 )/  4 SPIN= 1
 -0.6666 -0.6666 -0.2524 -0.2524  0.1859  0.1859  0.2368  0.2368  0.2600  0.2600
  0.4301  0.4301  0.4931  0.4931  0.5145  0.5145  0.7609  0.7609  0.8588  0.8588
  20/ 33  (  0  2  0 )/  4 SPIN= 1
 -0.5301 -0.5301 -0.4280 -0.4280  0.0599  0.0599  0.1739  0.1739  0.2005  0.2005
  0.4641  0.4641  0.5165  0.5165  0.5237  0.5237  0.7615  0.7615  1.1193  1.1193
  21/ 33  (  0  2  1 )/  4 SPIN= 1
 -0.5312 -0.5312 -0.3999 -0.3999 -0.0074 -0.0074  0.1386  0.1386  0.1535  0.1535
  0.5095  0.5095  0.5929  0.5929  0.6312  0.6312  0.7093  0.7093  1.1276  1.1276
  22/ 33  (  0  2  2 )/  4 SPIN= 1
 -0.5296 -0.5296 -0.3719 -0.3719 -0.0583 -0.0583  0.1003  0.1003  0.1243  0.1243
  0.4969  0.4969  0.6639  0.6639  0.7280  0.7280  0.7503  0.7503  1.1390  1.1390
  23/ 33  (  0  2  3 )/  4 SPIN= 1
 -0.5271 -0.5271 -0.3510 -0.3510 -0.0890 -0.0890  0.0706  0.0706  0.1081  0.1081
  0.4676  0.4676  0.7220  0.7220  0.7869  0.7869  0.8333  0.8333  1.1610  1.1610
  24/ 33  (  0  2  4 )/  4 SPIN= 1
 -0.5259 -0.5259 -0.3432 -0.3432 -0.0989 -0.0989  0.0592  0.0592  0.1027  0.1027
  0.4555  0.4555  0.7457  0.7457  0.8136  0.8136  0.8667  0.8667  1.1953  1.1953
  25/ 33  (  0 -2  1 )/  4 SPIN= 1
 -0.5264 -0.5264 -0.4501 -0.4501  0.1354  0.1354  0.2047  0.2047  0.2574  0.2574
  0.3879  0.3879  0.4191  0.4191  0.4672  0.4672  0.8605  0.8605  1.0976  1.0976
  26/ 33  (  0  2 -2 )/  4 SPIN= 1
 -0.5239 -0.5239 -0.4590 -0.4590  0.1829  0.1829  0.2189  0.2189  0.3084  0.3084
  0.3252  0.3252  0.3680  0.3680  0.4442  0.4442  0.9394  0.9394  1.0484  1.0484
  27/ 33  (  1  1  0 )/  4 SPIN= 1
 -0.5684 -0.5684 -0.3670 -0.3670  0.0206  0.0206  0.1989  0.1989  0.2156  0.2156
  0.4237  0.4237  0.4373  0.4373  0.7061  0.7061  0.7786  0.7786  0.9889  0.9889
  28/ 33  (  1  1  1 )/  4 SPIN= 1
 -0.5646 -0.5646 -0.3696 -0.3696  0.0253  0.0253  0.1502  0.1502  0.2313  0.2313
  0.3943  0.3943  0.5164  0.5164  0.6902  0.6902  0.7694  0.7694  1.0139  1.0139
  29/ 33  (  1  1  2 )/  4 SPIN= 1
 -0.5538 -0.5538 -0.3764 -0.3764  0.0231  0.0231  0.1221  0.1221  0.1743  0.1743
  0.4548  0.4548  0.6034  0.6034  0.6534  0.6534  0.7475  0.7475  1.0768  1.0768
  30/ 33  (  1  1  3 )/  4 SPIN= 1
 -0.5372 -0.5372 -0.3857 -0.3857 -0.0059 -0.0059  0.0966  0.0966  0.1508  0.1508
  0.5469  0.5469  0.6011  0.6011  0.6813  0.6813  0.7347  0.7347  1.0527  1.0527
  31/ 33  (  1  1  4 )/  4 SPIN= 1
 -0.5177 -0.5177 -0.3957 -0.3957 -0.0357 -0.0357  0.0307  0.0307  0.2041  0.2041
  0.5327  0.5327  0.6502  0.6502  0.7230  0.7230  0.7535  0.7535  0.9756  0.9756
  32/ 33  (  1  1  5 )/  4 SPIN= 1
 -0.5001 -0.5001 -0.4047 -0.4047 -0.0511 -0.0511 -0.0182 -0.0182  0.2645  0.2645
  0.4707  0.4707  0.7082  0.7082  0.7626  0.7626  0.7816  0.7816  0.9162  0.9162
  33/ 33  (  1  1  6 )/  4 SPIN= 1
 -0.4925 -0.4925 -0.4088 -0.4088 -0.0491 -0.0491 -0.0427 -0.0427  0.2996  0.2996
  0.4352  0.4352  0.7349  0.7349  0.7480  0.7480  0.8315  0.8315  0.8836  0.8836
 FERMI LEVEL= 0.332667
 ====== EIGENENERGIES HAVE BEEN WRITTEN ON FILE( 6) =====
 ====== EIGENENERGIES HAVE BEEN WRITTEN ON FILE(40) =====




 ----- NO. OF ELECTRONS INSIDE THE MUFFIN-TIN SPHERE ( NEW  ) ---
 ELCOM,ELCO 0.279736E+02 0.279736E+02
 EINM, EIN  0.309635E+02 0.309635E+02
                               IA=  1   M=  0.000,   N= 30.964
                      (TOTAL IN MT-S)   M=  0.000,   N= 61.927
 (VALENCE) MOMENT=  0.000000000000000E+000     CHARGE=   5.97982647653012     
  ===== RHOUT =  2.069338606131011E-002  0.000000000000000E+000
  EKIN=   9218.68520449404     
    
  ===== TOTAL POTENTIAL ====

      VOM(IS)=  -0.151243D+00

 VIM(IA,IS) : UP        DOWN          (POTENTIAL ON THE SPHERE)
 IA=  1 :  V(UP)=  -0.752790D+00   V(DOWN)=
  ===== (IN MT SPHERE) =====     UP       DOWN
 IA=  1   J=   1    R=   0.123410D-03 :   V*R=  -0.659671D+02   0.000000D+00
 IA=  1   J=  51    R=   0.554238D-03 :   V*R=  -0.658510D+02   0.000000D+00
 IA=  1   J= 101    R=   0.248910D-02 :   V*R=  -0.653217D+02   0.000000D+00
 IA=  1   J= 151    R=   0.111787D-01 :   V*R=  -0.629339D+02   0.000000D+00
 IA=  1   J= 201    R=   0.502038D-01 :   V*R=  -0.539430D+02   0.000000D+00
 IA=  1   J= 251    R=   0.225467D+00 :   V*R=  -0.319332D+02   0.000000D+00
 IA=  1   J= 301    R=   0.101258D+01 :   V*R=  -0.684927D+01   0.000000D+00
  ECLM=  -17926.9112820217         EEXC=  -325.649900280046     
             TOTAL ENERGY =  -9033.87597780768     
 (VALENCE IN MT) MOMENT=      0.00000000  CHARGE=      5.97982648
                               IA=  1   M=  2.9899   N=  2.9899
   CONVERGENCE TEST FOR ITER = 4 ==== R.M.S. OF POTENTIAL DEFFERENCE ====
 IA=  1 (As)  IS= 1 : 0.22822D-02
      MAX DIFF OF V*R = 0.18523D-01  AT R(306)= 0.118D+01 WHERE VR=-0.549D+01
 ----------  POTENTIALS HAVE BEEN WRITTEN ON FILE(36).  ------
 ----------  POTENTIALS HAVE BEEN WRITTEN ON FILE(37).  ------
 AMIXCH=  0.100          AMIXMO=  0.100
 ----------  POTENTIALS HAVE BEEN WRITTEN ON FILE(35).  ------
0 ========== ITER=  5 ===========================




 ===== CORE STATE CALCULATION =====
 IA=           1    RMAX=R(         347 )=   4.03263551391383     
  ===== EIGENENERGY OF CORE STATE (RYD.) =====
 100         -859.099190
 200         -108.446932
 210          -95.113674
 300          -13.297759
 310           -9.176058
 320           -2.378957
 IND0=10 IND1= 0    L= 0   IA= 1  ISP= 1
  0.200  0.300  0.400  0.500  0.600  0.700  0.800  0.900  1.000  1.100  1.200
 -0.212 -0.189 -0.165 -0.141 -0.117 -0.093 -0.068 -0.044 -0.019  0.006  0.031
  0.600  0.631  0.661  0.690  0.717  0.742  0.766  0.788  0.808  0.826  0.842
 IND0= 0 IND1= 0    L= 1   IA= 1  ISP= 1
  0.000  0.100  0.200  0.300  0.400  0.500  0.600  0.700  0.800  0.900  1.000
  0.479  0.464  0.448  0.432  0.416  0.399  0.383  0.365  0.347  0.329  0.310
 -0.201 -0.237 -0.273 -0.309 -0.345 -0.380 -0.415 -0.450 -0.484 -0.518 -0.550
 IND0= 0 IND1= 0    L= 2   IA= 1  ISP= 1
  0.000  0.100  0.200  0.300  0.400  0.500  0.600  0.700  0.800  0.900  1.000
 -0.684 -0.677 -0.670 -0.663 -0.655 -0.647 -0.638 -0.630 -0.621 -0.611 -0.602
 -0.374 -0.340 -0.307 -0.273 -0.239 -0.205 -0.170 -0.136 -0.102 -0.067 -0.033
 IND0= 0 IND1= 0    L= 3   IA= 1  ISP= 1
  0.000  0.100  0.200  0.300  0.400  0.500  0.600  0.700  0.800  0.900  1.000
  0.819  0.812  0.806  0.800  0.793  0.786  0.780  0.773  0.766  0.759  0.752
  0.837  0.806  0.775  0.743  0.712  0.680  0.648  0.616  0.584  0.552  0.520
 IND0= 0 IND1= 0    L= 4   IA= 1  ISP= 1
  0.000  0.100  0.200  0.300  0.400  0.500  0.600  0.700  0.800  0.900  1.000
  0.951  0.947  0.943  0.939  0.935  0.930  0.926  0.922  0.918  0.913  0.909
  1.500  1.473  1.445  1.417  1.389  1.361  1.333  1.305  1.277  1.249  1.221
 IND0= 0 IND1= 0    L= 5   IA= 1  ISP= 1
  0.000  0.100  0.200  0.300  0.400  0.500  0.600  0.700  0.800  0.900  1.000
  1.053  1.050  1.047  1.044  1.041  1.038  1.035  1.032  1.029  1.026  1.022
  2.192  2.167  2.141  2.116  2.090  2.065  2.039  2.014  1.988  1.962  1.936
 IND0= 0 IND1= 0    L= 6   IA= 1  ISP= 1
  0.000  0.100  0.200  0.300  0.400  0.500  0.600  0.700  0.800  0.900  1.000
  1.141  1.139  1.136  1.134  1.131  1.129  1.127  1.124  1.122  1.119  1.117
  2.928  2.904  2.880  2.857  2.833  2.809  2.785  2.762  2.738  2.714  2.690
 IND0= 0 IND1= 0    L= 7   IA= 1  ISP= 1
  0.000  0.100  0.200  0.300  0.400  0.500  0.600  0.700  0.800  0.900  1.000
  1.219  1.218  1.216  1.214  1.212  1.210  1.208  1.206  1.204  1.202  1.200
  3.707  3.685  3.663  3.641  3.618  3.596  3.574  3.551  3.529  3.507  3.484
 <<< CPU =     0.001(SEC.) FOR SUB.TSRWF  >>>.   TOTAL CPU =    18.102(SEC.).  
   
   RADIAL INTEGRAL OF SPIN-ORBIT HAMILTONIAN 
   
 ===    1/ 33 ===== (  0  0  0)/  4 ==========
  NO. OF PLANE WAVES =         381
 <<< CPU =     0.012(SEC.) FOR SUB.SOHMTX >>>.   TOTAL CPU =    18.217(SEC.).  
 ===    2/ 33 ===== (  0  0  1)/  4 ==========
  NO. OF PLANE WAVES =         381
 <<< CPU =     0.010(SEC.) FOR SUB.SOHMTX >>>.   TOTAL CPU =    18.315(SEC.).  
 ===    3/ 33 ===== (  0  0  2)/  4 ==========
  NO. OF PLANE WAVES =         369
 <<< CPU =     0.010(SEC.) FOR SUB.SOHMTX >>>.   TOTAL CPU =    18.407(SEC.).  
 ===    4/ 33 ===== (  0  0  3)/  4 ==========
  NO. OF PLANE WAVES =         375
 <<< CPU =     0.010(SEC.) FOR SUB.SOHMTX >>>.   TOTAL CPU =    18.502(SEC.).  
 ===    5/ 33 ===== (  0  0  4)/  4 ==========
  NO. OF PLANE WAVES =         375
 <<< CPU =     0.011(SEC.) FOR SUB.SOHMTX >>>.   TOTAL CPU =    18.597(SEC.).  
 ===    6/ 33 ===== (  0  0  5)/  4 ==========
  NO. OF PLANE WAVES =         387
 <<< CPU =     0.010(SEC.) FOR SUB.SOHMTX >>>.   TOTAL CPU =    18.697(SEC.).  
 ===    7/ 33 ===== (  0  0  6)/  4 ==========
  NO. OF PLANE WAVES =         380
 <<< CPU =     0.011(SEC.) FOR SUB.SOHMTX >>>.   TOTAL CPU =    18.805(SEC.).  
 ===    8/ 33 ===== (  0  1  0)/  4 ==========
  NO. OF PLANE WAVES =         374
 <<< CPU =     0.010(SEC.) FOR SUB.SOHMTX >>>.   TOTAL CPU =    18.933(SEC.).  
 ===    9/ 33 ===== (  0  1  1)/  4 ==========
  NO. OF PLANE WAVES =         378
 <<< CPU =     0.010(SEC.) FOR SUB.SOHMTX >>>.   TOTAL CPU =    19.063(SEC.).  
 ===   10/ 33 ===== (  0  1  2)/  4 ==========
  NO. OF PLANE WAVES =         378
 <<< CPU =     0.010(SEC.) FOR SUB.SOHMTX >>>.   TOTAL CPU =    19.193(SEC.).  
 ===   11/ 33 ===== (  0  1  3)/  4 ==========
  NO. OF PLANE WAVES =         375
 <<< CPU =     0.010(SEC.) FOR SUB.SOHMTX >>>.   TOTAL CPU =    19.321(SEC.).  
 ===   12/ 33 ===== (  0  1  4)/  4 ==========
  NO. OF PLANE WAVES =         375
 <<< CPU =     0.010(SEC.) FOR SUB.SOHMTX >>>.   TOTAL CPU =    19.449(SEC.).  
 ===   13/ 33 ===== (  0  1  5)/  4 ==========
  NO. OF PLANE WAVES =         375
 <<< CPU =     0.010(SEC.) FOR SUB.SOHMTX >>>.   TOTAL CPU =    19.578(SEC.).  
 ===   14/ 33 ===== (  0  1  6)/  4 ==========
  NO. OF PLANE WAVES =         373
 <<< CPU =     0.010(SEC.) FOR SUB.SOHMTX >>>.   TOTAL CPU =    19.705(SEC.).  
 ===   15/ 33 ===== (  0  1 -5)/  4 ==========
  NO. OF PLANE WAVES =         374
 <<< CPU =     0.010(SEC.) FOR SUB.SOHMTX >>>.   TOTAL CPU =    19.832(SEC.).  
 ===   16/ 33 ===== (  0  1 -4)/  4 ==========
  NO. OF PLANE WAVES =         371
 <<< CPU =     0.010(SEC.) FOR SUB.SOHMTX >>>.   TOTAL CPU =    19.957(SEC.).  
 ===   17/ 33 ===== (  0  1 -3)/  4 ==========
  NO. OF PLANE WAVES =         376
 <<< CPU =     0.010(SEC.) FOR SUB.SOHMTX >>>.   TOTAL CPU =    20.086(SEC.).  
 ===   18/ 33 ===== (  0  1 -2)/  4 ==========
  NO. OF PLANE WAVES =         373
 <<< CPU =     0.009(SEC.) FOR SUB.SOHMTX >>>.   TOTAL CPU =    20.212(SEC.).  
 ===   19/ 33 ===== (  0  1 -1)/  4 ==========
  NO. OF PLANE WAVES =         380
 <<< CPU =     0.010(SEC.) FOR SUB.SOHMTX >>>.   TOTAL CPU =    20.345(SEC.).  
 ===   20/ 33 ===== (  0  2  0)/  4 ==========
  NO. OF PLANE WAVES =         384
 <<< CPU =     0.010(SEC.) FOR SUB.SOHMTX >>>.   TOTAL CPU =    20.479(SEC.).  
 ===   21/ 33 ===== (  0  2  1)/  4 ==========
  NO. OF PLANE WAVES =         376
 <<< CPU =     0.010(SEC.) FOR SUB.SOHMTX >>>.   TOTAL CPU =    20.609(SEC.).  
 ===   22/ 33 ===== (  0  2  2)/  4 ==========
  NO. OF PLANE WAVES =         379
 <<< CPU =     0.010(SEC.) FOR SUB.SOHMTX >>>.   TOTAL CPU =    20.740(SEC.).  
 ===   23/ 33 ===== (  0  2  3)/  4 ==========
  NO. OF PLANE WAVES =         378
 <<< CPU =     0.010(SEC.) FOR SUB.SOHMTX >>>.   TOTAL CPU =    20.870(SEC.).  
 ===   24/ 33 ===== (  0  2  4)/  4 ==========
  NO. OF PLANE WAVES =         372
 <<< CPU =     0.010(SEC.) FOR SUB.SOHMTX >>>.   TOTAL CPU =    20.973(SEC.).  
 ===   25/ 33 ===== (  0 -2  1)/  4 ==========
  NO. OF PLANE WAVES =         376
 <<< CPU =     0.010(SEC.) FOR SUB.SOHMTX >>>.   TOTAL CPU =    21.102(SEC.).  
 ===   26/ 33 ===== (  0  2 -2)/  4 ==========
  NO. OF PLANE WAVES =         374
 <<< CPU =     0.010(SEC.) FOR SUB.SOHMTX >>>.   TOTAL CPU =    21.207(SEC.).  
 ===   27/ 33 ===== (  1  1  0)/  4 ==========
  NO. OF PLANE WAVES =         377
 <<< CPU =     0.010(SEC.) FOR SUB.SOHMTX >>>.   TOTAL CPU =    21.334(SEC.).  
 ===   28/ 33 ===== (  1  1  1)/  4 ==========
  NO. OF PLANE WAVES =         373
 <<< CPU =     0.010(SEC.) FOR SUB.SOHMTX >>>.   TOTAL CPU =    21.556(SEC.).  
 ===   29/ 33 ===== (  1  1  2)/  4 ==========
  NO. OF PLANE WAVES =         376
 <<< CPU =     0.010(SEC.) FOR SUB.SOHMTX >>>.   TOTAL CPU =    21.779(SEC.).  
 ===   30/ 33 ===== (  1  1  3)/  4 ==========
  NO. OF PLANE WAVES =         375
 <<< CPU =     0.010(SEC.) FOR SUB.SOHMTX >>>.   TOTAL CPU =    22.002(SEC.).  
 ===   31/ 33 ===== (  1  1  4)/  4 ==========
  NO. OF PLANE WAVES =         377
 <<< CPU =     0.010(SEC.) FOR SUB.SOHMTX >>>.   TOTAL CPU =    22.228(SEC.).  
 ===   32/ 33 ===== (  1  1  5)/  4 ==========
  NO. OF PLANE WAVES =         379
 <<< CPU =     0.010(SEC.) FOR SUB.SOHMTX >>>.   TOTAL CPU =    22.460(SEC.).  
 ===   33/ 33 ===== (  1  1  6)/  4 ==========
  NO. OF PLANE WAVES =         378
 <<< CPU =     0.010(SEC.) FOR SUB.SOHMTX >>>.   TOTAL CPU =    22.587(SEC.).  
 TIME TO GET EIGENSTATES.     4.484    22.587
  EMAX=   1.19491962871327         EMIN= -0.726214746235192     
     FERMI-EN=  0.33245574  DOS=     0.12065  INT.DOS=  10.0000000000
  === DOS OF EACH BAND ===
 SPIN= 1    1    0.000    2    0.000    3    0.000    4    0.000    5    0.000
            6    0.000    7    0.000    8    0.000    9    0.050   10    0.050
           11    0.011   12    0.011   13    0.000   14    0.000   15    0.000
           16    0.000   17    0.000   18    0.000   19    0.000   20    0.000
  === OCCUPATION OF EACH BAND ===
 SPIN= 1    1  1.00000    2  1.00000    3  1.00000    4  1.00000    5  1.00000
            6  1.00000    7  1.00000    8  1.00000    9  0.99997   10  0.99997
           11  0.00003   12  0.00003   13  0.00000   14  0.00000   15  0.00000
           16  0.00000   17  0.00000   18  0.00000   19  0.00000   20  0.00000
   NX=  4  NY=  4  NZ=  4
 NEIG= 20NKP1= 33 NSP=  1
   1/ 33  (  0  0  0 )/  4 SPIN= 1
 -0.7262 -0.7262 -0.1202 -0.1202  0.1922  0.1922  0.2587  0.2587  0.2770  0.2770
  0.5180  0.5180  0.5811  0.5811  0.6008  0.6008  0.8427  0.8427  0.8624  0.8624
   2/ 33  (  0  0  1 )/  4 SPIN= 1
 -0.7214 -0.7214 -0.1447 -0.1447  0.2070  0.2070  0.2599  0.2599  0.2776  0.2776
  0.5141  0.5141  0.5682  0.5682  0.5868  0.5868  0.8053  0.8053  0.8709  0.8709
   3/ 33  (  0  0  2 )/  4 SPIN= 1
 -0.7069 -0.7069 -0.2030 -0.2030  0.2352  0.2352  0.2646  0.2646  0.2798  0.2798
  0.5022  0.5022  0.5364  0.5364  0.5518  0.5518  0.7740  0.7740  0.8993  0.8993
   4/ 33  (  0  0  3 )/  4 SPIN= 1
 -0.6838 -0.6838 -0.2731 -0.2731  0.2555  0.2555  0.2758  0.2758  0.2842  0.2842
  0.4797  0.4797  0.5008  0.5008  0.5095  0.5095  0.7787  0.7787  0.9485  0.9485
   5/ 33  (  0  0  4 )/  4 SPIN= 1
 -0.6544 -0.6544 -0.3412 -0.3412  0.2669  0.2669  0.2886  0.2886  0.2909  0.2909
  0.4488  0.4488  0.4701  0.4701  0.4724  0.4724  0.8167  0.8167  1.0171  1.0171
   6/ 33  (  0  0  5 )/  4 SPIN= 1
 -0.6248 -0.6248 -0.3956 -0.3956  0.2760  0.2760  0.2962  0.2962  0.2981  0.2981
  0.4234  0.4234  0.4413  0.4413  0.4527  0.4527  0.8686  0.8686  1.1029  1.1029
   7/ 33  (  0  0  6 )/  4 SPIN= 1
 -0.6105 -0.6105 -0.4184 -0.4184  0.2802  0.2802  0.2984  0.2984  0.3016  0.3016
  0.4135  0.4135  0.4304  0.4304  0.4453  0.4453  0.8968  0.8968  1.1447  1.1447
   8/ 33  (  0  1  0 )/  4 SPIN= 1
 -0.6716 -0.6716 -0.2333 -0.2333  0.1864  0.1864  0.2142  0.2142  0.2520  0.2520
  0.4064  0.4064  0.5144  0.5144  0.5705  0.5705  0.7108  0.7108  0.8775  0.8775
   9/ 33  (  0  1  1 )/  4 SPIN= 1
 -0.6673 -0.6673 -0.2285 -0.2285  0.1307  0.1307  0.1871  0.1871  0.2447  0.2447
  0.4433  0.4433  0.5287  0.5287  0.6272  0.6272  0.7095  0.7095  0.9247  0.9247
  10/ 33  (  0  1  2 )/  4 SPIN= 1
 -0.6540 -0.6540 -0.2438 -0.2438  0.0849  0.0849  0.1671  0.1671  0.2055  0.2055
  0.5152  0.5152  0.5328  0.5328  0.6658  0.6658  0.7420  0.7420  0.9876  0.9876
  11/ 33  (  0  1  3 )/  4 SPIN= 1
 -0.6326 -0.6326 -0.2794 -0.2794  0.0487  0.0487  0.1551  0.1551  0.1797  0.1797
  0.5241  0.5241  0.6059  0.6059  0.6727  0.6727  0.7594  0.7594  1.0525  1.0525
  12/ 33  (  0  1  4 )/  4 SPIN= 1
 -0.6056 -0.6056 -0.3262 -0.3262  0.0182  0.0182  0.1527  0.1527  0.1744  0.1744
  0.5415  0.5415  0.6513  0.6513  0.6677  0.6677  0.7569  0.7569  1.0972  1.0972
  13/ 33  (  0  1  5 )/  4 SPIN= 1
 -0.5785 -0.5785 -0.3704 -0.3704 -0.0055 -0.0055  0.1609  0.1609  0.1853  0.1853
  0.5568  0.5568  0.6153  0.6153  0.7115  0.7115  0.7618  0.7618  1.0617  1.0617
  14/ 33  (  0  1  6 )/  4 SPIN= 1
 -0.5644 -0.5644 -0.3943 -0.3943 -0.0181 -0.0181  0.1784  0.1784  0.2082  0.2082
  0.5460  0.5460  0.5741  0.5741  0.7390  0.7390  0.7988  0.7988  0.9867  0.9867
  15/ 33  (  0  1 -5 )/  4 SPIN= 1
 -0.5758 -0.5758 -0.3842 -0.3842 -0.0155 -0.0155  0.2036  0.2036  0.2412  0.2412
  0.5089  0.5089  0.5307  0.5307  0.7374  0.7374  0.8725  0.8725  0.9190  0.9190
  16/ 33  (  0  1 -4 )/  4 SPIN= 1
 -0.6027 -0.6027 -0.3519 -0.3519  0.0060  0.0060  0.2324  0.2324  0.2834  0.2834
  0.4575  0.4575  0.4884  0.4884  0.7085  0.7085  0.8439  0.8439  0.9777  0.9777
  17/ 33  (  0  1 -3 )/  4 SPIN= 1
 -0.6305 -0.6305 -0.3144 -0.3144  0.0487  0.0487  0.2553  0.2553  0.3335  0.3335
  0.3946  0.3946  0.4631  0.4631  0.6460  0.6460  0.8038  0.8038  0.9643  0.9643
  18/ 33  (  0  1 -2 )/  4 SPIN= 1
 -0.6526 -0.6526 -0.2801 -0.2801  0.1113  0.1113  0.2572  0.2572  0.3264  0.3264
  0.3888  0.3888  0.4707  0.4707  0.5617  0.5617  0.7902  0.7902  0.9135  0.9135
  19/ 33  (  0  1 -1 )/  4 SPIN= 1
 -0.6666 -0.6666 -0.2522 -0.2522  0.1857  0.1857  0.2366  0.2366  0.2598  0.2598
  0.4299  0.4299  0.4929  0.4929  0.5142  0.5142  0.7602  0.7602  0.8582  0.8582
  20/ 33  (  0  2  0 )/  4 SPIN= 1
 -0.5300 -0.5300 -0.4280 -0.4280  0.0596  0.0596  0.1737  0.1737  0.2003  0.2003
  0.4639  0.4639  0.5163  0.5163  0.5235  0.5235  0.7607  0.7607  1.1190  1.1190
  21/ 33  (  0  2  1 )/  4 SPIN= 1
 -0.5311 -0.5311 -0.3998 -0.3998 -0.0078 -0.0078  0.1384  0.1384  0.1533  0.1533
  0.5093  0.5093  0.5928  0.5928  0.6310  0.6310  0.7087  0.7087  1.1273  1.1273
  22/ 33  (  0  2  2 )/  4 SPIN= 1
 -0.5295 -0.5295 -0.3717 -0.3717 -0.0588 -0.0588  0.1000  0.1000  0.1241  0.1241
  0.4964  0.4964  0.6638  0.6638  0.7278  0.7278  0.7503  0.7503  1.1386  1.1386
  23/ 33  (  0  2  3 )/  4 SPIN= 1
 -0.5270 -0.5270 -0.3508 -0.3508 -0.0894 -0.0894  0.0702  0.0702  0.1078  0.1078
  0.4669  0.4669  0.7220  0.7220  0.7868  0.7868  0.8334  0.8334  1.1606  1.1606
  24/ 33  (  0  2  4 )/  4 SPIN= 1
 -0.5258 -0.5258 -0.3430 -0.3430 -0.0994 -0.0994  0.0589  0.0589  0.1024  0.1024
  0.4548  0.4548  0.7458  0.7458  0.8135  0.8135  0.8669  0.8669  1.1949  1.1949
  25/ 33  (  0 -2  1 )/  4 SPIN= 1
 -0.5263 -0.5263 -0.4500 -0.4500  0.1352  0.1352  0.2046  0.2046  0.2572  0.2572
  0.3876  0.3876  0.4188  0.4188  0.4670  0.4670  0.8598  0.8598  1.0972  1.0972
  26/ 33  (  0  2 -2 )/  4 SPIN= 1
 -0.5239 -0.5239 -0.4590 -0.4590  0.1827  0.1827  0.2187  0.2187  0.3082  0.3082
  0.3250  0.3250  0.3677  0.3677  0.4439  0.4439  0.9387  0.9387  1.0478  1.0478
  27/ 33  (  1  1  0 )/  4 SPIN= 1
 -0.5684 -0.5684 -0.3668 -0.3668  0.0202  0.0202  0.1986  0.1986  0.2154  0.2154
  0.4234  0.4234  0.4371  0.4371  0.7061  0.7061  0.7780  0.7780  0.9883  0.9883
  28/ 33  (  1  1  1 )/  4 SPIN= 1
 -0.5646 -0.5646 -0.3694 -0.3694  0.0250  0.0250  0.1499  0.1499  0.2311  0.2311
  0.3939  0.3939  0.5163  0.5163  0.6902  0.6902  0.7688  0.7688  1.0132  1.0132
  29/ 33  (  1  1  2 )/  4 SPIN= 1
 -0.5538 -0.5538 -0.3763 -0.3763  0.0227  0.0227  0.1217  0.1217  0.1741  0.1741
  0.4546  0.4546  0.6033  0.6033  0.6534  0.6534  0.7469  0.7469  1.0762  1.0762
  30/ 33  (  1  1  3 )/  4 SPIN= 1
 -0.5372 -0.5372 -0.3855 -0.3855 -0.0063 -0.0063  0.0962  0.0962  0.1505  0.1505
  0.5467  0.5467  0.6010  0.6010  0.6812  0.6812  0.7341  0.7341  1.0521  1.0521
  31/ 33  (  1  1  4 )/  4 SPIN= 1
 -0.5176 -0.5176 -0.3955 -0.3955 -0.0361 -0.0361  0.0303  0.0303  0.2039  0.2039
  0.5326  0.5326  0.6501  0.6501  0.7226  0.7226  0.7534  0.7534  0.9750  0.9750
  32/ 33  (  1  1  5 )/  4 SPIN= 1
 -0.5000 -0.5000 -0.4046 -0.4046 -0.0515 -0.0515 -0.0186 -0.0186  0.2644  0.2644
  0.4706  0.4706  0.7079  0.7079  0.7625  0.7625  0.7812  0.7812  0.9158  0.9158
  33/ 33  (  1  1  6 )/  4 SPIN= 1
 -0.4924 -0.4924 -0.4087 -0.4087 -0.0496 -0.0496 -0.0431 -0.0431  0.2995  0.2995
  0.4350  0.4350  0.7346  0.7346  0.7477  0.7477  0.8312  0.8312  0.8834  0.8834
 FERMI LEVEL= 0.332456
 ====== EIGENENERGIES HAVE BEEN WRITTEN ON FILE( 6) =====
 ====== EIGENENERGIES HAVE BEEN WRITTEN ON FILE(40) =====




 ----- NO. OF ELECTRONS INSIDE THE MUFFIN-TIN SPHERE ( NEW  ) ---
 ELCOM,ELCO 0.279736E+02 0.279736E+02
 EINM, EIN  0.309618E+02 0.309618E+02
                               IA=  1   M=  0.000,   N= 30.962
                      (TOTAL IN MT-S)   M=  0.000,   N= 61.924
 (VALENCE) MOMENT=  0.000000000000000E+000     CHARGE=   5.97643937439909     
  ===== RHOUT =  2.071091303895851E-002  0.000000000000000E+000
  EKIN=   9218.64209101320     
    
  ===== TOTAL POTENTIAL ====

      VOM(IS)=  -0.150980D+00

 VIM(IA,IS) : UP        DOWN          (POTENTIAL ON THE SPHERE)
 IA=  1 :  V(UP)=  -0.752764D+00   V(DOWN)=
  ===== (IN MT SPHERE) =====     UP       DOWN
 IA=  1   J=   1    R=   0.123410D-03 :   V*R=  -0.659671D+02   0.000000D+00
 IA=  1   J=  51    R=   0.554238D-03 :   V*R=  -0.658510D+02   0.000000D+00
 IA=  1   J= 101    R=   0.248910D-02 :   V*R=  -0.653217D+02   0.000000D+00
 IA=  1   J= 151    R=   0.111787D-01 :   V*R=  -0.629340D+02   0.000000D+00
 IA=  1   J= 201    R=   0.502038D-01 :   V*R=  -0.539431D+02   0.000000D+00
 IA=  1   J= 251    R=   0.225467D+00 :   V*R=  -0.319335D+02   0.000000D+00
 IA=  1   J= 301    R=   0.101258D+01 :   V*R=  -0.685022D+01   0.000000D+00
  ECLM=  -17926.8719553079         EEXC=  -325.646140863883     
             TOTAL ENERGY =  -9033.87600515857     
 (VALENCE IN MT) MOMENT=      0.00000000  CHARGE=      5.97643937
                               IA=  1   M=  2.9882   N=  2.9882
   CONVERGENCE TEST FOR ITER = 5 ==== R.M.S. OF POTENTIAL DEFFERENCE ====
 IA=  1 (As)  IS= 1 : 0.19246D-02
      MAX DIFF OF V*R = 0.15775D-01  AT R(306)= 0.118D+01 WHERE VR=-0.550D+01
 ----------  POTENTIALS HAVE BEEN WRITTEN ON FILE(36).  ------
 ----------  POTENTIALS HAVE BEEN WRITTEN ON FILE(37).  ------
 AMIXCH=  0.100          AMIXMO=  0.100
 ----------  POTENTIALS HAVE BEEN WRITTEN ON FILE(35).  ------


 ===== CHARGE DENSITY =====
 AT NUCLEUS                    ON MUFFIN-TIN SPHERE
 CORE           TOTAL          CORE           TOTAL
     0.34310D+05    0.34355D+05    0.15125D-02    0.42647D-01


 ===== SPIN DENSITY =====
 AT NUCLEUS                    ON MUFFIN-TIN SPHERE
 CORE           TOTAL          CORE           TOTAL
     0.00000D+00    0.00000D+00    0.00000D+00    0.00000D+00
  === SUCCESSFULLY ENDE (TAPWLM) ===
