 WE USE THE DATA ON FILE( 1):  Paramagnetic arsenic  #166                      
 IL= -1   NGEN=  3   INV=  0   IDU=  0
 JA=    3 WITH (    0/  1,    0/  1,    0/  1)
 JA=   10 WITH (    0/  1,    0/  1,    0/  1)
 JA=   13 WITH (    0/  1,    0/  1,    0/  1)
  A, B, C=    7.10347999106817    7.10347999106817   19.73100699195026
 CA,CB,CC=    0.00000000000000    0.00000000000000   -0.50000000000000
 NAT,NKAT,(KION(I),I=1,NKAT)    2    1    2
 I, (RATOM(J,I),J=1,3)    1   0.0000000   0.0000000   0.2276400
 I, (RATOM(J,I),J=1,3)    2   0.0000000   0.0000000   0.7723600
   1  1           3           3           6           6           3

         0.66937909  0.82346157  1.00000000  1.09114413  1.20335712
 TMAD(I,J),I= 1:        3.8006682
 VP,AS=      0.8018395      1.1547005
  ====== ELECTRON NUMBER ====
 TOTAL=     66.00000000  VALENCE=     10.00000000
  ===========================
 IKAT= 1  Z,MASS,RADIUS=  33.00000000  74.07041853   0.00008735
  ----- WELCOME TO TSPACE V2.1 1990/10/04 -----
 LATTICE CONSTANTS ARE SET AS
  A=  7.10348  B=  7.10348  C= 19.73101
 CA=  0.00000 CB=  0.00000 CC= -0.50000
 --- LATTICE PARAMETERS IN REAL SPACE ---------
  A, B, C=    7.1034799911    7.1034799911   19.7310069920
 CA,CB,CC=    0.0000000000    0.0000000000   -0.5000000000
 --- LATTICE PARAMETERS IN RECIPROCAL SPACE ---
  A, B, C=    1.0213581887    1.0213581887    0.3184422016
 CA,CB,CC=    0.0000000000    0.0000000000    0.5000000000
 ----------------------------------------------
 

 GROUP ELEMENTS
  1   1   E     X  Y  Z  0/1  0/1  0/1
  2   3   C3+  -Y  W  Z  0/1  0/1  0/1
  3   5   C3-  -W -X  Z  0/1  0/1  0/1
  4  10   C212  W -Y -Z  0/1  0/1  0/1
  5  11   C222 -X -W -Z  0/1  0/1  0/1
  6  12   C232  Y  X -Z  0/1  0/1  0/1
  7  13  IE    -X -Y -Z  0/1  0/1  0/1
  8  15  IC3+   Y -W -Z  0/1  0/1  0/1
  9  17  IC3-   W  X -Z  0/1  0/1  0/1
 10  22  IC212 -W  Y  Z  0/1  0/1  0/1
 11  23  IC222  X  W  Z  0/1  0/1  0/1
 12  24  IC232 -Y -X  Z  0/1  0/1  0/1
 
 TABLE OF THE TRANSLATION OF ATOMIC POSITION
  1  1  1  2
  2  3  1  2
  3  5  1  2
  4 10  2  1
  5 11  2  1
  6 12  2  1
  7 13  2  1
  8 15  2  1
  9 17  2  1
 10 22  1  2
 11 23  1  2
 12 24  1  2
 IK=          15    IE=           4
 IK=          47    IE=           9
 IK=          71    IE=          13
 IK=         145    IE=          22
 IK=         211    IE=          29
 IK=         327    IE=          41
 (    0    0    0 )  (    1 )      0.00000D+00
 (    0    0   -3 )  (    3 )      0.93535D+00
 (   -1    1    1 )  (    9 )      0.10475D+01
 (   -1    1   -2 )  (   15 )      0.11785D+01
 (   -1    1    4 )  (   21 )      0.15985D+01
 (   -2    1    0 )  (   27 )      0.17321D+01
 (   -1    1   -5 )  (   33 )      0.18521D+01
 (    0    0   -6 )  (   35 )      0.18707D+01
 (   -2    1   -3 )  (   47 )      0.19685D+01
 (   -2    2   -1 )  (   53 )      0.20242D+01
 (   -2    2    2 )  (   59 )      0.20950D+01
 (   -2    2   -4 )  (   65 )      0.23570D+01
 (   -1    1    7 )  (   71 )      0.24007D+01
 (   -2    2    5 )  (   77 )      0.25358D+01
 (   -2    1   -6 )  (   89 )      0.25494D+01
 (   -3    2    1 )  (  101 )      0.26641D+01
 (   -1    1   -8 )  (  107 )      0.26873D+01
 (   -3    2   -2 )  (  119 )      0.27182D+01
 (    0    0   -9 )  (  121 )      0.28060D+01
 (   -3    2    4 )  (  133 )      0.29250D+01
 (   -2    2   -7 )  (  139 )      0.29603D+01
 (   -3    3    0 )  (  145 )      0.30000D+01
 (   -3    2   -5 )  (  157 )      0.30709D+01
 (   -3    3   -3 )  (  169 )      0.31424D+01
 (   -2    2    8 )  (  175 )      0.31971D+01
 (   -1    1   10 )  (  181 )      0.32743D+01
 (   -2    1   -9 )  (  193 )      0.32976D+01
 (   -3    2    7 )  (  205 )      0.34298D+01
 (   -4    2    0 )  (  211 )      0.34641D+01
 (   -3    3   -6 )  (  223 )      0.35355D+01
 (   -1    1  -11 )  (  229 )      0.35724D+01
 (   -4    2   -3 )  (  241 )      0.35882D+01
 (   -3    4   -1 )  (  253 )      0.36190D+01
 (   -3    2   -8 )  (  265 )      0.36361D+01
 (   -4    3    2 )  (  277 )      0.36591D+01
 (   -2    2  -10 )  (  283 )      0.37042D+01
 (    0    0  -12 )  (  285 )      0.37414D+01
 (   -4    3   -4 )  (  297 )      0.38151D+01
 (   -4    3    5 )  (  309 )      0.39281D+01
 (   -4    2   -6 )  (  321 )      0.39369D+01
 (   -2    2   11 )  (  327 )      0.39702D+01
1
      
 TAPW                 
      
      
 NON-MAGNETIC         
 NO SPIN-ORBIT        
      
      
  RADIUS OF MT =  0.311300000000000     
  ==== RADIUS OF MT (A.U.) ====
 KIND OF ATOM =  1    S=  2.21131
  =============================
 AMX=  4.1760   LMAX= 7  NNEIG(INITIAL)=  10
 LEVEL   = 1
 IXNAME  =GL  
 ITERDATA= 1
           1         327   2.21131332121952       0.793586602020590     
  -9.00000000000000       6.000000000000000E-002
 ATOM=  1,    R(1)=  0.00012341   R(327)=  2.21131332   SATOM=  2.21131332
      ALATT           WUNIT           VCELL           VOUT
       7.10347999      1.02135819    287.40938834    196.82164280


      RAPW(P)        VIN(P)         CR(P)        ANA(P)  KAT(1,P)  KAT(2,P)
      2.21131332    45.29387277     0.15759357     2.0    1         2

 FA(P1,P2)                                                  FO(P1)
   P1        P2=1,NKAT
    1        0.02311
+                                                           1.21652
  NKP1=          33
  NKP1=          33  NKP0=        2197
 === K POINTS === (NX,NY,NZ)=(  4  4  4) ===== NKP1=   33   NKP2=  192
 (  0  0  0)/  4( 1) (  0  0  1)/  4( 2) (  0  0  2)/  4( 2) (  0  0  3)/  4( 2)
 (  0  0  4)/  4( 2) (  0  0  5)/  4( 2) (  0  0  6)/  4( 1) (  0  1  0)/  4( 6)
 (  0  1  1)/  4( 6) (  0  1  2)/  4( 6) (  0  1  3)/  4( 6) (  0  1  4)/  4( 6)
 (  0  1  5)/  4( 6) (  0  1  6)/  4( 6) (  0  1 -5)/  4( 6) (  0  1 -4)/  4( 6)
 (  0  1 -3)/  4( 6) (  0  1 -2)/  4( 6) (  0  1 -1)/  4( 6) (  0  2  0)/  4( 6)
 (  0  2  1)/  4( 6) (  0  2  2)/  4( 6) (  0  2  3)/  4( 6) (  0  2  4)/  4( 3)
 (  0 -2  1)/  4( 6) (  0  2 -2)/  4( 3) (  1  1  0)/  4( 6) (  1  1  1)/  4(12)
 (  1  1  2)/  4(12) (  1  1  3)/  4(12) (  1  1  4)/  4(12) (  1  1  5)/  4(12)
 (  1  1  6)/  4( 6) (
 ----------  POTENTIALS HAVE BEEN READ  FROM FILE(35).  ----------
0 ========== ITER=  1 ===========================




 ===== CORE STATE CALCULATION =====
 IA=           1    RMAX=R(         347 )=   4.03263551391383     
  ===== EIGENENERGY OF CORE STATE (RYD.) =====
 100         -859.097985
 200         -108.446044
 210          -95.112747
 300          -13.296711
 310           -9.175001
 320           -2.377929
 IND0=11 IND1= 0    L= 0   IA= 1  ISP= 1
 -0.200 -0.060  0.080  0.220  0.360  0.500  0.640  0.780  0.920  1.060  1.200
 -0.300 -0.270 -0.239 -0.207 -0.175 -0.142 -0.108 -0.074 -0.039 -0.004  0.031
  0.464  0.513  0.560  0.606  0.649  0.690  0.727  0.762  0.792  0.819  0.842
 IND0= 0 IND1= 0    L= 1   IA= 1  ISP= 1
 -0.200 -0.080  0.040  0.160  0.280  0.400  0.520  0.640  0.760  0.880  1.000
  0.508  0.490  0.473  0.454  0.436  0.416  0.396  0.376  0.355  0.333  0.311
 -0.127 -0.171 -0.215 -0.259 -0.302 -0.345 -0.387 -0.429 -0.470 -0.511 -0.550
 IND0= 0 IND1= 2    L= 2   IA= 1  ISP= 1
  1.000  1.120  1.240  1.360  1.480  1.600  1.720  1.840  1.960  2.080  2.200
 -0.602 -0.590 -0.578 -0.565 -0.552 -0.538 -0.524 -0.510 -0.495 -0.480 -0.464
 -0.033  0.009  0.050  0.091  0.133  0.174  0.215  0.256  0.297  0.337  0.377
 IND0= 0 IND1= 0    L= 3   IA= 1  ISP= 1
  0.000  0.100  0.200  0.300  0.400  0.500  0.600  0.700  0.800  0.900  1.000
  0.819  0.812  0.806  0.800  0.793  0.786  0.780  0.773  0.766  0.759  0.752
  0.837  0.806  0.775  0.743  0.712  0.680  0.648  0.616  0.584  0.552  0.520
 IND0= 0 IND1= 0    L= 4   IA= 1  ISP= 1
  0.000  0.100  0.200  0.300  0.400  0.500  0.600  0.700  0.800  0.900  1.000
  0.951  0.947  0.943  0.939  0.935  0.930  0.926  0.922  0.918  0.913  0.909
  1.500  1.473  1.445  1.417  1.389  1.361  1.333  1.305  1.277  1.249  1.221
 IND0= 0 IND1= 0    L= 5   IA= 1  ISP= 1
  0.000  0.100  0.200  0.300  0.400  0.500  0.600  0.700  0.800  0.900  1.000
  1.053  1.050  1.047  1.044  1.041  1.038  1.035  1.032  1.029  1.026  1.022
  2.192  2.167  2.141  2.116  2.090  2.065  2.039  2.014  1.988  1.962  1.936
 IND0= 0 IND1= 0    L= 6   IA= 1  ISP= 1
  0.000  0.100  0.200  0.300  0.400  0.500  0.600  0.700  0.800  0.900  1.000
  1.141  1.139  1.136  1.134  1.131  1.129  1.127  1.124  1.122  1.119  1.117
  2.928  2.904  2.880  2.857  2.833  2.809  2.785  2.762  2.738  2.714  2.690
 IND0= 0 IND1= 0    L= 7   IA= 1  ISP= 1
  0.000  0.100  0.200  0.300  0.400  0.500  0.600  0.700  0.800  0.900  1.000
  1.219  1.218  1.216  1.214  1.212  1.210  1.208  1.206  1.204  1.202  1.200
  3.707  3.685  3.663  3.641  3.618  3.596  3.574  3.551  3.529  3.506  3.484
 <<< CPU =     0.001(SEC.) FOR SUB.TSRWF  >>>.   TOTAL CPU =     0.043(SEC.).  
 ===    1/ 33 ===== (  0  0  0)/  4 ==========
  NO. OF PLANE WAVES =         381
 ===    2/ 33 ===== (  0  0  1)/  4 ==========
  NO. OF PLANE WAVES =         381
 ===    3/ 33 ===== (  0  0  2)/  4 ==========
  NO. OF PLANE WAVES =         369
 ===    4/ 33 ===== (  0  0  3)/  4 ==========
  NO. OF PLANE WAVES =         375
 ===    5/ 33 ===== (  0  0  4)/  4 ==========
  NO. OF PLANE WAVES =         375
 ===    6/ 33 ===== (  0  0  5)/  4 ==========
  NO. OF PLANE WAVES =         387
 ===    7/ 33 ===== (  0  0  6)/  4 ==========
  NO. OF PLANE WAVES =         380
 ===    8/ 33 ===== (  0  1  0)/  4 ==========
  NO. OF PLANE WAVES =         374
 ===    9/ 33 ===== (  0  1  1)/  4 ==========
  NO. OF PLANE WAVES =         378
 ===   10/ 33 ===== (  0  1  2)/  4 ==========
  NO. OF PLANE WAVES =         378
 ===   11/ 33 ===== (  0  1  3)/  4 ==========
  NO. OF PLANE WAVES =         375
 ===   12/ 33 ===== (  0  1  4)/  4 ==========
  NO. OF PLANE WAVES =         375
 ===   13/ 33 ===== (  0  1  5)/  4 ==========
  NO. OF PLANE WAVES =         375
 ===   14/ 33 ===== (  0  1  6)/  4 ==========
  NO. OF PLANE WAVES =         373
 ===   15/ 33 ===== (  0  1 -5)/  4 ==========
  NO. OF PLANE WAVES =         374
 ===   16/ 33 ===== (  0  1 -4)/  4 ==========
  NO. OF PLANE WAVES =         371
 ===   17/ 33 ===== (  0  1 -3)/  4 ==========
  NO. OF PLANE WAVES =         376
 ===   18/ 33 ===== (  0  1 -2)/  4 ==========
  NO. OF PLANE WAVES =         373
 ===   19/ 33 ===== (  0  1 -1)/  4 ==========
  NO. OF PLANE WAVES =         380
 ===   20/ 33 ===== (  0  2  0)/  4 ==========
  NO. OF PLANE WAVES =         384
 ===   21/ 33 ===== (  0  2  1)/  4 ==========
  NO. OF PLANE WAVES =         376
 ===   22/ 33 ===== (  0  2  2)/  4 ==========
  NO. OF PLANE WAVES =         379
 ===   23/ 33 ===== (  0  2  3)/  4 ==========
  NO. OF PLANE WAVES =         378
 ===   24/ 33 ===== (  0  2  4)/  4 ==========
  NO. OF PLANE WAVES =         372
 ===   25/ 33 ===== (  0 -2  1)/  4 ==========
  NO. OF PLANE WAVES =         376
 ===   26/ 33 ===== (  0  2 -2)/  4 ==========
  NO. OF PLANE WAVES =         374
 ===   27/ 33 ===== (  1  1  0)/  4 ==========
  NO. OF PLANE WAVES =         377
 ===   28/ 33 ===== (  1  1  1)/  4 ==========
  NO. OF PLANE WAVES =         373
 ===   29/ 33 ===== (  1  1  2)/  4 ==========
  NO. OF PLANE WAVES =         376
 ===   30/ 33 ===== (  1  1  3)/  4 ==========
  NO. OF PLANE WAVES =         375
 ===   31/ 33 ===== (  1  1  4)/  4 ==========
  NO. OF PLANE WAVES =         377
 ===   32/ 33 ===== (  1  1  5)/  4 ==========
  NO. OF PLANE WAVES =         379
 ===   33/ 33 ===== (  1  1  6)/  4 ==========
  NO. OF PLANE WAVES =         378
 TIME TO GET EIGENSTATES.     4.163     4.206
  EMAX=   1.19410303332396         EMIN= -0.731009364650352     
     FERMI-EN=  0.33224282  DOS=     0.10445  INT.DOS=  10.0000000000
  === DOS OF EACH BAND ===
 SPIN= 1    1    0.000    2    0.000    3    0.000    4    0.000    5    0.084
            6    0.020    7    0.000    8    0.000    9    0.000   10    0.000
  === OCCUPATION OF EACH BAND ===
 SPIN= 1    1  2.00000    2  2.00000    3  2.00000    4  2.00000    5  1.99995
            6  0.00005    7  0.00000    8  0.00000    9  0.00000   10  0.00000
   NX=  4  NY=  4  NZ=  4
 NEIG= 10NKP1= 33 NSP=  1
   1/ 33  (  0  0  0 )/  4 SPIN= 1
 -0.7310 -0.1203  0.1950  0.2663  0.2663  0.5211  0.5896  0.5896  0.8422  0.8616
   2/ 33  (  0  0  1 )/  4 SPIN= 1
 -0.7261 -0.1450  0.2103  0.2670  0.2670  0.5175  0.5758  0.5758  0.8046  0.8703
   3/ 33  (  0  0  2 )/  4 SPIN= 1
 -0.7115 -0.2036  0.2412  0.2693  0.2693  0.5072  0.5415  0.5415  0.7734  0.8986
   4/ 33  (  0  0  3 )/  4 SPIN= 1
 -0.6882 -0.2741  0.2682  0.2739  0.2739  0.4900  0.4997  0.4997  0.7780  0.9481
   5/ 33  (  0  0  4 )/  4 SPIN= 1
 -0.6585 -0.3426  0.2807  0.2807  0.2859  0.4609  0.4609  0.4687  0.8160  1.0169
   6/ 33  (  0  0  5 )/  4 SPIN= 1
 -0.6287 -0.3972  0.2880  0.2880  0.2959  0.4324  0.4324  0.4512  0.8680  1.1029
   7/ 33  (  0  0  6 )/  4 SPIN= 1
 -0.6143 -0.4201  0.2915  0.2915  0.2992  0.4216  0.4216  0.4444  0.8962  1.1441
   8/ 33  (  0  1  0 )/  4 SPIN= 1
 -0.6758 -0.2341  0.1901  0.2118  0.2510  0.4064  0.5151  0.5690  0.7101  0.8770
   9/ 33  (  0  1  1 )/  4 SPIN= 1
 -0.6715 -0.2293  0.1319  0.1865  0.2445  0.4429  0.5289  0.6270  0.7084  0.9241
  10/ 33  (  0  1  2 )/  4 SPIN= 1
 -0.6580 -0.2447  0.0855  0.1673  0.2049  0.5152  0.5325  0.6667  0.7404  0.9870
  11/ 33  (  0  1  3 )/  4 SPIN= 1
 -0.6365 -0.2805  0.0490  0.1565  0.1781  0.5242  0.6056  0.6737  0.7578  1.0519
  12/ 33  (  0  1  4 )/  4 SPIN= 1
 -0.6092 -0.3276  0.0182  0.1549  0.1722  0.5419  0.6517  0.6672  0.7559  1.0965
  13/ 33  (  0  1  5 )/  4 SPIN= 1
 -0.5820 -0.3721 -0.0056  0.1629  0.1833  0.5583  0.6142  0.7111  0.7612  1.0610
  14/ 33  (  0  1  6 )/  4 SPIN= 1
 -0.5678 -0.3961 -0.0182  0.1801  0.2066  0.5499  0.5704  0.7388  0.7981  0.9860
  15/ 33  (  0  1 -5 )/  4 SPIN= 1
 -0.5793 -0.3860 -0.0156  0.2050  0.2401  0.5139  0.5258  0.7372  0.8719  0.9181
  16/ 33  (  0  1 -4 )/  4 SPIN= 1
 -0.6064 -0.3534  0.0060  0.2335  0.2827  0.4596  0.4861  0.7082  0.8432  0.9769
  17/ 33  (  0  1 -3 )/  4 SPIN= 1
 -0.6343 -0.3158  0.0487  0.2562  0.3334  0.3948  0.4623  0.6454  0.8032  0.9637
  18/ 33  (  0  1 -2 )/  4 SPIN= 1
 -0.6566 -0.2812  0.1116  0.2583  0.3254  0.3894  0.4704  0.5607  0.7896  0.9129
  19/ 33  (  0  1 -1 )/  4 SPIN= 1
 -0.6708 -0.2531  0.1873  0.2390  0.2561  0.4313  0.4939  0.5112  0.7595  0.8576
  20/ 33  (  0  2  0 )/  4 SPIN= 1
 -0.5330 -0.4300  0.0595  0.1760  0.1981  0.4649  0.5165  0.5218  0.7601  1.1185
  21/ 33  (  0  2  1 )/  4 SPIN= 1
 -0.5342 -0.4017 -0.0080  0.1455  0.1461  0.5099  0.5924  0.6305  0.7079  1.1267
  22/ 33  (  0  2  2 )/  4 SPIN= 1
 -0.5326 -0.3735 -0.0590  0.1026  0.1213  0.4963  0.6651  0.7263  0.7499  1.1380
  23/ 33  (  0  2  3 )/  4 SPIN= 1
 -0.5301 -0.3524 -0.0897  0.0718  0.1060  0.4666  0.7244  0.7844  0.8333  1.1599
  24/ 33  (  0  2  4 )/  4 SPIN= 1
 -0.5289 -0.3446 -0.0997  0.0602  0.1009  0.4545  0.7487  0.8108  0.8668  1.1941
  25/ 33  (  0 -2  1 )/  4 SPIN= 1
 -0.5293 -0.4522  0.1354  0.2059  0.2564  0.3879  0.4184  0.4661  0.8591  1.0967
  26/ 33  (  0  2 -2 )/  4 SPIN= 1
 -0.5268 -0.4612  0.1831  0.2199  0.3080  0.3250  0.3665  0.4432  0.9381  1.0473
  27/ 33  (  1  1  0 )/  4 SPIN= 1
 -0.5717 -0.3686  0.0202  0.2000  0.2142  0.4277  0.4324  0.7059  0.7773  0.9877
  28/ 33  (  1  1  1 )/  4 SPIN= 1
 -0.5679 -0.3712  0.0250  0.1501  0.2310  0.3939  0.5160  0.6899  0.7681  1.0126
  29/ 33  (  1  1  2 )/  4 SPIN= 1
 -0.5570 -0.3781  0.0228  0.1221  0.1735  0.4548  0.6034  0.6529  0.7461  1.0755
  30/ 33  (  1  1  3 )/  4 SPIN= 1
 -0.5403 -0.3874 -0.0064  0.0968  0.1497  0.5483  0.5995  0.6815  0.7330  1.0514
  31/ 33  (  1  1  4 )/  4 SPIN= 1
 -0.5205 -0.3975 -0.0362  0.0303  0.2037  0.5334  0.6494  0.7230  0.7521  0.9743
  32/ 33  (  1  1  5 )/  4 SPIN= 1
 -0.5028 -0.4066 -0.0517 -0.0188  0.2645  0.4709  0.7080  0.7619  0.7807  0.9151
  33/ 33  (  1  1  6 )/  4 SPIN= 1
 -0.4952 -0.4108 -0.0494 -0.0437  0.2997  0.4352  0.7374  0.7441  0.8314  0.8823
 FERMI LEVEL= 0.332243
 ====== EIGENENERGIES HAVE BEEN WRITTEN ON FILE( 6) =====
 ====== EIGENENERGIES HAVE BEEN WRITTEN ON FILE(40) =====




 ----- NO. OF ELECTRONS INSIDE THE MUFFIN-TIN SPHERE ( NEW  ) ---
 ELCOM,ELCO 0.279736E+02 0.279736E+02
 EINM, EIN  0.309565E+02 0.309565E+02
                               IA=  1   M=  0.000,   N= 30.957
                      (TOTAL IN MT-S)   M=  0.000,   N= 61.913
 (VALENCE) MOMENT=  0.000000000000000E+000     CHARGE=   5.96591653516098     
  ===== RHOUT =  2.076463664093438E-002  0.000000000000000E+000
  EKIN=   9219.25508509615     
    
  ===== TOTAL POTENTIAL ====

      VOM(IS)=  -0.150173D+00

 VIM(IA,IS) : UP        DOWN          (POTENTIAL ON THE SPHERE)
 IA=  1 :  V(UP)=  -0.752130D+00   V(DOWN)=
  ===== (IN MT SPHERE) =====     UP       DOWN
 IA=  1   J=   1    R=   0.123410D-03 :   V*R=  -0.659671D+02   0.000000D+00
 IA=  1   J=  51    R=   0.554238D-03 :   V*R=  -0.658509D+02   0.000000D+00
 IA=  1   J= 101    R=   0.248910D-02 :   V*R=  -0.653216D+02   0.000000D+00
 IA=  1   J= 151    R=   0.111787D-01 :   V*R=  -0.629338D+02   0.000000D+00
 IA=  1   J= 201    R=   0.502038D-01 :   V*R=  -0.539423D+02   0.000000D+00
 IA=  1   J= 251    R=   0.225467D+00 :   V*R=  -0.319307D+02   0.000000D+00
 IA=  1   J= 301    R=   0.101258D+01 :   V*R=  -0.684460D+01   0.000000D+00
  ECLM=  -17927.4660004853         EEXC=  -325.673521402006     
             TOTAL ENERGY =  -9033.88443679117     
 (VALENCE IN MT) MOMENT=      0.00000000  CHARGE=      5.96591654
                               IA=  1   M=  2.9830   N=  2.9830
   CONVERGENCE TEST FOR ITER = 1 ==== R.M.S. OF POTENTIAL DEFFERENCE ====
 IA=  1 (As)  IS= 1 : 0.25277D-02
      MAX DIFF OF V*R = 0.18752D-01  AT R(304)= 0.111D+01 WHERE VR=-0.601D+01
 ----------  POTENTIALS HAVE BEEN WRITTEN ON FILE(36).  ------
 ----------  POTENTIALS HAVE BEEN WRITTEN ON FILE(37).  ------
 AMIXCH=  0.100          AMIXMO=  0.100
 ----------  POTENTIALS HAVE BEEN WRITTEN ON FILE(35).  ------
0 ========== ITER=  2 ===========================




 ===== CORE STATE CALCULATION =====
 IA=           1    RMAX=R(         347 )=   4.03263551391383     
  ===== EIGENENERGY OF CORE STATE (RYD.) =====
 100         -859.095289
 200         -108.443953
 210          -95.110581
 300          -13.294858
 310           -9.173153
 320           -2.376158
 IND0=11 IND1= 0    L= 0   IA= 1  ISP= 1
 -0.200 -0.060  0.080  0.220  0.360  0.500  0.640  0.780  0.920  1.060  1.200
 -0.300 -0.270 -0.239 -0.207 -0.175 -0.142 -0.108 -0.074 -0.039 -0.004  0.030
  0.463  0.513  0.560  0.606  0.649  0.689  0.727  0.761  0.792  0.819  0.842
 IND0= 0 IND1= 0    L= 1   IA= 1  ISP= 1
 -0.200 -0.080  0.040  0.160  0.280  0.400  0.520  0.640  0.760  0.880  1.000
  0.508  0.491  0.473  0.455  0.436  0.416  0.396  0.376  0.355  0.333  0.311
 -0.127 -0.171 -0.215 -0.258 -0.302 -0.345 -0.387 -0.429 -0.470 -0.511 -0.550
 IND0= 0 IND1= 2    L= 2   IA= 1  ISP= 1
  1.000  1.120  1.240  1.360  1.480  1.600  1.720  1.840  1.960  2.080  2.200
 -0.602 -0.590 -0.578 -0.565 -0.552 -0.538 -0.524 -0.510 -0.495 -0.480 -0.465
 -0.033  0.008  0.050  0.091  0.132  0.174  0.215  0.256  0.296  0.337  0.377
 IND0= 0 IND1= 0    L= 3   IA= 1  ISP= 1
  0.000  0.100  0.200  0.300  0.400  0.500  0.600  0.700  0.800  0.900  1.000
  0.819  0.812  0.806  0.800  0.793  0.787  0.780  0.773  0.766  0.759  0.752
  0.837  0.806  0.775  0.743  0.712  0.680  0.648  0.617  0.585  0.553  0.520
 IND0= 0 IND1= 0    L= 4   IA= 1  ISP= 1
  0.000  0.100  0.200  0.300  0.400  0.500  0.600  0.700  0.800  0.900  1.000
  0.951  0.947  0.943  0.939  0.935  0.930  0.926  0.922  0.918  0.913  0.909
  1.500  1.473  1.445  1.417  1.389  1.361  1.333  1.305  1.277  1.249  1.221
 IND0= 0 IND1= 0    L= 5   IA= 1  ISP= 1
  0.000  0.100  0.200  0.300  0.400  0.500  0.600  0.700  0.800  0.900  1.000
  1.053  1.050  1.047  1.044  1.041  1.038  1.035  1.032  1.029  1.026  1.022
  2.192  2.167  2.141  2.116  2.090  2.065  2.039  2.014  1.988  1.962  1.936
 IND0= 0 IND1= 0    L= 6   IA= 1  ISP= 1
  0.000  0.100  0.200  0.300  0.400  0.500  0.600  0.700  0.800  0.900  1.000
  1.141  1.139  1.136  1.134  1.132  1.129  1.127  1.124  1.122  1.119  1.117
  2.928  2.904  2.880  2.857  2.833  2.809  2.785  2.762  2.738  2.714  2.690
 IND0= 0 IND1= 0    L= 7   IA= 1  ISP= 1
  0.000  0.100  0.200  0.300  0.400  0.500  0.600  0.700  0.800  0.900  1.000
  1.219  1.218  1.216  1.214  1.212  1.210  1.208  1.206  1.204  1.202  1.200
  3.707  3.685  3.663  3.641  3.618  3.596  3.574  3.551  3.529  3.507  3.484
 <<< CPU =     0.001(SEC.) FOR SUB.TSRWF  >>>.   TOTAL CPU =     4.222(SEC.).  
 ===    1/ 33 ===== (  0  0  0)/  4 ==========
  NO. OF PLANE WAVES =         381
 ===    2/ 33 ===== (  0  0  1)/  4 ==========
  NO. OF PLANE WAVES =         381
 ===    3/ 33 ===== (  0  0  2)/  4 ==========
  NO. OF PLANE WAVES =         369
 ===    4/ 33 ===== (  0  0  3)/  4 ==========
  NO. OF PLANE WAVES =         375
 ===    5/ 33 ===== (  0  0  4)/  4 ==========
  NO. OF PLANE WAVES =         375
 ===    6/ 33 ===== (  0  0  5)/  4 ==========
  NO. OF PLANE WAVES =         387
 ===    7/ 33 ===== (  0  0  6)/  4 ==========
  NO. OF PLANE WAVES =         380
 ===    8/ 33 ===== (  0  1  0)/  4 ==========
  NO. OF PLANE WAVES =         374
 ===    9/ 33 ===== (  0  1  1)/  4 ==========
  NO. OF PLANE WAVES =         378
 ===   10/ 33 ===== (  0  1  2)/  4 ==========
  NO. OF PLANE WAVES =         378
 ===   11/ 33 ===== (  0  1  3)/  4 ==========
  NO. OF PLANE WAVES =         375
 ===   12/ 33 ===== (  0  1  4)/  4 ==========
  NO. OF PLANE WAVES =         375
 ===   13/ 33 ===== (  0  1  5)/  4 ==========
  NO. OF PLANE WAVES =         375
 ===   14/ 33 ===== (  0  1  6)/  4 ==========
  NO. OF PLANE WAVES =         373
 ===   15/ 33 ===== (  0  1 -5)/  4 ==========
  NO. OF PLANE WAVES =         374
 ===   16/ 33 ===== (  0  1 -4)/  4 ==========
  NO. OF PLANE WAVES =         371
 ===   17/ 33 ===== (  0  1 -3)/  4 ==========
  NO. OF PLANE WAVES =         376
 ===   18/ 33 ===== (  0  1 -2)/  4 ==========
  NO. OF PLANE WAVES =         373
 ===   19/ 33 ===== (  0  1 -1)/  4 ==========
  NO. OF PLANE WAVES =         380
 ===   20/ 33 ===== (  0  2  0)/  4 ==========
  NO. OF PLANE WAVES =         384
 ===   21/ 33 ===== (  0  2  1)/  4 ==========
  NO. OF PLANE WAVES =         376
 ===   22/ 33 ===== (  0  2  2)/  4 ==========
  NO. OF PLANE WAVES =         379
 ===   23/ 33 ===== (  0  2  3)/  4 ==========
  NO. OF PLANE WAVES =         378
 ===   24/ 33 ===== (  0  2  4)/  4 ==========
  NO. OF PLANE WAVES =         372
 ===   25/ 33 ===== (  0 -2  1)/  4 ==========
  NO. OF PLANE WAVES =         376
 ===   26/ 33 ===== (  0  2 -2)/  4 ==========
  NO. OF PLANE WAVES =         374
 ===   27/ 33 ===== (  1  1  0)/  4 ==========
  NO. OF PLANE WAVES =         377
 ===   28/ 33 ===== (  1  1  1)/  4 ==========
  NO. OF PLANE WAVES =         373
 ===   29/ 33 ===== (  1  1  2)/  4 ==========
  NO. OF PLANE WAVES =         376
 ===   30/ 33 ===== (  1  1  3)/  4 ==========
  NO. OF PLANE WAVES =         375
 ===   31/ 33 ===== (  1  1  4)/  4 ==========
  NO. OF PLANE WAVES =         377
 ===   32/ 33 ===== (  1  1  5)/  4 ==========
  NO. OF PLANE WAVES =         379
 ===   33/ 33 ===== (  1  1  6)/  4 ==========
  NO. OF PLANE WAVES =         378
 TIME TO GET EIGENSTATES.     4.158     8.380
  EMAX=   1.19395813199346         EMIN= -0.730869349063304     
     FERMI-EN=  0.33227320  DOS=     0.10592  INT.DOS=  10.0000000000
  === DOS OF EACH BAND ===
 SPIN= 1    1    0.000    2    0.000    3    0.000    4    0.000    5    0.086
            6    0.020    7    0.000    8    0.000    9    0.000   10    0.000
  === OCCUPATION OF EACH BAND ===
 SPIN= 1    1  2.00000    2  2.00000    3  2.00000    4  2.00000    5  1.99995
            6  0.00005    7  0.00000    8  0.00000    9  0.00000   10  0.00000
   NX=  4  NY=  4  NZ=  4
 NEIG= 10NKP1= 33 NSP=  1
   1/ 33  (  0  0  0 )/  4 SPIN= 1
 -0.7309 -0.1197  0.1950  0.2665  0.2665  0.5211  0.5898  0.5898  0.8418  0.8612
   2/ 33  (  0  0  1 )/  4 SPIN= 1
 -0.7259 -0.1444  0.2104  0.2672  0.2672  0.5176  0.5759  0.5759  0.8042  0.8698
   3/ 33  (  0  0  2 )/  4 SPIN= 1
 -0.7113 -0.2032  0.2413  0.2695  0.2695  0.5073  0.5416  0.5416  0.7729  0.8982
   4/ 33  (  0  0  3 )/  4 SPIN= 1
 -0.6880 -0.2738  0.2684  0.2740  0.2740  0.4901  0.4998  0.4998  0.7776  0.9476
   5/ 33  (  0  0  4 )/  4 SPIN= 1
 -0.6583 -0.3423  0.2808  0.2808  0.2861  0.4609  0.4609  0.4689  0.8156  1.0165
   6/ 33  (  0  0  5 )/  4 SPIN= 1
 -0.6285 -0.3971  0.2881  0.2881  0.2961  0.4324  0.4324  0.4513  0.8677  1.1025
   7/ 33  (  0  0  6 )/  4 SPIN= 1
 -0.6141 -0.4200  0.2916  0.2916  0.2994  0.4216  0.4216  0.4445  0.8959  1.1439
   8/ 33  (  0  1  0 )/  4 SPIN= 1
 -0.6757 -0.2336  0.1901  0.2119  0.2510  0.4063  0.5151  0.5691  0.7096  0.8766
   9/ 33  (  0  1  1 )/  4 SPIN= 1
 -0.6713 -0.2288  0.1319  0.1865  0.2445  0.4430  0.5287  0.6271  0.7081  0.9238
  10/ 33  (  0  1  2 )/  4 SPIN= 1
 -0.6578 -0.2442  0.0854  0.1673  0.2049  0.5150  0.5325  0.6669  0.7403  0.9867
  11/ 33  (  0  1  3 )/  4 SPIN= 1
 -0.6363 -0.2801  0.0489  0.1565  0.1781  0.5239  0.6059  0.6739  0.7578  1.0517
  12/ 33  (  0  1  4 )/  4 SPIN= 1
 -0.6090 -0.3272  0.0182  0.1549  0.1722  0.5417  0.6520  0.6675  0.7558  1.0963
  13/ 33  (  0  1  5 )/  4 SPIN= 1
 -0.5817 -0.3718 -0.0056  0.1630  0.1833  0.5583  0.6144  0.7113  0.7610  1.0607
  14/ 33  (  0  1  6 )/  4 SPIN= 1
 -0.5675 -0.3959 -0.0183  0.1801  0.2066  0.5501  0.5706  0.7391  0.7977  0.9857
  15/ 33  (  0  1 -5 )/  4 SPIN= 1
 -0.5790 -0.3857 -0.0157  0.2050  0.2401  0.5142  0.5260  0.7374  0.8716  0.9178
  16/ 33  (  0  1 -4 )/  4 SPIN= 1
 -0.6061 -0.3531  0.0058  0.2336  0.2827  0.4598  0.4862  0.7085  0.8429  0.9765
  17/ 33  (  0  1 -3 )/  4 SPIN= 1
 -0.6341 -0.3154  0.0486  0.2563  0.3334  0.3950  0.4624  0.6456  0.8028  0.9632
  18/ 33  (  0  1 -2 )/  4 SPIN= 1
 -0.6565 -0.2808  0.1115  0.2584  0.3256  0.3894  0.4704  0.5607  0.7892  0.9124
  19/ 33  (  0  1 -1 )/  4 SPIN= 1
 -0.6706 -0.2526  0.1873  0.2391  0.2562  0.4313  0.4939  0.5112  0.7591  0.8572
  20/ 33  (  0  2  0 )/  4 SPIN= 1
 -0.5327 -0.4297  0.0594  0.1761  0.1982  0.4650  0.5165  0.5218  0.7596  1.1184
  21/ 33  (  0  2  1 )/  4 SPIN= 1
 -0.5339 -0.4013 -0.0082  0.1456  0.1461  0.5099  0.5925  0.6306  0.7076  1.1266
  22/ 33  (  0  2  2 )/  4 SPIN= 1
 -0.5323 -0.3731 -0.0592  0.1026  0.1213  0.4960  0.6653  0.7263  0.7501  1.1379
  23/ 33  (  0  2  3 )/  4 SPIN= 1
 -0.5298 -0.3520 -0.0899  0.0717  0.1060  0.4662  0.7247  0.7845  0.8336  1.1597
  24/ 33  (  0  2  4 )/  4 SPIN= 1
 -0.5286 -0.3441 -0.0999  0.0601  0.1008  0.4540  0.7490  0.8110  0.8673  1.1940
  25/ 33  (  0 -2  1 )/  4 SPIN= 1
 -0.5290 -0.4520  0.1353  0.2060  0.2565  0.3879  0.4183  0.4661  0.8587  1.0965
  26/ 33  (  0  2 -2 )/  4 SPIN= 1
 -0.5265 -0.4610  0.1831  0.2200  0.3080  0.3249  0.3664  0.4432  0.9377  1.0470
  27/ 33  (  1  1  0 )/  4 SPIN= 1
 -0.5714 -0.3682  0.0201  0.2000  0.2142  0.4277  0.4324  0.7062  0.7769  0.9873
  28/ 33  (  1  1  1 )/  4 SPIN= 1
 -0.5676 -0.3708  0.0249  0.1500  0.2311  0.3938  0.5161  0.6901  0.7678  1.0122
  29/ 33  (  1  1  2 )/  4 SPIN= 1
 -0.5567 -0.3777  0.0227  0.1220  0.1735  0.4547  0.6036  0.6531  0.7458  1.0751
  30/ 33  (  1  1  3 )/  4 SPIN= 1
 -0.5400 -0.3870 -0.0065  0.0967  0.1497  0.5483  0.5997  0.6817  0.7327  1.0511
  31/ 33  (  1  1  4 )/  4 SPIN= 1
 -0.5202 -0.3971 -0.0364  0.0301  0.2037  0.5336  0.6495  0.7228  0.7522  0.9740
  32/ 33  (  1  1  5 )/  4 SPIN= 1
 -0.5025 -0.4062 -0.0519 -0.0190  0.2645  0.4710  0.7080  0.7620  0.7806  0.9150
  33/ 33  (  1  1  6 )/  4 SPIN= 1
 -0.4948 -0.4104 -0.0496 -0.0439  0.2999  0.4352  0.7373  0.7441  0.8314  0.8823
 FERMI LEVEL= 0.332273
 ====== EIGENENERGIES HAVE BEEN WRITTEN ON FILE( 6) =====
 ====== EIGENENERGIES HAVE BEEN WRITTEN ON FILE(40) =====




 ----- NO. OF ELECTRONS INSIDE THE MUFFIN-TIN SPHERE ( NEW  ) ---
 ELCOM,ELCO 0.279735E+02 0.279735E+02
 EINM, EIN  0.309549E+02 0.309549E+02
                               IA=  1   M=  0.000,   N= 30.955
                      (TOTAL IN MT-S)   M=  0.000,   N= 61.910
 (VALENCE) MOMENT=  0.000000000000000E+000     CHARGE=   5.96278933993925     
  ===== RHOUT =  2.078093060350867E-002  0.000000000000000E+000
  EKIN=   9219.16232415172     
    
  ===== TOTAL POTENTIAL ====

      VOM(IS)=  -0.149928D+00

 VIM(IA,IS) : UP        DOWN          (POTENTIAL ON THE SPHERE)
 IA=  1 :  V(UP)=  -0.752108D+00   V(DOWN)=
  ===== (IN MT SPHERE) =====     UP       DOWN
 IA=  1   J=   1    R=   0.123410D-03 :   V*R=  -0.659671D+02   0.000000D+00
 IA=  1   J=  51    R=   0.554238D-03 :   V*R=  -0.658509D+02   0.000000D+00
 IA=  1   J= 101    R=   0.248910D-02 :   V*R=  -0.653217D+02   0.000000D+00
 IA=  1   J= 151    R=   0.111787D-01 :   V*R=  -0.629338D+02   0.000000D+00
 IA=  1   J= 201    R=   0.502038D-01 :   V*R=  -0.539425D+02   0.000000D+00
 IA=  1   J= 251    R=   0.225467D+00 :   V*R=  -0.319313D+02   0.000000D+00
 IA=  1   J= 301    R=   0.101258D+01 :   V*R=  -0.684564D+01   0.000000D+00
  ECLM=  -17927.3794854883         EEXC=  -325.667319176921     
             TOTAL ENERGY =  -9033.88448051349     
 (VALENCE IN MT) MOMENT=      0.00000000  CHARGE=      5.96278934
                               IA=  1   M=  2.9814   N=  2.9814
   CONVERGENCE TEST FOR ITER = 2 ==== R.M.S. OF POTENTIAL DEFFERENCE ====
 IA=  1 (As)  IS= 1 : 0.21171D-02
      MAX DIFF OF V*R = 0.15884D-01  AT R(304)= 0.111D+01 WHERE VR=-0.601D+01
 ----------  POTENTIALS HAVE BEEN READ  FROM FILE(36).  ----------
 ----------  POTENTIALS HAVE BEEN READ  FROM FILE(37).  ----------
 ----------  POTENTIALS HAVE BEEN WRITTEN ON FILE(36).  ------
 ----------  POTENTIALS HAVE BEEN WRITTEN ON FILE(37).  ------
  MIXING PARAMETER 1 =  0.975539644163172       (RELAXATION ALGORITHM)
  MIXING PARAMETER 1 =  0.200010000000000       (RESET)
 ----------  POTENTIALS HAVE BEEN WRITTEN ON FILE(35).  ------
0 ========== ITER=  3 ===========================




 ===== CORE STATE CALCULATION =====
 IA=           1    RMAX=R(         347 )=   4.03263551391383     
  ===== EIGENENERGY OF CORE STATE (RYD.) =====
 100         -859.091035
 200         -108.440712
 210          -95.107217
 300          -13.291873
 310           -9.170172
 320           -2.373299
 IND0=11 IND1= 0    L= 0   IA= 1  ISP= 1
 -0.200 -0.060  0.080  0.220  0.360  0.500  0.640  0.780  0.920  1.060  1.200
 -0.300 -0.270 -0.240 -0.208 -0.175 -0.142 -0.109 -0.074 -0.040 -0.005  0.030
  0.463  0.512  0.560  0.605  0.648  0.689  0.727  0.761  0.792  0.819  0.842
 IND0= 0 IND1= 0    L= 1   IA= 1  ISP= 1
 -0.200 -0.080  0.040  0.160  0.280  0.400  0.520  0.640  0.760  0.880  1.000
  0.508  0.491  0.473  0.455  0.436  0.417  0.397  0.376  0.355  0.333  0.311
 -0.127 -0.171 -0.215 -0.258 -0.301 -0.344 -0.387 -0.429 -0.470 -0.510 -0.550
 IND0= 0 IND1= 2    L= 2   IA= 1  ISP= 1
  1.000  1.120  1.240  1.360  1.480  1.600  1.720  1.840  1.960  2.080  2.200
 -0.602 -0.590 -0.578 -0.565 -0.552 -0.539 -0.525 -0.510 -0.496 -0.480 -0.465
 -0.033  0.008  0.050  0.091  0.132  0.173  0.214  0.255  0.296  0.337  0.377
 IND0= 0 IND1= 0    L= 3   IA= 1  ISP= 1
  0.000  0.100  0.200  0.300  0.400  0.500  0.600  0.700  0.800  0.900  1.000
  0.819  0.812  0.806  0.800  0.793  0.787  0.780  0.773  0.766  0.759  0.752
  0.837  0.806  0.775  0.743  0.712  0.680  0.649  0.617  0.585  0.553  0.521
 IND0= 0 IND1= 0    L= 4   IA= 1  ISP= 1
  0.000  0.100  0.200  0.300  0.400  0.500  0.600  0.700  0.800  0.900  1.000
  0.951  0.947  0.943  0.939  0.935  0.930  0.926  0.922  0.918  0.913  0.909
  1.500  1.473  1.445  1.417  1.389  1.361  1.333  1.305  1.277  1.249  1.221
 IND0= 0 IND1= 0    L= 5   IA= 1  ISP= 1
  0.000  0.100  0.200  0.300  0.400  0.500  0.600  0.700  0.800  0.900  1.000
  1.053  1.050  1.047  1.044  1.041  1.038  1.035  1.032  1.029  1.026  1.022
  2.192  2.167  2.142  2.116  2.091  2.065  2.039  2.014  1.988  1.962  1.936
 IND0= 0 IND1= 0    L= 6   IA= 1  ISP= 1
  0.000  0.100  0.200  0.300  0.400  0.500  0.600  0.700  0.800  0.900  1.000
  1.141  1.139  1.136  1.134  1.132  1.129  1.127  1.124  1.122  1.119  1.117
  2.928  2.904  2.880  2.857  2.833  2.809  2.785  2.762  2.738  2.714  2.690
 IND0= 0 IND1= 0    L= 7   IA= 1  ISP= 1
  0.000  0.100  0.200  0.300  0.400  0.500  0.600  0.700  0.800  0.900  1.000
  1.219  1.218  1.216  1.214  1.212  1.210  1.208  1.206  1.204  1.202  1.200
  3.707  3.685  3.663  3.641  3.618  3.596  3.574  3.551  3.529  3.507  3.484
 <<< CPU =     0.001(SEC.) FOR SUB.TSRWF  >>>.   TOTAL CPU =     8.397(SEC.).  
 ===    1/ 33 ===== (  0  0  0)/  4 ==========
  NO. OF PLANE WAVES =         381
 ===    2/ 33 ===== (  0  0  1)/  4 ==========
  NO. OF PLANE WAVES =         381
 ===    3/ 33 ===== (  0  0  2)/  4 ==========
  NO. OF PLANE WAVES =         369
 ===    4/ 33 ===== (  0  0  3)/  4 ==========
  NO. OF PLANE WAVES =         375
 ===    5/ 33 ===== (  0  0  4)/  4 ==========
  NO. OF PLANE WAVES =         375
 ===    6/ 33 ===== (  0  0  5)/  4 ==========
  NO. OF PLANE WAVES =         387
 ===    7/ 33 ===== (  0  0  6)/  4 ==========
  NO. OF PLANE WAVES =         380
 ===    8/ 33 ===== (  0  1  0)/  4 ==========
  NO. OF PLANE WAVES =         374
 ===    9/ 33 ===== (  0  1  1)/  4 ==========
  NO. OF PLANE WAVES =         378
 ===   10/ 33 ===== (  0  1  2)/  4 ==========
  NO. OF PLANE WAVES =         378
 ===   11/ 33 ===== (  0  1  3)/  4 ==========
  NO. OF PLANE WAVES =         375
 ===   12/ 33 ===== (  0  1  4)/  4 ==========
  NO. OF PLANE WAVES =         375
 ===   13/ 33 ===== (  0  1  5)/  4 ==========
  NO. OF PLANE WAVES =         375
 ===   14/ 33 ===== (  0  1  6)/  4 ==========
  NO. OF PLANE WAVES =         373
 ===   15/ 33 ===== (  0  1 -5)/  4 ==========
  NO. OF PLANE WAVES =         374
 ===   16/ 33 ===== (  0  1 -4)/  4 ==========
  NO. OF PLANE WAVES =         371
 ===   17/ 33 ===== (  0  1 -3)/  4 ==========
  NO. OF PLANE WAVES =         376
 ===   18/ 33 ===== (  0  1 -2)/  4 ==========
  NO. OF PLANE WAVES =         373
 ===   19/ 33 ===== (  0  1 -1)/  4 ==========
  NO. OF PLANE WAVES =         380
 ===   20/ 33 ===== (  0  2  0)/  4 ==========
  NO. OF PLANE WAVES =         384
 ===   21/ 33 ===== (  0  2  1)/  4 ==========
  NO. OF PLANE WAVES =         376
 ===   22/ 33 ===== (  0  2  2)/  4 ==========
  NO. OF PLANE WAVES =         379
 ===   23/ 33 ===== (  0  2  3)/  4 ==========
  NO. OF PLANE WAVES =         378
 ===   24/ 33 ===== (  0  2  4)/  4 ==========
  NO. OF PLANE WAVES =         372
 ===   25/ 33 ===== (  0 -2  1)/  4 ==========
  NO. OF PLANE WAVES =         376
 ===   26/ 33 ===== (  0  2 -2)/  4 ==========
  NO. OF PLANE WAVES =         374
 ===   27/ 33 ===== (  1  1  0)/  4 ==========
  NO. OF PLANE WAVES =         377
 ===   28/ 33 ===== (  1  1  1)/  4 ==========
  NO. OF PLANE WAVES =         373
 ===   29/ 33 ===== (  1  1  2)/  4 ==========
  NO. OF PLANE WAVES =         376
 ===   30/ 33 ===== (  1  1  3)/  4 ==========
  NO. OF PLANE WAVES =         375
 ===   31/ 33 ===== (  1  1  4)/  4 ==========
  NO. OF PLANE WAVES =         377
 ===   32/ 33 ===== (  1  1  5)/  4 ==========
  NO. OF PLANE WAVES =         379
 ===   33/ 33 ===== (  1  1  6)/  4 ==========
  NO. OF PLANE WAVES =         378
 TIME TO GET EIGENSTATES.     4.162    12.559
  EMAX=   1.19368590640922         EMIN= -0.730654230542453     
     FERMI-EN=  0.33230017  DOS=     0.10851  INT.DOS=  10.0000000000
  === DOS OF EACH BAND ===
 SPIN= 1    1    0.000    2    0.000    3    0.000    4    0.000    5    0.088
            6    0.021    7    0.000    8    0.000    9    0.000   10    0.000
  === OCCUPATION OF EACH BAND ===
 SPIN= 1    1  2.00000    2  2.00000    3  2.00000    4  2.00000    5  1.99995
            6  0.00005    7  0.00000    8  0.00000    9  0.00000   10  0.00000
   NX=  4  NY=  4  NZ=  4
 NEIG= 10NKP1= 33 NSP=  1
   1/ 33  (  0  0  0 )/  4 SPIN= 1
 -0.7307 -0.1186  0.1950  0.2667  0.2667  0.5212  0.5900  0.5900  0.8411  0.8603
   2/ 33  (  0  0  1 )/  4 SPIN= 1
 -0.7257 -0.1434  0.2105  0.2674  0.2674  0.5177  0.5762  0.5762  0.8035  0.8690
   3/ 33  (  0  0  2 )/  4 SPIN= 1
 -0.7111 -0.2024  0.2415  0.2697  0.2697  0.5075  0.5417  0.5417  0.7721  0.8973
   4/ 33  (  0  0  3 )/  4 SPIN= 1
 -0.6878 -0.2732  0.2687  0.2742  0.2742  0.4903  0.4999  0.4999  0.7767  0.9468
   5/ 33  (  0  0  4 )/  4 SPIN= 1
 -0.6580 -0.3419  0.2810  0.2810  0.2864  0.4609  0.4609  0.4691  0.8149  1.0157
   6/ 33  (  0  0  5 )/  4 SPIN= 1
 -0.6281 -0.3968  0.2883  0.2883  0.2963  0.4324  0.4324  0.4515  0.8672  1.1018
   7/ 33  (  0  0  6 )/  4 SPIN= 1
 -0.6136 -0.4198  0.2918  0.2918  0.2996  0.4216  0.4216  0.4447  0.8955  1.1435
   8/ 33  (  0  1  0 )/  4 SPIN= 1
 -0.6754 -0.2328  0.1902  0.2120  0.2512  0.4062  0.5151  0.5692  0.7088  0.8761
   9/ 33  (  0  1  1 )/  4 SPIN= 1
 -0.6710 -0.2279  0.1318  0.1866  0.2446  0.4431  0.5284  0.6274  0.7077  0.9232
  10/ 33  (  0  1  2 )/  4 SPIN= 1
 -0.6575 -0.2434  0.0853  0.1674  0.2048  0.5148  0.5326  0.6673  0.7401  0.9862
  11/ 33  (  0  1  3 )/  4 SPIN= 1
 -0.6360 -0.2793  0.0488  0.1565  0.1780  0.5234  0.6064  0.6743  0.7577  1.0513
  12/ 33  (  0  1  4 )/  4 SPIN= 1
 -0.6086 -0.3267  0.0180  0.1549  0.1721  0.5414  0.6524  0.6680  0.7557  1.0959
  13/ 33  (  0  1  5 )/  4 SPIN= 1
 -0.5813 -0.3714 -0.0058  0.1630  0.1832  0.5584  0.6148  0.7117  0.7606  1.0602
  14/ 33  (  0  1  6 )/  4 SPIN= 1
 -0.5670 -0.3955 -0.0185  0.1802  0.2066  0.5505  0.5709  0.7396  0.7970  0.9852
  15/ 33  (  0  1 -5 )/  4 SPIN= 1
 -0.5786 -0.3853 -0.0160  0.2050  0.2401  0.5146  0.5262  0.7379  0.8709  0.9172
  16/ 33  (  0  1 -4 )/  4 SPIN= 1
 -0.6058 -0.3526  0.0055  0.2337  0.2827  0.4602  0.4864  0.7088  0.8423  0.9759
  17/ 33  (  0  1 -3 )/  4 SPIN= 1
 -0.6338 -0.3147  0.0484  0.2565  0.3335  0.3953  0.4624  0.6459  0.8022  0.9624
  18/ 33  (  0  1 -2 )/  4 SPIN= 1
 -0.6562 -0.2801  0.1114  0.2586  0.3258  0.3895  0.4704  0.5608  0.7886  0.9115
  19/ 33  (  0  1 -1 )/  4 SPIN= 1
 -0.6704 -0.2519  0.1873  0.2392  0.2563  0.4314  0.4939  0.5113  0.7583  0.8565
  20/ 33  (  0  2  0 )/  4 SPIN= 1
 -0.5323 -0.4293  0.0592  0.1761  0.1982  0.4651  0.5165  0.5219  0.7588  1.1183
  21/ 33  (  0  2  1 )/  4 SPIN= 1
 -0.5334 -0.4008 -0.0084  0.1455  0.1461  0.5098  0.5927  0.6307  0.7070  1.1265
  22/ 33  (  0  2  2 )/  4 SPIN= 1
 -0.5318 -0.3725 -0.0595  0.1025  0.1213  0.4955  0.6656  0.7262  0.7505  1.1377
  23/ 33  (  0  2  3 )/  4 SPIN= 1
 -0.5293 -0.3513 -0.0903  0.0715  0.1060  0.4654  0.7252  0.7847  0.8343  1.1594
  24/ 33  (  0  2  4 )/  4 SPIN= 1
 -0.5281 -0.3434 -0.1002  0.0599  0.1008  0.4532  0.7496  0.8113  0.8680  1.1937
  25/ 33  (  0 -2  1 )/  4 SPIN= 1
 -0.5285 -0.4516  0.1352  0.2061  0.2565  0.3879  0.4183  0.4660  0.8579  1.0963
  26/ 33  (  0  2 -2 )/  4 SPIN= 1
 -0.5261 -0.4606  0.1832  0.2202  0.3080  0.3249  0.3663  0.4430  0.9371  1.0465
  27/ 33  (  1  1  0 )/  4 SPIN= 1
 -0.5711 -0.3675  0.0198  0.2000  0.2143  0.4276  0.4324  0.7066  0.7762  0.9866
  28/ 33  (  1  1  1 )/  4 SPIN= 1
 -0.5673 -0.3701  0.0247  0.1499  0.2312  0.3936  0.5163  0.6905  0.7672  1.0114
  29/ 33  (  1  1  2 )/  4 SPIN= 1
 -0.5563 -0.3770  0.0225  0.1218  0.1735  0.4546  0.6040  0.6534  0.7452  1.0746
  30/ 33  (  1  1  3 )/  4 SPIN= 1
 -0.5396 -0.3864 -0.0067  0.0965  0.1496  0.5484  0.6000  0.6819  0.7322  1.0506
  31/ 33  (  1  1  4 )/  4 SPIN= 1
 -0.5197 -0.3965 -0.0367  0.0299  0.2037  0.5339  0.6497  0.7224  0.7524  0.9734
  32/ 33  (  1  1  5 )/  4 SPIN= 1
 -0.5020 -0.4056 -0.0522 -0.0193  0.2647  0.4711  0.7079  0.7622  0.7804  0.9147
  33/ 33  (  1  1  6 )/  4 SPIN= 1
 -0.4942 -0.4098 -0.0499 -0.0443  0.3001  0.4353  0.7371  0.7440  0.8315  0.8823
 FERMI LEVEL= 0.332300
 ====== EIGENENERGIES HAVE BEEN WRITTEN ON FILE( 6) =====
 ====== EIGENENERGIES HAVE BEEN WRITTEN ON FILE(40) =====




 ----- NO. OF ELECTRONS INSIDE THE MUFFIN-TIN SPHERE ( NEW  ) ---
 ELCOM,ELCO 0.279735E+02 0.279735E+02
 EINM, EIN  0.309522E+02 0.309522E+02
                               IA=  1   M=  0.000,   N= 30.952
                      (TOTAL IN MT-S)   M=  0.000,   N= 61.904
 (VALENCE) MOMENT=  0.000000000000000E+000     CHARGE=   5.95746150851090     
  ===== RHOUT =  2.080865194049133E-002  0.000000000000000E+000
  EKIN=   9219.02415005146     
    
  ===== TOTAL POTENTIAL ====

      VOM(IS)=  -0.149511D+00

 VIM(IA,IS) : UP        DOWN          (POTENTIAL ON THE SPHERE)
 IA=  1 :  V(UP)=  -0.752070D+00   V(DOWN)=
  ===== (IN MT SPHERE) =====     UP       DOWN
 IA=  1   J=   1    R=   0.123410D-03 :   V*R=  -0.659671D+02   0.000000D+00
 IA=  1   J=  51    R=   0.554238D-03 :   V*R=  -0.658510D+02   0.000000D+00
 IA=  1   J= 101    R=   0.248910D-02 :   V*R=  -0.653217D+02   0.000000D+00
 IA=  1   J= 151    R=   0.111787D-01 :   V*R=  -0.629338D+02   0.000000D+00
 IA=  1   J= 201    R=   0.502038D-01 :   V*R=  -0.539427D+02   0.000000D+00
 IA=  1   J= 251    R=   0.225467D+00 :   V*R=  -0.319322D+02   0.000000D+00
 IA=  1   J= 301    R=   0.101258D+01 :   V*R=  -0.684734D+01   0.000000D+00
  ECLM=  -17927.2508969852         EEXC=  -325.657785964104     
             TOTAL ENERGY =  -9033.88453289786     
 (VALENCE IN MT) MOMENT=      0.00000000  CHARGE=      5.95746151
                               IA=  1   M=  2.9787   N=  2.9787
   CONVERGENCE TEST FOR ITER = 3 ==== R.M.S. OF POTENTIAL DEFFERENCE ====
 IA=  1 (As)  IS= 1 : 0.14390D-02
      MAX DIFF OF V*R = 0.11068D-01  AT R(304)= 0.111D+01 WHERE VR=-0.601D+01
 ----------  POTENTIALS HAVE BEEN READ  FROM FILE(36).  ----------
 ----------  POTENTIALS HAVE BEEN READ  FROM FILE(37).  ----------
 ----------  POTENTIALS HAVE BEEN WRITTEN ON FILE(36).  ------
 ----------  POTENTIALS HAVE BEEN WRITTEN ON FILE(37).  ------
  MIXING PARAMETER 1 =  0.978182629291950       (RELAXATION ALGORITHM)
  MIXING PARAMETER 1 =  0.200010000000000       (RESET)
 ----------  POTENTIALS HAVE BEEN WRITTEN ON FILE(35).  ------
0 ========== ITER=  4 ===========================




 ===== CORE STATE CALCULATION =====
 IA=           1    RMAX=R(         347 )=   4.03263551391383     
  ===== EIGENENERGY OF CORE STATE (RYD.) =====
 100         -859.088541
 200         -108.438917
 210          -95.105341
 300          -13.290035
 310           -9.168330
 320           -2.371528
 IND0=11 IND1= 0    L= 0   IA= 1  ISP= 1
 -0.200 -0.060  0.080  0.220  0.360  0.500  0.640  0.780  0.920  1.060  1.200
 -0.301 -0.271 -0.240 -0.208 -0.176 -0.143 -0.109 -0.075 -0.040 -0.005  0.030
  0.463  0.512  0.559  0.605  0.648  0.689  0.727  0.761  0.792  0.819  0.842
 IND0= 0 IND1= 0    L= 1   IA= 1  ISP= 1
 -0.200 -0.080  0.040  0.160  0.280  0.400  0.520  0.640  0.760  0.880  1.000
  0.508  0.491  0.473  0.455  0.436  0.417  0.397  0.376  0.355  0.334  0.311
 -0.126 -0.170 -0.214 -0.258 -0.301 -0.344 -0.387 -0.428 -0.470 -0.510 -0.550
 IND0= 0 IND1= 2    L= 2   IA= 1  ISP= 1
  1.000  1.120  1.240  1.360  1.480  1.600  1.720  1.840  1.960  2.080  2.200
 -0.602 -0.590 -0.578 -0.565 -0.552 -0.539 -0.525 -0.510 -0.496 -0.480 -0.465
 -0.033  0.008  0.049  0.091  0.132  0.173  0.214  0.255  0.296  0.336  0.376
 IND0= 0 IND1= 0    L= 3   IA= 1  ISP= 1
  0.000  0.100  0.200  0.300  0.400  0.500  0.600  0.700  0.800  0.900  1.000
  0.819  0.813  0.806  0.800  0.793  0.787  0.780  0.773  0.766  0.759  0.752
  0.838  0.806  0.775  0.744  0.712  0.680  0.649  0.617  0.585  0.553  0.521
 IND0= 0 IND1= 0    L= 4   IA= 1  ISP= 1
  0.000  0.100  0.200  0.300  0.400  0.500  0.600  0.700  0.800  0.900  1.000
  0.951  0.947  0.943  0.939  0.935  0.930  0.926  0.922  0.918  0.913  0.909
  1.500  1.473  1.445  1.417  1.389  1.361  1.333  1.305  1.277  1.249  1.221
 IND0= 0 IND1= 0    L= 5   IA= 1  ISP= 1
  0.000  0.100  0.200  0.300  0.400  0.500  0.600  0.700  0.800  0.900  1.000
  1.053  1.050  1.047  1.044  1.041  1.038  1.035  1.032  1.029  1.026  1.022
  2.192  2.167  2.142  2.116  2.091  2.065  2.039  2.014  1.988  1.962  1.936
 IND0= 0 IND1= 0    L= 6   IA= 1  ISP= 1
  0.000  0.100  0.200  0.300  0.400  0.500  0.600  0.700  0.800  0.900  1.000
  1.141  1.139  1.136  1.134  1.132  1.129  1.127  1.124  1.122  1.119  1.117
  2.928  2.904  2.880  2.857  2.833  2.809  2.785  2.762  2.738  2.714  2.690
 IND0= 0 IND1= 0    L= 7   IA= 1  ISP= 1
  0.000  0.100  0.200  0.300  0.400  0.500  0.600  0.700  0.800  0.900  1.000
  1.219  1.218  1.216  1.214  1.212  1.210  1.208  1.206  1.204  1.202  1.200
  3.707  3.685  3.663  3.641  3.618  3.596  3.574  3.551  3.529  3.507  3.484
 <<< CPU =     0.001(SEC.) FOR SUB.TSRWF  >>>.   TOTAL CPU =    12.575(SEC.).  
 ===    1/ 33 ===== (  0  0  0)/  4 ==========
  NO. OF PLANE WAVES =         381
 ===    2/ 33 ===== (  0  0  1)/  4 ==========
  NO. OF PLANE WAVES =         381
 ===    3/ 33 ===== (  0  0  2)/  4 ==========
  NO. OF PLANE WAVES =         369
 ===    4/ 33 ===== (  0  0  3)/  4 ==========
  NO. OF PLANE WAVES =         375
 ===    5/ 33 ===== (  0  0  4)/  4 ==========
  NO. OF PLANE WAVES =         375
 ===    6/ 33 ===== (  0  0  5)/  4 ==========
  NO. OF PLANE WAVES =         387
 ===    7/ 33 ===== (  0  0  6)/  4 ==========
  NO. OF PLANE WAVES =         380
 ===    8/ 33 ===== (  0  1  0)/  4 ==========
  NO. OF PLANE WAVES =         374
 ===    9/ 33 ===== (  0  1  1)/  4 ==========
  NO. OF PLANE WAVES =         378
 ===   10/ 33 ===== (  0  1  2)/  4 ==========
  NO. OF PLANE WAVES =         378
 ===   11/ 33 ===== (  0  1  3)/  4 ==========
  NO. OF PLANE WAVES =         375
 ===   12/ 33 ===== (  0  1  4)/  4 ==========
  NO. OF PLANE WAVES =         375
 ===   13/ 33 ===== (  0  1  5)/  4 ==========
  NO. OF PLANE WAVES =         375
 ===   14/ 33 ===== (  0  1  6)/  4 ==========
  NO. OF PLANE WAVES =         373
 ===   15/ 33 ===== (  0  1 -5)/  4 ==========
  NO. OF PLANE WAVES =         374
 ===   16/ 33 ===== (  0  1 -4)/  4 ==========
  NO. OF PLANE WAVES =         371
 ===   17/ 33 ===== (  0  1 -3)/  4 ==========
  NO. OF PLANE WAVES =         376
 ===   18/ 33 ===== (  0  1 -2)/  4 ==========
  NO. OF PLANE WAVES =         373
 ===   19/ 33 ===== (  0  1 -1)/  4 ==========
  NO. OF PLANE WAVES =         380
 ===   20/ 33 ===== (  0  2  0)/  4 ==========
  NO. OF PLANE WAVES =         384
 ===   21/ 33 ===== (  0  2  1)/  4 ==========
  NO. OF PLANE WAVES =         376
 ===   22/ 33 ===== (  0  2  2)/  4 ==========
  NO. OF PLANE WAVES =         379
 ===   23/ 33 ===== (  0  2  3)/  4 ==========
  NO. OF PLANE WAVES =         378
 ===   24/ 33 ===== (  0  2  4)/  4 ==========
  NO. OF PLANE WAVES =         372
 ===   25/ 33 ===== (  0 -2  1)/  4 ==========
  NO. OF PLANE WAVES =         376
 ===   26/ 33 ===== (  0  2 -2)/  4 ==========
  NO. OF PLANE WAVES =         374
 ===   27/ 33 ===== (  1  1  0)/  4 ==========
  NO. OF PLANE WAVES =         377
 ===   28/ 33 ===== (  1  1  1)/  4 ==========
  NO. OF PLANE WAVES =         373
 ===   29/ 33 ===== (  1  1  2)/  4 ==========
  NO. OF PLANE WAVES =         376
 ===   30/ 33 ===== (  1  1  3)/  4 ==========
  NO. OF PLANE WAVES =         375
 ===   31/ 33 ===== (  1  1  4)/  4 ==========
  NO. OF PLANE WAVES =         377
 ===   32/ 33 ===== (  1  1  5)/  4 ==========
  NO. OF PLANE WAVES =         379
 ===   33/ 33 ===== (  1  1  6)/  4 ==========
  NO. OF PLANE WAVES =         378
 TIME TO GET EIGENSTATES.     4.154    16.729
  EMAX=   1.19345182882994         EMIN= -0.730538646368174     
     FERMI-EN=  0.33227928  DOS=     0.11040  INT.DOS=  10.0000000000
  === DOS OF EACH BAND ===
 SPIN= 1    1    0.000    2    0.000    3    0.000    4    0.000    5    0.090
            6    0.021    7    0.000    8    0.000    9    0.000   10    0.000
  === OCCUPATION OF EACH BAND ===
 SPIN= 1    1  2.00000    2  2.00000    3  2.00000    4  2.00000    5  1.99995
            6  0.00005    7  0.00000    8  0.00000    9  0.00000   10  0.00000
   NX=  4  NY=  4  NZ=  4
 NEIG= 10NKP1= 33 NSP=  1
   1/ 33  (  0  0  0 )/  4 SPIN= 1
 -0.7305 -0.1179  0.1949  0.2669  0.2669  0.5212  0.5902  0.5902  0.8406  0.8597
   2/ 33  (  0  0  1 )/  4 SPIN= 1
 -0.7256 -0.1428  0.2105  0.2675  0.2675  0.5177  0.5763  0.5763  0.8029  0.8683
   3/ 33  (  0  0  2 )/  4 SPIN= 1
 -0.7110 -0.2019  0.2417  0.2698  0.2698  0.5076  0.5418  0.5418  0.7715  0.8967
   4/ 33  (  0  0  3 )/  4 SPIN= 1
 -0.6876 -0.2729  0.2688  0.2743  0.2743  0.4905  0.4999  0.4999  0.7761  0.9462
   5/ 33  (  0  0  4 )/  4 SPIN= 1
 -0.6578 -0.3417  0.2811  0.2811  0.2865  0.4609  0.4609  0.4692  0.8144  1.0151
   6/ 33  (  0  0  5 )/  4 SPIN= 1
 -0.6279 -0.3966  0.2884  0.2884  0.2964  0.4324  0.4324  0.4516  0.8667  1.1012
   7/ 33  (  0  0  6 )/  4 SPIN= 1
 -0.6134 -0.4197  0.2919  0.2919  0.2998  0.4216  0.4216  0.4448  0.8951  1.1432
   8/ 33  (  0  1  0 )/  4 SPIN= 1
 -0.6753 -0.2322  0.1901  0.2121  0.2512  0.4061  0.5151  0.5693  0.7082  0.8756
   9/ 33  (  0  1  1 )/  4 SPIN= 1
 -0.6709 -0.2273  0.1318  0.1866  0.2445  0.4431  0.5282  0.6276  0.7073  0.9228
  10/ 33  (  0  1  2 )/  4 SPIN= 1
 -0.6574 -0.2428  0.0852  0.1674  0.2047  0.5145  0.5326  0.6676  0.7400  0.9857
  11/ 33  (  0  1  3 )/  4 SPIN= 1
 -0.6358 -0.2789  0.0487  0.1565  0.1778  0.5230  0.6067  0.6746  0.7576  1.0509
  12/ 33  (  0  1  4 )/  4 SPIN= 1
 -0.6084 -0.3263  0.0179  0.1549  0.1720  0.5411  0.6526  0.6684  0.7555  1.0956
  13/ 33  (  0  1  5 )/  4 SPIN= 1
 -0.5810 -0.3711 -0.0060  0.1629  0.1831  0.5584  0.6150  0.7120  0.7604  1.0598
  14/ 33  (  0  1  6 )/  4 SPIN= 1
 -0.5667 -0.3953 -0.0187  0.1801  0.2065  0.5507  0.5711  0.7399  0.7965  0.9847
  15/ 33  (  0  1 -5 )/  4 SPIN= 1
 -0.5783 -0.3850 -0.0162  0.2050  0.2400  0.5149  0.5263  0.7381  0.8704  0.9168
  16/ 33  (  0  1 -4 )/  4 SPIN= 1
 -0.6055 -0.3522  0.0053  0.2337  0.2827  0.4605  0.4864  0.7091  0.8419  0.9754
  17/ 33  (  0  1 -3 )/  4 SPIN= 1
 -0.6336 -0.3143  0.0482  0.2566  0.3334  0.3955  0.4624  0.6460  0.8017  0.9618
  18/ 33  (  0  1 -2 )/  4 SPIN= 1
 -0.6560 -0.2796  0.1112  0.2587  0.3259  0.3895  0.4703  0.5608  0.7882  0.9109
  19/ 33  (  0  1 -1 )/  4 SPIN= 1
 -0.6702 -0.2514  0.1873  0.2393  0.2564  0.4314  0.4938  0.5113  0.7577  0.8560
  20/ 33  (  0  2  0 )/  4 SPIN= 1
 -0.5320 -0.4290  0.0590  0.1761  0.1981  0.4652  0.5164  0.5219  0.7581  1.1182
  21/ 33  (  0  2  1 )/  4 SPIN= 1
 -0.5332 -0.4004 -0.0087  0.1455  0.1460  0.5098  0.5928  0.6308  0.7065  1.1263
  22/ 33  (  0  2  2 )/  4 SPIN= 1
 -0.5315 -0.3721 -0.0598  0.1024  0.1212  0.4951  0.6658  0.7261  0.7506  1.1375
  23/ 33  (  0  2  3 )/  4 SPIN= 1
 -0.5290 -0.3509 -0.0905  0.0714  0.1059  0.4649  0.7255  0.7848  0.8347  1.1592
  24/ 33  (  0  2  4 )/  4 SPIN= 1
 -0.5277 -0.3430 -0.1005  0.0597  0.1007  0.4526  0.7500  0.8115  0.8685  1.1935
  25/ 33  (  0 -2  1 )/  4 SPIN= 1
 -0.5283 -0.4513  0.1351  0.2061  0.2565  0.3879  0.4182  0.4659  0.8573  1.0961
  26/ 33  (  0  2 -2 )/  4 SPIN= 1
 -0.5258 -0.4603  0.1832  0.2202  0.3080  0.3248  0.3661  0.4429  0.9366  1.0461
  27/ 33  (  1  1  0 )/  4 SPIN= 1
 -0.5708 -0.3671  0.0196  0.1999  0.2142  0.4276  0.4324  0.7068  0.7757  0.9861
  28/ 33  (  1  1  1 )/  4 SPIN= 1
 -0.5671 -0.3697  0.0245  0.1497  0.2313  0.3935  0.5164  0.6907  0.7667  1.0109
  29/ 33  (  1  1  2 )/  4 SPIN= 1
 -0.5561 -0.3766  0.0223  0.1217  0.1734  0.4545  0.6042  0.6536  0.7448  1.0741
  30/ 33  (  1  1  3 )/  4 SPIN= 1
 -0.5393 -0.3860 -0.0069  0.0964  0.1494  0.5484  0.6002  0.6821  0.7318  1.0502
  31/ 33  (  1  1  4 )/  4 SPIN= 1
 -0.5194 -0.3961 -0.0370  0.0297  0.2036  0.5340  0.6498  0.7220  0.7525  0.9730
  32/ 33  (  1  1  5 )/  4 SPIN= 1
 -0.5016 -0.4053 -0.0525 -0.0196  0.2647  0.4712  0.7078  0.7624  0.7802  0.9145
  33/ 33  (  1  1  6 )/  4 SPIN= 1
 -0.4939 -0.4095 -0.0502 -0.0446  0.3002  0.4353  0.7370  0.7440  0.8314  0.8822
 FERMI LEVEL= 0.332279
 ====== EIGENENERGIES HAVE BEEN WRITTEN ON FILE( 6) =====
 ====== EIGENENERGIES HAVE BEEN WRITTEN ON FILE(40) =====




 ----- NO. OF ELECTRONS INSIDE THE MUFFIN-TIN SPHERE ( NEW  ) ---
 ELCOM,ELCO 0.279734E+02 0.279734E+02
 EINM, EIN  0.309503E+02 0.309503E+02
                               IA=  1   M=  0.000,   N= 30.950
                      (TOTAL IN MT-S)   M=  0.000,   N= 61.901
 (VALENCE) MOMENT=  0.000000000000000E+000     CHARGE=   5.95369964528464     
  ===== RHOUT =  2.082816298776477E-002  0.000000000000000E+000
  EKIN=   9218.95688824226     
    
  ===== TOTAL POTENTIAL ====

      VOM(IS)=  -0.149217D+00

 VIM(IA,IS) : UP        DOWN          (POTENTIAL ON THE SPHERE)
 IA=  1 :  V(UP)=  -0.752039D+00   V(DOWN)=
  ===== (IN MT SPHERE) =====     UP       DOWN
 IA=  1   J=   1    R=   0.123410D-03 :   V*R=  -0.659671D+02   0.000000D+00
 IA=  1   J=  51    R=   0.554238D-03 :   V*R=  -0.658510D+02   0.000000D+00
 IA=  1   J= 101    R=   0.248910D-02 :   V*R=  -0.653217D+02   0.000000D+00
 IA=  1   J= 151    R=   0.111787D-01 :   V*R=  -0.629339D+02   0.000000D+00
 IA=  1   J= 201    R=   0.502038D-01 :   V*R=  -0.539428D+02   0.000000D+00
 IA=  1   J= 251    R=   0.225467D+00 :   V*R=  -0.319327D+02   0.000000D+00
 IA=  1   J= 301    R=   0.101258D+01 :   V*R=  -0.684845D+01   0.000000D+00
  ECLM=  -17927.1888006799         EEXC=  -325.652642838121     
             TOTAL ENERGY =  -9033.88455527572     
 (VALENCE IN MT) MOMENT=      0.00000000  CHARGE=      5.95369965
                               IA=  1   M=  2.9768   N=  2.9768
   CONVERGENCE TEST FOR ITER = 4 ==== R.M.S. OF POTENTIAL DEFFERENCE ====
 IA=  1 (As)  IS= 1 : 0.99072D-03
      MAX DIFF OF V*R = 0.77771D-02  AT R(304)= 0.111D+01 WHERE VR=-0.601D+01
 ----------  POTENTIALS HAVE BEEN READ  FROM FILE(36).  ----------
 ----------  POTENTIALS HAVE BEEN READ  FROM FILE(37).  ----------
 ----------  POTENTIALS HAVE BEEN WRITTEN ON FILE(36).  ------
 ----------  POTENTIALS HAVE BEEN WRITTEN ON FILE(37).  ------
  MIXING PARAMETER 1 =  0.983229327663656       (RELAXATION ALGORITHM)
  MIXING PARAMETER 1 =  0.200010000000000       (RESET)
 ----------  POTENTIALS HAVE BEEN WRITTEN ON FILE(35).  ------
0 ========== ITER=  5 ===========================




 ===== CORE STATE CALCULATION =====
 IA=           1    RMAX=R(         347 )=   4.03263551391383     
  ===== EIGENENERGY OF CORE STATE (RYD.) =====
 100         -859.087021
 200         -108.437897
 210          -95.104264
 300          -13.288883
 310           -9.167169
 320           -2.370410
 IND0=11 IND1= 0    L= 0   IA= 1  ISP= 1
 -0.200 -0.060  0.080  0.220  0.360  0.500  0.640  0.780  0.920  1.060  1.200
 -0.301 -0.271 -0.240 -0.208 -0.176 -0.143 -0.109 -0.075 -0.040 -0.005  0.029
  0.462  0.512  0.559  0.605  0.648  0.689  0.726  0.761  0.792  0.819  0.842
 IND0= 0 IND1= 0    L= 1   IA= 1  ISP= 1
 -0.200 -0.080  0.040  0.160  0.280  0.400  0.520  0.640  0.760  0.880  1.000
  0.508  0.491  0.473  0.455  0.436  0.417  0.397  0.376  0.355  0.334  0.311
 -0.126 -0.170 -0.214 -0.258 -0.301 -0.344 -0.386 -0.428 -0.469 -0.510 -0.549
 IND0= 0 IND1= 2    L= 2   IA= 1  ISP= 1
  1.000  1.120  1.240  1.360  1.480  1.600  1.720  1.840  1.960  2.080  2.200
 -0.602 -0.590 -0.578 -0.565 -0.552 -0.539 -0.525 -0.510 -0.496 -0.481 -0.465
 -0.034  0.008  0.049  0.091  0.132  0.173  0.214  0.255  0.296  0.336  0.376
 IND0= 0 IND1= 0    L= 3   IA= 1  ISP= 1
  0.000  0.100  0.200  0.300  0.400  0.500  0.600  0.700  0.800  0.900  1.000
  0.819  0.813  0.806  0.800  0.793  0.787  0.780  0.773  0.766  0.759  0.752
  0.838  0.806  0.775  0.744  0.712  0.680  0.649  0.617  0.585  0.553  0.521
 IND0= 0 IND1= 0    L= 4   IA= 1  ISP= 1
  0.000  0.100  0.200  0.300  0.400  0.500  0.600  0.700  0.800  0.900  1.000
  0.951  0.947  0.943  0.939  0.935  0.931  0.926  0.922  0.918  0.913  0.909
  1.500  1.473  1.445  1.417  1.389  1.361  1.333  1.305  1.277  1.249  1.221
 IND0= 0 IND1= 0    L= 5   IA= 1  ISP= 1
  0.000  0.100  0.200  0.300  0.400  0.500  0.600  0.700  0.800  0.900  1.000
  1.053  1.050  1.047  1.044  1.041  1.038  1.035  1.032  1.029  1.026  1.022
  2.192  2.167  2.142  2.116  2.091  2.065  2.039  2.014  1.988  1.962  1.936
 IND0= 0 IND1= 0    L= 6   IA= 1  ISP= 1
  0.000  0.100  0.200  0.300  0.400  0.500  0.600  0.700  0.800  0.900  1.000
  1.141  1.139  1.136  1.134  1.132  1.129  1.127  1.124  1.122  1.119  1.117
  2.928  2.904  2.881  2.857  2.833  2.809  2.785  2.762  2.738  2.714  2.690
 IND0= 0 IND1= 0    L= 7   IA= 1  ISP= 1
  0.000  0.100  0.200  0.300  0.400  0.500  0.600  0.700  0.800  0.900  1.000
  1.219  1.218  1.216  1.214  1.212  1.210  1.208  1.206  1.204  1.202  1.200
  3.707  3.685  3.663  3.641  3.618  3.596  3.574  3.551  3.529  3.507  3.484
 <<< CPU =     0.001(SEC.) FOR SUB.TSRWF  >>>.   TOTAL CPU =    16.744(SEC.).  
 ===    1/ 33 ===== (  0  0  0)/  4 ==========
  NO. OF PLANE WAVES =         381
 ===    2/ 33 ===== (  0  0  1)/  4 ==========
  NO. OF PLANE WAVES =         381
 ===    3/ 33 ===== (  0  0  2)/  4 ==========
  NO. OF PLANE WAVES =         369
 ===    4/ 33 ===== (  0  0  3)/  4 ==========
  NO. OF PLANE WAVES =         375
 ===    5/ 33 ===== (  0  0  4)/  4 ==========
  NO. OF PLANE WAVES =         375
 ===    6/ 33 ===== (  0  0  5)/  4 ==========
  NO. OF PLANE WAVES =         387
 ===    7/ 33 ===== (  0  0  6)/  4 ==========
  NO. OF PLANE WAVES =         380
 ===    8/ 33 ===== (  0  1  0)/  4 ==========
  NO. OF PLANE WAVES =         374
 ===    9/ 33 ===== (  0  1  1)/  4 ==========
  NO. OF PLANE WAVES =         378
 ===   10/ 33 ===== (  0  1  2)/  4 ==========
  NO. OF PLANE WAVES =         378
 ===   11/ 33 ===== (  0  1  3)/  4 ==========
  NO. OF PLANE WAVES =         375
 ===   12/ 33 ===== (  0  1  4)/  4 ==========
  NO. OF PLANE WAVES =         375
 ===   13/ 33 ===== (  0  1  5)/  4 ==========
  NO. OF PLANE WAVES =         375
 ===   14/ 33 ===== (  0  1  6)/  4 ==========
  NO. OF PLANE WAVES =         373
 ===   15/ 33 ===== (  0  1 -5)/  4 ==========
  NO. OF PLANE WAVES =         374
 ===   16/ 33 ===== (  0  1 -4)/  4 ==========
  NO. OF PLANE WAVES =         371
 ===   17/ 33 ===== (  0  1 -3)/  4 ==========
  NO. OF PLANE WAVES =         376
 ===   18/ 33 ===== (  0  1 -2)/  4 ==========
  NO. OF PLANE WAVES =         373
 ===   19/ 33 ===== (  0  1 -1)/  4 ==========
  NO. OF PLANE WAVES =         380
 ===   20/ 33 ===== (  0  2  0)/  4 ==========
  NO. OF PLANE WAVES =         384
 ===   21/ 33 ===== (  0  2  1)/  4 ==========
  NO. OF PLANE WAVES =         376
 ===   22/ 33 ===== (  0  2  2)/  4 ==========
  NO. OF PLANE WAVES =         379
 ===   23/ 33 ===== (  0  2  3)/  4 ==========
  NO. OF PLANE WAVES =         378
 ===   24/ 33 ===== (  0  2  4)/  4 ==========
  NO. OF PLANE WAVES =         372
 ===   25/ 33 ===== (  0 -2  1)/  4 ==========
  NO. OF PLANE WAVES =         376
 ===   26/ 33 ===== (  0  2 -2)/  4 ==========
  NO. OF PLANE WAVES =         374
 ===   27/ 33 ===== (  1  1  0)/  4 ==========
  NO. OF PLANE WAVES =         377
 ===   28/ 33 ===== (  1  1  1)/  4 ==========
  NO. OF PLANE WAVES =         373
 ===   29/ 33 ===== (  1  1  2)/  4 ==========
  NO. OF PLANE WAVES =         376
 ===   30/ 33 ===== (  1  1  3)/  4 ==========
  NO. OF PLANE WAVES =         375
 ===   31/ 33 ===== (  1  1  4)/  4 ==========
  NO. OF PLANE WAVES =         377
 ===   32/ 33 ===== (  1  1  5)/  4 ==========
  NO. OF PLANE WAVES =         379
 ===   33/ 33 ===== (  1  1  6)/  4 ==========
  NO. OF PLANE WAVES =         378
 TIME TO GET EIGENSTATES.     4.153    20.897
  EMAX=   1.19325809451282         EMIN= -0.730480267721786     
     FERMI-EN=  0.33223867  DOS=     0.11180  INT.DOS=  10.0000000000
  === DOS OF EACH BAND ===
 SPIN= 1    1    0.000    2    0.000    3    0.000    4    0.000    5    0.091
            6    0.021    7    0.000    8    0.000    9    0.000   10    0.000
  === OCCUPATION OF EACH BAND ===
 SPIN= 1    1  2.00000    2  2.00000    3  2.00000    4  2.00000    5  1.99995
            6  0.00005    7  0.00000    8  0.00000    9  0.00000   10  0.00000
   NX=  4  NY=  4  NZ=  4
 NEIG= 10NKP1= 33 NSP=  1
   1/ 33  (  0  0  0 )/  4 SPIN= 1
 -0.7305 -0.1174  0.1949  0.2669  0.2669  0.5212  0.5902  0.5902  0.8403  0.8592
   2/ 33  (  0  0  1 )/  4 SPIN= 1
 -0.7255 -0.1424  0.2105  0.2676  0.2676  0.5177  0.5764  0.5764  0.8025  0.8678
   3/ 33  (  0  0  2 )/  4 SPIN= 1
 -0.7109 -0.2016  0.2417  0.2699  0.2699  0.5076  0.5419  0.5419  0.7710  0.8962
   4/ 33  (  0  0  3 )/  4 SPIN= 1
 -0.6875 -0.2727  0.2689  0.2744  0.2744  0.4905  0.4999  0.4999  0.7757  0.9457
   5/ 33  (  0  0  4 )/  4 SPIN= 1
 -0.6577 -0.3416  0.2811  0.2811  0.2866  0.4609  0.4609  0.4693  0.8140  1.0147
   6/ 33  (  0  0  5 )/  4 SPIN= 1
 -0.6277 -0.3965  0.2885  0.2885  0.2965  0.4323  0.4323  0.4516  0.8664  1.1008
   7/ 33  (  0  0  6 )/  4 SPIN= 1
 -0.6132 -0.4196  0.2920  0.2920  0.2998  0.4215  0.4215  0.4448  0.8948  1.1429
   8/ 33  (  0  1  0 )/  4 SPIN= 1
 -0.6752 -0.2318  0.1901  0.2121  0.2512  0.4060  0.5150  0.5693  0.7077  0.8753
   9/ 33  (  0  1  1 )/  4 SPIN= 1
 -0.6708 -0.2269  0.1317  0.1866  0.2445  0.4430  0.5280  0.6277  0.7070  0.9224
  10/ 33  (  0  1  2 )/  4 SPIN= 1
 -0.6573 -0.2425  0.0851  0.1673  0.2046  0.5143  0.5326  0.6677  0.7399  0.9854
  11/ 33  (  0  1  3 )/  4 SPIN= 1
 -0.6357 -0.2786  0.0486  0.1564  0.1777  0.5227  0.6069  0.6748  0.7575  1.0507
  12/ 33  (  0  1  4 )/  4 SPIN= 1
 -0.6083 -0.3260  0.0178  0.1548  0.1719  0.5409  0.6527  0.6686  0.7554  1.0953
  13/ 33  (  0  1  5 )/  4 SPIN= 1
 -0.5808 -0.3709 -0.0061  0.1629  0.1830  0.5584  0.6151  0.7121  0.7602  1.0595
  14/ 33  (  0  1  6 )/  4 SPIN= 1
 -0.5665 -0.3951 -0.0189  0.1801  0.2065  0.5508  0.5712  0.7401  0.7961  0.9844
  15/ 33  (  0  1 -5 )/  4 SPIN= 1
 -0.5782 -0.3848 -0.0164  0.2050  0.2400  0.5150  0.5264  0.7383  0.8700  0.9164
  16/ 33  (  0  1 -4 )/  4 SPIN= 1
 -0.6054 -0.3520  0.0051  0.2337  0.2826  0.4606  0.4864  0.7092  0.8415  0.9750
  17/ 33  (  0  1 -3 )/  4 SPIN= 1
 -0.6335 -0.3140  0.0480  0.2566  0.3334  0.3956  0.4624  0.6461  0.8013  0.9614
  18/ 33  (  0  1 -2 )/  4 SPIN= 1
 -0.6559 -0.2793  0.1111  0.2588  0.3260  0.3895  0.4703  0.5608  0.7878  0.9104
  19/ 33  (  0  1 -1 )/  4 SPIN= 1
 -0.6701 -0.2510  0.1872  0.2394  0.2564  0.4313  0.4938  0.5112  0.7572  0.8556
  20/ 33  (  0  2  0 )/  4 SPIN= 1
 -0.5318 -0.4288  0.0589  0.1761  0.1981  0.4652  0.5164  0.5218  0.7577  1.1180
  21/ 33  (  0  2  1 )/  4 SPIN= 1
 -0.5330 -0.4002 -0.0089  0.1455  0.1459  0.5097  0.5928  0.6308  0.7062  1.1262
  22/ 33  (  0  2  2 )/  4 SPIN= 1
 -0.5313 -0.3718 -0.0600  0.1023  0.1211  0.4948  0.6659  0.7260  0.7508  1.1373
  23/ 33  (  0  2  3 )/  4 SPIN= 1
 -0.5288 -0.3506 -0.0908  0.0712  0.1058  0.4645  0.7257  0.7848  0.8349  1.1590
  24/ 33  (  0  2  4 )/  4 SPIN= 1
 -0.5275 -0.3427 -0.1007  0.0595  0.1006  0.4522  0.7502  0.8116  0.8688  1.1933
  25/ 33  (  0 -2  1 )/  4 SPIN= 1
 -0.5281 -0.4512  0.1351  0.2061  0.2565  0.3878  0.4181  0.4658  0.8569  1.0959
  26/ 33  (  0  2 -2 )/  4 SPIN= 1
 -0.5256 -0.4602  0.1832  0.2202  0.3079  0.3247  0.3660  0.4428  0.9362  1.0457
  27/ 33  (  1  1  0 )/  4 SPIN= 1
 -0.5707 -0.3668  0.0194  0.1999  0.2142  0.4275  0.4323  0.7069  0.7754  0.9857
  28/ 33  (  1  1  1 )/  4 SPIN= 1
 -0.5669 -0.3694  0.0243  0.1496  0.2313  0.3933  0.5164  0.6908  0.7664  1.0105
  29/ 33  (  1  1  2 )/  4 SPIN= 1
 -0.5559 -0.3764  0.0221  0.1215  0.1734  0.4545  0.6043  0.6537  0.7444  1.0738
  30/ 33  (  1  1  3 )/  4 SPIN= 1
 -0.5391 -0.3857 -0.0071  0.0963  0.1493  0.5484  0.6003  0.6822  0.7315  1.0499
  31/ 33  (  1  1  4 )/  4 SPIN= 1
 -0.5192 -0.3959 -0.0372  0.0295  0.2036  0.5341  0.6499  0.7218  0.7525  0.9727
  32/ 33  (  1  1  5 )/  4 SPIN= 1
 -0.5014 -0.4050 -0.0527 -0.0198  0.2647  0.4712  0.7077  0.7624  0.7800  0.9143
  33/ 33  (  1  1  6 )/  4 SPIN= 1
 -0.4936 -0.4092 -0.0505 -0.0448  0.3003  0.4352  0.7368  0.7439  0.8314  0.8821
 FERMI LEVEL= 0.332239
 ====== EIGENENERGIES HAVE BEEN WRITTEN ON FILE( 6) =====
 ====== EIGENENERGIES HAVE BEEN WRITTEN ON FILE(40) =====




 ----- NO. OF ELECTRONS INSIDE THE MUFFIN-TIN SPHERE ( NEW  ) ---
 ELCOM,ELCO 0.279734E+02 0.279734E+02
 EINM, EIN  0.309489E+02 0.309489E+02
                               IA=  1   M=  0.000,   N= 30.949
                      (TOTAL IN MT-S)   M=  0.000,   N= 61.898
 (VALENCE) MOMENT=  0.000000000000000E+000     CHARGE=   5.95101738544967     
  ===== RHOUT =  2.084203903926250E-002  0.000000000000000E+000
  EKIN=   9218.92484852548     
    
  ===== TOTAL POTENTIAL ====

      VOM(IS)=  -0.149009D+00

 VIM(IA,IS) : UP        DOWN          (POTENTIAL ON THE SPHERE)
 IA=  1 :  V(UP)=  -0.752015D+00   V(DOWN)=
  ===== (IN MT SPHERE) =====     UP       DOWN
 IA=  1   J=   1    R=   0.123410D-03 :   V*R=  -0.659671D+02   0.000000D+00
 IA=  1   J=  51    R=   0.554238D-03 :   V*R=  -0.658510D+02   0.000000D+00
 IA=  1   J= 101    R=   0.248910D-02 :   V*R=  -0.653217D+02   0.000000D+00
 IA=  1   J= 151    R=   0.111787D-01 :   V*R=  -0.629339D+02   0.000000D+00
 IA=  1   J= 201    R=   0.502038D-01 :   V*R=  -0.539429D+02   0.000000D+00
 IA=  1   J= 251    R=   0.225467D+00 :   V*R=  -0.319329D+02   0.000000D+00
 IA=  1   J= 301    R=   0.101258D+01 :   V*R=  -0.684919D+01   0.000000D+00
  ECLM=  -17927.1595822005         EEXC=  -325.649831452327     
             TOTAL ENERGY =  -9033.88456512733     
 (VALENCE IN MT) MOMENT=      0.00000000  CHARGE=      5.95101739
                               IA=  1   M=  2.9755   N=  2.9755
   CONVERGENCE TEST FOR ITER = 5 ==== R.M.S. OF POTENTIAL DEFFERENCE ====
 IA=  1 (As)  IS= 1 : 0.68839D-03
      MAX DIFF OF V*R = 0.55066D-02  AT R(305)= 0.114D+01 WHERE VR=-0.575D+01
 ----------  POTENTIALS HAVE BEEN READ  FROM FILE(36).  ----------
 ----------  POTENTIALS HAVE BEEN READ  FROM FILE(37).  ----------
 ----------  POTENTIALS HAVE BEEN WRITTEN ON FILE(36).  ------
 ----------  POTENTIALS HAVE BEEN WRITTEN ON FILE(37).  ------
  MIXING PARAMETER 1 =  0.986579392645698       (RELAXATION ALGORITHM)
  MIXING PARAMETER 1 =  0.200010000000000       (RESET)
 ----------  POTENTIALS HAVE BEEN WRITTEN ON FILE(35).  ------


 ===== CHARGE DENSITY =====
 AT NUCLEUS                    ON MUFFIN-TIN SPHERE
 CORE           TOTAL          CORE           TOTAL
     0.34310D+05    0.34357D+05    0.15201D-02    0.42593D-01


 ===== SPIN DENSITY =====
 AT NUCLEUS                    ON MUFFIN-TIN SPHERE
 CORE           TOTAL          CORE           TOTAL
     0.00000D+00    0.00000D+00    0.00000D+00    0.00000D+00
  === SUCCESSFULLY ENDE (TAPWLM) ===
