 WE USE THE DATA ON FILE( 1):  Paramagnetic arsenic  #166                      
 IL= -1   NGEN=  3   INV=  0   IDU=  0
 JA=    3 WITH (    0/  1,    0/  1,    0/  1)
 JA=   10 WITH (    0/  1,    0/  1,    0/  1)
 JA=   13 WITH (    0/  1,    0/  1,    0/  1)
  A, B, C=    7.10347999106817    7.10347999106817   19.73100699195026
 CA,CB,CC=    0.00000000000000    0.00000000000000   -0.50000000000000
 NAT,NKAT,(KION(I),I=1,NKAT)    2    1    2
 I, (RATOM(J,I),J=1,3)    1   0.0000000   0.0000000   0.2276400
 I, (RATOM(J,I),J=1,3)    2   0.0000000   0.0000000   0.7723600
   1  1           3           3           6           6           3

         0.66937909  0.82346157  1.00000000  1.09114413  1.20335712
 TMAD(I,J),I= 1:        3.8006682
 VP,AS=      0.8018395      1.1547005
  ====== ELECTRON NUMBER ====
 TOTAL=     66.00000000  VALENCE=     10.00000000
  ===========================
 IKAT= 1  Z,MASS,RADIUS=  33.00000000  74.07041853   0.00008735
  ----- WELCOME TO TSPACE V2.1 1990/10/04 -----
 LATTICE CONSTANTS ARE SET AS
  A=  7.10348  B=  7.10348  C= 19.73101
 CA=  0.00000 CB=  0.00000 CC= -0.50000
 --- LATTICE PARAMETERS IN REAL SPACE ---------
  A, B, C=    7.1034799911    7.1034799911   19.7310069920
 CA,CB,CC=    0.0000000000    0.0000000000   -0.5000000000
 --- LATTICE PARAMETERS IN RECIPROCAL SPACE ---
  A, B, C=    1.0213581887    1.0213581887    0.3184422016
 CA,CB,CC=    0.0000000000    0.0000000000    0.5000000000
 ----------------------------------------------
 

 GROUP ELEMENTS
  1   1   E     X  Y  Z  0/1  0/1  0/1
  2   3   C3+  -Y  W  Z  0/1  0/1  0/1
  3   5   C3-  -W -X  Z  0/1  0/1  0/1
  4  10   C212  W -Y -Z  0/1  0/1  0/1
  5  11   C222 -X -W -Z  0/1  0/1  0/1
  6  12   C232  Y  X -Z  0/1  0/1  0/1
  7  13  IE    -X -Y -Z  0/1  0/1  0/1
  8  15  IC3+   Y -W -Z  0/1  0/1  0/1
  9  17  IC3-   W  X -Z  0/1  0/1  0/1
 10  22  IC212 -W  Y  Z  0/1  0/1  0/1
 11  23  IC222  X  W  Z  0/1  0/1  0/1
 12  24  IC232 -Y -X  Z  0/1  0/1  0/1
 
 TABLE OF THE TRANSLATION OF ATOMIC POSITION
  1  1  1  2
  2  3  1  2
  3  5  1  2
  4 10  2  1
  5 11  2  1
  6 12  2  1
  7 13  2  1
  8 15  2  1
  9 17  2  1
 10 22  1  2
 11 23  1  2
 12 24  1  2
 IK=          15    IE=           4
 IK=          47    IE=           9
 IK=          71    IE=          13
 IK=         145    IE=          22
 IK=         211    IE=          29
 IK=         327    IE=          41
 (    0    0    0 )  (    1 )      0.00000D+00
 (    0    0   -3 )  (    3 )      0.93535D+00
 (   -1    1    1 )  (    9 )      0.10475D+01
 (   -1    1   -2 )  (   15 )      0.11785D+01
 (   -1    1    4 )  (   21 )      0.15985D+01
 (   -2    1    0 )  (   27 )      0.17321D+01
 (   -1    1   -5 )  (   33 )      0.18521D+01
 (    0    0   -6 )  (   35 )      0.18707D+01
 (   -2    1   -3 )  (   47 )      0.19685D+01
 (   -2    2   -1 )  (   53 )      0.20242D+01
 (   -2    2    2 )  (   59 )      0.20950D+01
 (   -2    2   -4 )  (   65 )      0.23570D+01
 (   -1    1    7 )  (   71 )      0.24007D+01
 (   -2    2    5 )  (   77 )      0.25358D+01
 (   -2    1   -6 )  (   89 )      0.25494D+01
 (   -3    2    1 )  (  101 )      0.26641D+01
 (   -1    1   -8 )  (  107 )      0.26873D+01
 (   -3    2   -2 )  (  119 )      0.27182D+01
 (    0    0   -9 )  (  121 )      0.28060D+01
 (   -3    2    4 )  (  133 )      0.29250D+01
 (   -2    2   -7 )  (  139 )      0.29603D+01
 (   -3    3    0 )  (  145 )      0.30000D+01
 (   -3    2   -5 )  (  157 )      0.30709D+01
 (   -3    3   -3 )  (  169 )      0.31424D+01
 (   -2    2    8 )  (  175 )      0.31971D+01
 (   -1    1   10 )  (  181 )      0.32743D+01
 (   -2    1   -9 )  (  193 )      0.32976D+01
 (   -3    2    7 )  (  205 )      0.34298D+01
 (   -4    2    0 )  (  211 )      0.34641D+01
 (   -3    3   -6 )  (  223 )      0.35355D+01
 (   -1    1  -11 )  (  229 )      0.35724D+01
 (   -4    2   -3 )  (  241 )      0.35882D+01
 (   -3    4   -1 )  (  253 )      0.36190D+01
 (   -3    2   -8 )  (  265 )      0.36361D+01
 (   -4    3    2 )  (  277 )      0.36591D+01
 (   -2    2  -10 )  (  283 )      0.37042D+01
 (    0    0  -12 )  (  285 )      0.37414D+01
 (   -4    3   -4 )  (  297 )      0.38151D+01
 (   -4    3    5 )  (  309 )      0.39281D+01
 (   -4    2   -6 )  (  321 )      0.39369D+01
 (   -2    2   11 )  (  327 )      0.39702D+01
1
      
 TAPW                 
      
      
 NON-MAGNETIC         
 NO SPIN-ORBIT        
      
      
  RADIUS OF MT =  0.311300000000000     
  ==== RADIUS OF MT (A.U.) ====
 KIND OF ATOM =  1    S=  2.21131
  =============================
 AMX=  4.1760   LMAX= 7  NNEIG(INITIAL)=  10
 LEVEL   = 1
 IXNAME  =GL  
 ITERDATA= 1
           1         327   2.21131332121952       0.793586602020590     
  -9.00000000000000       6.000000000000000E-002
 ATOM=  1,    R(1)=  0.00012341   R(327)=  2.21131332   SATOM=  2.21131332
      ALATT           WUNIT           VCELL           VOUT
       7.10347999      1.02135819    287.40938834    196.82164280


      RAPW(P)        VIN(P)         CR(P)        ANA(P)  KAT(1,P)  KAT(2,P)
      2.21131332    45.29387277     0.15759357     2.0    1         2

 FA(P1,P2)                                                  FO(P1)
   P1        P2=1,NKAT
    1        0.02311
+                                                           1.21652
  NKP1=          33
  NKP1=          33  NKP0=        2197
 === K POINTS === (NX,NY,NZ)=(  4  4  4) ===== NKP1=   33   NKP2=  192
 (  0  0  0)/  4( 1) (  0  0  1)/  4( 2) (  0  0  2)/  4( 2) (  0  0  3)/  4( 2)
 (  0  0  4)/  4( 2) (  0  0  5)/  4( 2) (  0  0  6)/  4( 1) (  0  1  0)/  4( 6)
 (  0  1  1)/  4( 6) (  0  1  2)/  4( 6) (  0  1  3)/  4( 6) (  0  1  4)/  4( 6)
 (  0  1  5)/  4( 6) (  0  1  6)/  4( 6) (  0  1 -5)/  4( 6) (  0  1 -4)/  4( 6)
 (  0  1 -3)/  4( 6) (  0  1 -2)/  4( 6) (  0  1 -1)/  4( 6) (  0  2  0)/  4( 6)
 (  0  2  1)/  4( 6) (  0  2  2)/  4( 6) (  0  2  3)/  4( 6) (  0  2  4)/  4( 3)
 (  0 -2  1)/  4( 6) (  0  2 -2)/  4( 3) (  1  1  0)/  4( 6) (  1  1  1)/  4(12)
 (  1  1  2)/  4(12) (  1  1  3)/  4(12) (  1  1  4)/  4(12) (  1  1  5)/  4(12)
 (  1  1  6)/  4( 6) (
 ----------  POTENTIALS HAVE BEEN READ  FROM FILE(35).  ----------
0 ========== ITER=  1 ===========================




 ===== CORE STATE CALCULATION =====
 IA=           1    RMAX=R(         347 )=   4.03263551391383     
  ===== EIGENENERGY OF CORE STATE (RYD.) =====
 100         -859.086051
 200         -108.437300
 210          -95.103625
 300          -13.288149
 310           -9.166426
 320           -2.369692
 IND0=11 IND1= 0    L= 0   IA= 1  ISP= 1
 -0.800 -0.600 -0.400 -0.200  0.000  0.200  0.400  0.600  0.800  1.000  1.200
 -0.418 -0.381 -0.342 -0.301 -0.258 -0.213 -0.167 -0.119 -0.070 -0.021  0.029
  0.238  0.314  0.390  0.462  0.532  0.598  0.660  0.716  0.765  0.808  0.842
 IND0= 0 IND1= 3    L= 1   IA= 1  ISP= 1
 -0.800 -0.620 -0.440 -0.260 -0.080  0.100  0.280  0.460  0.640  0.820  1.000
  0.587  0.564  0.541  0.517  0.491  0.464  0.436  0.407  0.377  0.345  0.312
  0.095  0.028 -0.038 -0.104 -0.170 -0.236 -0.301 -0.365 -0.428 -0.490 -0.549
 IND0= 0 IND1= 2    L= 2   IA= 1  ISP= 1
  1.000  1.120  1.240  1.360  1.480  1.600  1.720  1.840  1.960  2.080  2.200
 -0.602 -0.590 -0.578 -0.565 -0.552 -0.539 -0.525 -0.511 -0.496 -0.481 -0.465
 -0.034  0.008  0.049  0.091  0.132  0.173  0.214  0.255  0.296  0.336  0.376
 IND0= 0 IND1= 0    L= 3   IA= 1  ISP= 1
  0.000  0.100  0.200  0.300  0.400  0.500  0.600  0.700  0.800  0.900  1.000
  0.819  0.813  0.806  0.800  0.793  0.787  0.780  0.773  0.766  0.759  0.752
  0.838  0.806  0.775  0.744  0.712  0.681  0.649  0.617  0.585  0.553  0.521
 IND0= 0 IND1= 0    L= 4   IA= 1  ISP= 1
  0.000  0.100  0.200  0.300  0.400  0.500  0.600  0.700  0.800  0.900  1.000
  0.951  0.947  0.943  0.939  0.935  0.931  0.926  0.922  0.918  0.913  0.909
  1.500  1.473  1.445  1.417  1.389  1.361  1.333  1.305  1.277  1.249  1.221
 IND0= 0 IND1= 0    L= 5   IA= 1  ISP= 1
  0.000  0.100  0.200  0.300  0.400  0.500  0.600  0.700  0.800  0.900  1.000
  1.053  1.050  1.047  1.044  1.041  1.038  1.035  1.032  1.029  1.026  1.022
  2.192  2.167  2.142  2.116  2.091  2.065  2.039  2.014  1.988  1.962  1.936
 IND0= 0 IND1= 0    L= 6   IA= 1  ISP= 1
  0.000  0.100  0.200  0.300  0.400  0.500  0.600  0.700  0.800  0.900  1.000
  1.141  1.139  1.136  1.134  1.132  1.129  1.127  1.124  1.122  1.119  1.117
  2.928  2.904  2.881  2.857  2.833  2.809  2.785  2.762  2.738  2.714  2.690
 IND0= 0 IND1= 0    L= 7   IA= 1  ISP= 1
  0.000  0.100  0.200  0.300  0.400  0.500  0.600  0.700  0.800  0.900  1.000
  1.219  1.218  1.216  1.214  1.212  1.210  1.208  1.206  1.204  1.202  1.200
  3.707  3.685  3.663  3.641  3.618  3.596  3.574  3.551  3.529  3.507  3.484
 <<< CPU =     0.001(SEC.) FOR SUB.TSRWF  >>>.   TOTAL CPU =     0.043(SEC.).  
 ===    1/ 33 ===== (  0  0  0)/  4 ==========
  NO. OF PLANE WAVES =         381
 ===    2/ 33 ===== (  0  0  1)/  4 ==========
  NO. OF PLANE WAVES =         381
 ===    3/ 33 ===== (  0  0  2)/  4 ==========
  NO. OF PLANE WAVES =         369
 ===    4/ 33 ===== (  0  0  3)/  4 ==========
  NO. OF PLANE WAVES =         375
 ===    5/ 33 ===== (  0  0  4)/  4 ==========
  NO. OF PLANE WAVES =         375
 ===    6/ 33 ===== (  0  0  5)/  4 ==========
  NO. OF PLANE WAVES =         387
 ===    7/ 33 ===== (  0  0  6)/  4 ==========
  NO. OF PLANE WAVES =         380
 ===    8/ 33 ===== (  0  1  0)/  4 ==========
  NO. OF PLANE WAVES =         374
 ===    9/ 33 ===== (  0  1  1)/  4 ==========
  NO. OF PLANE WAVES =         378
 ===   10/ 33 ===== (  0  1  2)/  4 ==========
  NO. OF PLANE WAVES =         378
 ===   11/ 33 ===== (  0  1  3)/  4 ==========
  NO. OF PLANE WAVES =         375
 ===   12/ 33 ===== (  0  1  4)/  4 ==========
  NO. OF PLANE WAVES =         375
 ===   13/ 33 ===== (  0  1  5)/  4 ==========
  NO. OF PLANE WAVES =         375
 ===   14/ 33 ===== (  0  1  6)/  4 ==========
  NO. OF PLANE WAVES =         373
 ===   15/ 33 ===== (  0  1 -5)/  4 ==========
  NO. OF PLANE WAVES =         374
 ===   16/ 33 ===== (  0  1 -4)/  4 ==========
  NO. OF PLANE WAVES =         371
 ===   17/ 33 ===== (  0  1 -3)/  4 ==========
  NO. OF PLANE WAVES =         376
 ===   18/ 33 ===== (  0  1 -2)/  4 ==========
  NO. OF PLANE WAVES =         373
 ===   19/ 33 ===== (  0  1 -1)/  4 ==========
  NO. OF PLANE WAVES =         380
 ===   20/ 33 ===== (  0  2  0)/  4 ==========
  NO. OF PLANE WAVES =         384
 ===   21/ 33 ===== (  0  2  1)/  4 ==========
  NO. OF PLANE WAVES =         376
 ===   22/ 33 ===== (  0  2  2)/  4 ==========
  NO. OF PLANE WAVES =         379
 ===   23/ 33 ===== (  0  2  3)/  4 ==========
  NO. OF PLANE WAVES =         378
 ===   24/ 33 ===== (  0  2  4)/  4 ==========
  NO. OF PLANE WAVES =         372
 ===   25/ 33 ===== (  0 -2  1)/  4 ==========
  NO. OF PLANE WAVES =         376
 ===   26/ 33 ===== (  0  2 -2)/  4 ==========
  NO. OF PLANE WAVES =         374
 ===   27/ 33 ===== (  1  1  0)/  4 ==========
  NO. OF PLANE WAVES =         377
 ===   28/ 33 ===== (  1  1  1)/  4 ==========
  NO. OF PLANE WAVES =         373
 ===   29/ 33 ===== (  1  1  2)/  4 ==========
  NO. OF PLANE WAVES =         376
 ===   30/ 33 ===== (  1  1  3)/  4 ==========
  NO. OF PLANE WAVES =         375
 ===   31/ 33 ===== (  1  1  4)/  4 ==========
  NO. OF PLANE WAVES =         377
 ===   32/ 33 ===== (  1  1  5)/  4 ==========
  NO. OF PLANE WAVES =         379
 ===   33/ 33 ===== (  1  1  6)/  4 ==========
  NO. OF PLANE WAVES =         378
 TIME TO GET EIGENSTATES.     4.164     4.207
  EMAX=   1.19313279442242         EMIN= -0.732693833451241     
     FERMI-EN=  0.33261360  DOS=     0.11214  INT.DOS=  10.0000000000
  === DOS OF EACH BAND ===
 SPIN= 1    1    0.000    2    0.000    3    0.000    4    0.000    5    0.091
            6    0.021    7    0.000    8    0.000    9    0.000   10    0.000
  === OCCUPATION OF EACH BAND ===
 SPIN= 1    1  2.00000    2  2.00000    3  2.00000    4  2.00000    5  1.99995
            6  0.00005    7  0.00000    8  0.00000    9  0.00000   10  0.00000
   NX=  4  NY=  4  NZ=  4
 NEIG= 10NKP1= 33 NSP=  1
   1/ 33  (  0  0  0 )/  4 SPIN= 1
 -0.7327 -0.1150  0.1950  0.2671  0.2671  0.5213  0.5904  0.5904  0.8400  0.8589
   2/ 33  (  0  0  1 )/  4 SPIN= 1
 -0.7277 -0.1403  0.2108  0.2678  0.2678  0.5178  0.5765  0.5765  0.8022  0.8675
   3/ 33  (  0  0  2 )/  4 SPIN= 1
 -0.7129 -0.2000  0.2423  0.2701  0.2701  0.5078  0.5420  0.5420  0.7707  0.8959
   4/ 33  (  0  0  3 )/  4 SPIN= 1
 -0.6893 -0.2715  0.2697  0.2746  0.2746  0.4908  0.5000  0.5000  0.7753  0.9454
   5/ 33  (  0  0  4 )/  4 SPIN= 1
 -0.6592 -0.3408  0.2813  0.2813  0.2874  0.4610  0.4610  0.4696  0.8137  1.0143
   6/ 33  (  0  0  5 )/  4 SPIN= 1
 -0.6290 -0.3962  0.2887  0.2887  0.2973  0.4324  0.4324  0.4520  0.8662  1.1005
   7/ 33  (  0  0  6 )/  4 SPIN= 1
 -0.6143 -0.4194  0.2922  0.2922  0.3007  0.4215  0.4215  0.4452  0.8946  1.1427
   8/ 33  (  0  1  0 )/  4 SPIN= 1
 -0.6768 -0.2302  0.1904  0.2122  0.2514  0.4062  0.5151  0.5694  0.7074  0.8750
   9/ 33  (  0  1  1 )/  4 SPIN= 1
 -0.6724 -0.2252  0.1318  0.1867  0.2447  0.4433  0.5279  0.6278  0.7068  0.9222
  10/ 33  (  0  1  2 )/  4 SPIN= 1
 -0.6588 -0.2408  0.0852  0.1675  0.2048  0.5143  0.5328  0.6679  0.7398  0.9851
  11/ 33  (  0  1  3 )/  4 SPIN= 1
 -0.6370 -0.2772  0.0487  0.1565  0.1779  0.5225  0.6072  0.6749  0.7575  1.0505
  12/ 33  (  0  1  4 )/  4 SPIN= 1
 -0.6093 -0.3251  0.0179  0.1550  0.1721  0.5409  0.6529  0.6689  0.7553  1.0951
  13/ 33  (  0  1  5 )/  4 SPIN= 1
 -0.5817 -0.3703 -0.0060  0.1630  0.1834  0.5585  0.6152  0.7123  0.7600  1.0592
  14/ 33  (  0  1  6 )/  4 SPIN= 1
 -0.5672 -0.3946 -0.0188  0.1802  0.2068  0.5511  0.5713  0.7403  0.7958  0.9842
  15/ 33  (  0  1 -5 )/  4 SPIN= 1
 -0.5790 -0.3843 -0.0164  0.2051  0.2403  0.5154  0.5265  0.7384  0.8698  0.9162
  16/ 33  (  0  1 -4 )/  4 SPIN= 1
 -0.6064 -0.3512  0.0051  0.2339  0.2830  0.4610  0.4865  0.7093  0.8412  0.9747
  17/ 33  (  0  1 -3 )/  4 SPIN= 1
 -0.6348 -0.3130  0.0480  0.2568  0.3338  0.3960  0.4625  0.6462  0.8011  0.9610
  18/ 33  (  0  1 -2 )/  4 SPIN= 1
 -0.6574 -0.2780  0.1111  0.2590  0.3264  0.3898  0.4703  0.5609  0.7876  0.9101
  19/ 33  (  0  1 -1 )/  4 SPIN= 1
 -0.6718 -0.2496  0.1873  0.2395  0.2567  0.4316  0.4938  0.5113  0.7569  0.8553
  20/ 33  (  0  2  0 )/  4 SPIN= 1
 -0.5322 -0.4285  0.0590  0.1762  0.1985  0.4655  0.5165  0.5219  0.7573  1.1179
  21/ 33  (  0  2  1 )/  4 SPIN= 1
 -0.5334 -0.3997 -0.0088  0.1456  0.1463  0.5097  0.5929  0.6309  0.7059  1.1261
  22/ 33  (  0  2  2 )/  4 SPIN= 1
 -0.5317 -0.3710 -0.0600  0.1025  0.1212  0.4946  0.6660  0.7259  0.7509  1.1372
  23/ 33  (  0  2  3 )/  4 SPIN= 1
 -0.5291 -0.3496 -0.0907  0.0713  0.1059  0.4642  0.7258  0.7848  0.8351  1.1589
  24/ 33  (  0  2  4 )/  4 SPIN= 1
 -0.5279 -0.3417 -0.1007  0.0595  0.1007  0.4519  0.7504  0.8116  0.8690  1.1931
  25/ 33  (  0 -2  1 )/  4 SPIN= 1
 -0.5285 -0.4510  0.1352  0.2063  0.2569  0.3881  0.4182  0.4659  0.8566  1.0958
  26/ 33  (  0  2 -2 )/  4 SPIN= 1
 -0.5260 -0.4601  0.1834  0.2204  0.3083  0.3251  0.3660  0.4428  0.9359  1.0455
  27/ 33  (  1  1  0 )/  4 SPIN= 1
 -0.5714 -0.3660  0.0194  0.2002  0.2143  0.4276  0.4326  0.7071  0.7751  0.9853
  28/ 33  (  1  1  1 )/  4 SPIN= 1
 -0.5676 -0.3686  0.0243  0.1498  0.2315  0.3934  0.5166  0.6909  0.7661  1.0101
  29/ 33  (  1  1  2 )/  4 SPIN= 1
 -0.5565 -0.3756  0.0222  0.1217  0.1735  0.4546  0.6045  0.6539  0.7442  1.0735
  30/ 33  (  1  1  3 )/  4 SPIN= 1
 -0.5396 -0.3850 -0.0071  0.0964  0.1494  0.5486  0.6005  0.6823  0.7313  1.0497
  31/ 33  (  1  1  4 )/  4 SPIN= 1
 -0.5195 -0.3952 -0.0372  0.0295  0.2038  0.5343  0.6500  0.7216  0.7526  0.9724
  32/ 33  (  1  1  5 )/  4 SPIN= 1
 -0.5015 -0.4045 -0.0528 -0.0199  0.2650  0.4715  0.7077  0.7625  0.7799  0.9141
  33/ 33  (  1  1  6 )/  4 SPIN= 1
 -0.4937 -0.4087 -0.0506 -0.0449  0.3006  0.4355  0.7367  0.7439  0.8314  0.8821
 FERMI LEVEL= 0.332614
 ====== EIGENENERGIES HAVE BEEN WRITTEN ON FILE( 6) =====
 ====== EIGENENERGIES HAVE BEEN WRITTEN ON FILE(40) =====




 ----- NO. OF ELECTRONS INSIDE THE MUFFIN-TIN SPHERE ( NEW  ) ---
 ELCOM,ELCO 0.279734E+02 0.279734E+02
 EINM, EIN  0.309438E+02 0.309438E+02
                               IA=  1   M=  0.000,   N= 30.944
                      (TOTAL IN MT-S)   M=  0.000,   N= 61.888
 (VALENCE) MOMENT=  0.000000000000000E+000     CHARGE=   5.94081750727467     
  ===== RHOUT =  2.089401988010185E-002  0.000000000000000E+000
  EKIN=   9220.13620676237     
    
  ===== TOTAL POTENTIAL ====

      VOM(IS)=  -0.148226D+00

 VIM(IA,IS) : UP        DOWN          (POTENTIAL ON THE SPHERE)
 IA=  1 :  V(UP)=  -0.750521D+00   V(DOWN)=
  ===== (IN MT SPHERE) =====     UP       DOWN
 IA=  1   J=   1    R=   0.123410D-03 :   V*R=  -0.659671D+02   0.000000D+00
 IA=  1   J=  51    R=   0.554238D-03 :   V*R=  -0.658509D+02   0.000000D+00
 IA=  1   J= 101    R=   0.248910D-02 :   V*R=  -0.653216D+02   0.000000D+00
 IA=  1   J= 151    R=   0.111787D-01 :   V*R=  -0.629335D+02   0.000000D+00
 IA=  1   J= 201    R=   0.502038D-01 :   V*R=  -0.539412D+02   0.000000D+00
 IA=  1   J= 251    R=   0.225467D+00 :   V*R=  -0.319264D+02   0.000000D+00
 IA=  1   J= 301    R=   0.101258D+01 :   V*R=  -0.683736D+01   0.000000D+00
  ECLM=  -17928.3061519250         EEXC=  -325.713402325044     
             TOTAL ENERGY =  -9033.88334748764     
 (VALENCE IN MT) MOMENT=      0.00000000  CHARGE=      5.94081751
                               IA=  1   M=  2.9704   N=  2.9704
   CONVERGENCE TEST FOR ITER = 1 ==== R.M.S. OF POTENTIAL DEFFERENCE ====
 IA=  1 (As)  IS= 1 : 0.25326D-02
      MAX DIFF OF V*R = 0.16412D-01  AT R(298)= 0.925D+00 WHERE VR=-0.775D+01
 ----------  POTENTIALS HAVE BEEN WRITTEN ON FILE(36).  ------
 ----------  POTENTIALS HAVE BEEN WRITTEN ON FILE(37).  ------
 AMIXCH=  0.100          AMIXMO=  0.100
 ----------  POTENTIALS HAVE BEEN WRITTEN ON FILE(35).  ------
0 ========== ITER=  2 ===========================




 ===== CORE STATE CALCULATION =====
 IA=           1    RMAX=R(         347 )=   4.03263551391383     
  ===== EIGENENERGY OF CORE STATE (RYD.) =====
 100         -859.082180
 200         -108.434120
 210          -95.100355
 300          -13.285839
 310           -9.164146
 320           -2.367524
 IND0=11 IND1= 0    L= 0   IA= 1  ISP= 1
 -0.800 -0.600 -0.400 -0.200  0.000  0.200  0.400  0.600  0.800  1.000  1.200
 -0.418 -0.381 -0.342 -0.301 -0.258 -0.213 -0.167 -0.119 -0.070 -0.021  0.029
  0.237  0.314  0.389  0.462  0.532  0.598  0.660  0.716  0.765  0.807  0.842
 IND0= 0 IND1= 3    L= 1   IA= 1  ISP= 1
 -0.800 -0.620 -0.440 -0.260 -0.080  0.100  0.280  0.460  0.640  0.820  1.000
  0.587  0.564  0.541  0.517  0.491  0.464  0.436  0.407  0.377  0.345  0.312
  0.095  0.029 -0.038 -0.104 -0.170 -0.236 -0.301 -0.365 -0.428 -0.489 -0.549
 IND0= 0 IND1= 2    L= 2   IA= 1  ISP= 1
  1.000  1.120  1.240  1.360  1.480  1.600  1.720  1.840  1.960  2.080  2.200
 -0.602 -0.590 -0.578 -0.565 -0.552 -0.539 -0.525 -0.511 -0.496 -0.481 -0.465
 -0.034  0.007  0.049  0.090  0.132  0.173  0.214  0.255  0.295  0.336  0.376
 IND0= 0 IND1= 0    L= 3   IA= 1  ISP= 1
  0.000  0.100  0.200  0.300  0.400  0.500  0.600  0.700  0.800  0.900  1.000
  0.819  0.813  0.806  0.800  0.793  0.787  0.780  0.773  0.766  0.759  0.752
  0.838  0.807  0.775  0.744  0.712  0.681  0.649  0.617  0.585  0.553  0.521
 IND0= 0 IND1= 0    L= 4   IA= 1  ISP= 1
  0.000  0.100  0.200  0.300  0.400  0.500  0.600  0.700  0.800  0.900  1.000
  0.951  0.947  0.943  0.939  0.935  0.931  0.926  0.922  0.918  0.913  0.909
  1.501  1.473  1.445  1.417  1.390  1.362  1.334  1.306  1.277  1.249  1.221
 IND0= 0 IND1= 0    L= 5   IA= 1  ISP= 1
  0.000  0.100  0.200  0.300  0.400  0.500  0.600  0.700  0.800  0.900  1.000
  1.053  1.050  1.047  1.044  1.041  1.038  1.035  1.032  1.029  1.026  1.022
  2.193  2.167  2.142  2.116  2.091  2.065  2.040  2.014  1.988  1.962  1.937
 IND0= 0 IND1= 0    L= 6   IA= 1  ISP= 1
  0.000  0.100  0.200  0.300  0.400  0.500  0.600  0.700  0.800  0.900  1.000
  1.141  1.139  1.136  1.134  1.132  1.129  1.127  1.124  1.122  1.119  1.117
  2.928  2.904  2.881  2.857  2.833  2.809  2.786  2.762  2.738  2.714  2.690
 IND0= 0 IND1= 0    L= 7   IA= 1  ISP= 1
  0.000  0.100  0.200  0.300  0.400  0.500  0.600  0.700  0.800  0.900  1.000
  1.219  1.218  1.216  1.214  1.212  1.210  1.208  1.206  1.204  1.202  1.200
  3.707  3.685  3.663  3.641  3.618  3.596  3.574  3.551  3.529  3.507  3.484
 <<< CPU =     0.001(SEC.) FOR SUB.TSRWF  >>>.   TOTAL CPU =     4.223(SEC.).  
 ===    1/ 33 ===== (  0  0  0)/  4 ==========
  NO. OF PLANE WAVES =         381
 ===    2/ 33 ===== (  0  0  1)/  4 ==========
  NO. OF PLANE WAVES =         381
 ===    3/ 33 ===== (  0  0  2)/  4 ==========
  NO. OF PLANE WAVES =         369
 ===    4/ 33 ===== (  0  0  3)/  4 ==========
  NO. OF PLANE WAVES =         375
 ===    5/ 33 ===== (  0  0  4)/  4 ==========
  NO. OF PLANE WAVES =         375
 ===    6/ 33 ===== (  0  0  5)/  4 ==========
  NO. OF PLANE WAVES =         387
 ===    7/ 33 ===== (  0  0  6)/  4 ==========
  NO. OF PLANE WAVES =         380
 ===    8/ 33 ===== (  0  1  0)/  4 ==========
  NO. OF PLANE WAVES =         374
 ===    9/ 33 ===== (  0  1  1)/  4 ==========
  NO. OF PLANE WAVES =         378
 ===   10/ 33 ===== (  0  1  2)/  4 ==========
  NO. OF PLANE WAVES =         378
 ===   11/ 33 ===== (  0  1  3)/  4 ==========
  NO. OF PLANE WAVES =         375
 ===   12/ 33 ===== (  0  1  4)/  4 ==========
  NO. OF PLANE WAVES =         375
 ===   13/ 33 ===== (  0  1  5)/  4 ==========
  NO. OF PLANE WAVES =         375
 ===   14/ 33 ===== (  0  1  6)/  4 ==========
  NO. OF PLANE WAVES =         373
 ===   15/ 33 ===== (  0  1 -5)/  4 ==========
  NO. OF PLANE WAVES =         374
 ===   16/ 33 ===== (  0  1 -4)/  4 ==========
  NO. OF PLANE WAVES =         371
 ===   17/ 33 ===== (  0  1 -3)/  4 ==========
  NO. OF PLANE WAVES =         376
 ===   18/ 33 ===== (  0  1 -2)/  4 ==========
  NO. OF PLANE WAVES =         373
 ===   19/ 33 ===== (  0  1 -1)/  4 ==========
  NO. OF PLANE WAVES =         380
 ===   20/ 33 ===== (  0  2  0)/  4 ==========
  NO. OF PLANE WAVES =         384
 ===   21/ 33 ===== (  0  2  1)/  4 ==========
  NO. OF PLANE WAVES =         376
 ===   22/ 33 ===== (  0  2  2)/  4 ==========
  NO. OF PLANE WAVES =         379
 ===   23/ 33 ===== (  0  2  3)/  4 ==========
  NO. OF PLANE WAVES =         378
 ===   24/ 33 ===== (  0  2  4)/  4 ==========
  NO. OF PLANE WAVES =         372
 ===   25/ 33 ===== (  0 -2  1)/  4 ==========
  NO. OF PLANE WAVES =         376
 ===   26/ 33 ===== (  0  2 -2)/  4 ==========
  NO. OF PLANE WAVES =         374
 ===   27/ 33 ===== (  1  1  0)/  4 ==========
  NO. OF PLANE WAVES =         377
 ===   28/ 33 ===== (  1  1  1)/  4 ==========
  NO. OF PLANE WAVES =         373
 ===   29/ 33 ===== (  1  1  2)/  4 ==========
  NO. OF PLANE WAVES =         376
 ===   30/ 33 ===== (  1  1  3)/  4 ==========
  NO. OF PLANE WAVES =         375
 ===   31/ 33 ===== (  1  1  4)/  4 ==========
  NO. OF PLANE WAVES =         377
 ===   32/ 33 ===== (  1  1  5)/  4 ==========
  NO. OF PLANE WAVES =         379
 ===   33/ 33 ===== (  1  1  6)/  4 ==========
  NO. OF PLANE WAVES =         378
 TIME TO GET EIGENSTATES.     4.159     8.382
  EMAX=   1.19339514211190         EMIN= -0.732267560638242     
     FERMI-EN=  0.33298211  DOS=     0.11311  INT.DOS=  10.0000000000
  === DOS OF EACH BAND ===
 SPIN= 1    1    0.000    2    0.000    3    0.000    4    0.000    5    0.092
            6    0.021    7    0.000    8    0.000    9    0.000   10    0.000
  === OCCUPATION OF EACH BAND ===
 SPIN= 1    1  2.00000    2  2.00000    3  2.00000    4  2.00000    5  1.99995
            6  0.00005    7  0.00000    8  0.00000    9  0.00000   10  0.00000
   NX=  4  NY=  4  NZ=  4
 NEIG= 10NKP1= 33 NSP=  1
   1/ 33  (  0  0  0 )/  4 SPIN= 1
 -0.7323 -0.1143  0.1953  0.2676  0.2676  0.5216  0.5908  0.5908  0.8401  0.8589
   2/ 33  (  0  0  1 )/  4 SPIN= 1
 -0.7273 -0.1396  0.2112  0.2682  0.2682  0.5182  0.5769  0.5769  0.8023  0.8676
   3/ 33  (  0  0  2 )/  4 SPIN= 1
 -0.7125 -0.1994  0.2428  0.2705  0.2705  0.5082  0.5424  0.5424  0.7707  0.8959
   4/ 33  (  0  0  3 )/  4 SPIN= 1
 -0.6889 -0.2710  0.2701  0.2750  0.2750  0.4913  0.5004  0.5004  0.7754  0.9454
   5/ 33  (  0  0  4 )/  4 SPIN= 1
 -0.6587 -0.3403  0.2818  0.2818  0.2879  0.4614  0.4614  0.4700  0.8138  1.0144
   6/ 33  (  0  0  5 )/  4 SPIN= 1
 -0.6285 -0.3957  0.2891  0.2891  0.2978  0.4328  0.4328  0.4524  0.8663  1.1006
   7/ 33  (  0  0  6 )/  4 SPIN= 1
 -0.6138 -0.4190  0.2926  0.2926  0.3011  0.4219  0.4219  0.4456  0.8948  1.1429
   8/ 33  (  0  1  0 )/  4 SPIN= 1
 -0.6764 -0.2296  0.1907  0.2126  0.2518  0.4065  0.5155  0.5698  0.7074  0.8752
   9/ 33  (  0  1  1 )/  4 SPIN= 1
 -0.6720 -0.2246  0.1321  0.1871  0.2451  0.4437  0.5282  0.6282  0.7070  0.9223
  10/ 33  (  0  1  2 )/  4 SPIN= 1
 -0.6583 -0.2402  0.0855  0.1678  0.2051  0.5145  0.5332  0.6684  0.7401  0.9853
  11/ 33  (  0  1  3 )/  4 SPIN= 1
 -0.6365 -0.2766  0.0490  0.1569  0.1782  0.5227  0.6077  0.6755  0.7578  1.0507
  12/ 33  (  0  1  4 )/  4 SPIN= 1
 -0.6088 -0.3245  0.0182  0.1553  0.1725  0.5411  0.6534  0.6694  0.7556  1.0953
  13/ 33  (  0  1  5 )/  4 SPIN= 1
 -0.5812 -0.3697 -0.0057  0.1633  0.1837  0.5589  0.6157  0.7128  0.7603  1.0594
  14/ 33  (  0  1  6 )/  4 SPIN= 1
 -0.5667 -0.3941 -0.0185  0.1805  0.2072  0.5516  0.5718  0.7408  0.7960  0.9843
  15/ 33  (  0  1 -5 )/  4 SPIN= 1
 -0.5784 -0.3838 -0.0161  0.2055  0.2407  0.5159  0.5269  0.7390  0.8699  0.9163
  16/ 33  (  0  1 -4 )/  4 SPIN= 1
 -0.6060 -0.3506  0.0054  0.2343  0.2834  0.4615  0.4870  0.7098  0.8414  0.9749
  17/ 33  (  0  1 -3 )/  4 SPIN= 1
 -0.6343 -0.3124  0.0482  0.2572  0.3342  0.3965  0.4628  0.6466  0.8012  0.9611
  18/ 33  (  0  1 -2 )/  4 SPIN= 1
 -0.6570 -0.2774  0.1114  0.2594  0.3269  0.3902  0.4707  0.5613  0.7877  0.9101
  19/ 33  (  0  1 -1 )/  4 SPIN= 1
 -0.6713 -0.2489  0.1877  0.2399  0.2571  0.4320  0.4942  0.5117  0.7569  0.8554
  20/ 33  (  0  2  0 )/  4 SPIN= 1
 -0.5317 -0.4279  0.0593  0.1766  0.1988  0.4659  0.5168  0.5223  0.7574  1.1183
  21/ 33  (  0  2  1 )/  4 SPIN= 1
 -0.5329 -0.3991 -0.0086  0.1459  0.1466  0.5101  0.5933  0.6313  0.7061  1.1264
  22/ 33  (  0  2  2 )/  4 SPIN= 1
 -0.5312 -0.3705 -0.0598  0.1028  0.1216  0.4948  0.6665  0.7263  0.7514  1.1375
  23/ 33  (  0  2  3 )/  4 SPIN= 1
 -0.5286 -0.3490 -0.0905  0.0716  0.1063  0.4643  0.7264  0.7852  0.8357  1.1591
  24/ 33  (  0  2  4 )/  4 SPIN= 1
 -0.5273 -0.3411 -0.1004  0.0598  0.1011  0.4520  0.7509  0.8121  0.8696  1.1934
  25/ 33  (  0 -2  1 )/  4 SPIN= 1
 -0.5280 -0.4505  0.1356  0.2067  0.2573  0.3885  0.4185  0.4662  0.8567  1.0960
  26/ 33  (  0  2 -2 )/  4 SPIN= 1
 -0.5255 -0.4596  0.1838  0.2208  0.3087  0.3255  0.3663  0.4432  0.9360  1.0457
  27/ 33  (  1  1  0 )/  4 SPIN= 1
 -0.5710 -0.3654  0.0197  0.2005  0.2147  0.4280  0.4329  0.7076  0.7752  0.9855
  28/ 33  (  1  1  1 )/  4 SPIN= 1
 -0.5671 -0.3680  0.0246  0.1501  0.2319  0.3937  0.5171  0.6914  0.7663  1.0102
  29/ 33  (  1  1  2 )/  4 SPIN= 1
 -0.5560 -0.3750  0.0225  0.1219  0.1739  0.4549  0.6050  0.6543  0.7443  1.0737
  30/ 33  (  1  1  3 )/  4 SPIN= 1
 -0.5391 -0.3845 -0.0068  0.0967  0.1498  0.5490  0.6010  0.6827  0.7315  1.0499
  31/ 33  (  1  1  4 )/  4 SPIN= 1
 -0.5190 -0.3947 -0.0369  0.0297  0.2041  0.5348  0.6505  0.7218  0.7530  0.9726
  32/ 33  (  1  1  5 )/  4 SPIN= 1
 -0.5010 -0.4039 -0.0526 -0.0196  0.2654  0.4719  0.7080  0.7629  0.7802  0.9144
  33/ 33  (  1  1  6 )/  4 SPIN= 1
 -0.4931 -0.4081 -0.0504 -0.0446  0.3010  0.4358  0.7370  0.7442  0.8317  0.8824
 FERMI LEVEL= 0.332982
 ====== EIGENENERGIES HAVE BEEN WRITTEN ON FILE( 6) =====
 ====== EIGENENERGIES HAVE BEEN WRITTEN ON FILE(40) =====




 ----- NO. OF ELECTRONS INSIDE THE MUFFIN-TIN SPHERE ( NEW  ) ---
 ELCOM,ELCO 0.279733E+02 0.279733E+02
 EINM, EIN  0.309428E+02 0.309428E+02
                               IA=  1   M=  0.000,   N= 30.943
                      (TOTAL IN MT-S)   M=  0.000,   N= 61.886
 (VALENCE) MOMENT=  0.000000000000000E+000     CHARGE=   5.93884333608899     
  ===== RHOUT =  2.090452036737222E-002  0.000000000000000E+000
  EKIN=   9219.97734605820     
    
  ===== TOTAL POTENTIAL ====

      VOM(IS)=  -0.148067D+00

 VIM(IA,IS) : UP        DOWN          (POTENTIAL ON THE SPHERE)
 IA=  1 :  V(UP)=  -0.750512D+00   V(DOWN)=
  ===== (IN MT SPHERE) =====     UP       DOWN
 IA=  1   J=   1    R=   0.123410D-03 :   V*R=  -0.659671D+02   0.000000D+00
 IA=  1   J=  51    R=   0.554238D-03 :   V*R=  -0.658509D+02   0.000000D+00
 IA=  1   J= 101    R=   0.248910D-02 :   V*R=  -0.653216D+02   0.000000D+00
 IA=  1   J= 151    R=   0.111787D-01 :   V*R=  -0.629335D+02   0.000000D+00
 IA=  1   J= 201    R=   0.502038D-01 :   V*R=  -0.539414D+02   0.000000D+00
 IA=  1   J= 251    R=   0.225467D+00 :   V*R=  -0.319273D+02   0.000000D+00
 IA=  1   J= 301    R=   0.101258D+01 :   V*R=  -0.683832D+01   0.000000D+00
  ECLM=  -17928.1564692241         EEXC=  -325.704271897065     
             TOTAL ENERGY =  -9033.88339506299     
 (VALENCE IN MT) MOMENT=      0.00000000  CHARGE=      5.93884334
                               IA=  1   M=  2.9694   N=  2.9694
   CONVERGENCE TEST FOR ITER = 2 ==== R.M.S. OF POTENTIAL DEFFERENCE ====
 IA=  1 (As)  IS= 1 : 0.21158D-02
      MAX DIFF OF V*R = 0.13738D-01  AT R(298)= 0.925D+00 WHERE VR=-0.775D+01
 ----------  POTENTIALS HAVE BEEN READ  FROM FILE(36).  ----------
 ----------  POTENTIALS HAVE BEEN READ  FROM FILE(37).  ----------
 ----------  POTENTIALS HAVE BEEN WRITTEN ON FILE(36).  ------
 ----------  POTENTIALS HAVE BEEN WRITTEN ON FILE(37).  ------
  MIXING PARAMETER 1 =  0.718613658019875       (RELAXATION ALGORITHM)
  MIXING PARAMETER 1 =  0.200010000000000       (RESET)
 ----------  POTENTIALS HAVE BEEN WRITTEN ON FILE(35).  ------
0 ========== ITER=  3 ===========================




 ===== CORE STATE CALCULATION =====
 IA=           1    RMAX=R(         347 )=   4.03263551391383     
  ===== EIGENENERGY OF CORE STATE (RYD.) =====
 100         -859.076145
 200         -108.429205
 210          -95.095297
 300          -13.282134
 310           -9.160487
 320           -2.364047
 IND0=11 IND1= 0    L= 0   IA= 1  ISP= 1
 -0.800 -0.600 -0.400 -0.200  0.000  0.200  0.400  0.600  0.800  1.000  1.200
 -0.418 -0.381 -0.342 -0.301 -0.258 -0.214 -0.167 -0.120 -0.071 -0.021  0.028
  0.237  0.314  0.389  0.462  0.531  0.598  0.659  0.715  0.765  0.807  0.841
 IND0= 0 IND1= 3    L= 1   IA= 1  ISP= 1
 -0.800 -0.620 -0.440 -0.260 -0.080  0.100  0.280  0.460  0.640  0.820  1.000
  0.587  0.565  0.541  0.517  0.491  0.465  0.437  0.407  0.377  0.345  0.312
  0.095  0.029 -0.037 -0.103 -0.170 -0.235 -0.300 -0.364 -0.427 -0.489 -0.549
 IND0= 0 IND1= 2    L= 2   IA= 1  ISP= 1
  1.000  1.120  1.240  1.360  1.480  1.600  1.720  1.840  1.960  2.080  2.200
 -0.602 -0.590 -0.578 -0.566 -0.553 -0.539 -0.525 -0.511 -0.496 -0.481 -0.465
 -0.034  0.007  0.048  0.090  0.131  0.172  0.213  0.254  0.295  0.335  0.376
 IND0= 0 IND1= 0    L= 3   IA= 1  ISP= 1
  0.000  0.100  0.200  0.300  0.400  0.500  0.600  0.700  0.800  0.900  1.000
  0.819  0.813  0.806  0.800  0.793  0.787  0.780  0.773  0.766  0.759  0.752
  0.838  0.807  0.776  0.744  0.713  0.681  0.649  0.617  0.585  0.553  0.521
 IND0= 0 IND1= 0    L= 4   IA= 1  ISP= 1
  0.000  0.100  0.200  0.300  0.400  0.500  0.600  0.700  0.800  0.900  1.000
  0.951  0.947  0.943  0.939  0.935  0.931  0.926  0.922  0.918  0.913  0.909
  1.501  1.473  1.445  1.418  1.390  1.362  1.334  1.306  1.278  1.249  1.221
 IND0= 0 IND1= 0    L= 5   IA= 1  ISP= 1
  0.000  0.100  0.200  0.300  0.400  0.500  0.600  0.700  0.800  0.900  1.000
  1.053  1.050  1.047  1.044  1.041  1.038  1.035  1.032  1.029  1.026  1.022
  2.193  2.167  2.142  2.116  2.091  2.065  2.040  2.014  1.988  1.963  1.937
 IND0= 0 IND1= 0    L= 6   IA= 1  ISP= 1
  0.000  0.100  0.200  0.300  0.400  0.500  0.600  0.700  0.800  0.900  1.000
  1.141  1.139  1.136  1.134  1.132  1.129  1.127  1.124  1.122  1.119  1.117
  2.928  2.904  2.881  2.857  2.833  2.810  2.786  2.762  2.738  2.714  2.690
 IND0= 0 IND1= 0    L= 7   IA= 1  ISP= 1
  0.000  0.100  0.200  0.300  0.400  0.500  0.600  0.700  0.800  0.900  1.000
  1.220  1.218  1.216  1.214  1.212  1.210  1.208  1.206  1.204  1.202  1.200
  3.708  3.685  3.663  3.641  3.619  3.596  3.574  3.552  3.529  3.507  3.484
 <<< CPU =     0.001(SEC.) FOR SUB.TSRWF  >>>.   TOTAL CPU =     8.400(SEC.).  
 ===    1/ 33 ===== (  0  0  0)/  4 ==========
  NO. OF PLANE WAVES =         381
 ===    2/ 33 ===== (  0  0  1)/  4 ==========
  NO. OF PLANE WAVES =         381
 ===    3/ 33 ===== (  0  0  2)/  4 ==========
  NO. OF PLANE WAVES =         369
 ===    4/ 33 ===== (  0  0  3)/  4 ==========
  NO. OF PLANE WAVES =         375
 ===    5/ 33 ===== (  0  0  4)/  4 ==========
  NO. OF PLANE WAVES =         375
 ===    6/ 33 ===== (  0  0  5)/  4 ==========
  NO. OF PLANE WAVES =         387
 ===    7/ 33 ===== (  0  0  6)/  4 ==========
  NO. OF PLANE WAVES =         380
 ===    8/ 33 ===== (  0  1  0)/  4 ==========
  NO. OF PLANE WAVES =         374
 ===    9/ 33 ===== (  0  1  1)/  4 ==========
  NO. OF PLANE WAVES =         378
 ===   10/ 33 ===== (  0  1  2)/  4 ==========
  NO. OF PLANE WAVES =         378
 ===   11/ 33 ===== (  0  1  3)/  4 ==========
  NO. OF PLANE WAVES =         375
 ===   12/ 33 ===== (  0  1  4)/  4 ==========
  NO. OF PLANE WAVES =         375
 ===   13/ 33 ===== (  0  1  5)/  4 ==========
  NO. OF PLANE WAVES =         375
 ===   14/ 33 ===== (  0  1  6)/  4 ==========
  NO. OF PLANE WAVES =         373
 ===   15/ 33 ===== (  0  1 -5)/  4 ==========
  NO. OF PLANE WAVES =         374
 ===   16/ 33 ===== (  0  1 -4)/  4 ==========
  NO. OF PLANE WAVES =         371
 ===   17/ 33 ===== (  0  1 -3)/  4 ==========
  NO. OF PLANE WAVES =         376
 ===   18/ 33 ===== (  0  1 -2)/  4 ==========
  NO. OF PLANE WAVES =         373
 ===   19/ 33 ===== (  0  1 -1)/  4 ==========
  NO. OF PLANE WAVES =         380
 ===   20/ 33 ===== (  0  2  0)/  4 ==========
  NO. OF PLANE WAVES =         384
 ===   21/ 33 ===== (  0  2  1)/  4 ==========
  NO. OF PLANE WAVES =         376
 ===   22/ 33 ===== (  0  2  2)/  4 ==========
  NO. OF PLANE WAVES =         379
 ===   23/ 33 ===== (  0  2  3)/  4 ==========
  NO. OF PLANE WAVES =         378
 ===   24/ 33 ===== (  0  2  4)/  4 ==========
  NO. OF PLANE WAVES =         372
 ===   25/ 33 ===== (  0 -2  1)/  4 ==========
  NO. OF PLANE WAVES =         376
 ===   26/ 33 ===== (  0  2 -2)/  4 ==========
  NO. OF PLANE WAVES =         374
 ===   27/ 33 ===== (  1  1  0)/  4 ==========
  NO. OF PLANE WAVES =         377
 ===   28/ 33 ===== (  1  1  1)/  4 ==========
  NO. OF PLANE WAVES =         373
 ===   29/ 33 ===== (  1  1  2)/  4 ==========
  NO. OF PLANE WAVES =         376
 ===   30/ 33 ===== (  1  1  3)/  4 ==========
  NO. OF PLANE WAVES =         375
 ===   31/ 33 ===== (  1  1  4)/  4 ==========
  NO. OF PLANE WAVES =         377
 ===   32/ 33 ===== (  1  1  5)/  4 ==========
  NO. OF PLANE WAVES =         379
 ===   33/ 33 ===== (  1  1  6)/  4 ==========
  NO. OF PLANE WAVES =         378
 TIME TO GET EIGENSTATES.     4.162    12.562
  EMAX=   1.19384386443498         EMIN= -0.731541920202476     
     FERMI-EN=  0.33360951  DOS=     0.11476  INT.DOS=  10.0000000000
  === DOS OF EACH BAND ===
 SPIN= 1    1    0.000    2    0.000    3    0.000    4    0.000    5    0.093
            6    0.021    7    0.000    8    0.000    9    0.000   10    0.000
  === OCCUPATION OF EACH BAND ===
 SPIN= 1    1  2.00000    2  2.00000    3  2.00000    4  2.00000    5  1.99995
            6  0.00005    7  0.00000    8  0.00000    9  0.00000   10  0.00000
   NX=  4  NY=  4  NZ=  4
 NEIG= 10NKP1= 33 NSP=  1
   1/ 33  (  0  0  0 )/  4 SPIN= 1
 -0.7315 -0.1130  0.1959  0.2683  0.2683  0.5223  0.5916  0.5916  0.8403  0.8591
   2/ 33  (  0  0  1 )/  4 SPIN= 1
 -0.7265 -0.1384  0.2118  0.2690  0.2690  0.5189  0.5777  0.5777  0.8024  0.8677
   3/ 33  (  0  0  2 )/  4 SPIN= 1
 -0.7117 -0.1983  0.2435  0.2712  0.2712  0.5090  0.5431  0.5431  0.7708  0.8961
   4/ 33  (  0  0  3 )/  4 SPIN= 1
 -0.6881 -0.2700  0.2709  0.2757  0.2757  0.4920  0.5011  0.5011  0.7755  0.9456
   5/ 33  (  0  0  4 )/  4 SPIN= 1
 -0.6579 -0.3395  0.2825  0.2825  0.2887  0.4620  0.4620  0.4708  0.8140  1.0146
   6/ 33  (  0  0  5 )/  4 SPIN= 1
 -0.6277 -0.3950  0.2898  0.2898  0.2986  0.4334  0.4334  0.4531  0.8666  1.1008
   7/ 33  (  0  0  6 )/  4 SPIN= 1
 -0.6130 -0.4182  0.2933  0.2933  0.3019  0.4225  0.4225  0.4463  0.8952  1.1433
   8/ 33  (  0  1  0 )/  4 SPIN= 1
 -0.6756 -0.2284  0.1913  0.2133  0.2525  0.4070  0.5161  0.5705  0.7076  0.8754
   9/ 33  (  0  1  1 )/  4 SPIN= 1
 -0.6712 -0.2234  0.1327  0.1877  0.2457  0.4443  0.5286  0.6290  0.7074  0.9226
  10/ 33  (  0  1  2 )/  4 SPIN= 1
 -0.6576 -0.2390  0.0860  0.1684  0.2057  0.5149  0.5339  0.6692  0.7407  0.9856
  11/ 33  (  0  1  3 )/  4 SPIN= 1
 -0.6357 -0.2755  0.0495  0.1575  0.1788  0.5230  0.6087  0.6763  0.7584  1.0511
  12/ 33  (  0  1  4 )/  4 SPIN= 1
 -0.6080 -0.3235  0.0188  0.1559  0.1730  0.5415  0.6543  0.6703  0.7561  1.0957
  13/ 33  (  0  1  5 )/  4 SPIN= 1
 -0.5803 -0.3689 -0.0052  0.1639  0.1843  0.5595  0.6165  0.7136  0.7607  1.0597
  14/ 33  (  0  1  6 )/  4 SPIN= 1
 -0.5658 -0.3933 -0.0180  0.1812  0.2078  0.5524  0.5725  0.7417  0.7962  0.9846
  15/ 33  (  0  1 -5 )/  4 SPIN= 1
 -0.5776 -0.3829 -0.0156  0.2061  0.2413  0.5168  0.5277  0.7398  0.8701  0.9166
  16/ 33  (  0  1 -4 )/  4 SPIN= 1
 -0.6051 -0.3497  0.0058  0.2349  0.2840  0.4624  0.4877  0.7107  0.8417  0.9751
  17/ 33  (  0  1 -3 )/  4 SPIN= 1
 -0.6335 -0.3114  0.0487  0.2579  0.3348  0.3973  0.4635  0.6474  0.8015  0.9612
  18/ 33  (  0  1 -2 )/  4 SPIN= 1
 -0.6562 -0.2764  0.1119  0.2601  0.3276  0.3909  0.4713  0.5619  0.7880  0.9102
  19/ 33  (  0  1 -1 )/  4 SPIN= 1
 -0.6706 -0.2478  0.1883  0.2407  0.2578  0.4326  0.4948  0.5123  0.7571  0.8557
  20/ 33  (  0  2  0 )/  4 SPIN= 1
 -0.5308 -0.4271  0.0598  0.1772  0.1994  0.4666  0.5174  0.5229  0.7575  1.1188
  21/ 33  (  0  2  1 )/  4 SPIN= 1
 -0.5320 -0.3982 -0.0081  0.1465  0.1472  0.5107  0.5941  0.6320  0.7063  1.1270
  22/ 33  (  0  2  2 )/  4 SPIN= 1
 -0.5303 -0.3695 -0.0594  0.1033  0.1222  0.4951  0.6673  0.7268  0.7522  1.1380
  23/ 33  (  0  2  3 )/  4 SPIN= 1
 -0.5277 -0.3480 -0.0901  0.0721  0.1068  0.4645  0.7273  0.7860  0.8367  1.1596
  24/ 33  (  0  2  4 )/  4 SPIN= 1
 -0.5264 -0.3400 -0.1000  0.0603  0.1016  0.4521  0.7519  0.8129  0.8707  1.1938
  25/ 33  (  0 -2  1 )/  4 SPIN= 1
 -0.5271 -0.4496  0.1361  0.2073  0.2579  0.3891  0.4191  0.4668  0.8568  1.0965
  26/ 33  (  0  2 -2 )/  4 SPIN= 1
 -0.5246 -0.4588  0.1844  0.2215  0.3093  0.3261  0.3668  0.4437  0.9362  1.0460
  27/ 33  (  1  1  0 )/  4 SPIN= 1
 -0.5701 -0.3644  0.0201  0.2011  0.2153  0.4286  0.4336  0.7085  0.7754  0.9857
  28/ 33  (  1  1  1 )/  4 SPIN= 1
 -0.5663 -0.3670  0.0250  0.1506  0.2326  0.3942  0.5178  0.6922  0.7665  1.0104
  29/ 33  (  1  1  2 )/  4 SPIN= 1
 -0.5552 -0.3740  0.0230  0.1224  0.1745  0.4555  0.6058  0.6551  0.7446  1.0739
  30/ 33  (  1  1  3 )/  4 SPIN= 1
 -0.5382 -0.3835 -0.0063  0.0972  0.1503  0.5496  0.6018  0.6835  0.7318  1.0502
  31/ 33  (  1  1  4 )/  4 SPIN= 1
 -0.5181 -0.3937 -0.0365  0.0302  0.2047  0.5355  0.6512  0.7221  0.7538  0.9729
  32/ 33  (  1  1  5 )/  4 SPIN= 1
 -0.5000 -0.4029 -0.0522 -0.0192  0.2661  0.4726  0.7086  0.7637  0.7807  0.9149
  33/ 33  (  1  1  6 )/  4 SPIN= 1
 -0.4922 -0.4072 -0.0500 -0.0442  0.3018  0.4365  0.7375  0.7448  0.8324  0.8831
 FERMI LEVEL= 0.333610
 ====== EIGENENERGIES HAVE BEEN WRITTEN ON FILE( 6) =====
 ====== EIGENENERGIES HAVE BEEN WRITTEN ON FILE(40) =====




 ----- NO. OF ELECTRONS INSIDE THE MUFFIN-TIN SPHERE ( NEW  ) ---
 ELCOM,ELCO 0.279733E+02 0.279733E+02
 EINM, EIN  0.309411E+02 0.309411E+02
                               IA=  1   M=  0.000,   N= 30.941
                      (TOTAL IN MT-S)   M=  0.000,   N= 61.882
 (VALENCE) MOMENT=  0.000000000000000E+000     CHARGE=   5.93556276390692     
  ===== RHOUT =  2.092192788878583E-002  0.000000000000000E+000
  EKIN=   9219.73836447397     
    
  ===== TOTAL POTENTIAL ====

      VOM(IS)=  -0.147805D+00

 VIM(IA,IS) : UP        DOWN          (POTENTIAL ON THE SPHERE)
 IA=  1 :  V(UP)=  -0.750496D+00   V(DOWN)=
  ===== (IN MT SPHERE) =====     UP       DOWN
 IA=  1   J=   1    R=   0.123410D-03 :   V*R=  -0.659671D+02   0.000000D+00
 IA=  1   J=  51    R=   0.554238D-03 :   V*R=  -0.658509D+02   0.000000D+00
 IA=  1   J= 101    R=   0.248910D-02 :   V*R=  -0.653216D+02   0.000000D+00
 IA=  1   J= 151    R=   0.111787D-01 :   V*R=  -0.629336D+02   0.000000D+00
 IA=  1   J= 201    R=   0.502038D-01 :   V*R=  -0.539417D+02   0.000000D+00
 IA=  1   J= 251    R=   0.225467D+00 :   V*R=  -0.319287D+02   0.000000D+00
 IA=  1   J= 301    R=   0.101258D+01 :   V*R=  -0.683986D+01   0.000000D+00
  ECLM=  -17927.9314721059         EEXC=  -325.690338302522     
             TOTAL ENERGY =  -9033.88344593450     
 (VALENCE IN MT) MOMENT=      0.00000000  CHARGE=      5.93556276
                               IA=  1   M=  2.9678   N=  2.9678
   CONVERGENCE TEST FOR ITER = 3 ==== R.M.S. OF POTENTIAL DEFFERENCE ====
 IA=  1 (As)  IS= 1 : 0.14423D-02
      MAX DIFF OF V*R = 0.93687D-02  AT R(299)= 0.954D+00 WHERE VR=-0.744D+01
 ----------  POTENTIALS HAVE BEEN READ  FROM FILE(36).  ----------
 ----------  POTENTIALS HAVE BEEN READ  FROM FILE(37).  ----------
 ----------  POTENTIALS HAVE BEEN WRITTEN ON FILE(36).  ------
 ----------  POTENTIALS HAVE BEEN WRITTEN ON FILE(37).  ------
  MIXING PARAMETER 1 =  0.725019100202555       (RELAXATION ALGORITHM)
  MIXING PARAMETER 1 =  0.200010000000000       (RESET)
 ----------  POTENTIALS HAVE BEEN WRITTEN ON FILE(35).  ------
0 ========== ITER=  4 ===========================




 ===== CORE STATE CALCULATION =====
 IA=           1    RMAX=R(         347 )=   4.03263551391383     
  ===== EIGENENERGY OF CORE STATE (RYD.) =====
 100         -859.072732
 200         -108.426498
 210          -95.092511
 300          -13.279869
 310           -9.158244
 320           -2.361918
 IND0=11 IND1= 0    L= 0   IA= 1  ISP= 1
 -0.800 -0.600 -0.400 -0.200  0.000  0.200  0.400  0.600  0.800  1.000  1.200
 -0.419 -0.382 -0.343 -0.302 -0.259 -0.214 -0.168 -0.120 -0.071 -0.022  0.028
  0.237  0.313  0.388  0.461  0.531  0.597  0.659  0.715  0.765  0.807  0.841
 IND0= 0 IND1= 3    L= 1   IA= 1  ISP= 1
 -0.800 -0.620 -0.440 -0.260 -0.080  0.100  0.280  0.460  0.640  0.820  1.000
  0.587  0.565  0.541  0.517  0.492  0.465  0.437  0.408  0.377  0.345  0.312
  0.096  0.029 -0.037 -0.103 -0.169 -0.235 -0.300 -0.364 -0.427 -0.489 -0.548
 IND0= 0 IND1= 2    L= 2   IA= 1  ISP= 1
  1.000  1.120  1.240  1.360  1.480  1.600  1.720  1.840  1.960  2.080  2.200
 -0.602 -0.591 -0.578 -0.566 -0.553 -0.539 -0.525 -0.511 -0.496 -0.481 -0.465
 -0.035  0.007  0.048  0.089  0.131  0.172  0.213  0.254  0.295  0.335  0.375
 IND0= 0 IND1= 0    L= 3   IA= 1  ISP= 1
  0.000  0.100  0.200  0.300  0.400  0.500  0.600  0.700  0.800  0.900  1.000
  0.819  0.813  0.806  0.800  0.793  0.787  0.780  0.773  0.766  0.759  0.752
  0.838  0.807  0.776  0.744  0.713  0.681  0.649  0.618  0.586  0.554  0.522
 IND0= 0 IND1= 0    L= 4   IA= 1  ISP= 1
  0.000  0.100  0.200  0.300  0.400  0.500  0.600  0.700  0.800  0.900  1.000
  0.951  0.947  0.943  0.939  0.935  0.931  0.926  0.922  0.918  0.913  0.909
  1.501  1.473  1.446  1.418  1.390  1.362  1.334  1.306  1.278  1.250  1.221
 IND0= 0 IND1= 0    L= 5   IA= 1  ISP= 1
  0.000  0.100  0.200  0.300  0.400  0.500  0.600  0.700  0.800  0.900  1.000
  1.053  1.050  1.047  1.044  1.041  1.038  1.035  1.032  1.029  1.026  1.022
  2.193  2.168  2.142  2.117  2.091  2.065  2.040  2.014  1.988  1.963  1.937
 IND0= 0 IND1= 0    L= 6   IA= 1  ISP= 1
  0.000  0.100  0.200  0.300  0.400  0.500  0.600  0.700  0.800  0.900  1.000
  1.141  1.139  1.136  1.134  1.132  1.129  1.127  1.124  1.122  1.119  1.117
  2.928  2.905  2.881  2.857  2.833  2.810  2.786  2.762  2.738  2.714  2.690
 IND0= 0 IND1= 0    L= 7   IA= 1  ISP= 1
  0.000  0.100  0.200  0.300  0.400  0.500  0.600  0.700  0.800  0.900  1.000
  1.220  1.218  1.216  1.214  1.212  1.210  1.208  1.206  1.204  1.202  1.200
  3.708  3.685  3.663  3.641  3.619  3.596  3.574  3.552  3.529  3.507  3.485
 <<< CPU =     0.001(SEC.) FOR SUB.TSRWF  >>>.   TOTAL CPU =    12.579(SEC.).  
 ===    1/ 33 ===== (  0  0  0)/  4 ==========
  NO. OF PLANE WAVES =         381
 ===    2/ 33 ===== (  0  0  1)/  4 ==========
  NO. OF PLANE WAVES =         381
 ===    3/ 33 ===== (  0  0  2)/  4 ==========
  NO. OF PLANE WAVES =         369
 ===    4/ 33 ===== (  0  0  3)/  4 ==========
  NO. OF PLANE WAVES =         375
 ===    5/ 33 ===== (  0  0  4)/  4 ==========
  NO. OF PLANE WAVES =         375
 ===    6/ 33 ===== (  0  0  5)/  4 ==========
  NO. OF PLANE WAVES =         387
 ===    7/ 33 ===== (  0  0  6)/  4 ==========
  NO. OF PLANE WAVES =         380
 ===    8/ 33 ===== (  0  1  0)/  4 ==========
  NO. OF PLANE WAVES =         374
 ===    9/ 33 ===== (  0  1  1)/  4 ==========
  NO. OF PLANE WAVES =         378
 ===   10/ 33 ===== (  0  1  2)/  4 ==========
  NO. OF PLANE WAVES =         378
 ===   11/ 33 ===== (  0  1  3)/  4 ==========
  NO. OF PLANE WAVES =         375
 ===   12/ 33 ===== (  0  1  4)/  4 ==========
  NO. OF PLANE WAVES =         375
 ===   13/ 33 ===== (  0  1  5)/  4 ==========
  NO. OF PLANE WAVES =         375
 ===   14/ 33 ===== (  0  1  6)/  4 ==========
  NO. OF PLANE WAVES =         373
 ===   15/ 33 ===== (  0  1 -5)/  4 ==========
  NO. OF PLANE WAVES =         374
 ===   16/ 33 ===== (  0  1 -4)/  4 ==========
  NO. OF PLANE WAVES =         371
 ===   17/ 33 ===== (  0  1 -3)/  4 ==========
  NO. OF PLANE WAVES =         376
 ===   18/ 33 ===== (  0  1 -2)/  4 ==========
  NO. OF PLANE WAVES =         373
 ===   19/ 33 ===== (  0  1 -1)/  4 ==========
  NO. OF PLANE WAVES =         380
 ===   20/ 33 ===== (  0  2  0)/  4 ==========
  NO. OF PLANE WAVES =         384
 ===   21/ 33 ===== (  0  2  1)/  4 ==========
  NO. OF PLANE WAVES =         376
 ===   22/ 33 ===== (  0  2  2)/  4 ==========
  NO. OF PLANE WAVES =         379
 ===   23/ 33 ===== (  0  2  3)/  4 ==========
  NO. OF PLANE WAVES =         378
 ===   24/ 33 ===== (  0  2  4)/  4 ==========
  NO. OF PLANE WAVES =         372
 ===   25/ 33 ===== (  0 -2  1)/  4 ==========
  NO. OF PLANE WAVES =         376
 ===   26/ 33 ===== (  0  2 -2)/  4 ==========
  NO. OF PLANE WAVES =         374
 ===   27/ 33 ===== (  1  1  0)/  4 ==========
  NO. OF PLANE WAVES =         377
 ===   28/ 33 ===== (  1  1  1)/  4 ==========
  NO. OF PLANE WAVES =         373
 ===   29/ 33 ===== (  1  1  2)/  4 ==========
  NO. OF PLANE WAVES =         376
 ===   30/ 33 ===== (  1  1  3)/  4 ==========
  NO. OF PLANE WAVES =         375
 ===   31/ 33 ===== (  1  1  4)/  4 ==========
  NO. OF PLANE WAVES =         377
 ===   32/ 33 ===== (  1  1  5)/  4 ==========
  NO. OF PLANE WAVES =         379
 ===   33/ 33 ===== (  1  1  6)/  4 ==========
  NO. OF PLANE WAVES =         378
 TIME TO GET EIGENSTATES.     4.151    16.730
  EMAX=   1.19416759061913         EMIN= -0.731025613678078     
     FERMI-EN=  0.33405573  DOS=     0.11592  INT.DOS=  10.0000000000
  === DOS OF EACH BAND ===
 SPIN= 1    1    0.000    2    0.000    3    0.000    4    0.000    5    0.094
            6    0.022    7    0.000    8    0.000    9    0.000   10    0.000
  === OCCUPATION OF EACH BAND ===
 SPIN= 1    1  2.00000    2  2.00000    3  2.00000    4  2.00000    5  1.99995
            6  0.00005    7  0.00000    8  0.00000    9  0.00000   10  0.00000
   NX=  4  NY=  4  NZ=  4
 NEIG= 10NKP1= 33 NSP=  1
   1/ 33  (  0  0  0 )/  4 SPIN= 1
 -0.7310 -0.1122  0.1964  0.2689  0.2689  0.5227  0.5921  0.5921  0.8405  0.8592
   2/ 33  (  0  0  1 )/  4 SPIN= 1
 -0.7260 -0.1376  0.2123  0.2695  0.2695  0.5193  0.5782  0.5782  0.8025  0.8678
   3/ 33  (  0  0  2 )/  4 SPIN= 1
 -0.7112 -0.1976  0.2441  0.2718  0.2718  0.5095  0.5436  0.5436  0.7709  0.8962
   4/ 33  (  0  0  3 )/  4 SPIN= 1
 -0.6876 -0.2694  0.2715  0.2762  0.2762  0.4925  0.5016  0.5016  0.7756  0.9457
   5/ 33  (  0  0  4 )/  4 SPIN= 1
 -0.6574 -0.3389  0.2830  0.2830  0.2892  0.4625  0.4625  0.4713  0.8142  1.0147
   6/ 33  (  0  0  5 )/  4 SPIN= 1
 -0.6271 -0.3944  0.2904  0.2904  0.2991  0.4338  0.4338  0.4537  0.8668  1.1010
   7/ 33  (  0  0  6 )/  4 SPIN= 1
 -0.6124 -0.4177  0.2939  0.2939  0.3024  0.4229  0.4229  0.4468  0.8954  1.1436
   8/ 33  (  0  1  0 )/  4 SPIN= 1
 -0.6751 -0.2277  0.1918  0.2138  0.2530  0.4074  0.5165  0.5710  0.7077  0.8756
   9/ 33  (  0  1  1 )/  4 SPIN= 1
 -0.6707 -0.2226  0.1331  0.1882  0.2461  0.4448  0.5289  0.6296  0.7076  0.9228
  10/ 33  (  0  1  2 )/  4 SPIN= 1
 -0.6570 -0.2383  0.0864  0.1689  0.2061  0.5152  0.5344  0.6698  0.7410  0.9858
  11/ 33  (  0  1  3 )/  4 SPIN= 1
 -0.6351 -0.2748  0.0499  0.1579  0.1792  0.5232  0.6093  0.6769  0.7588  1.0513
  12/ 33  (  0  1  4 )/  4 SPIN= 1
 -0.6074 -0.3229  0.0191  0.1563  0.1734  0.5419  0.6549  0.6710  0.7565  1.0959
  13/ 33  (  0  1  5 )/  4 SPIN= 1
 -0.5797 -0.3683 -0.0048  0.1644  0.1847  0.5600  0.6171  0.7142  0.7610  1.0599
  14/ 33  (  0  1  6 )/  4 SPIN= 1
 -0.5652 -0.3927 -0.0177  0.1816  0.2082  0.5530  0.5731  0.7423  0.7964  0.9848
  15/ 33  (  0  1 -5 )/  4 SPIN= 1
 -0.5770 -0.3823 -0.0153  0.2066  0.2417  0.5174  0.5282  0.7404  0.8703  0.9168
  16/ 33  (  0  1 -4 )/  4 SPIN= 1
 -0.6045 -0.3490  0.0061  0.2354  0.2844  0.4630  0.4881  0.7113  0.8419  0.9753
  17/ 33  (  0  1 -3 )/  4 SPIN= 1
 -0.6330 -0.3107  0.0490  0.2584  0.3352  0.3979  0.4639  0.6479  0.8016  0.9614
  18/ 33  (  0  1 -2 )/  4 SPIN= 1
 -0.6556 -0.2757  0.1123  0.2607  0.3281  0.3913  0.4717  0.5624  0.7882  0.9103
  19/ 33  (  0  1 -1 )/  4 SPIN= 1
 -0.6700 -0.2471  0.1887  0.2412  0.2583  0.4331  0.4952  0.5128  0.7572  0.8558
  20/ 33  (  0  2  0 )/  4 SPIN= 1
 -0.5302 -0.4264  0.0601  0.1777  0.1999  0.4670  0.5179  0.5234  0.7576  1.1192
  21/ 33  (  0  2  1 )/  4 SPIN= 1
 -0.5314 -0.3975 -0.0078  0.1470  0.1476  0.5111  0.5946  0.6325  0.7065  1.1273
  22/ 33  (  0  2  2 )/  4 SPIN= 1
 -0.5297 -0.3688 -0.0591  0.1037  0.1226  0.4953  0.6679  0.7272  0.7528  1.1383
  23/ 33  (  0  2  3 )/  4 SPIN= 1
 -0.5270 -0.3473 -0.0898  0.0724  0.1073  0.4646  0.7279  0.7865  0.8374  1.1599
  24/ 33  (  0  2  4 )/  4 SPIN= 1
 -0.5258 -0.3393 -0.0997  0.0606  0.1021  0.4523  0.7526  0.8134  0.8714  1.1942
  25/ 33  (  0 -2  1 )/  4 SPIN= 1
 -0.5265 -0.4490  0.1365  0.2078  0.2583  0.3895  0.4195  0.4672  0.8569  1.0969
  26/ 33  (  0  2 -2 )/  4 SPIN= 1
 -0.5240 -0.4582  0.1849  0.2220  0.3098  0.3265  0.3672  0.4441  0.9364  1.0462
  27/ 33  (  1  1  0 )/  4 SPIN= 1
 -0.5696 -0.3637  0.0205  0.2015  0.2157  0.4290  0.4340  0.7091  0.7756  0.9858
  28/ 33  (  1  1  1 )/  4 SPIN= 1
 -0.5657 -0.3663  0.0254  0.1510  0.2331  0.3946  0.5183  0.6928  0.7667  1.0106
  29/ 33  (  1  1  2 )/  4 SPIN= 1
 -0.5546 -0.3734  0.0233  0.1228  0.1749  0.4559  0.6064  0.6557  0.7448  1.0741
  30/ 33  (  1  1  3 )/  4 SPIN= 1
 -0.5376 -0.3828 -0.0060  0.0975  0.1507  0.5501  0.6024  0.6841  0.7321  1.0504
  31/ 33  (  1  1  4 )/  4 SPIN= 1
 -0.5175 -0.3930 -0.0362  0.0305  0.2052  0.5361  0.6517  0.7224  0.7543  0.9731
  32/ 33  (  1  1  5 )/  4 SPIN= 1
 -0.4994 -0.4023 -0.0519 -0.0189  0.2665  0.4731  0.7090  0.7642  0.7810  0.9152
  33/ 33  (  1  1  6 )/  4 SPIN= 1
 -0.4915 -0.4065 -0.0497 -0.0439  0.3023  0.4369  0.7379  0.7452  0.8328  0.8835
 FERMI LEVEL= 0.334056
 ====== EIGENENERGIES HAVE BEEN WRITTEN ON FILE( 6) =====
 ====== EIGENENERGIES HAVE BEEN WRITTEN ON FILE(40) =====




 ----- NO. OF ELECTRONS INSIDE THE MUFFIN-TIN SPHERE ( NEW  ) ---
 ELCOM,ELCO 0.279732E+02 0.279732E+02
 EINM, EIN  0.309399E+02 0.309399E+02
                               IA=  1   M=  0.000,   N= 30.940
                      (TOTAL IN MT-S)   M=  0.000,   N= 61.880
 (VALENCE) MOMENT=  0.000000000000000E+000     CHARGE=   5.93337671044184     
  ===== RHOUT =  2.093346001536111E-002  0.000000000000000E+000
  EKIN=   9219.61847046645     
    
  ===== TOTAL POTENTIAL ====

      VOM(IS)=  -0.147631D+00

 VIM(IA,IS) : UP        DOWN          (POTENTIAL ON THE SPHERE)
 IA=  1 :  V(UP)=  -0.750482D+00   V(DOWN)=
  ===== (IN MT SPHERE) =====     UP       DOWN
 IA=  1   J=   1    R=   0.123410D-03 :   V*R=  -0.659671D+02   0.000000D+00
 IA=  1   J=  51    R=   0.554238D-03 :   V*R=  -0.658509D+02   0.000000D+00
 IA=  1   J= 101    R=   0.248910D-02 :   V*R=  -0.653216D+02   0.000000D+00
 IA=  1   J= 151    R=   0.111787D-01 :   V*R=  -0.629337D+02   0.000000D+00
 IA=  1   J= 201    R=   0.502038D-01 :   V*R=  -0.539419D+02   0.000000D+00
 IA=  1   J= 251    R=   0.225467D+00 :   V*R=  -0.319294D+02   0.000000D+00
 IA=  1   J= 301    R=   0.101258D+01 :   V*R=  -0.684077D+01   0.000000D+00
  ECLM=  -17927.8189219338         EEXC=  -325.683011034886     
             TOTAL ENERGY =  -9033.88346250221     
 (VALENCE IN MT) MOMENT=      0.00000000  CHARGE=      5.93337671
                               IA=  1   M=  2.9667   N=  2.9667
   CONVERGENCE TEST FOR ITER = 4 ==== R.M.S. OF POTENTIAL DEFFERENCE ====
 IA=  1 (As)  IS= 1 : 0.10151D-02
      MAX DIFF OF V*R = 0.65485D-02  AT R(299)= 0.954D+00 WHERE VR=-0.744D+01
 ----------  POTENTIALS HAVE BEEN READ  FROM FILE(36).  ----------
 ----------  POTENTIALS HAVE BEEN READ  FROM FILE(37).  ----------
 ----------  POTENTIALS HAVE BEEN WRITTEN ON FILE(36).  ------
 ----------  POTENTIALS HAVE BEEN WRITTEN ON FILE(37).  ------
  MIXING PARAMETER 1 =  0.740038618020241       (RELAXATION ALGORITHM)
  MIXING PARAMETER 1 =  0.200010000000000       (RESET)
 ----------  POTENTIALS HAVE BEEN WRITTEN ON FILE(35).  ------
0 ========== ITER=  5 ===========================




 ===== CORE STATE CALCULATION =====
 IA=           1    RMAX=R(         347 )=   4.03263551391383     
  ===== EIGENENERGY OF CORE STATE (RYD.) =====
 100         -859.070731
 200         -108.424969
 210          -95.090933
 300          -13.278438
 310           -9.156825
 320           -2.360571
 IND0=11 IND1= 0    L= 0   IA= 1  ISP= 1
 -0.800 -0.600 -0.400 -0.200  0.000  0.200  0.400  0.600  0.800  1.000  1.200
 -0.419 -0.382 -0.343 -0.302 -0.259 -0.214 -0.168 -0.120 -0.071 -0.022  0.028
  0.236  0.313  0.388  0.461  0.531  0.597  0.659  0.715  0.765  0.807  0.841
 IND0= 0 IND1= 3    L= 1   IA= 1  ISP= 1
 -0.800 -0.620 -0.440 -0.260 -0.080  0.100  0.280  0.460  0.640  0.820  1.000
  0.587  0.565  0.542  0.517  0.492  0.465  0.437  0.408  0.377  0.345  0.312
  0.096  0.030 -0.037 -0.103 -0.169 -0.235 -0.300 -0.364 -0.427 -0.489 -0.548
 IND0= 0 IND1= 2    L= 2   IA= 1  ISP= 1
  1.000  1.120  1.240  1.360  1.480  1.600  1.720  1.840  1.960  2.080  2.200
 -0.602 -0.591 -0.578 -0.566 -0.553 -0.539 -0.525 -0.511 -0.496 -0.481 -0.466
 -0.035  0.007  0.048  0.089  0.131  0.172  0.213  0.254  0.294  0.335  0.375
 IND0= 0 IND1= 0    L= 3   IA= 1  ISP= 1
  0.000  0.100  0.200  0.300  0.400  0.500  0.600  0.700  0.800  0.900  1.000
  0.819  0.813  0.806  0.800  0.794  0.787  0.780  0.773  0.766  0.759  0.752
  0.838  0.807  0.776  0.745  0.713  0.681  0.650  0.618  0.586  0.554  0.522
 IND0= 0 IND1= 0    L= 4   IA= 1  ISP= 1
  0.000  0.100  0.200  0.300  0.400  0.500  0.600  0.700  0.800  0.900  1.000
  0.951  0.947  0.943  0.939  0.935  0.931  0.926  0.922  0.918  0.914  0.909
  1.501  1.473  1.446  1.418  1.390  1.362  1.334  1.306  1.278  1.250  1.221
 IND0= 0 IND1= 0    L= 5   IA= 1  ISP= 1
  0.000  0.100  0.200  0.300  0.400  0.500  0.600  0.700  0.800  0.900  1.000
  1.053  1.050  1.047  1.044  1.041  1.038  1.035  1.032  1.029  1.026  1.022
  2.193  2.168  2.142  2.117  2.091  2.066  2.040  2.014  1.989  1.963  1.937
 IND0= 0 IND1= 0    L= 6   IA= 1  ISP= 1
  0.000  0.100  0.200  0.300  0.400  0.500  0.600  0.700  0.800  0.900  1.000
  1.141  1.139  1.136  1.134  1.132  1.129  1.127  1.124  1.122  1.119  1.117
  2.928  2.905  2.881  2.857  2.834  2.810  2.786  2.762  2.738  2.714  2.690
 IND0= 0 IND1= 0    L= 7   IA= 1  ISP= 1
  0.000  0.100  0.200  0.300  0.400  0.500  0.600  0.700  0.800  0.900  1.000
  1.220  1.218  1.216  1.214  1.212  1.210  1.208  1.206  1.204  1.202  1.200
  3.708  3.686  3.663  3.641  3.619  3.597  3.574  3.552  3.529  3.507  3.485
 <<< CPU =     0.001(SEC.) FOR SUB.TSRWF  >>>.   TOTAL CPU =    16.745(SEC.).  
 ===    1/ 33 ===== (  0  0  0)/  4 ==========
  NO. OF PLANE WAVES =         381
 ===    2/ 33 ===== (  0  0  1)/  4 ==========
  NO. OF PLANE WAVES =         381
 ===    3/ 33 ===== (  0  0  2)/  4 ==========
  NO. OF PLANE WAVES =         369
 ===    4/ 33 ===== (  0  0  3)/  4 ==========
  NO. OF PLANE WAVES =         375
 ===    5/ 33 ===== (  0  0  4)/  4 ==========
  NO. OF PLANE WAVES =         375
 ===    6/ 33 ===== (  0  0  5)/  4 ==========
  NO. OF PLANE WAVES =         387
 ===    7/ 33 ===== (  0  0  6)/  4 ==========
  NO. OF PLANE WAVES =         380
 ===    8/ 33 ===== (  0  1  0)/  4 ==========
  NO. OF PLANE WAVES =         374
 ===    9/ 33 ===== (  0  1  1)/  4 ==========
  NO. OF PLANE WAVES =         378
 ===   10/ 33 ===== (  0  1  2)/  4 ==========
  NO. OF PLANE WAVES =         378
 ===   11/ 33 ===== (  0  1  3)/  4 ==========
  NO. OF PLANE WAVES =         375
 ===   12/ 33 ===== (  0  1  4)/  4 ==========
  NO. OF PLANE WAVES =         375
 ===   13/ 33 ===== (  0  1  5)/  4 ==========
  NO. OF PLANE WAVES =         375
 ===   14/ 33 ===== (  0  1  6)/  4 ==========
  NO. OF PLANE WAVES =         373
 ===   15/ 33 ===== (  0  1 -5)/  4 ==========
  NO. OF PLANE WAVES =         374
 ===   16/ 33 ===== (  0  1 -4)/  4 ==========
  NO. OF PLANE WAVES =         371
 ===   17/ 33 ===== (  0  1 -3)/  4 ==========
  NO. OF PLANE WAVES =         376
 ===   18/ 33 ===== (  0  1 -2)/  4 ==========
  NO. OF PLANE WAVES =         373
 ===   19/ 33 ===== (  0  1 -1)/  4 ==========
  NO. OF PLANE WAVES =         380
 ===   20/ 33 ===== (  0  2  0)/  4 ==========
  NO. OF PLANE WAVES =         384
 ===   21/ 33 ===== (  0  2  1)/  4 ==========
  NO. OF PLANE WAVES =         376
 ===   22/ 33 ===== (  0  2  2)/  4 ==========
  NO. OF PLANE WAVES =         379
 ===   23/ 33 ===== (  0  2  3)/  4 ==========
  NO. OF PLANE WAVES =         378
 ===   24/ 33 ===== (  0  2  4)/  4 ==========
  NO. OF PLANE WAVES =         372
 ===   25/ 33 ===== (  0 -2  1)/  4 ==========
  NO. OF PLANE WAVES =         376
 ===   26/ 33 ===== (  0  2 -2)/  4 ==========
  NO. OF PLANE WAVES =         374
 ===   27/ 33 ===== (  1  1  0)/  4 ==========
  NO. OF PLANE WAVES =         377
 ===   28/ 33 ===== (  1  1  1)/  4 ==========
  NO. OF PLANE WAVES =         373
 ===   29/ 33 ===== (  1  1  2)/  4 ==========
  NO. OF PLANE WAVES =         376
 ===   30/ 33 ===== (  1  1  3)/  4 ==========
  NO. OF PLANE WAVES =         375
 ===   31/ 33 ===== (  1  1  4)/  4 ==========
  NO. OF PLANE WAVES =         377
 ===   32/ 33 ===== (  1  1  5)/  4 ==========
  NO. OF PLANE WAVES =         379
 ===   33/ 33 ===== (  1  1  6)/  4 ==========
  NO. OF PLANE WAVES =         378
 TIME TO GET EIGENSTATES.     4.155    20.900
  EMAX=   1.19440912444018         EMIN= -0.730648130826258     
     FERMI-EN=  0.33438288  DOS=     0.11674  INT.DOS=  10.0000000000
  === DOS OF EACH BAND ===
 SPIN= 1    1    0.000    2    0.000    3    0.000    4    0.000    5    0.095
            6    0.022    7    0.000    8    0.000    9    0.000   10    0.000
  === OCCUPATION OF EACH BAND ===
 SPIN= 1    1  2.00000    2  2.00000    3  2.00000    4  2.00000    5  1.99995
            6  0.00005    7  0.00000    8  0.00000    9  0.00000   10  0.00000
   NX=  4  NY=  4  NZ=  4
 NEIG= 10NKP1= 33 NSP=  1
   1/ 33  (  0  0  0 )/  4 SPIN= 1
 -0.7306 -0.1115  0.1967  0.2692  0.2692  0.5231  0.5925  0.5925  0.8406  0.8593
   2/ 33  (  0  0  1 )/  4 SPIN= 1
 -0.7256 -0.1370  0.2126  0.2699  0.2699  0.5197  0.5786  0.5786  0.8027  0.8679
   3/ 33  (  0  0  2 )/  4 SPIN= 1
 -0.7108 -0.1971  0.2444  0.2721  0.2721  0.5098  0.5440  0.5440  0.7710  0.8963
   4/ 33  (  0  0  3 )/  4 SPIN= 1
 -0.6872 -0.2689  0.2719  0.2766  0.2766  0.4929  0.5019  0.5019  0.7757  0.9458
   5/ 33  (  0  0  4 )/  4 SPIN= 1
 -0.6570 -0.3385  0.2834  0.2834  0.2896  0.4628  0.4628  0.4717  0.8143  1.0148
   6/ 33  (  0  0  5 )/  4 SPIN= 1
 -0.6266 -0.3940  0.2907  0.2907  0.2995  0.4342  0.4342  0.4540  0.8670  1.1011
   7/ 33  (  0  0  6 )/  4 SPIN= 1
 -0.6119 -0.4174  0.2942  0.2942  0.3028  0.4233  0.4233  0.4472  0.8956  1.1438
   8/ 33  (  0  1  0 )/  4 SPIN= 1
 -0.6747 -0.2271  0.1921  0.2141  0.2533  0.4077  0.5169  0.5714  0.7078  0.8758
   9/ 33  (  0  1  1 )/  4 SPIN= 1
 -0.6703 -0.2221  0.1334  0.1885  0.2465  0.4451  0.5292  0.6300  0.7078  0.9230
  10/ 33  (  0  1  2 )/  4 SPIN= 1
 -0.6566 -0.2377  0.0867  0.1692  0.2064  0.5155  0.5348  0.6702  0.7413  0.9860
  11/ 33  (  0  1  3 )/  4 SPIN= 1
 -0.6347 -0.2743  0.0502  0.1583  0.1795  0.5234  0.6098  0.6774  0.7591  1.0515
  12/ 33  (  0  1  4 )/  4 SPIN= 1
 -0.6070 -0.3224  0.0194  0.1567  0.1737  0.5421  0.6553  0.6714  0.7568  1.0961
  13/ 33  (  0  1  5 )/  4 SPIN= 1
 -0.5792 -0.3678 -0.0045  0.1647  0.1850  0.5603  0.6175  0.7147  0.7613  1.0601
  14/ 33  (  0  1  6 )/  4 SPIN= 1
 -0.5647 -0.3923 -0.0174  0.1819  0.2085  0.5534  0.5735  0.7428  0.7965  0.9850
  15/ 33  (  0  1 -5 )/  4 SPIN= 1
 -0.5765 -0.3818 -0.0151  0.2069  0.2420  0.5178  0.5286  0.7409  0.8704  0.9169
  16/ 33  (  0  1 -4 )/  4 SPIN= 1
 -0.6041 -0.3486  0.0064  0.2358  0.2847  0.4634  0.4885  0.7117  0.8420  0.9754
  17/ 33  (  0  1 -3 )/  4 SPIN= 1
 -0.6326 -0.3102  0.0493  0.2588  0.3356  0.3983  0.4643  0.6483  0.8018  0.9615
  18/ 33  (  0  1 -2 )/  4 SPIN= 1
 -0.6553 -0.2752  0.1126  0.2610  0.3285  0.3917  0.4720  0.5627  0.7883  0.9104
  19/ 33  (  0  1 -1 )/  4 SPIN= 1
 -0.6696 -0.2466  0.1890  0.2415  0.2587  0.4334  0.4955  0.5131  0.7573  0.8560
  20/ 33  (  0  2  0 )/  4 SPIN= 1
 -0.5298 -0.4260  0.0604  0.1780  0.2002  0.4674  0.5182  0.5237  0.7577  1.1195
  21/ 33  (  0  2  1 )/  4 SPIN= 1
 -0.5309 -0.3971 -0.0076  0.1473  0.1479  0.5114  0.5949  0.6328  0.7067  1.1276
  22/ 33  (  0  2  2 )/  4 SPIN= 1
 -0.5292 -0.3683 -0.0588  0.1040  0.1229  0.4955  0.6683  0.7275  0.7532  1.1386
  23/ 33  (  0  2  3 )/  4 SPIN= 1
 -0.5266 -0.3468 -0.0896  0.0727  0.1076  0.4647  0.7284  0.7868  0.8379  1.1601
  24/ 33  (  0  2  4 )/  4 SPIN= 1
 -0.5253 -0.3388 -0.0995  0.0609  0.1024  0.4524  0.7530  0.8138  0.8720  1.1944
  25/ 33  (  0 -2  1 )/  4 SPIN= 1
 -0.5260 -0.4486  0.1368  0.2082  0.2587  0.3898  0.4198  0.4675  0.8571  1.0971
  26/ 33  (  0  2 -2 )/  4 SPIN= 1
 -0.5235 -0.4578  0.1852  0.2224  0.3101  0.3268  0.3675  0.4444  0.9365  1.0464
  27/ 33  (  1  1  0 )/  4 SPIN= 1
 -0.5691 -0.3632  0.0207  0.2018  0.2161  0.4293  0.4343  0.7095  0.7758  0.9860
  28/ 33  (  1  1  1 )/  4 SPIN= 1
 -0.5653 -0.3658  0.0256  0.1513  0.2335  0.3948  0.5187  0.6932  0.7669  1.0107
  29/ 33  (  1  1  2 )/  4 SPIN= 1
 -0.5542 -0.3729  0.0236  0.1231  0.1752  0.4562  0.6068  0.6561  0.7450  1.0743
  30/ 33  (  1  1  3 )/  4 SPIN= 1
 -0.5372 -0.3823 -0.0057  0.0978  0.1510  0.5505  0.6028  0.6844  0.7323  1.0506
  31/ 33  (  1  1  4 )/  4 SPIN= 1
 -0.5170 -0.3925 -0.0359  0.0308  0.2055  0.5365  0.6521  0.7226  0.7547  0.9733
  32/ 33  (  1  1  5 )/  4 SPIN= 1
 -0.4989 -0.4018 -0.0516 -0.0187  0.2669  0.4734  0.7093  0.7646  0.7813  0.9155
  33/ 33  (  1  1  6 )/  4 SPIN= 1
 -0.4910 -0.4060 -0.0495 -0.0437  0.3027  0.4373  0.7382  0.7455  0.8332  0.8838
 FERMI LEVEL= 0.334383
 ====== EIGENENERGIES HAVE BEEN WRITTEN ON FILE( 6) =====
 ====== EIGENENERGIES HAVE BEEN WRITTEN ON FILE(40) =====




 ----- NO. OF ELECTRONS INSIDE THE MUFFIN-TIN SPHERE ( NEW  ) ---
 ELCOM,ELCO 0.279732E+02 0.279732E+02
 EINM, EIN  0.309392E+02 0.309392E+02
                               IA=  1   M=  0.000,   N= 30.939
                      (TOTAL IN MT-S)   M=  0.000,   N= 61.878
 (VALENCE) MOMENT=  0.000000000000000E+000     CHARGE=   5.93188922565844     
  ===== RHOUT =  2.094126772249149E-002  0.000000000000000E+000
  EKIN=   9219.55924824794     
    
  ===== TOTAL POTENTIAL ====

      VOM(IS)=  -0.147513D+00

 VIM(IA,IS) : UP        DOWN          (POTENTIAL ON THE SPHERE)
 IA=  1 :  V(UP)=  -0.750469D+00   V(DOWN)=
  ===== (IN MT SPHERE) =====     UP       DOWN
 IA=  1   J=   1    R=   0.123410D-03 :   V*R=  -0.659671D+02   0.000000D+00
 IA=  1   J=  51    R=   0.554238D-03 :   V*R=  -0.658509D+02   0.000000D+00
 IA=  1   J= 101    R=   0.248910D-02 :   V*R=  -0.653216D+02   0.000000D+00
 IA=  1   J= 151    R=   0.111787D-01 :   V*R=  -0.629337D+02   0.000000D+00
 IA=  1   J= 201    R=   0.502038D-01 :   V*R=  -0.539420D+02   0.000000D+00
 IA=  1   J= 251    R=   0.225467D+00 :   V*R=  -0.319298D+02   0.000000D+00
 IA=  1   J= 301    R=   0.101258D+01 :   V*R=  -0.684133D+01   0.000000D+00
  ECLM=  -17927.7635688497         EEXC=  -325.679145815850     
             TOTAL ENERGY =  -9033.88346641765     
 (VALENCE IN MT) MOMENT=      0.00000000  CHARGE=      5.93188923
                               IA=  1   M=  2.9659   N=  2.9659
   CONVERGENCE TEST FOR ITER = 5 ==== R.M.S. OF POTENTIAL DEFFERENCE ====
 IA=  1 (As)  IS= 1 : 0.73296D-03
      MAX DIFF OF V*R = 0.46663D-02  AT R(299)= 0.954D+00 WHERE VR=-0.744D+01
 ----------  POTENTIALS HAVE BEEN READ  FROM FILE(36).  ----------
 ----------  POTENTIALS HAVE BEEN READ  FROM FILE(37).  ----------
 ----------  POTENTIALS HAVE BEEN WRITTEN ON FILE(36).  ------
 ----------  POTENTIALS HAVE BEEN WRITTEN ON FILE(37).  ------
  MIXING PARAMETER 1 =  0.749643298511929       (RELAXATION ALGORITHM)
  MIXING PARAMETER 1 =  0.200010000000000       (RESET)
 ----------  POTENTIALS HAVE BEEN WRITTEN ON FILE(35).  ------


 ===== CHARGE DENSITY =====
 AT NUCLEUS                    ON MUFFIN-TIN SPHERE
 CORE           TOTAL          CORE           TOTAL
     0.34310D+05    0.34358D+05    0.15287D-02    0.42385D-01


 ===== SPIN DENSITY =====
 AT NUCLEUS                    ON MUFFIN-TIN SPHERE
 CORE           TOTAL          CORE           TOTAL
     0.00000D+00    0.00000D+00    0.00000D+00    0.00000D+00
  === SUCCESSFULLY ENDE (TAPWLM) ===
