 WE USE THE DATA ON FILE( 1):  Paramagnetic arsenic R\=3m #166                 
 IL= -1   NGEN=  3   INV=  0   IDU=  0
 JA=    3 WITH (    0/  1,    0/  1,    0/  1)
 JA=   10 WITH (    0/  1,    0/  1,    0/  1)
 JA=   13 WITH (    0/  1,    0/  1,    0/  1)
  A, B, C=    7.10347999106817    7.10347999106817   19.73100699195026
 CA,CB,CC=    0.00000000000000    0.00000000000000   -0.50000000000000
 NAT,NKAT,(KION(I),I=1,NKAT)    2    1    2
 I, (RATOM(J,I),J=1,3)    1   0.0000000   0.0000000   0.2276400
 I, (RATOM(J,I),J=1,3)    2   0.0000000   0.0000000   0.7723600
   1  1           3           3           6           6           3

         0.66937909  0.82346157  1.00000000  1.09114413  1.20335712
 TMAD(I,J),I= 1:        3.8006677
 VP,AS=      0.8018395      1.1547005
  ====== ELECTRON NUMBER ====
 TOTAL=     66.00000000  VALENCE=      0.00000000
  ===========================
 IKAT= 1  Z,MASS,RADIUS=  33.00000000  74.07041853   0.00008735
  ----- WELCOME TO TSPACE V2.1 1990/10/04 -----
 LATTICE CONSTANTS ARE SET AS
  A=  7.10348  B=  7.10348  C= 19.73101
 CA=  0.00000 CB=  0.00000 CC= -0.50000
 --- LATTICE PARAMETERS IN REAL SPACE ---------
  A, B, C=    7.1034799911    7.1034799911   19.7310069920
 CA,CB,CC=    0.0000000000    0.0000000000   -0.5000000000
 --- LATTICE PARAMETERS IN RECIPROCAL SPACE ---
  A, B, C=    1.0213581887    1.0213581887    0.3184422016
 CA,CB,CC=    0.0000000000    0.0000000000    0.5000000000
 ----------------------------------------------
 

 GROUP ELEMENTS
  1   1   E     X  Y  Z  0/1  0/1  0/1
  2   3   C3+  -Y  W  Z  0/1  0/1  0/1
  3   5   C3-  -W -X  Z  0/1  0/1  0/1
  4  10   C212  W -Y -Z  0/1  0/1  0/1
  5  11   C222 -X -W -Z  0/1  0/1  0/1
  6  12   C232  Y  X -Z  0/1  0/1  0/1
  7  13  IE    -X -Y -Z  0/1  0/1  0/1
  8  15  IC3+   Y -W -Z  0/1  0/1  0/1
  9  17  IC3-   W  X -Z  0/1  0/1  0/1
 10  22  IC212 -W  Y  Z  0/1  0/1  0/1
 11  23  IC222  X  W  Z  0/1  0/1  0/1
 12  24  IC232 -Y -X  Z  0/1  0/1  0/1
 
 TABLE OF THE TRANSLATION OF ATOMIC POSITION
  1  1  1  2
  2  3  1  2
  3  5  1  2
  4 10  2  1
  5 11  2  1
  6 12  2  1
  7 13  2  1
  8 15  2  1
  9 17  2  1
 10 22  1  2
 11 23  1  2
 12 24  1  2
 IK=          15    IE=           4
 IK=          47    IE=           9
 IK=          71    IE=          13
 IK=         145    IE=          22
 IK=         211    IE=          29
 IK=         327    IE=          41
 (    0    0    0 )  (    1 )      0.00000D+00
 (    0    0   -3 )  (    3 )      0.93535D+00
 (   -1    1    1 )  (    9 )      0.10475D+01
 (   -1    1   -2 )  (   15 )      0.11785D+01
 (   -1    1    4 )  (   21 )      0.15985D+01
 (   -2    1    0 )  (   27 )      0.17321D+01
 (   -1    1   -5 )  (   33 )      0.18521D+01
 (    0    0   -6 )  (   35 )      0.18707D+01
 (   -2    1   -3 )  (   47 )      0.19685D+01
 (   -2    2   -1 )  (   53 )      0.20242D+01
 (   -2    2    2 )  (   59 )      0.20950D+01
 (   -2    2   -4 )  (   65 )      0.23570D+01
 (   -1    1    7 )  (   71 )      0.24007D+01
 (   -2    2    5 )  (   77 )      0.25358D+01
 (   -2    1   -6 )  (   89 )      0.25494D+01
 (   -3    2    1 )  (  101 )      0.26641D+01
 (   -1    1   -8 )  (  107 )      0.26873D+01
 (   -3    2   -2 )  (  119 )      0.27182D+01
 (    0    0   -9 )  (  121 )      0.28060D+01
 (   -3    2    4 )  (  133 )      0.29250D+01
 (   -2    2   -7 )  (  139 )      0.29603D+01
 (   -3    3    0 )  (  145 )      0.30000D+01
 (   -3    2   -5 )  (  157 )      0.30709D+01
 (   -3    3   -3 )  (  169 )      0.31424D+01
 (   -2    2    8 )  (  175 )      0.31971D+01
 (   -1    1   10 )  (  181 )      0.32743D+01
 (   -2    1   -9 )  (  193 )      0.32976D+01
 (   -3    2    7 )  (  205 )      0.34298D+01
 (   -4    2    0 )  (  211 )      0.34641D+01
 (   -3    3   -6 )  (  223 )      0.35355D+01
 (   -1    1  -11 )  (  229 )      0.35724D+01
 (   -4    2   -3 )  (  241 )      0.35882D+01
 (   -3    4   -1 )  (  253 )      0.36190D+01
 (   -3    2   -8 )  (  265 )      0.36361D+01
 (   -4    3    2 )  (  277 )      0.36591D+01
 (   -2    2  -10 )  (  283 )      0.37042D+01
 (    0    0  -12 )  (  285 )      0.37414D+01
 (   -4    3   -4 )  (  297 )      0.38151D+01
 (   -4    3    5 )  (  309 )      0.39281D+01
 (   -4    2   -6 )  (  321 )      0.39369D+01
 (   -2    2   11 )  (  327 )      0.39702D+01
1
      
 TAPW                 
      
      
 NON-MAGNETIC         
 WITH SPIN-ORBIT      
      
      
  RADIUS OF MT =  0.311300000000000     
  ==== RADIUS OF MT (A.U.) ====
 KIND OF ATOM =  1    S=  2.21131
  =============================
 AMX=  4.1760   LMAX= 7  NNEIG(INITIAL)=  10
 LEVEL   = 1
 IXNAME  =GL  
 ITERDATA= 0
           1         327   2.21131332121952       0.793586602020590     
  -9.00000000000000       6.000000000000000E-002
 ATOM=  1,    R(1)=  0.00012341   R(327)=  2.21131332   SATOM=  2.21131332
      ALATT           WUNIT           VCELL           VOUT
       7.10347999      1.02135819    287.40938834    196.82164280


      RAPW(P)        VIN(P)         CR(P)        ANA(P)  KAT(1,P)  KAT(2,P)
      2.21131332    45.29387277     0.15759357     2.0    1         2

 FA(P1,P2)                                                  FO(P1)
   P1        P2=1,NKAT
    1        0.02311
+                                                           1.21652
  NKP1=          33
  NKP1=          33  NKP0=        2197
 === K POINTS === (NX,NY,NZ)=(  4  4  4) ===== NKP1=   33   NKP2=  192
 (  0  0  0)/  4( 1) (  0  0  1)/  4( 2) (  0  0  2)/  4( 2) (  0  0  3)/  4( 2)
 (  0  0  4)/  4( 2) (  0  0  5)/  4( 2) (  0  0  6)/  4( 1) (  0  1  0)/  4( 6)
 (  0  1  1)/  4( 6) (  0  1  2)/  4( 6) (  0  1  3)/  4( 6) (  0  1  4)/  4( 6)
 (  0  1  5)/  4( 6) (  0  1  6)/  4( 6) (  0  1 -5)/  4( 6) (  0  1 -4)/  4( 6)
 (  0  1 -3)/  4( 6) (  0  1 -2)/  4( 6) (  0  1 -1)/  4( 6) (  0  2  0)/  4( 6)
 (  0  2  1)/  4( 6) (  0  2  2)/  4( 6) (  0  2  3)/  4( 6) (  0  2  4)/  4( 3)
 (  0 -2  1)/  4( 6) (  0  2 -2)/  4( 3) (  1  1  0)/  4( 6) (  1  1  1)/  4(12)
 (  1  1  2)/  4(12) (  1  1  3)/  4(12) (  1  1  4)/  4(12) (  1  1  5)/  4(12)
 (  1  1  6)/  4( 6) (
 ----------  POTENTIALS HAVE BEEN READ  FROM FILE(35).  ----------
0 ========== ITER=  1 ===========================




 ===== CORE STATE CALCULATION =====
 IA=           1    RMAX=R(         347 )=   4.03263551391383     
  ===== EIGENENERGY OF CORE STATE (RYD.) =====
 100         -859.279379
 200         -108.611714
 210          -95.280454
 300          -13.451241
 310           -9.328440
 320           -2.525090
 400           -0.497810
 410           -0.065298
 IND0= 9 IND1= 0    L= 0   IA= 1  ISP= 1
  0.200  0.300  0.400  0.500  0.600  0.700  0.800  0.900  1.000  1.100  1.200
 -0.193 -0.169 -0.145 -0.121 -0.096 -0.072 -0.047 -0.021  0.004  0.029  0.054
  0.613  0.644  0.673  0.702  0.728  0.753  0.776  0.797  0.816  0.833  0.848
 IND0=11 IND1= 0    L= 1   IA= 1  ISP= 1
  1.400  1.500  1.600  1.700  1.800  1.900  2.000  2.100  2.200  2.300  2.400
  0.217  0.196  0.174  0.153  0.131  0.109  0.086  0.064  0.041  0.019 -0.004
 -0.683 -0.712 -0.739 -0.765 -0.789 -0.812 -0.834 -0.853 -0.871 -0.888 -0.902
 IND0= 0 IND1= 8    L= 2   IA= 1  ISP= 1
  0.400  0.500  0.600  0.700  0.800  0.900  1.000  1.100  1.200  1.300  1.400
 -0.653 -0.644 -0.635 -0.626 -0.617 -0.607 -0.598 -0.587 -0.577 -0.566 -0.555
 -0.235 -0.201 -0.166 -0.132 -0.097 -0.063 -0.028  0.007  0.041  0.076  0.111
 IND0= 0 IND1= 0    L= 3   IA= 1  ISP= 1
  0.000  0.100  0.200  0.300  0.400  0.500  0.600  0.700  0.800  0.900  1.000
  0.817  0.811  0.805  0.798  0.792  0.785  0.778  0.771  0.764  0.757  0.749
  0.841  0.810  0.778  0.747  0.715  0.683  0.651  0.619  0.587  0.555  0.523
 IND0= 0 IND1= 0    L= 4   IA= 1  ISP= 1
  0.000  0.100  0.200  0.300  0.400  0.500  0.600  0.700  0.800  0.900  1.000
  0.951  0.947  0.943  0.939  0.935  0.930  0.926  0.922  0.918  0.913  0.909
  1.508  1.480  1.452  1.424  1.396  1.368  1.340  1.312  1.284  1.256  1.227
 IND0= 0 IND1= 0    L= 5   IA= 1  ISP= 1
  0.000  0.100  0.200  0.300  0.400  0.500  0.600  0.700  0.800  0.900  1.000
  1.053  1.051  1.048  1.044  1.041  1.038  1.035  1.032  1.029  1.026  1.023
  2.201  2.176  2.150  2.125  2.099  2.074  2.048  2.022  1.997  1.971  1.945
 IND0= 0 IND1= 0    L= 6   IA= 1  ISP= 1
  0.000  0.100  0.200  0.300  0.400  0.500  0.600  0.700  0.800  0.900  1.000
  1.141  1.139  1.137  1.134  1.132  1.130  1.127  1.125  1.122  1.120  1.117
  2.937  2.914  2.890  2.866  2.843  2.819  2.795  2.771  2.747  2.723  2.699
 IND0= 0 IND1= 0    L= 7   IA= 1  ISP= 1
  0.000  0.100  0.200  0.300  0.400  0.500  0.600  0.700  0.800  0.900  1.000
  1.220  1.218  1.216  1.214  1.212  1.210  1.208  1.206  1.205  1.203  1.201
  3.717  3.695  3.673  3.651  3.628  3.606  3.584  3.561  3.539  3.516  3.494
 <<< CPU =     0.001(SEC.) FOR SUB.TSRWF  >>>.   TOTAL CPU =     0.043(SEC.).  
   
   RADIAL INTEGRAL OF SPIN-ORBIT HAMILTONIAN 
   
 ===    1/ 33 ===== (  0  0  0)/  4 ==========
  NO. OF PLANE WAVES =         381
 <<< CPU =     0.012(SEC.) FOR SUB.SOHMTX >>>.   TOTAL CPU =     0.159(SEC.).  
 ===    2/ 33 ===== (  0  0  1)/  4 ==========
  NO. OF PLANE WAVES =         381
 <<< CPU =     0.010(SEC.) FOR SUB.SOHMTX >>>.   TOTAL CPU =     0.258(SEC.).  
 ===    3/ 33 ===== (  0  0  2)/  4 ==========
  NO. OF PLANE WAVES =         369
 <<< CPU =     0.010(SEC.) FOR SUB.SOHMTX >>>.   TOTAL CPU =     0.350(SEC.).  
 ===    4/ 33 ===== (  0  0  3)/  4 ==========
  NO. OF PLANE WAVES =         375
 <<< CPU =     0.011(SEC.) FOR SUB.SOHMTX >>>.   TOTAL CPU =     0.445(SEC.).  
 ===    5/ 33 ===== (  0  0  4)/  4 ==========
  NO. OF PLANE WAVES =         375
 <<< CPU =     0.010(SEC.) FOR SUB.SOHMTX >>>.   TOTAL CPU =     0.540(SEC.).  
 ===    6/ 33 ===== (  0  0  5)/  4 ==========
  NO. OF PLANE WAVES =         387
 <<< CPU =     0.010(SEC.) FOR SUB.SOHMTX >>>.   TOTAL CPU =     0.641(SEC.).  
 ===    7/ 33 ===== (  0  0  6)/  4 ==========
  NO. OF PLANE WAVES =         380
 <<< CPU =     0.012(SEC.) FOR SUB.SOHMTX >>>.   TOTAL CPU =     0.750(SEC.).  
 ===    8/ 33 ===== (  0  1  0)/  4 ==========
  NO. OF PLANE WAVES =         374
 <<< CPU =     0.010(SEC.) FOR SUB.SOHMTX >>>.   TOTAL CPU =     0.877(SEC.).  
 ===    9/ 33 ===== (  0  1  1)/  4 ==========
  NO. OF PLANE WAVES =         378
 <<< CPU =     0.009(SEC.) FOR SUB.SOHMTX >>>.   TOTAL CPU =     1.007(SEC.).  
 ===   10/ 33 ===== (  0  1  2)/  4 ==========
  NO. OF PLANE WAVES =         378
 <<< CPU =     0.010(SEC.) FOR SUB.SOHMTX >>>.   TOTAL CPU =     1.139(SEC.).  
 ===   11/ 33 ===== (  0  1  3)/  4 ==========
  NO. OF PLANE WAVES =         375
 <<< CPU =     0.009(SEC.) FOR SUB.SOHMTX >>>.   TOTAL CPU =     1.267(SEC.).  
 ===   12/ 33 ===== (  0  1  4)/  4 ==========
  NO. OF PLANE WAVES =         375
 <<< CPU =     0.010(SEC.) FOR SUB.SOHMTX >>>.   TOTAL CPU =     1.396(SEC.).  
 ===   13/ 33 ===== (  0  1  5)/  4 ==========
  NO. OF PLANE WAVES =         375
 <<< CPU =     0.010(SEC.) FOR SUB.SOHMTX >>>.   TOTAL CPU =     1.524(SEC.).  
 ===   14/ 33 ===== (  0  1  6)/  4 ==========
  NO. OF PLANE WAVES =         373
 <<< CPU =     0.009(SEC.) FOR SUB.SOHMTX >>>.   TOTAL CPU =     1.650(SEC.).  
 ===   15/ 33 ===== (  0  1 -5)/  4 ==========
  NO. OF PLANE WAVES =         374
 <<< CPU =     0.010(SEC.) FOR SUB.SOHMTX >>>.   TOTAL CPU =     1.777(SEC.).  
 ===   16/ 33 ===== (  0  1 -4)/  4 ==========
  NO. OF PLANE WAVES =         371
 <<< CPU =     0.009(SEC.) FOR SUB.SOHMTX >>>.   TOTAL CPU =     1.903(SEC.).  
 ===   17/ 33 ===== (  0  1 -3)/  4 ==========
  NO. OF PLANE WAVES =         376
 <<< CPU =     0.010(SEC.) FOR SUB.SOHMTX >>>.   TOTAL CPU =     2.032(SEC.).  
 ===   18/ 33 ===== (  0  1 -2)/  4 ==========
  NO. OF PLANE WAVES =         373
 <<< CPU =     0.010(SEC.) FOR SUB.SOHMTX >>>.   TOTAL CPU =     2.163(SEC.).  
 ===   19/ 33 ===== (  0  1 -1)/  4 ==========
  NO. OF PLANE WAVES =         380
 <<< CPU =     0.010(SEC.) FOR SUB.SOHMTX >>>.   TOTAL CPU =     2.299(SEC.).  
 ===   20/ 33 ===== (  0  2  0)/  4 ==========
  NO. OF PLANE WAVES =         384
 <<< CPU =     0.010(SEC.) FOR SUB.SOHMTX >>>.   TOTAL CPU =     2.434(SEC.).  
 ===   21/ 33 ===== (  0  2  1)/  4 ==========
  NO. OF PLANE WAVES =         376
 <<< CPU =     0.010(SEC.) FOR SUB.SOHMTX >>>.   TOTAL CPU =     2.563(SEC.).  
 ===   22/ 33 ===== (  0  2  2)/  4 ==========
  NO. OF PLANE WAVES =         379
 <<< CPU =     0.010(SEC.) FOR SUB.SOHMTX >>>.   TOTAL CPU =     2.695(SEC.).  
 ===   23/ 33 ===== (  0  2  3)/  4 ==========
  NO. OF PLANE WAVES =         378
 <<< CPU =     0.010(SEC.) FOR SUB.SOHMTX >>>.   TOTAL CPU =     2.826(SEC.).  
 ===   24/ 33 ===== (  0  2  4)/  4 ==========
  NO. OF PLANE WAVES =         372
 <<< CPU =     0.010(SEC.) FOR SUB.SOHMTX >>>.   TOTAL CPU =     2.929(SEC.).  
 ===   25/ 33 ===== (  0 -2  1)/  4 ==========
  NO. OF PLANE WAVES =         376
 <<< CPU =     0.010(SEC.) FOR SUB.SOHMTX >>>.   TOTAL CPU =     3.058(SEC.).  
 ===   26/ 33 ===== (  0  2 -2)/  4 ==========
  NO. OF PLANE WAVES =         374
 <<< CPU =     0.010(SEC.) FOR SUB.SOHMTX >>>.   TOTAL CPU =     3.163(SEC.).  
 ===   27/ 33 ===== (  1  1  0)/  4 ==========
  NO. OF PLANE WAVES =         377
 <<< CPU =     0.009(SEC.) FOR SUB.SOHMTX >>>.   TOTAL CPU =     3.290(SEC.).  
 ===   28/ 33 ===== (  1  1  1)/  4 ==========
  NO. OF PLANE WAVES =         373
 <<< CPU =     0.010(SEC.) FOR SUB.SOHMTX >>>.   TOTAL CPU =     3.510(SEC.).  
 ===   29/ 33 ===== (  1  1  2)/  4 ==========
  NO. OF PLANE WAVES =         376
 <<< CPU =     0.010(SEC.) FOR SUB.SOHMTX >>>.   TOTAL CPU =     3.736(SEC.).  
 ===   30/ 33 ===== (  1  1  3)/  4 ==========
  NO. OF PLANE WAVES =         375
 <<< CPU =     0.010(SEC.) FOR SUB.SOHMTX >>>.   TOTAL CPU =     3.960(SEC.).  
 ===   31/ 33 ===== (  1  1  4)/  4 ==========
  NO. OF PLANE WAVES =         377
 <<< CPU =     0.010(SEC.) FOR SUB.SOHMTX >>>.   TOTAL CPU =     4.185(SEC.).  
 ===   32/ 33 ===== (  1  1  5)/  4 ==========
  NO. OF PLANE WAVES =         379
 <<< CPU =     0.011(SEC.) FOR SUB.SOHMTX >>>.   TOTAL CPU =     4.414(SEC.).  
 ===   33/ 33 ===== (  1  1  6)/  4 ==========
  NO. OF PLANE WAVES =         378
 <<< CPU =     0.010(SEC.) FOR SUB.SOHMTX >>>.   TOTAL CPU =     4.542(SEC.).  
 TIME TO GET EIGENSTATES.     4.499     4.542
  EMAX=   1.22643859497289         EMIN= -0.720931074122527     
     FERMI-EN= -0.72092365  DOS=     0.00000  INT.DOS=   0.0000000000
  === DOS OF EACH BAND ===
 SPIN= 1    1    0.000    2    0.000    3    0.000    4    0.000    5    0.000
            6    0.000    7    0.000    8    0.000    9    0.000   10    0.000
           11    0.000   12    0.000   13    0.000   14    0.000   15    0.000
           16    0.000   17    0.000   18    0.000   19    0.000   20    0.000
  === OCCUPATION OF EACH BAND ===
 SPIN= 1    1  0.00000    2  0.00000    3  0.00000    4  0.00000    5  0.00000
            6  0.00000    7  0.00000    8  0.00000    9  0.00000   10  0.00000
           11  0.00000   12  0.00000   13  0.00000   14  0.00000   15  0.00000
           16  0.00000   17  0.00000   18  0.00000   19  0.00000   20  0.00000
   NX=  4  NY=  4  NZ=  4
 NEIG= 20NKP1= 33 NSP=  1
   1/ 33  (  0  0  0 )/  4 SPIN= 1
 -0.7209 -0.7209 -0.1595 -0.1595  0.2236  0.2236  0.2795  0.2795  0.2962  0.2962
  0.5349  0.5349  0.5904  0.5904  0.6094  0.6094  0.8959  0.8959  0.9235  0.9235
   2/ 33  (  0  0  1 )/  4 SPIN= 1
 -0.7162 -0.7162 -0.1777 -0.1777  0.2333  0.2333  0.2807  0.2807  0.2970  0.2970
  0.5297  0.5297  0.5789  0.5789  0.5969  0.5969  0.8619  0.8619  0.9323  0.9323
   3/ 33  (  0  0  2 )/  4 SPIN= 1
 -0.7022 -0.7022 -0.2239 -0.2239  0.2537  0.2537  0.2848  0.2848  0.2996  0.2996
  0.5150  0.5150  0.5502  0.5502  0.5657  0.5657  0.8350  0.8350  0.9603  0.9603
   4/ 33  (  0  0  3 )/  4 SPIN= 1
 -0.6802 -0.6802 -0.2829 -0.2829  0.2724  0.2724  0.2923  0.2923  0.3043  0.3043
  0.4930  0.4930  0.5155  0.5155  0.5272  0.5272  0.8390  0.8390  1.0084  1.0084
   5/ 33  (  0  0  4 )/  4 SPIN= 1
 -0.6526 -0.6526 -0.3422 -0.3422  0.2856  0.2856  0.3013  0.3013  0.3110  0.3110
  0.4675  0.4675  0.4852  0.4852  0.4911  0.4911  0.8714  0.8714  1.0751  1.0751
   6/ 33  (  0  0  5 )/  4 SPIN= 1
 -0.6259 -0.6259 -0.3899 -0.3899  0.2955  0.2955  0.3071  0.3071  0.3176  0.3176
  0.4461  0.4461  0.4646  0.4646  0.4647  0.4647  0.9162  0.9162  1.1584  1.1584
   7/ 33  (  0  0  6 )/  4 SPIN= 1
 -0.6135 -0.6135 -0.4094 -0.4094  0.3004  0.3004  0.3086  0.3086  0.3209  0.3209
  0.4378  0.4378  0.4548  0.4548  0.4572  0.4572  0.9405  0.9405  1.1821  1.1821
   8/ 33  (  0  1  0 )/  4 SPIN= 1
 -0.6671 -0.6671 -0.2577 -0.2577  0.2153  0.2153  0.2406  0.2406  0.2762  0.2762
  0.4332  0.4332  0.5333  0.5333  0.5847  0.5847  0.7722  0.7722  0.9273  0.9273
   9/ 33  (  0  1  1 )/  4 SPIN= 1
 -0.6633 -0.6633 -0.2554 -0.2554  0.1662  0.1662  0.2162  0.2162  0.2718  0.2718
  0.4623  0.4623  0.5576  0.5576  0.6347  0.6347  0.7564  0.7564  0.9738  0.9738
  10/ 33  (  0  1  2 )/  4 SPIN= 1
 -0.6509 -0.6509 -0.2695 -0.2695  0.1238  0.1238  0.1982  0.1982  0.2374  0.2374
  0.5323  0.5323  0.5618  0.5618  0.6675  0.6675  0.7733  0.7733  1.0342  1.0342
  11/ 33  (  0  1  3 )/  4 SPIN= 1
 -0.6310 -0.6310 -0.2994 -0.2994  0.0886  0.0886  0.1876  0.1876  0.2132  0.2132
  0.5636  0.5636  0.6038  0.6038  0.6730  0.6730  0.7866  0.7866  1.0902  1.0902
  12/ 33  (  0  1  4 )/  4 SPIN= 1
 -0.6064 -0.6064 -0.3385 -0.3385  0.0591  0.0591  0.1856  0.1856  0.2069  0.2069
  0.5708  0.5708  0.6537  0.6537  0.6628  0.6628  0.7897  0.7897  1.1344  1.1344
  13/ 33  (  0  1  5 )/  4 SPIN= 1
 -0.5823 -0.5823 -0.3758 -0.3758  0.0373  0.0373  0.1932  0.1932  0.2156  0.2156
  0.5705  0.5705  0.6208  0.6208  0.7075  0.7075  0.8053  0.8053  1.1050  1.1050
  14/ 33  (  0  1  6 )/  4 SPIN= 1
 -0.5700 -0.5700 -0.3964 -0.3964  0.0271  0.0271  0.2096  0.2096  0.2363  0.2363
  0.5504  0.5504  0.5821  0.5821  0.7329  0.7329  0.8527  0.8527  1.0328  1.0328
  15/ 33  (  0  1 -5 )/  4 SPIN= 1
 -0.5793 -0.5793 -0.3889 -0.3889  0.0315  0.0315  0.2327  0.2327  0.2673  0.2673
  0.5125  0.5125  0.5413  0.5413  0.7338  0.7338  0.9237  0.9237  0.9685  0.9685
  16/ 33  (  0  1 -4 )/  4 SPIN= 1
 -0.6029 -0.6029 -0.3616 -0.3616  0.0534  0.0534  0.2585  0.2585  0.3075  0.3075
  0.4627  0.4627  0.5045  0.5045  0.7084  0.7084  0.8933  0.8933  1.0280  1.0280
  17/ 33  (  0  1 -3 )/  4 SPIN= 1
 -0.6282 -0.6282 -0.3286 -0.3286  0.0936  0.0936  0.2780  0.2780  0.3553  0.3553
  0.4041  0.4041  0.4842  0.4842  0.6530  0.6530  0.8549  0.8549  1.0242  1.0242
  18/ 33  (  0  1 -2 )/  4 SPIN= 1
 -0.6489 -0.6489 -0.2979 -0.2979  0.1508  0.1508  0.2786  0.2786  0.3418  0.3418
  0.4079  0.4079  0.4934  0.4934  0.5784  0.5784  0.8405  0.8405  0.9750  0.9750
  19/ 33  (  0  1 -1 )/  4 SPIN= 1
 -0.6623 -0.6623 -0.2732 -0.2732  0.2169  0.2169  0.2602  0.2602  0.2819  0.2819
  0.4489  0.4489  0.5145  0.5145  0.5343  0.5343  0.8190  0.8190  0.9130  0.9130
  20/ 33  (  0  2  0 )/  4 SPIN= 1
 -0.5338 -0.5338 -0.4323 -0.4323  0.1005  0.1005  0.2038  0.2038  0.2275  0.2275
  0.4796  0.4796  0.5373  0.5373  0.5430  0.5430  0.8214  0.8214  1.1438  1.1438
  21/ 33  (  0  2  1 )/  4 SPIN= 1
 -0.5361 -0.5361 -0.4083 -0.4083  0.0386  0.0386  0.1708  0.1708  0.1853  0.1853
  0.5306  0.5306  0.6054  0.6054  0.6433  0.6433  0.7613  0.7613  1.1530  1.1530
  22/ 33  (  0  2  2 )/  4 SPIN= 1
 -0.5364 -0.5364 -0.3848 -0.3848 -0.0089 -0.0089  0.1365  0.1365  0.1591  0.1591
  0.5378  0.5378  0.6687  0.6687  0.7425  0.7425  0.7646  0.7646  1.1671  1.1671
  23/ 33  (  0  2  3 )/  4 SPIN= 1
 -0.5356 -0.5356 -0.3675 -0.3675 -0.0380 -0.0380  0.1117  0.1117  0.1442  0.1442
  0.5199  0.5199  0.7186  0.7186  0.7998  0.7998  0.8200  0.8200  1.1927  1.1927
  24/ 33  (  0  2  4 )/  4 SPIN= 1
 -0.5351 -0.5351 -0.3611 -0.3611 -0.0477 -0.0477  0.1027  0.1027  0.1393  0.1393
  0.5109  0.5109  0.7384  0.7384  0.8200  0.8200  0.8481  0.8481  1.2264  1.2264
  25/ 33  (  0 -2  1 )/  4 SPIN= 1
 -0.5298 -0.5298 -0.4511 -0.4511  0.1694  0.1694  0.2315  0.2315  0.2808  0.2808
  0.4090  0.4090  0.4462  0.4462  0.4921  0.4921  0.9163  0.9163  1.1269  1.1269
  26/ 33  (  0  2 -2 )/  4 SPIN= 1
 -0.5275 -0.5275 -0.4587 -0.4587  0.2105  0.2105  0.2439  0.2439  0.3296  0.3296
  0.3500  0.3500  0.4006  0.4006  0.4717  0.4717  0.9886  0.9886  1.0916  1.0916
  27/ 33  (  1  1  0 )/  4 SPIN= 1
 -0.5679 -0.5679 -0.3815 -0.3815  0.0663  0.0663  0.2275  0.2275  0.2443  0.2443
  0.4471  0.4471  0.4596  0.4596  0.7051  0.7051  0.8305  0.8305  1.0425  1.0425
  28/ 33  (  1  1  1 )/  4 SPIN= 1
 -0.5646 -0.5646 -0.3836 -0.3836  0.0700  0.0700  0.1853  0.1853  0.2553  0.2553
  0.4248  0.4248  0.5291  0.5291  0.6914  0.6914  0.8193  0.8193  1.0689  1.0689
  29/ 33  (  1  1  2 )/  4 SPIN= 1
 -0.5552 -0.5552 -0.3896 -0.3896  0.0662  0.0662  0.1601  0.1601  0.2058  0.2058
  0.4798  0.4798  0.6074  0.6074  0.6576  0.6576  0.7973  0.7973  1.1192  1.1192
  30/ 33  (  1  1  3 )/  4 SPIN= 1
 -0.5408 -0.5408 -0.3981 -0.3981  0.0395  0.0395  0.1353  0.1353  0.1864  0.1864
  0.5621  0.5621  0.6070  0.6070  0.6840  0.6840  0.7834  0.7834  1.0951  1.0951
  31/ 33  (  1  1  4 )/  4 SPIN= 1
 -0.5240 -0.5240 -0.4077 -0.4077  0.0130  0.0130  0.0760  0.0760  0.2336  0.2336
  0.5418  0.5418  0.6581  0.6581  0.7368  0.7368  0.7889  0.7889  1.0219  1.0219
  32/ 33  (  1  1  5 )/  4 SPIN= 1
 -0.5093 -0.5093 -0.4164 -0.4164  0.0001  0.0001  0.0315  0.0315  0.2869  0.2869
  0.4857  0.4857  0.7209  0.7209  0.7646  0.7646  0.8216  0.8216  0.9535  0.9535
  33/ 33  (  1  1  6 )/  4 SPIN= 1
 -0.5030 -0.5030 -0.4203 -0.4203  0.0031  0.0031  0.0083  0.0083  0.3168  0.3168
  0.4550  0.4550  0.7501  0.7501  0.7607  0.7607  0.8611  0.8611  0.9120  0.9120
 FERMI LEVEL=-0.720924
 ====== EIGENENERGIES HAVE BEEN WRITTEN ON FILE( 6) =====
 ====== EIGENENERGIES HAVE BEEN WRITTEN ON FILE(40) =====




 ----- NO. OF ELECTRONS INSIDE THE MUFFIN-TIN SPHERE ( NEW  ) ---
 ELCOM,ELCO 0.304220E+02 0.304220E+02
 EINM, EIN  0.304220E+02 0.304220E+02
                               IA=  1   M=  0.000,   N= 30.422
                      (TOTAL IN MT-S)   M=  0.000,   N= 60.844
 (VALENCE) MOMENT=  0.000000000000000E+000     CHARGE=  2.557953848736361E-013
  ===== RHOUT =  2.619623878415071E-002  0.000000000000000E+000
  EKIN=   9214.18119437952     
    
  ===== TOTAL POTENTIAL ====

      VOM(IS)=  -0.644255D-01

 VIM(IA,IS) : UP        DOWN          (POTENTIAL ON THE SPHERE)
 IA=  1 :  V(UP)=  -0.678423D+00   V(DOWN)=
  ===== (IN MT SPHERE) =====     UP       DOWN
 IA=  1   J=   1    R=   0.123410D-03 :   V*R=  -0.659671D+02   0.000000D+00
 IA=  1   J=  51    R=   0.554238D-03 :   V*R=  -0.658510D+02   0.000000D+00
 IA=  1   J= 101    R=   0.248910D-02 :   V*R=  -0.653221D+02   0.000000D+00
 IA=  1   J= 151    R=   0.111787D-01 :   V*R=  -0.629357D+02   0.000000D+00
 IA=  1   J= 201    R=   0.502038D-01 :   V*R=  -0.539510D+02   0.000000D+00
 IA=  1   J= 251    R=   0.225467D+00 :   V*R=  -0.319648D+02   0.000000D+00
 IA=  1   J= 301    R=   0.101258D+01 :   V*R=  -0.698886D+01   0.000000D+00
  ECLM=  -17924.3389093720         EEXC=  -325.246268609105     
             TOTAL ENERGY =  -9035.40398360154     
 (VALENCE IN MT) MOMENT=      0.00000000  CHARGE=      0.00000000
                               IA=  1   M=  0.0000   N=  0.0000
   CONVERGENCE TEST FOR ITER = 1 ==== R.M.S. OF POTENTIAL DEFFERENCE ====
 IA=  1 (As)  IS= 1 : 0.25542D-02
      MAX DIFF OF V*R = 0.16970D-01  AT R(301)= 0.101D+01 WHERE VR=-0.699D+01
 ----------  POTENTIALS HAVE BEEN WRITTEN ON FILE(36).  ------
 ----------  POTENTIALS HAVE BEEN WRITTEN ON FILE(37).  ------
 AMIXCH=  0.100          AMIXMO=  0.100
 ----------  POTENTIALS HAVE BEEN WRITTEN ON FILE(35).  ------
0 ========== ITER=  2 ===========================




 ===== CORE STATE CALCULATION =====
 IA=           1    RMAX=R(         347 )=   4.03263551391383     
  ===== EIGENENERGY OF CORE STATE (RYD.) =====
 100         -859.275831
 200         -108.608561
 210          -95.277242
 300          -13.448867
 310           -9.326097
 320           -2.522849
 400           -0.497592
 410           -0.061516
 IND0= 9 IND1= 0    L= 0   IA= 1  ISP= 1
  0.200  0.300  0.400  0.500  0.600  0.700  0.800  0.900  1.000  1.100  1.200
 -0.193 -0.169 -0.145 -0.121 -0.097 -0.072 -0.047 -0.022  0.003  0.029  0.054
  0.613  0.644  0.673  0.701  0.728  0.753  0.776  0.797  0.816  0.833  0.847
 IND0=11 IND1= 0    L= 1   IA= 1  ISP= 1
  1.400  1.500  1.600  1.700  1.800  1.900  2.000  2.100  2.200  2.300  2.400
  0.217  0.196  0.175  0.153  0.131  0.109  0.087  0.064  0.042  0.019 -0.004
 -0.683 -0.712 -0.739 -0.764 -0.789 -0.812 -0.833 -0.853 -0.871 -0.888 -0.902
 IND0= 0 IND1= 8    L= 2   IA= 1  ISP= 1
  0.400  0.500  0.600  0.700  0.800  0.900  1.000  1.100  1.200  1.300  1.400
 -0.653 -0.644 -0.635 -0.626 -0.617 -0.608 -0.598 -0.587 -0.577 -0.566 -0.555
 -0.235 -0.201 -0.166 -0.132 -0.097 -0.063 -0.028  0.007  0.041  0.076  0.111
 IND0= 0 IND1= 0    L= 3   IA= 1  ISP= 1
  0.000  0.100  0.200  0.300  0.400  0.500  0.600  0.700  0.800  0.900  1.000
  0.817  0.811  0.805  0.798  0.792  0.785  0.778  0.771  0.764  0.757  0.750
  0.841  0.810  0.778  0.747  0.715  0.683  0.651  0.619  0.587  0.555  0.523
 IND0= 0 IND1= 0    L= 4   IA= 1  ISP= 1
  0.000  0.100  0.200  0.300  0.400  0.500  0.600  0.700  0.800  0.900  1.000
  0.951  0.947  0.943  0.939  0.935  0.930  0.926  0.922  0.918  0.913  0.909
  1.508  1.480  1.452  1.424  1.396  1.368  1.340  1.312  1.284  1.256  1.227
 IND0= 0 IND1= 0    L= 5   IA= 1  ISP= 1
  0.000  0.100  0.200  0.300  0.400  0.500  0.600  0.700  0.800  0.900  1.000
  1.053  1.051  1.048  1.044  1.041  1.038  1.035  1.032  1.029  1.026  1.023
  2.201  2.176  2.150  2.125  2.099  2.074  2.048  2.022  1.997  1.971  1.945
 IND0= 0 IND1= 0    L= 6   IA= 1  ISP= 1
  0.000  0.100  0.200  0.300  0.400  0.500  0.600  0.700  0.800  0.900  1.000
  1.141  1.139  1.137  1.134  1.132  1.130  1.127  1.125  1.122  1.120  1.117
  2.937  2.914  2.890  2.866  2.842  2.819  2.795  2.771  2.747  2.723  2.699
 IND0= 0 IND1= 0    L= 7   IA= 1  ISP= 1
  0.000  0.100  0.200  0.300  0.400  0.500  0.600  0.700  0.800  0.900  1.000
  1.220  1.218  1.216  1.214  1.212  1.210  1.208  1.206  1.205  1.203  1.201
  3.717  3.695  3.673  3.650  3.628  3.606  3.584  3.561  3.539  3.516  3.494
 <<< CPU =     0.001(SEC.) FOR SUB.TSRWF  >>>.   TOTAL CPU =     4.553(SEC.).  
   
   RADIAL INTEGRAL OF SPIN-ORBIT HAMILTONIAN 
   
 ===    1/ 33 ===== (  0  0  0)/  4 ==========
  NO. OF PLANE WAVES =         381
 <<< CPU =     0.013(SEC.) FOR SUB.SOHMTX >>>.   TOTAL CPU =     4.668(SEC.).  
 ===    2/ 33 ===== (  0  0  1)/  4 ==========
  NO. OF PLANE WAVES =         381
 <<< CPU =     0.011(SEC.) FOR SUB.SOHMTX >>>.   TOTAL CPU =     4.767(SEC.).  
 ===    3/ 33 ===== (  0  0  2)/  4 ==========
  NO. OF PLANE WAVES =         369
 <<< CPU =     0.010(SEC.) FOR SUB.SOHMTX >>>.   TOTAL CPU =     4.859(SEC.).  
 ===    4/ 33 ===== (  0  0  3)/  4 ==========
  NO. OF PLANE WAVES =         375
 <<< CPU =     0.010(SEC.) FOR SUB.SOHMTX >>>.   TOTAL CPU =     4.954(SEC.).  
 ===    5/ 33 ===== (  0  0  4)/  4 ==========
  NO. OF PLANE WAVES =         375
 <<< CPU =     0.010(SEC.) FOR SUB.SOHMTX >>>.   TOTAL CPU =     5.049(SEC.).  
 ===    6/ 33 ===== (  0  0  5)/  4 ==========
  NO. OF PLANE WAVES =         387
 <<< CPU =     0.010(SEC.) FOR SUB.SOHMTX >>>.   TOTAL CPU =     5.150(SEC.).  
 ===    7/ 33 ===== (  0  0  6)/  4 ==========
  NO. OF PLANE WAVES =         380
 <<< CPU =     0.012(SEC.) FOR SUB.SOHMTX >>>.   TOTAL CPU =     5.259(SEC.).  
 ===    8/ 33 ===== (  0  1  0)/  4 ==========
  NO. OF PLANE WAVES =         374
 <<< CPU =     0.009(SEC.) FOR SUB.SOHMTX >>>.   TOTAL CPU =     5.386(SEC.).  
 ===    9/ 33 ===== (  0  1  1)/  4 ==========
  NO. OF PLANE WAVES =         378
 <<< CPU =     0.010(SEC.) FOR SUB.SOHMTX >>>.   TOTAL CPU =     5.516(SEC.).  
 ===   10/ 33 ===== (  0  1  2)/  4 ==========
  NO. OF PLANE WAVES =         378
 <<< CPU =     0.010(SEC.) FOR SUB.SOHMTX >>>.   TOTAL CPU =     5.647(SEC.).  
 ===   11/ 33 ===== (  0  1  3)/  4 ==========
  NO. OF PLANE WAVES =         375
 <<< CPU =     0.009(SEC.) FOR SUB.SOHMTX >>>.   TOTAL CPU =     5.775(SEC.).  
 ===   12/ 33 ===== (  0  1  4)/  4 ==========
  NO. OF PLANE WAVES =         375
 <<< CPU =     0.010(SEC.) FOR SUB.SOHMTX >>>.   TOTAL CPU =     5.904(SEC.).  
 ===   13/ 33 ===== (  0  1  5)/  4 ==========
  NO. OF PLANE WAVES =         375
 <<< CPU =     0.010(SEC.) FOR SUB.SOHMTX >>>.   TOTAL CPU =     6.032(SEC.).  
 ===   14/ 33 ===== (  0  1  6)/  4 ==========
  NO. OF PLANE WAVES =         373
 <<< CPU =     0.010(SEC.) FOR SUB.SOHMTX >>>.   TOTAL CPU =     6.159(SEC.).  
 ===   15/ 33 ===== (  0  1 -5)/  4 ==========
  NO. OF PLANE WAVES =         374
 <<< CPU =     0.010(SEC.) FOR SUB.SOHMTX >>>.   TOTAL CPU =     6.287(SEC.).  
 ===   16/ 33 ===== (  0  1 -4)/  4 ==========
  NO. OF PLANE WAVES =         371
 <<< CPU =     0.010(SEC.) FOR SUB.SOHMTX >>>.   TOTAL CPU =     6.413(SEC.).  
 ===   17/ 33 ===== (  0  1 -3)/  4 ==========
  NO. OF PLANE WAVES =         376
 <<< CPU =     0.010(SEC.) FOR SUB.SOHMTX >>>.   TOTAL CPU =     6.542(SEC.).  
 ===   18/ 33 ===== (  0  1 -2)/  4 ==========
  NO. OF PLANE WAVES =         373
 <<< CPU =     0.010(SEC.) FOR SUB.SOHMTX >>>.   TOTAL CPU =     6.669(SEC.).  
 ===   19/ 33 ===== (  0  1 -1)/  4 ==========
  NO. OF PLANE WAVES =         380
 <<< CPU =     0.010(SEC.) FOR SUB.SOHMTX >>>.   TOTAL CPU =     6.802(SEC.).  
 ===   20/ 33 ===== (  0  2  0)/  4 ==========
  NO. OF PLANE WAVES =         384
 <<< CPU =     0.010(SEC.) FOR SUB.SOHMTX >>>.   TOTAL CPU =     6.937(SEC.).  
 ===   21/ 33 ===== (  0  2  1)/  4 ==========
  NO. OF PLANE WAVES =         376
 <<< CPU =     0.009(SEC.) FOR SUB.SOHMTX >>>.   TOTAL CPU =     7.065(SEC.).  
 ===   22/ 33 ===== (  0  2  2)/  4 ==========
  NO. OF PLANE WAVES =         379
 <<< CPU =     0.010(SEC.) FOR SUB.SOHMTX >>>.   TOTAL CPU =     7.197(SEC.).  
 ===   23/ 33 ===== (  0  2  3)/  4 ==========
  NO. OF PLANE WAVES =         378
 <<< CPU =     0.009(SEC.) FOR SUB.SOHMTX >>>.   TOTAL CPU =     7.327(SEC.).  
 ===   24/ 33 ===== (  0  2  4)/  4 ==========
  NO. OF PLANE WAVES =         372
 <<< CPU =     0.010(SEC.) FOR SUB.SOHMTX >>>.   TOTAL CPU =     7.431(SEC.).  
 ===   25/ 33 ===== (  0 -2  1)/  4 ==========
  NO. OF PLANE WAVES =         376
 <<< CPU =     0.010(SEC.) FOR SUB.SOHMTX >>>.   TOTAL CPU =     7.560(SEC.).  
 ===   26/ 33 ===== (  0  2 -2)/  4 ==========
  NO. OF PLANE WAVES =         374
 <<< CPU =     0.010(SEC.) FOR SUB.SOHMTX >>>.   TOTAL CPU =     7.667(SEC.).  
 ===   27/ 33 ===== (  1  1  0)/  4 ==========
  NO. OF PLANE WAVES =         377
 <<< CPU =     0.010(SEC.) FOR SUB.SOHMTX >>>.   TOTAL CPU =     7.794(SEC.).  
 ===   28/ 33 ===== (  1  1  1)/  4 ==========
  NO. OF PLANE WAVES =         373
 <<< CPU =     0.010(SEC.) FOR SUB.SOHMTX >>>.   TOTAL CPU =     8.015(SEC.).  
 ===   29/ 33 ===== (  1  1  2)/  4 ==========
  NO. OF PLANE WAVES =         376
 <<< CPU =     0.010(SEC.) FOR SUB.SOHMTX >>>.   TOTAL CPU =     8.239(SEC.).  
 ===   30/ 33 ===== (  1  1  3)/  4 ==========
  NO. OF PLANE WAVES =         375
 <<< CPU =     0.010(SEC.) FOR SUB.SOHMTX >>>.   TOTAL CPU =     8.464(SEC.).  
 ===   31/ 33 ===== (  1  1  4)/  4 ==========
  NO. OF PLANE WAVES =         377
 <<< CPU =     0.010(SEC.) FOR SUB.SOHMTX >>>.   TOTAL CPU =     8.691(SEC.).  
 ===   32/ 33 ===== (  1  1  5)/  4 ==========
  NO. OF PLANE WAVES =         379
 <<< CPU =     0.010(SEC.) FOR SUB.SOHMTX >>>.   TOTAL CPU =     8.922(SEC.).  
 ===   33/ 33 ===== (  1  1  6)/  4 ==========
  NO. OF PLANE WAVES =         378
 <<< CPU =     0.010(SEC.) FOR SUB.SOHMTX >>>.   TOTAL CPU =     9.050(SEC.).  
 TIME TO GET EIGENSTATES.     4.497     9.050
  EMAX=   1.22626038984432         EMIN= -0.720809076344051     
     FERMI-EN= -0.72080165  DOS=     0.00000  INT.DOS=   0.0000000000
  === DOS OF EACH BAND ===
 SPIN= 1    1    0.000    2    0.000    3    0.000    4    0.000    5    0.000
            6    0.000    7    0.000    8    0.000    9    0.000   10    0.000
           11    0.000   12    0.000   13    0.000   14    0.000   15    0.000
           16    0.000   17    0.000   18    0.000   19    0.000   20    0.000
  === OCCUPATION OF EACH BAND ===
 SPIN= 1    1  0.00000    2  0.00000    3  0.00000    4  0.00000    5  0.00000
            6  0.00000    7  0.00000    8  0.00000    9  0.00000   10  0.00000
           11  0.00000   12  0.00000   13  0.00000   14  0.00000   15  0.00000
           16  0.00000   17  0.00000   18  0.00000   19  0.00000   20  0.00000
   NX=  4  NY=  4  NZ=  4
 NEIG= 20NKP1= 33 NSP=  1
   1/ 33  (  0  0  0 )/  4 SPIN= 1
 -0.7208 -0.7208 -0.1589 -0.1589  0.2236  0.2236  0.2796  0.2796  0.2963  0.2963
  0.5350  0.5350  0.5905  0.5905  0.6095  0.6095  0.8955  0.8955  0.9230  0.9230
   2/ 33  (  0  0  1 )/  4 SPIN= 1
 -0.7161 -0.7161 -0.1771 -0.1771  0.2334  0.2334  0.2808  0.2808  0.2971  0.2971
  0.5297  0.5297  0.5790  0.5790  0.5970  0.5970  0.8614  0.8614  0.9318  0.9318
   3/ 33  (  0  0  2 )/  4 SPIN= 1
 -0.7021 -0.7021 -0.2234 -0.2234  0.2538  0.2538  0.2848  0.2848  0.2997  0.2997
  0.5151  0.5151  0.5503  0.5503  0.5658  0.5658  0.8345  0.8345  0.9599  0.9599
   4/ 33  (  0  0  3 )/  4 SPIN= 1
 -0.6801 -0.6801 -0.2825 -0.2825  0.2725  0.2725  0.2924  0.2924  0.3044  0.3044
  0.4931  0.4931  0.5156  0.5156  0.5273  0.5273  0.8385  0.8385  1.0080  1.0080
   5/ 33  (  0  0  4 )/  4 SPIN= 1
 -0.6524 -0.6524 -0.3420 -0.3420  0.2858  0.2858  0.3014  0.3014  0.3111  0.3111
  0.4676  0.4676  0.4853  0.4853  0.4911  0.4911  0.8710  0.8710  1.0747  1.0747
   6/ 33  (  0  0  5 )/  4 SPIN= 1
 -0.6257 -0.6257 -0.3897 -0.3897  0.2956  0.2956  0.3072  0.3072  0.3177  0.3177
  0.4461  0.4461  0.4647  0.4647  0.4647  0.4647  0.9158  0.9158  1.1580  1.1580
   7/ 33  (  0  0  6 )/  4 SPIN= 1
 -0.6132 -0.6132 -0.4092 -0.4092  0.3005  0.3005  0.3087  0.3087  0.3210  0.3210
  0.4378  0.4378  0.4548  0.4548  0.4573  0.4573  0.9402  0.9402  1.1818  1.1818
   8/ 33  (  0  1  0 )/  4 SPIN= 1
 -0.6670 -0.6670 -0.2573 -0.2573  0.2153  0.2153  0.2406  0.2406  0.2763  0.2763
  0.4332  0.4332  0.5333  0.5333  0.5848  0.5848  0.7717  0.7717  0.9269  0.9269
   9/ 33  (  0  1  1 )/  4 SPIN= 1
 -0.6631 -0.6631 -0.2549 -0.2549  0.1662  0.1662  0.2162  0.2162  0.2718  0.2718
  0.4623  0.4623  0.5576  0.5576  0.6348  0.6348  0.7560  0.7560  0.9735  0.9735
  10/ 33  (  0  1  2 )/  4 SPIN= 1
 -0.6507 -0.6507 -0.2690 -0.2690  0.1238  0.1238  0.1982  0.1982  0.2374  0.2374
  0.5325  0.5325  0.5617  0.5617  0.6678  0.6678  0.7731  0.7731  1.0339  1.0339
  11/ 33  (  0  1  3 )/  4 SPIN= 1
 -0.6309 -0.6309 -0.2990 -0.2990  0.0885  0.0885  0.1876  0.1876  0.2132  0.2132
  0.5634  0.5634  0.6040  0.6040  0.6732  0.6732  0.7865  0.7865  1.0899  1.0899
  12/ 33  (  0  1  4 )/  4 SPIN= 1
 -0.6062 -0.6062 -0.3381 -0.3381  0.0589  0.0589  0.1856  0.1856  0.2069  0.2069
  0.5708  0.5708  0.6539  0.6539  0.6631  0.6631  0.7895  0.7895  1.1341  1.1341
  13/ 33  (  0  1  5 )/  4 SPIN= 1
 -0.5821 -0.5821 -0.3756 -0.3756  0.0372  0.0372  0.1932  0.1932  0.2156  0.2156
  0.5706  0.5706  0.6210  0.6210  0.7077  0.7077  0.8049  0.8049  1.1047  1.1047
  14/ 33  (  0  1  6 )/  4 SPIN= 1
 -0.5697 -0.5697 -0.3961 -0.3961  0.0269  0.0269  0.2096  0.2096  0.2363  0.2363
  0.5505  0.5505  0.5822  0.5822  0.7331  0.7331  0.8523  0.8523  1.0325  1.0325
  15/ 33  (  0  1 -5 )/  4 SPIN= 1
 -0.5791 -0.5791 -0.3886 -0.3886  0.0313  0.0313  0.2327  0.2327  0.2673  0.2673
  0.5127  0.5127  0.5414  0.5414  0.7341  0.7341  0.9233  0.9233  0.9682  0.9682
  16/ 33  (  0  1 -4 )/  4 SPIN= 1
 -0.6027 -0.6027 -0.3612 -0.3612  0.0532  0.0532  0.2585  0.2585  0.3075  0.3075
  0.4629  0.4629  0.5046  0.5046  0.7086  0.7086  0.8930  0.8930  1.0276  1.0276
  17/ 33  (  0  1 -3 )/  4 SPIN= 1
 -0.6281 -0.6281 -0.3282 -0.3282  0.0935  0.0935  0.2780  0.2780  0.3554  0.3554
  0.4043  0.4043  0.4843  0.4843  0.6532  0.6532  0.8545  0.8545  1.0237  1.0237
  18/ 33  (  0  1 -2 )/  4 SPIN= 1
 -0.6488 -0.6488 -0.2975 -0.2975  0.1507  0.1507  0.2787  0.2787  0.3419  0.3419
  0.4080  0.4080  0.4934  0.4934  0.5784  0.5784  0.8401  0.8401  0.9745  0.9745
  19/ 33  (  0  1 -1 )/  4 SPIN= 1
 -0.6622 -0.6622 -0.2728 -0.2728  0.2169  0.2169  0.2603  0.2603  0.2819  0.2819
  0.4490  0.4490  0.5145  0.5145  0.5343  0.5343  0.8185  0.8185  0.9126  0.9126
  20/ 33  (  0  2  0 )/  4 SPIN= 1
 -0.5335 -0.5335 -0.4320 -0.4320  0.1004  0.1004  0.2038  0.2038  0.2275  0.2275
  0.4797  0.4797  0.5373  0.5373  0.5431  0.5431  0.8209  0.8209  1.1436  1.1436
  21/ 33  (  0  2  1 )/  4 SPIN= 1
 -0.5359 -0.5359 -0.4079 -0.4079  0.0384  0.0384  0.1708  0.1708  0.1852  0.1852
  0.5306  0.5306  0.6056  0.6056  0.6434  0.6434  0.7608  0.7608  1.1529  1.1529
  22/ 33  (  0  2  2 )/  4 SPIN= 1
 -0.5361 -0.5361 -0.3845 -0.3845 -0.0091 -0.0091  0.1364  0.1364  0.1591  0.1591
  0.5376  0.5376  0.6688  0.6688  0.7426  0.7426  0.7645  0.7645  1.1669  1.1669
  23/ 33  (  0  2  3 )/  4 SPIN= 1
 -0.5353 -0.5353 -0.3671 -0.3671 -0.0382 -0.0382  0.1116  0.1116  0.1442  0.1442
  0.5196  0.5196  0.7189  0.7189  0.7999  0.7999  0.8204  0.8204  1.1925  1.1925
  24/ 33  (  0  2  4 )/  4 SPIN= 1
 -0.5348 -0.5348 -0.3607 -0.3607 -0.0479 -0.0479  0.1026  0.1026  0.1392  0.1392
  0.5105  0.5105  0.7387  0.7387  0.8201  0.8201  0.8485  0.8485  1.2263  1.2263
  25/ 33  (  0 -2  1 )/  4 SPIN= 1
 -0.5295 -0.5295 -0.4509 -0.4509  0.1693  0.1693  0.2315  0.2315  0.2808  0.2808
  0.4090  0.4090  0.4462  0.4462  0.4921  0.4921  0.9159  0.9159  1.1268  1.1268
  26/ 33  (  0  2 -2 )/  4 SPIN= 1
 -0.5272 -0.5272 -0.4585 -0.4585  0.2105  0.2105  0.2440  0.2440  0.3296  0.3296
  0.3499  0.3499  0.4005  0.4005  0.4716  0.4716  0.9883  0.9883  1.0914  1.0914
  27/ 33  (  1  1  0 )/  4 SPIN= 1
 -0.5677 -0.5677 -0.3811 -0.3811  0.0662  0.0662  0.2275  0.2275  0.2443  0.2443
  0.4470  0.4470  0.4596  0.4596  0.7053  0.7053  0.8301  0.8301  1.0420  1.0420
  28/ 33  (  1  1  1 )/  4 SPIN= 1
 -0.5644 -0.5644 -0.3833 -0.3833  0.0699  0.0699  0.1852  0.1852  0.2554  0.2554
  0.4248  0.4248  0.5292  0.5292  0.6916  0.6916  0.8189  0.8189  1.0684  1.0684
  29/ 33  (  1  1  2 )/  4 SPIN= 1
 -0.5549 -0.5549 -0.3893 -0.3893  0.0660  0.0660  0.1600  0.1600  0.2057  0.2057
  0.4797  0.4797  0.6076  0.6076  0.6578  0.6578  0.7969  0.7969  1.1189  1.1189
  30/ 33  (  1  1  3 )/  4 SPIN= 1
 -0.5405 -0.5405 -0.3978 -0.3978  0.0393  0.0393  0.1352  0.1352  0.1863  0.1863
  0.5622  0.5622  0.6071  0.6071  0.6843  0.6843  0.7830  0.7830  1.0948  1.0948
  31/ 33  (  1  1  4 )/  4 SPIN= 1
 -0.5237 -0.5237 -0.4074 -0.4074  0.0128  0.0128  0.0758  0.0758  0.2336  0.2336
  0.5420  0.5420  0.6582  0.6582  0.7371  0.7371  0.7886  0.7886  1.0215  1.0215
  32/ 33  (  1  1  5 )/  4 SPIN= 1
 -0.5090 -0.5090 -0.4161 -0.4161 -0.0001 -0.0001  0.0314  0.0314  0.2870  0.2870
  0.4858  0.4858  0.7211  0.7211  0.7648  0.7648  0.8213  0.8213  0.9532  0.9532
  33/ 33  (  1  1  6 )/  4 SPIN= 1
 -0.5027 -0.5027 -0.4199 -0.4199  0.0029  0.0029  0.0081  0.0081  0.3169  0.3169
  0.4551  0.4551  0.7502  0.7502  0.7609  0.7609  0.8609  0.8609  0.9118  0.9118
 FERMI LEVEL=-0.720802
 ====== EIGENENERGIES HAVE BEEN WRITTEN ON FILE( 6) =====
 ====== EIGENENERGIES HAVE BEEN WRITTEN ON FILE(40) =====




 ----- NO. OF ELECTRONS INSIDE THE MUFFIN-TIN SPHERE ( NEW  ) ---
 ELCOM,ELCO 0.303761E+02 0.303761E+02
 EINM, EIN  0.303761E+02 0.303761E+02
                               IA=  1   M=  0.000,   N= 30.376
                      (TOTAL IN MT-S)   M=  0.000,   N= 60.752
 (VALENCE) MOMENT=  0.000000000000000E+000     CHARGE=  2.131628207280301E-013
  ===== RHOUT =  2.666299960717062E-002  0.000000000000000E+000
  EKIN=   9213.41451159183     
    
  ===== TOTAL POTENTIAL ====

      VOM(IS)=  -0.567233D-01

 VIM(IA,IS) : UP        DOWN          (POTENTIAL ON THE SPHERE)
 IA=  1 :  V(UP)=  -0.670981D+00   V(DOWN)=
  ===== (IN MT SPHERE) =====     UP       DOWN
 IA=  1   J=   1    R=   0.123410D-03 :   V*R=  -0.659671D+02   0.000000D+00
 IA=  1   J=  51    R=   0.554238D-03 :   V*R=  -0.658511D+02   0.000000D+00
 IA=  1   J= 101    R=   0.248910D-02 :   V*R=  -0.653222D+02   0.000000D+00
 IA=  1   J= 151    R=   0.111787D-01 :   V*R=  -0.629360D+02   0.000000D+00
 IA=  1   J= 201    R=   0.502038D-01 :   V*R=  -0.539525D+02   0.000000D+00
 IA=  1   J= 251    R=   0.225467D+00 :   V*R=  -0.319704D+02   0.000000D+00
 IA=  1   J= 301    R=   0.101258D+01 :   V*R=  -0.700294D+01   0.000000D+00
  ECLM=  -17923.6071226739         EEXC=  -325.187347712923     
             TOTAL ENERGY =  -9035.37995879500     
 (VALENCE IN MT) MOMENT=      0.00000000  CHARGE=      0.00000000
                               IA=  1   M=  0.0000   N=  0.0000
   CONVERGENCE TEST FOR ITER = 2 ==== R.M.S. OF POTENTIAL DEFFERENCE ====
 IA=  1 (As)  IS= 1 : 0.39550D-03
      MAX DIFF OF V*R = 0.59848D-02  AT R(327)= 0.221D+01 WHERE VR=-0.148D+01
 ----------  POTENTIALS HAVE BEEN WRITTEN ON FILE(36).  ------
 ----------  POTENTIALS HAVE BEEN WRITTEN ON FILE(37).  ------
 AMIXCH=  0.100          AMIXMO=  0.100
 ----------  POTENTIALS HAVE BEEN WRITTEN ON FILE(35).  ------
0 ========== ITER=  3 ===========================




 ===== CORE STATE CALCULATION =====
 IA=           1    RMAX=R(         347 )=   4.03263551391383     
  ===== EIGENENERGY OF CORE STATE (RYD.) =====
 100         -859.275482
 200         -108.608240
 210          -95.276918
 300          -13.448629
 310           -9.325864
 320           -2.522629
 400           -0.497492
 410           -0.059576
 IND0= 9 IND1= 0    L= 0   IA= 1  ISP= 1
  0.200  0.300  0.400  0.500  0.600  0.700  0.800  0.900  1.000  1.100  1.200
 -0.193 -0.169 -0.145 -0.121 -0.097 -0.072 -0.047 -0.022  0.003  0.029  0.054
  0.613  0.644  0.673  0.701  0.728  0.753  0.776  0.797  0.816  0.833  0.847
 IND0=11 IND1= 0    L= 1   IA= 1  ISP= 1
  1.400  1.500  1.600  1.700  1.800  1.900  2.000  2.100  2.200  2.300  2.400
  0.217  0.196  0.175  0.153  0.131  0.109  0.087  0.064  0.042  0.019 -0.004
 -0.683 -0.712 -0.739 -0.764 -0.789 -0.812 -0.833 -0.853 -0.871 -0.887 -0.902
 IND0= 0 IND1= 8    L= 2   IA= 1  ISP= 1
  0.400  0.500  0.600  0.700  0.800  0.900  1.000  1.100  1.200  1.300  1.400
 -0.653 -0.644 -0.635 -0.626 -0.617 -0.608 -0.598 -0.587 -0.577 -0.566 -0.555
 -0.235 -0.201 -0.166 -0.132 -0.097 -0.063 -0.028  0.007  0.041  0.076  0.111
 IND0= 0 IND1= 0    L= 3   IA= 1  ISP= 1
  0.000  0.100  0.200  0.300  0.400  0.500  0.600  0.700  0.800  0.900  1.000
  0.817  0.811  0.805  0.798  0.792  0.785  0.778  0.771  0.764  0.757  0.750
  0.841  0.810  0.778  0.747  0.715  0.683  0.651  0.619  0.587  0.555  0.523
 IND0= 0 IND1= 0    L= 4   IA= 1  ISP= 1
  0.000  0.100  0.200  0.300  0.400  0.500  0.600  0.700  0.800  0.900  1.000
  0.951  0.947  0.943  0.939  0.935  0.930  0.926  0.922  0.918  0.913  0.909
  1.508  1.480  1.452  1.424  1.396  1.368  1.340  1.312  1.284  1.256  1.227
 IND0= 0 IND1= 0    L= 5   IA= 1  ISP= 1
  0.000  0.100  0.200  0.300  0.400  0.500  0.600  0.700  0.800  0.900  1.000
  1.053  1.051  1.048  1.044  1.041  1.038  1.035  1.032  1.029  1.026  1.023
  2.201  2.176  2.150  2.125  2.099  2.074  2.048  2.022  1.997  1.971  1.945
 IND0= 0 IND1= 0    L= 6   IA= 1  ISP= 1
  0.000  0.100  0.200  0.300  0.400  0.500  0.600  0.700  0.800  0.900  1.000
  1.141  1.139  1.137  1.134  1.132  1.130  1.127  1.125  1.122  1.120  1.117
  2.937  2.914  2.890  2.866  2.843  2.819  2.795  2.771  2.747  2.723  2.699
 IND0= 0 IND1= 0    L= 7   IA= 1  ISP= 1
  0.000  0.100  0.200  0.300  0.400  0.500  0.600  0.700  0.800  0.900  1.000
  1.220  1.218  1.216  1.214  1.212  1.210  1.208  1.206  1.205  1.203  1.201
  3.717  3.695  3.673  3.650  3.628  3.606  3.584  3.561  3.539  3.516  3.494
 <<< CPU =     0.001(SEC.) FOR SUB.TSRWF  >>>.   TOTAL CPU =     9.060(SEC.).  
   
   RADIAL INTEGRAL OF SPIN-ORBIT HAMILTONIAN 
   
 ===    1/ 33 ===== (  0  0  0)/  4 ==========
  NO. OF PLANE WAVES =         381
 <<< CPU =     0.012(SEC.) FOR SUB.SOHMTX >>>.   TOTAL CPU =     9.174(SEC.).  
 ===    2/ 33 ===== (  0  0  1)/  4 ==========
  NO. OF PLANE WAVES =         381
 <<< CPU =     0.011(SEC.) FOR SUB.SOHMTX >>>.   TOTAL CPU =     9.273(SEC.).  
 ===    3/ 33 ===== (  0  0  2)/  4 ==========
  NO. OF PLANE WAVES =         369
 <<< CPU =     0.010(SEC.) FOR SUB.SOHMTX >>>.   TOTAL CPU =     9.365(SEC.).  
 ===    4/ 33 ===== (  0  0  3)/  4 ==========
  NO. OF PLANE WAVES =         375
 <<< CPU =     0.010(SEC.) FOR SUB.SOHMTX >>>.   TOTAL CPU =     9.459(SEC.).  
 ===    5/ 33 ===== (  0  0  4)/  4 ==========
  NO. OF PLANE WAVES =         375
 <<< CPU =     0.010(SEC.) FOR SUB.SOHMTX >>>.   TOTAL CPU =     9.554(SEC.).  
 ===    6/ 33 ===== (  0  0  5)/  4 ==========
  NO. OF PLANE WAVES =         387
 <<< CPU =     0.010(SEC.) FOR SUB.SOHMTX >>>.   TOTAL CPU =     9.654(SEC.).  
 ===    7/ 33 ===== (  0  0  6)/  4 ==========
  NO. OF PLANE WAVES =         380
 <<< CPU =     0.012(SEC.) FOR SUB.SOHMTX >>>.   TOTAL CPU =     9.763(SEC.).  
 ===    8/ 33 ===== (  0  1  0)/  4 ==========
  NO. OF PLANE WAVES =         374
 <<< CPU =     0.009(SEC.) FOR SUB.SOHMTX >>>.   TOTAL CPU =     9.890(SEC.).  
 ===    9/ 33 ===== (  0  1  1)/  4 ==========
  NO. OF PLANE WAVES =         378
 <<< CPU =     0.010(SEC.) FOR SUB.SOHMTX >>>.   TOTAL CPU =    10.021(SEC.).  
 ===   10/ 33 ===== (  0  1  2)/  4 ==========
  NO. OF PLANE WAVES =         378
 <<< CPU =     0.010(SEC.) FOR SUB.SOHMTX >>>.   TOTAL CPU =    10.151(SEC.).  
 ===   11/ 33 ===== (  0  1  3)/  4 ==========
  NO. OF PLANE WAVES =         375
 <<< CPU =     0.010(SEC.) FOR SUB.SOHMTX >>>.   TOTAL CPU =    10.279(SEC.).  
 ===   12/ 33 ===== (  0  1  4)/  4 ==========
  NO. OF PLANE WAVES =         375
 <<< CPU =     0.010(SEC.) FOR SUB.SOHMTX >>>.   TOTAL CPU =    10.408(SEC.).  
 ===   13/ 33 ===== (  0  1  5)/  4 ==========
  NO. OF PLANE WAVES =         375
 <<< CPU =     0.010(SEC.) FOR SUB.SOHMTX >>>.   TOTAL CPU =    10.536(SEC.).  
 ===   14/ 33 ===== (  0  1  6)/  4 ==========
  NO. OF PLANE WAVES =         373
 <<< CPU =     0.010(SEC.) FOR SUB.SOHMTX >>>.   TOTAL CPU =    10.662(SEC.).  
 ===   15/ 33 ===== (  0  1 -5)/  4 ==========
  NO. OF PLANE WAVES =         374
 <<< CPU =     0.010(SEC.) FOR SUB.SOHMTX >>>.   TOTAL CPU =    10.790(SEC.).  
 ===   16/ 33 ===== (  0  1 -4)/  4 ==========
  NO. OF PLANE WAVES =         371
 <<< CPU =     0.009(SEC.) FOR SUB.SOHMTX >>>.   TOTAL CPU =    10.915(SEC.).  
 ===   17/ 33 ===== (  0  1 -3)/  4 ==========
  NO. OF PLANE WAVES =         376
 <<< CPU =     0.010(SEC.) FOR SUB.SOHMTX >>>.   TOTAL CPU =    11.044(SEC.).  
 ===   18/ 33 ===== (  0  1 -2)/  4 ==========
  NO. OF PLANE WAVES =         373
 <<< CPU =     0.010(SEC.) FOR SUB.SOHMTX >>>.   TOTAL CPU =    11.173(SEC.).  
 ===   19/ 33 ===== (  0  1 -1)/  4 ==========
  NO. OF PLANE WAVES =         380
 <<< CPU =     0.010(SEC.) FOR SUB.SOHMTX >>>.   TOTAL CPU =    11.304(SEC.).  
 ===   20/ 33 ===== (  0  2  0)/  4 ==========
  NO. OF PLANE WAVES =         384
 <<< CPU =     0.010(SEC.) FOR SUB.SOHMTX >>>.   TOTAL CPU =    11.439(SEC.).  
 ===   21/ 33 ===== (  0  2  1)/  4 ==========
  NO. OF PLANE WAVES =         376
 <<< CPU =     0.010(SEC.) FOR SUB.SOHMTX >>>.   TOTAL CPU =    11.567(SEC.).  
 ===   22/ 33 ===== (  0  2  2)/  4 ==========
  NO. OF PLANE WAVES =         379
 <<< CPU =     0.010(SEC.) FOR SUB.SOHMTX >>>.   TOTAL CPU =    11.698(SEC.).  
 ===   23/ 33 ===== (  0  2  3)/  4 ==========
  NO. OF PLANE WAVES =         378
 <<< CPU =     0.010(SEC.) FOR SUB.SOHMTX >>>.   TOTAL CPU =    11.829(SEC.).  
 ===   24/ 33 ===== (  0  2  4)/  4 ==========
  NO. OF PLANE WAVES =         372
 <<< CPU =     0.010(SEC.) FOR SUB.SOHMTX >>>.   TOTAL CPU =    11.933(SEC.).  
 ===   25/ 33 ===== (  0 -2  1)/  4 ==========
  NO. OF PLANE WAVES =         376
 <<< CPU =     0.010(SEC.) FOR SUB.SOHMTX >>>.   TOTAL CPU =    12.062(SEC.).  
 ===   26/ 33 ===== (  0  2 -2)/  4 ==========
  NO. OF PLANE WAVES =         374
 <<< CPU =     0.010(SEC.) FOR SUB.SOHMTX >>>.   TOTAL CPU =    12.167(SEC.).  
 ===   27/ 33 ===== (  1  1  0)/  4 ==========
  NO. OF PLANE WAVES =         377
 <<< CPU =     0.010(SEC.) FOR SUB.SOHMTX >>>.   TOTAL CPU =    12.293(SEC.).  
 ===   28/ 33 ===== (  1  1  1)/  4 ==========
  NO. OF PLANE WAVES =         373
 <<< CPU =     0.009(SEC.) FOR SUB.SOHMTX >>>.   TOTAL CPU =    12.512(SEC.).  
 ===   29/ 33 ===== (  1  1  2)/  4 ==========
  NO. OF PLANE WAVES =         376
 <<< CPU =     0.010(SEC.) FOR SUB.SOHMTX >>>.   TOTAL CPU =    12.737(SEC.).  
 ===   30/ 33 ===== (  1  1  3)/  4 ==========
  NO. OF PLANE WAVES =         375
 <<< CPU =     0.010(SEC.) FOR SUB.SOHMTX >>>.   TOTAL CPU =    12.958(SEC.).  
 ===   31/ 33 ===== (  1  1  4)/  4 ==========
  NO. OF PLANE WAVES =         377
 <<< CPU =     0.010(SEC.) FOR SUB.SOHMTX >>>.   TOTAL CPU =    13.183(SEC.).  
 ===   32/ 33 ===== (  1  1  5)/  4 ==========
  NO. OF PLANE WAVES =         379
 <<< CPU =     0.010(SEC.) FOR SUB.SOHMTX >>>.   TOTAL CPU =    13.413(SEC.).  
 ===   33/ 33 ===== (  1  1  6)/  4 ==========
  NO. OF PLANE WAVES =         378
 <<< CPU =     0.009(SEC.) FOR SUB.SOHMTX >>>.   TOTAL CPU =    13.540(SEC.).  
 TIME TO GET EIGENSTATES.     4.480    13.540
  EMAX=   1.22636050591253         EMIN= -0.720711151786158     
     FERMI-EN= -0.72070372  DOS=     0.00000  INT.DOS=   0.0000000000
  === DOS OF EACH BAND ===
 SPIN= 1    1    0.000    2    0.000    3    0.000    4    0.000    5    0.000
            6    0.000    7    0.000    8    0.000    9    0.000   10    0.000
           11    0.000   12    0.000   13    0.000   14    0.000   15    0.000
           16    0.000   17    0.000   18    0.000   19    0.000   20    0.000
  === OCCUPATION OF EACH BAND ===
 SPIN= 1    1  0.00000    2  0.00000    3  0.00000    4  0.00000    5  0.00000
            6  0.00000    7  0.00000    8  0.00000    9  0.00000   10  0.00000
           11  0.00000   12  0.00000   13  0.00000   14  0.00000   15  0.00000
           16  0.00000   17  0.00000   18  0.00000   19  0.00000   20  0.00000
   NX=  4  NY=  4  NZ=  4
 NEIG= 20NKP1= 33 NSP=  1
   1/ 33  (  0  0  0 )/  4 SPIN= 1
 -0.7207 -0.7207 -0.1588 -0.1588  0.2237  0.2237  0.2797  0.2797  0.2964  0.2964
  0.5351  0.5351  0.5906  0.5906  0.6096  0.6096  0.8956  0.8956  0.9231  0.9231
   2/ 33  (  0  0  1 )/  4 SPIN= 1
 -0.7160 -0.7160 -0.1770 -0.1770  0.2335  0.2335  0.2809  0.2809  0.2972  0.2972
  0.5298  0.5298  0.5791  0.5791  0.5971  0.5971  0.8615  0.8615  0.9319  0.9319
   3/ 33  (  0  0  2 )/  4 SPIN= 1
 -0.7020 -0.7020 -0.2233 -0.2233  0.2539  0.2539  0.2849  0.2849  0.2998  0.2998
  0.5152  0.5152  0.5504  0.5504  0.5659  0.5659  0.8346  0.8346  0.9600  0.9600
   4/ 33  (  0  0  3 )/  4 SPIN= 1
 -0.6800 -0.6800 -0.2824 -0.2824  0.2726  0.2726  0.2925  0.2925  0.3045  0.3045
  0.4932  0.4932  0.5157  0.5157  0.5274  0.5274  0.8386  0.8386  1.0081  1.0081
   5/ 33  (  0  0  4 )/  4 SPIN= 1
 -0.6523 -0.6523 -0.3419 -0.3419  0.2859  0.2859  0.3015  0.3015  0.3112  0.3112
  0.4677  0.4677  0.4854  0.4854  0.4912  0.4912  0.8711  0.8711  1.0748  1.0748
   6/ 33  (  0  0  5 )/  4 SPIN= 1
 -0.6256 -0.6256 -0.3896 -0.3896  0.2957  0.2957  0.3073  0.3073  0.3178  0.3178
  0.4462  0.4462  0.4648  0.4648  0.4648  0.4648  0.9160  0.9160  1.1581  1.1581
   7/ 33  (  0  0  6 )/  4 SPIN= 1
 -0.6131 -0.6131 -0.4092 -0.4092  0.3006  0.3006  0.3088  0.3088  0.3211  0.3211
  0.4379  0.4379  0.4549  0.4549  0.4574  0.4574  0.9403  0.9403  1.1819  1.1819
   8/ 33  (  0  1  0 )/  4 SPIN= 1
 -0.6669 -0.6669 -0.2572 -0.2572  0.2154  0.2154  0.2407  0.2407  0.2764  0.2764
  0.4333  0.4333  0.5334  0.5334  0.5849  0.5849  0.7718  0.7718  0.9270  0.9270
   9/ 33  (  0  1  1 )/  4 SPIN= 1
 -0.6630 -0.6630 -0.2548 -0.2548  0.1663  0.1663  0.2163  0.2163  0.2719  0.2719
  0.4624  0.4624  0.5577  0.5577  0.6349  0.6349  0.7561  0.7561  0.9736  0.9736
  10/ 33  (  0  1  2 )/  4 SPIN= 1
 -0.6506 -0.6506 -0.2689 -0.2689  0.1239  0.1239  0.1983  0.1983  0.2375  0.2375
  0.5326  0.5326  0.5618  0.5618  0.6678  0.6678  0.7732  0.7732  1.0340  1.0340
  11/ 33  (  0  1  3 )/  4 SPIN= 1
 -0.6308 -0.6308 -0.2989 -0.2989  0.0886  0.0886  0.1877  0.1877  0.2133  0.2133
  0.5635  0.5635  0.6041  0.6041  0.6733  0.6733  0.7866  0.7866  1.0900  1.0900
  12/ 33  (  0  1  4 )/  4 SPIN= 1
 -0.6061 -0.6061 -0.3381 -0.3381  0.0590  0.0590  0.1857  0.1857  0.2070  0.2070
  0.5709  0.5709  0.6540  0.6540  0.6632  0.6632  0.7896  0.7896  1.1342  1.1342
  13/ 33  (  0  1  5 )/  4 SPIN= 1
 -0.5820 -0.5820 -0.3755 -0.3755  0.0373  0.0373  0.1933  0.1933  0.2157  0.2157
  0.5707  0.5707  0.6211  0.6211  0.7078  0.7078  0.8050  0.8050  1.1048  1.1048
  14/ 33  (  0  1  6 )/  4 SPIN= 1
 -0.5696 -0.5696 -0.3960 -0.3960  0.0270  0.0270  0.2097  0.2097  0.2364  0.2364
  0.5506  0.5506  0.5823  0.5823  0.7332  0.7332  0.8524  0.8524  1.0326  1.0326
  15/ 33  (  0  1 -5 )/  4 SPIN= 1
 -0.5790 -0.5790 -0.3885 -0.3885  0.0314  0.0314  0.2328  0.2328  0.2674  0.2674
  0.5128  0.5128  0.5415  0.5415  0.7342  0.7342  0.9234  0.9234  0.9683  0.9683
  16/ 33  (  0  1 -4 )/  4 SPIN= 1
 -0.6026 -0.6026 -0.3611 -0.3611  0.0533  0.0533  0.2586  0.2586  0.3076  0.3076
  0.4630  0.4630  0.5047  0.5047  0.7087  0.7087  0.8931  0.8931  1.0277  1.0277
  17/ 33  (  0  1 -3 )/  4 SPIN= 1
 -0.6280 -0.6280 -0.3281 -0.3281  0.0936  0.0936  0.2781  0.2781  0.3555  0.3555
  0.4044  0.4044  0.4844  0.4844  0.6533  0.6533  0.8546  0.8546  1.0238  1.0238
  18/ 33  (  0  1 -2 )/  4 SPIN= 1
 -0.6487 -0.6487 -0.2974 -0.2974  0.1508  0.1508  0.2788  0.2788  0.3420  0.3420
  0.4081  0.4081  0.4935  0.4935  0.5785  0.5785  0.8402  0.8402  0.9746  0.9746
  19/ 33  (  0  1 -1 )/  4 SPIN= 1
 -0.6621 -0.6621 -0.2727 -0.2727  0.2170  0.2170  0.2604  0.2604  0.2820  0.2820
  0.4491  0.4491  0.5146  0.5146  0.5344  0.5344  0.8186  0.8186  0.9127  0.9127
  20/ 33  (  0  2  0 )/  4 SPIN= 1
 -0.5334 -0.5334 -0.4319 -0.4319  0.1005  0.1005  0.2039  0.2039  0.2276  0.2276
  0.4798  0.4798  0.5374  0.5374  0.5432  0.5432  0.8210  0.8210  1.1437  1.1437
  21/ 33  (  0  2  1 )/  4 SPIN= 1
 -0.5358 -0.5358 -0.4079 -0.4079  0.0385  0.0385  0.1709  0.1709  0.1853  0.1853
  0.5307  0.5307  0.6057  0.6057  0.6435  0.6435  0.7610  0.7610  1.1530  1.1530
  22/ 33  (  0  2  2 )/  4 SPIN= 1
 -0.5360 -0.5360 -0.3844 -0.3844 -0.0090 -0.0090  0.1365  0.1365  0.1592  0.1592
  0.5377  0.5377  0.6689  0.6689  0.7427  0.7427  0.7646  0.7646  1.1670  1.1670
  23/ 33  (  0  2  3 )/  4 SPIN= 1
 -0.5352 -0.5352 -0.3670 -0.3670 -0.0381 -0.0381  0.1117  0.1117  0.1443  0.1443
  0.5197  0.5197  0.7190  0.7190  0.8000  0.8000  0.8205  0.8205  1.1926  1.1926
  24/ 33  (  0  2  4 )/  4 SPIN= 1
 -0.5347 -0.5347 -0.3606 -0.3606 -0.0478 -0.0478  0.1027  0.1027  0.1393  0.1393
  0.5106  0.5106  0.7388  0.7388  0.8202  0.8202  0.8486  0.8486  1.2264  1.2264
  25/ 33  (  0 -2  1 )/  4 SPIN= 1
 -0.5294 -0.5294 -0.4508 -0.4508  0.1694  0.1694  0.2316  0.2316  0.2809  0.2809
  0.4091  0.4091  0.4463  0.4463  0.4922  0.4922  0.9160  0.9160  1.1269  1.1269
  26/ 33  (  0  2 -2 )/  4 SPIN= 1
 -0.5271 -0.5271 -0.4584 -0.4584  0.2106  0.2106  0.2441  0.2441  0.3297  0.3297
  0.3500  0.3500  0.4006  0.4006  0.4717  0.4717  0.9884  0.9884  1.0915  1.0915
  27/ 33  (  1  1  0 )/  4 SPIN= 1
 -0.5676 -0.5676 -0.3810 -0.3810  0.0663  0.0663  0.2276  0.2276  0.2444  0.2444
  0.4471  0.4471  0.4597  0.4597  0.7054  0.7054  0.8302  0.8302  1.0422  1.0422
  28/ 33  (  1  1  1 )/  4 SPIN= 1
 -0.5643 -0.5643 -0.3832 -0.3832  0.0700  0.0700  0.1853  0.1853  0.2555  0.2555
  0.4249  0.4249  0.5293  0.5293  0.6917  0.6917  0.8190  0.8190  1.0686  1.0686
  29/ 33  (  1  1  2 )/  4 SPIN= 1
 -0.5548 -0.5548 -0.3892 -0.3892  0.0661  0.0661  0.1601  0.1601  0.2058  0.2058
  0.4798  0.4798  0.6077  0.6077  0.6579  0.6579  0.7970  0.7970  1.1190  1.1190
  30/ 33  (  1  1  3 )/  4 SPIN= 1
 -0.5404 -0.5404 -0.3977 -0.3977  0.0394  0.0394  0.1353  0.1353  0.1864  0.1864
  0.5623  0.5623  0.6072  0.6072  0.6844  0.6844  0.7831  0.7831  1.0949  1.0949
  31/ 33  (  1  1  4 )/  4 SPIN= 1
 -0.5236 -0.5236 -0.4073 -0.4073  0.0129  0.0129  0.0759  0.0759  0.2337  0.2337
  0.5421  0.5421  0.6583  0.6583  0.7372  0.7372  0.7887  0.7887  1.0216  1.0216
  32/ 33  (  1  1  5 )/  4 SPIN= 1
 -0.5089 -0.5089 -0.4160 -0.4160  0.0000  0.0000  0.0315  0.0315  0.2871  0.2871
  0.4859  0.4859  0.7212  0.7212  0.7649  0.7649  0.8214  0.8214  0.9533  0.9533
  33/ 33  (  1  1  6 )/  4 SPIN= 1
 -0.5026 -0.5026 -0.4198 -0.4198  0.0030  0.0030  0.0082  0.0082  0.3170  0.3170
  0.4552  0.4552  0.7503  0.7503  0.7610  0.7610  0.8610  0.8610  0.9119  0.9119
 FERMI LEVEL=-0.720704
 ====== EIGENENERGIES HAVE BEEN WRITTEN ON FILE( 6) =====
 ====== EIGENENERGIES HAVE BEEN WRITTEN ON FILE(40) =====




 ----- NO. OF ELECTRONS INSIDE THE MUFFIN-TIN SPHERE ( NEW  ) ---
 ELCOM,ELCO 0.303489E+02 0.303489E+02
 EINM, EIN  0.303489E+02 0.303489E+02
                               IA=  1   M=  0.000,   N= 30.349
                      (TOTAL IN MT-S)   M=  0.000,   N= 60.698
 (VALENCE) MOMENT=  0.000000000000000E+000     CHARGE=  2.415845301584341E-013
  ===== RHOUT =  2.693947284740934E-002  0.000000000000000E+000
  EKIN=   9213.02621485999     
    
  ===== TOTAL POTENTIAL ====

      VOM(IS)=  -0.521396D-01

 VIM(IA,IS) : UP        DOWN          (POTENTIAL ON THE SPHERE)
 IA=  1 :  V(UP)=  -0.666439D+00   V(DOWN)=
  ===== (IN MT SPHERE) =====     UP       DOWN
 IA=  1   J=   1    R=   0.123410D-03 :   V*R=  -0.659671D+02   0.000000D+00
 IA=  1   J=  51    R=   0.554238D-03 :   V*R=  -0.658511D+02   0.000000D+00
 IA=  1   J= 101    R=   0.248910D-02 :   V*R=  -0.653222D+02   0.000000D+00
 IA=  1   J= 151    R=   0.111787D-01 :   V*R=  -0.629362D+02   0.000000D+00
 IA=  1   J= 201    R=   0.502038D-01 :   V*R=  -0.539532D+02   0.000000D+00
 IA=  1   J= 251    R=   0.225467D+00 :   V*R=  -0.319733D+02   0.000000D+00
 IA=  1   J= 301    R=   0.101258D+01 :   V*R=  -0.701092D+01   0.000000D+00
  ECLM=  -17923.2383414379         EEXC=  -325.156637035197     
             TOTAL ENERGY =  -9035.36876361313     
 (VALENCE IN MT) MOMENT=      0.00000000  CHARGE=      0.00000000
                               IA=  1   M=  0.0000   N=  0.0000
   CONVERGENCE TEST FOR ITER = 3 ==== R.M.S. OF POTENTIAL DEFFERENCE ====
 IA=  1 (As)  IS= 1 : 0.12793D-02
      MAX DIFF OF V*R = 0.15432D-01  AT R(327)= 0.221D+01 WHERE VR=-0.147D+01
 ----------  POTENTIALS HAVE BEEN WRITTEN ON FILE(36).  ------
 ----------  POTENTIALS HAVE BEEN WRITTEN ON FILE(37).  ------
 AMIXCH=  0.100          AMIXMO=  0.100
 ----------  POTENTIALS HAVE BEEN WRITTEN ON FILE(35).  ------
0 ========== ITER=  4 ===========================




 ===== CORE STATE CALCULATION =====
 IA=           1    RMAX=R(         347 )=   4.03263551391383     
  ===== EIGENENERGY OF CORE STATE (RYD.) =====
 100         -859.276652
 200         -108.609269
 210          -95.277969
 300          -13.449445
 310           -9.326673
 320           -2.523406
 400           -0.497443
 410           -0.058332
 IND0= 9 IND1= 0    L= 0   IA= 1  ISP= 1
  0.200  0.300  0.400  0.500  0.600  0.700  0.800  0.900  1.000  1.100  1.200
 -0.193 -0.169 -0.145 -0.121 -0.096 -0.072 -0.047 -0.022  0.004  0.029  0.054
  0.613  0.644  0.673  0.701  0.728  0.753  0.776  0.797  0.816  0.833  0.847
 IND0=11 IND1= 0    L= 1   IA= 1  ISP= 1
  1.400  1.500  1.600  1.700  1.800  1.900  2.000  2.100  2.200  2.300  2.400
  0.217  0.196  0.174  0.153  0.131  0.109  0.087  0.064  0.042  0.019 -0.004
 -0.683 -0.712 -0.739 -0.764 -0.789 -0.812 -0.833 -0.853 -0.871 -0.887 -0.902
 IND0= 0 IND1= 8    L= 2   IA= 1  ISP= 1
  0.400  0.500  0.600  0.700  0.800  0.900  1.000  1.100  1.200  1.300  1.400
 -0.653 -0.644 -0.635 -0.626 -0.617 -0.608 -0.598 -0.587 -0.577 -0.566 -0.555
 -0.235 -0.201 -0.166 -0.132 -0.097 -0.063 -0.028  0.007  0.041  0.076  0.111
 IND0= 0 IND1= 0    L= 3   IA= 1  ISP= 1
  0.000  0.100  0.200  0.300  0.400  0.500  0.600  0.700  0.800  0.900  1.000
  0.817  0.811  0.805  0.798  0.792  0.785  0.778  0.771  0.764  0.757  0.750
  0.841  0.810  0.778  0.747  0.715  0.683  0.651  0.619  0.587  0.555  0.523
 IND0= 0 IND1= 0    L= 4   IA= 1  ISP= 1
  0.000  0.100  0.200  0.300  0.400  0.500  0.600  0.700  0.800  0.900  1.000
  0.951  0.947  0.943  0.939  0.935  0.930  0.926  0.922  0.918  0.913  0.909
  1.508  1.480  1.452  1.424  1.396  1.368  1.340  1.312  1.284  1.256  1.228
 IND0= 0 IND1= 0    L= 5   IA= 1  ISP= 1
  0.000  0.100  0.200  0.300  0.400  0.500  0.600  0.700  0.800  0.900  1.000
  1.053  1.051  1.048  1.044  1.041  1.038  1.035  1.032  1.029  1.026  1.023
  2.201  2.176  2.150  2.125  2.099  2.074  2.048  2.022  1.997  1.971  1.945
 IND0= 0 IND1= 0    L= 6   IA= 1  ISP= 1
  0.000  0.100  0.200  0.300  0.400  0.500  0.600  0.700  0.800  0.900  1.000
  1.141  1.139  1.137  1.134  1.132  1.130  1.127  1.125  1.122  1.120  1.117
  2.937  2.914  2.890  2.866  2.843  2.819  2.795  2.771  2.747  2.723  2.699
 IND0= 0 IND1= 0    L= 7   IA= 1  ISP= 1
  0.000  0.100  0.200  0.300  0.400  0.500  0.600  0.700  0.800  0.900  1.000
  1.220  1.218  1.216  1.214  1.212  1.210  1.208  1.206  1.205  1.203  1.201
  3.717  3.695  3.673  3.651  3.628  3.606  3.584  3.561  3.539  3.516  3.494
 <<< CPU =     0.001(SEC.) FOR SUB.TSRWF  >>>.   TOTAL CPU =    13.551(SEC.).  
   
   RADIAL INTEGRAL OF SPIN-ORBIT HAMILTONIAN 
   
 ===    1/ 33 ===== (  0  0  0)/  4 ==========
  NO. OF PLANE WAVES =         381
 <<< CPU =     0.012(SEC.) FOR SUB.SOHMTX >>>.   TOTAL CPU =    13.666(SEC.).  
 ===    2/ 33 ===== (  0  0  1)/  4 ==========
  NO. OF PLANE WAVES =         381
 <<< CPU =     0.011(SEC.) FOR SUB.SOHMTX >>>.   TOTAL CPU =    13.764(SEC.).  
 ===    3/ 33 ===== (  0  0  2)/  4 ==========
  NO. OF PLANE WAVES =         369
 <<< CPU =     0.010(SEC.) FOR SUB.SOHMTX >>>.   TOTAL CPU =    13.855(SEC.).  
 ===    4/ 33 ===== (  0  0  3)/  4 ==========
  NO. OF PLANE WAVES =         375
 <<< CPU =     0.011(SEC.) FOR SUB.SOHMTX >>>.   TOTAL CPU =    13.951(SEC.).  
 ===    5/ 33 ===== (  0  0  4)/  4 ==========
  NO. OF PLANE WAVES =         375
 <<< CPU =     0.011(SEC.) FOR SUB.SOHMTX >>>.   TOTAL CPU =    14.046(SEC.).  
 ===    6/ 33 ===== (  0  0  5)/  4 ==========
  NO. OF PLANE WAVES =         387
 <<< CPU =     0.010(SEC.) FOR SUB.SOHMTX >>>.   TOTAL CPU =    14.147(SEC.).  
 ===    7/ 33 ===== (  0  0  6)/  4 ==========
  NO. OF PLANE WAVES =         380
 <<< CPU =     0.012(SEC.) FOR SUB.SOHMTX >>>.   TOTAL CPU =    14.256(SEC.).  
 ===    8/ 33 ===== (  0  1  0)/  4 ==========
  NO. OF PLANE WAVES =         374
 <<< CPU =     0.010(SEC.) FOR SUB.SOHMTX >>>.   TOTAL CPU =    14.383(SEC.).  
 ===    9/ 33 ===== (  0  1  1)/  4 ==========
  NO. OF PLANE WAVES =         378
 <<< CPU =     0.010(SEC.) FOR SUB.SOHMTX >>>.   TOTAL CPU =    14.514(SEC.).  
 ===   10/ 33 ===== (  0  1  2)/  4 ==========
  NO. OF PLANE WAVES =         378
 <<< CPU =     0.010(SEC.) FOR SUB.SOHMTX >>>.   TOTAL CPU =    14.645(SEC.).  
 ===   11/ 33 ===== (  0  1  3)/  4 ==========
  NO. OF PLANE WAVES =         375
 <<< CPU =     0.010(SEC.) FOR SUB.SOHMTX >>>.   TOTAL CPU =    14.773(SEC.).  
 ===   12/ 33 ===== (  0  1  4)/  4 ==========
  NO. OF PLANE WAVES =         375
 <<< CPU =     0.010(SEC.) FOR SUB.SOHMTX >>>.   TOTAL CPU =    14.901(SEC.).  
 ===   13/ 33 ===== (  0  1  5)/  4 ==========
  NO. OF PLANE WAVES =         375
 <<< CPU =     0.010(SEC.) FOR SUB.SOHMTX >>>.   TOTAL CPU =    15.030(SEC.).  
 ===   14/ 33 ===== (  0  1  6)/  4 ==========
  NO. OF PLANE WAVES =         373
 <<< CPU =     0.010(SEC.) FOR SUB.SOHMTX >>>.   TOTAL CPU =    15.156(SEC.).  
 ===   15/ 33 ===== (  0  1 -5)/  4 ==========
  NO. OF PLANE WAVES =         374
 <<< CPU =     0.010(SEC.) FOR SUB.SOHMTX >>>.   TOTAL CPU =    15.284(SEC.).  
 ===   16/ 33 ===== (  0  1 -4)/  4 ==========
  NO. OF PLANE WAVES =         371
 <<< CPU =     0.009(SEC.) FOR SUB.SOHMTX >>>.   TOTAL CPU =    15.409(SEC.).  
 ===   17/ 33 ===== (  0  1 -3)/  4 ==========
  NO. OF PLANE WAVES =         376
 <<< CPU =     0.010(SEC.) FOR SUB.SOHMTX >>>.   TOTAL CPU =    15.538(SEC.).  
 ===   18/ 33 ===== (  0  1 -2)/  4 ==========
  NO. OF PLANE WAVES =         373
 <<< CPU =     0.010(SEC.) FOR SUB.SOHMTX >>>.   TOTAL CPU =    15.666(SEC.).  
 ===   19/ 33 ===== (  0  1 -1)/  4 ==========
  NO. OF PLANE WAVES =         380
 <<< CPU =     0.010(SEC.) FOR SUB.SOHMTX >>>.   TOTAL CPU =    15.798(SEC.).  
 ===   20/ 33 ===== (  0  2  0)/  4 ==========
  NO. OF PLANE WAVES =         384
 <<< CPU =     0.010(SEC.) FOR SUB.SOHMTX >>>.   TOTAL CPU =    15.933(SEC.).  
 ===   21/ 33 ===== (  0  2  1)/  4 ==========
  NO. OF PLANE WAVES =         376
 <<< CPU =     0.010(SEC.) FOR SUB.SOHMTX >>>.   TOTAL CPU =    16.061(SEC.).  
 ===   22/ 33 ===== (  0  2  2)/  4 ==========
  NO. OF PLANE WAVES =         379
 <<< CPU =     0.010(SEC.) FOR SUB.SOHMTX >>>.   TOTAL CPU =    16.192(SEC.).  
 ===   23/ 33 ===== (  0  2  3)/  4 ==========
  NO. OF PLANE WAVES =         378
 <<< CPU =     0.010(SEC.) FOR SUB.SOHMTX >>>.   TOTAL CPU =    16.322(SEC.).  
 ===   24/ 33 ===== (  0  2  4)/  4 ==========
  NO. OF PLANE WAVES =         372
 <<< CPU =     0.010(SEC.) FOR SUB.SOHMTX >>>.   TOTAL CPU =    16.425(SEC.).  
 ===   25/ 33 ===== (  0 -2  1)/  4 ==========
  NO. OF PLANE WAVES =         376
 <<< CPU =     0.010(SEC.) FOR SUB.SOHMTX >>>.   TOTAL CPU =    16.554(SEC.).  
 ===   26/ 33 ===== (  0  2 -2)/  4 ==========
  NO. OF PLANE WAVES =         374
 <<< CPU =     0.010(SEC.) FOR SUB.SOHMTX >>>.   TOTAL CPU =    16.658(SEC.).  
 ===   27/ 33 ===== (  1  1  0)/  4 ==========
  NO. OF PLANE WAVES =         377
 <<< CPU =     0.010(SEC.) FOR SUB.SOHMTX >>>.   TOTAL CPU =    16.786(SEC.).  
 ===   28/ 33 ===== (  1  1  1)/  4 ==========
  NO. OF PLANE WAVES =         373
 <<< CPU =     0.010(SEC.) FOR SUB.SOHMTX >>>.   TOTAL CPU =    17.007(SEC.).  
 ===   29/ 33 ===== (  1  1  2)/  4 ==========
  NO. OF PLANE WAVES =         376
 <<< CPU =     0.010(SEC.) FOR SUB.SOHMTX >>>.   TOTAL CPU =    17.232(SEC.).  
 ===   30/ 33 ===== (  1  1  3)/  4 ==========
  NO. OF PLANE WAVES =         375
 <<< CPU =     0.010(SEC.) FOR SUB.SOHMTX >>>.   TOTAL CPU =    17.457(SEC.).  
 ===   31/ 33 ===== (  1  1  4)/  4 ==========
  NO. OF PLANE WAVES =         377
 <<< CPU =     0.010(SEC.) FOR SUB.SOHMTX >>>.   TOTAL CPU =    17.683(SEC.).  
 ===   32/ 33 ===== (  1  1  5)/  4 ==========
  NO. OF PLANE WAVES =         379
 <<< CPU =     0.010(SEC.) FOR SUB.SOHMTX >>>.   TOTAL CPU =    17.912(SEC.).  
 ===   33/ 33 ===== (  1  1  6)/  4 ==========
  NO. OF PLANE WAVES =         378
 <<< CPU =     0.010(SEC.) FOR SUB.SOHMTX >>>.   TOTAL CPU =    18.040(SEC.).  
 TIME TO GET EIGENSTATES.     4.489    18.040
  EMAX=   1.22661605349642         EMIN= -0.720615458845555     
     FERMI-EN= -0.72060803  DOS=     0.00000  INT.DOS=   0.0000000000
  === DOS OF EACH BAND ===
 SPIN= 1    1    0.000    2    0.000    3    0.000    4    0.000    5    0.000
            6    0.000    7    0.000    8    0.000    9    0.000   10    0.000
           11    0.000   12    0.000   13    0.000   14    0.000   15    0.000
           16    0.000   17    0.000   18    0.000   19    0.000   20    0.000
  === OCCUPATION OF EACH BAND ===
 SPIN= 1    1  0.00000    2  0.00000    3  0.00000    4  0.00000    5  0.00000
            6  0.00000    7  0.00000    8  0.00000    9  0.00000   10  0.00000
           11  0.00000   12  0.00000   13  0.00000   14  0.00000   15  0.00000
           16  0.00000   17  0.00000   18  0.00000   19  0.00000   20  0.00000
   NX=  4  NY=  4  NZ=  4
 NEIG= 20NKP1= 33 NSP=  1
   1/ 33  (  0  0  0 )/  4 SPIN= 1
 -0.7206 -0.7206 -0.1589 -0.1589  0.2238  0.2238  0.2798  0.2798  0.2965  0.2965
  0.5352  0.5352  0.5907  0.5907  0.6097  0.6097  0.8960  0.8960  0.9235  0.9235
   2/ 33  (  0  0  1 )/  4 SPIN= 1
 -0.7159 -0.7159 -0.1771 -0.1771  0.2336  0.2336  0.2810  0.2810  0.2973  0.2973
  0.5300  0.5300  0.5792  0.5792  0.5972  0.5972  0.8619  0.8619  0.9323  0.9323
   3/ 33  (  0  0  2 )/  4 SPIN= 1
 -0.7019 -0.7019 -0.2234 -0.2234  0.2540  0.2540  0.2851  0.2851  0.2999  0.2999
  0.5153  0.5153  0.5505  0.5505  0.5660  0.5660  0.8350  0.8350  0.9604  0.9604
   4/ 33  (  0  0  3 )/  4 SPIN= 1
 -0.6799 -0.6799 -0.2825 -0.2825  0.2727  0.2727  0.2926  0.2926  0.3046  0.3046
  0.4933  0.4933  0.5158  0.5158  0.5275  0.5275  0.8390  0.8390  1.0085  1.0085
   5/ 33  (  0  0  4 )/  4 SPIN= 1
 -0.6523 -0.6523 -0.3418 -0.3418  0.2860  0.2860  0.3016  0.3016  0.3113  0.3113
  0.4678  0.4678  0.4855  0.4855  0.4914  0.4914  0.8714  0.8714  1.0752  1.0752
   6/ 33  (  0  0  5 )/  4 SPIN= 1
 -0.6256 -0.6256 -0.3895 -0.3895  0.2958  0.2958  0.3074  0.3074  0.3179  0.3179
  0.4464  0.4464  0.4649  0.4649  0.4649  0.4649  0.9163  0.9163  1.1585  1.1585
   7/ 33  (  0  0  6 )/  4 SPIN= 1
 -0.6131 -0.6131 -0.4091 -0.4091  0.3007  0.3007  0.3089  0.3089  0.3212  0.3212
  0.4381  0.4381  0.4551  0.4551  0.4575  0.4575  0.9406  0.9406  1.1822  1.1822
   8/ 33  (  0  1  0 )/  4 SPIN= 1
 -0.6668 -0.6668 -0.2573 -0.2573  0.2156  0.2156  0.2408  0.2408  0.2765  0.2765
  0.4334  0.4334  0.5336  0.5336  0.5850  0.5850  0.7723  0.7723  0.9274  0.9274
   9/ 33  (  0  1  1 )/  4 SPIN= 1
 -0.6629 -0.6629 -0.2549 -0.2549  0.1665  0.1665  0.2165  0.2165  0.2720  0.2720
  0.4625  0.4625  0.5578  0.5578  0.6350  0.6350  0.7564  0.7564  0.9740  0.9740
  10/ 33  (  0  1  2 )/  4 SPIN= 1
 -0.6505 -0.6505 -0.2690 -0.2690  0.1241  0.1241  0.1984  0.1984  0.2377  0.2377
  0.5327  0.5327  0.5620  0.5620  0.6679  0.6679  0.7734  0.7734  1.0343  1.0343
  11/ 33  (  0  1  3 )/  4 SPIN= 1
 -0.6307 -0.6307 -0.2989 -0.2989  0.0888  0.0888  0.1878  0.1878  0.2135  0.2135
  0.5638  0.5638  0.6041  0.6041  0.6734  0.6734  0.7868  0.7868  1.0903  1.0903
  12/ 33  (  0  1  4 )/  4 SPIN= 1
 -0.6061 -0.6061 -0.3381 -0.3381  0.0593  0.0593  0.1859  0.1859  0.2072  0.2072
  0.5710  0.5710  0.6541  0.6541  0.6632  0.6632  0.7899  0.7899  1.1345  1.1345
  13/ 33  (  0  1  5 )/  4 SPIN= 1
 -0.5820 -0.5820 -0.3755 -0.3755  0.0375  0.0375  0.1935  0.1935  0.2159  0.2159
  0.5708  0.5708  0.6212  0.6212  0.7079  0.7079  0.8054  0.8054  1.1052  1.1052
  14/ 33  (  0  1  6 )/  4 SPIN= 1
 -0.5696 -0.5696 -0.3960 -0.3960  0.0273  0.0273  0.2099  0.2099  0.2366  0.2366
  0.5507  0.5507  0.5824  0.5824  0.7333  0.7333  0.8528  0.8528  1.0329  1.0329
  15/ 33  (  0  1 -5 )/  4 SPIN= 1
 -0.5789 -0.5789 -0.3885 -0.3885  0.0317  0.0317  0.2329  0.2329  0.2675  0.2675
  0.5129  0.5129  0.5416  0.5416  0.7342  0.7342  0.9238  0.9238  0.9686  0.9686
  16/ 33  (  0  1 -4 )/  4 SPIN= 1
 -0.6025 -0.6025 -0.3612 -0.3612  0.0536  0.0536  0.2588  0.2588  0.3078  0.3078
  0.4630  0.4630  0.5048  0.5048  0.7088  0.7088  0.8934  0.8934  1.0281  1.0281
  17/ 33  (  0  1 -3 )/  4 SPIN= 1
 -0.6279 -0.6279 -0.3282 -0.3282  0.0938  0.0938  0.2783  0.2783  0.3556  0.3556
  0.4044  0.4044  0.4845  0.4845  0.6533  0.6533  0.8550  0.8550  1.0243  1.0243
  18/ 33  (  0  1 -2 )/  4 SPIN= 1
 -0.6486 -0.6486 -0.2974 -0.2974  0.1511  0.1511  0.2790  0.2790  0.3421  0.3421
  0.4082  0.4082  0.4937  0.4937  0.5786  0.5786  0.8406  0.8406  0.9750  0.9750
  19/ 33  (  0  1 -1 )/  4 SPIN= 1
 -0.6620 -0.6620 -0.2728 -0.2728  0.2172  0.2172  0.2605  0.2605  0.2822  0.2822
  0.4492  0.4492  0.5147  0.5147  0.5345  0.5345  0.8190  0.8190  0.9131  0.9131
  20/ 33  (  0  2  0 )/  4 SPIN= 1
 -0.5334 -0.5334 -0.4319 -0.4319  0.1007  0.1007  0.2041  0.2041  0.2277  0.2277
  0.4799  0.4799  0.5376  0.5376  0.5433  0.5433  0.8214  0.8214  1.1440  1.1440
  21/ 33  (  0  2  1 )/  4 SPIN= 1
 -0.5357 -0.5357 -0.4079 -0.4079  0.0388  0.0388  0.1711  0.1711  0.1855  0.1855
  0.5308  0.5308  0.6058  0.6058  0.6437  0.6437  0.7613  0.7613  1.1532  1.1532
  22/ 33  (  0  2  2 )/  4 SPIN= 1
 -0.5360 -0.5360 -0.3844 -0.3844 -0.0088 -0.0088  0.1367  0.1367  0.1594  0.1594
  0.5380  0.5380  0.6690  0.6690  0.7428  0.7428  0.7648  0.7648  1.1673  1.1673
  23/ 33  (  0  2  3 )/  4 SPIN= 1
 -0.5352 -0.5352 -0.3671 -0.3671 -0.0379 -0.0379  0.1119  0.1119  0.1445  0.1445
  0.5200  0.5200  0.7190  0.7190  0.8001  0.8001  0.8205  0.8205  1.1928  1.1928
  24/ 33  (  0  2  4 )/  4 SPIN= 1
 -0.5347 -0.5347 -0.3607 -0.3607 -0.0476 -0.0476  0.1029  0.1029  0.1395  0.1395
  0.5110  0.5110  0.7388  0.7388  0.8203  0.8203  0.8485  0.8485  1.2266  1.2266
  25/ 33  (  0 -2  1 )/  4 SPIN= 1
 -0.5294 -0.5294 -0.4507 -0.4507  0.1696  0.1696  0.2318  0.2318  0.2810  0.2810
  0.4093  0.4093  0.4465  0.4465  0.4923  0.4923  0.9164  0.9164  1.1271  1.1271
  26/ 33  (  0  2 -2 )/  4 SPIN= 1
 -0.5271 -0.5271 -0.4584 -0.4584  0.2108  0.2108  0.2442  0.2442  0.3299  0.3299
  0.3502  0.3502  0.4008  0.4008  0.4719  0.4719  0.9887  0.9887  1.0918  1.0918
  27/ 33  (  1  1  0 )/  4 SPIN= 1
 -0.5676 -0.5676 -0.3810 -0.3810  0.0665  0.0665  0.2278  0.2278  0.2446  0.2446
  0.4473  0.4473  0.4599  0.4599  0.7055  0.7055  0.8306  0.8306  1.0425  1.0425
  28/ 33  (  1  1  1 )/  4 SPIN= 1
 -0.5643 -0.5643 -0.3832 -0.3832  0.0702  0.0702  0.1855  0.1855  0.2556  0.2556
  0.4251  0.4251  0.5294  0.5294  0.6918  0.6918  0.8194  0.8194  1.0689  1.0689
  29/ 33  (  1  1  2 )/  4 SPIN= 1
 -0.5548 -0.5548 -0.3892 -0.3892  0.0664  0.0664  0.1603  0.1603  0.2060  0.2060
  0.4800  0.4800  0.6078  0.6078  0.6579  0.6579  0.7974  0.7974  1.1193  1.1193
  30/ 33  (  1  1  3 )/  4 SPIN= 1
 -0.5404 -0.5404 -0.3977 -0.3977  0.0397  0.0397  0.1355  0.1355  0.1866  0.1866
  0.5624  0.5624  0.6073  0.6073  0.6844  0.6844  0.7834  0.7834  1.0952  1.0952
  31/ 33  (  1  1  4 )/  4 SPIN= 1
 -0.5236 -0.5236 -0.4073 -0.4073  0.0132  0.0132  0.0762  0.0762  0.2339  0.2339
  0.5422  0.5422  0.6584  0.6584  0.7372  0.7372  0.7890  0.7890  1.0220  1.0220
  32/ 33  (  1  1  5 )/  4 SPIN= 1
 -0.5089 -0.5089 -0.4160 -0.4160  0.0003  0.0003  0.0317  0.0317  0.2872  0.2872
  0.4860  0.4860  0.7212  0.7212  0.7650  0.7650  0.8217  0.8217  0.9537  0.9537
  33/ 33  (  1  1  6 )/  4 SPIN= 1
 -0.5026 -0.5026 -0.4199 -0.4199  0.0033  0.0033  0.0085  0.0085  0.3171  0.3171
  0.4553  0.4553  0.7504  0.7504  0.7611  0.7611  0.8613  0.8613  0.9122  0.9122
 FERMI LEVEL=-0.720608
 ====== EIGENENERGIES HAVE BEEN WRITTEN ON FILE( 6) =====
 ====== EIGENENERGIES HAVE BEEN WRITTEN ON FILE(40) =====




 ----- NO. OF ELECTRONS INSIDE THE MUFFIN-TIN SPHERE ( NEW  ) ---
 ELCOM,ELCO 0.303357E+02 0.303357E+02
 EINM, EIN  0.303357E+02 0.303357E+02
                               IA=  1   M=  0.000,   N= 30.336
                      (TOTAL IN MT-S)   M=  0.000,   N= 60.671
 (VALENCE) MOMENT=  0.000000000000000E+000     CHARGE=  2.273736754432321E-013
  ===== RHOUT =  2.707327618965510E-002  0.000000000000000E+000
  EKIN=   9212.89220874239     
    
  ===== TOTAL POTENTIAL ====

      VOM(IS)=  -0.499156D-01

 VIM(IA,IS) : UP        DOWN          (POTENTIAL ON THE SPHERE)
 IA=  1 :  V(UP)=  -0.664103D+00   V(DOWN)=
  ===== (IN MT SPHERE) =====     UP       DOWN
 IA=  1   J=   1    R=   0.123410D-03 :   V*R=  -0.659671D+02   0.000000D+00
 IA=  1   J=  51    R=   0.554238D-03 :   V*R=  -0.658511D+02   0.000000D+00
 IA=  1   J= 101    R=   0.248910D-02 :   V*R=  -0.653222D+02   0.000000D+00
 IA=  1   J= 151    R=   0.111787D-01 :   V*R=  -0.629363D+02   0.000000D+00
 IA=  1   J= 201    R=   0.502038D-01 :   V*R=  -0.539535D+02   0.000000D+00
 IA=  1   J= 251    R=   0.225467D+00 :   V*R=  -0.319744D+02   0.000000D+00
 IA=  1   J= 301    R=   0.101258D+01 :   V*R=  -0.701444D+01   0.000000D+00
  ECLM=  -17923.1104300785         EEXC=  -325.144940755303     
             TOTAL ENERGY =  -9035.36316209145     
 (VALENCE IN MT) MOMENT=      0.00000000  CHARGE=      0.00000000
                               IA=  1   M=  0.0000   N=  0.0000
   CONVERGENCE TEST FOR ITER = 4 ==== R.M.S. OF POTENTIAL DEFFERENCE ====
 IA=  1 (As)  IS= 1 : 0.17090D-02
      MAX DIFF OF V*R = 0.19053D-01  AT R(327)= 0.221D+01 WHERE VR=-0.147D+01
 ----------  POTENTIALS HAVE BEEN WRITTEN ON FILE(36).  ------
 ----------  POTENTIALS HAVE BEEN WRITTEN ON FILE(37).  ------
 AMIXCH=  0.100          AMIXMO=  0.100
 ----------  POTENTIALS HAVE BEEN WRITTEN ON FILE(35).  ------
0 ========== ITER=  5 ===========================




 ===== CORE STATE CALCULATION =====
 IA=           1    RMAX=R(         347 )=   4.03263551391383     
  ===== EIGENENERGY OF CORE STATE (RYD.) =====
 100         -859.278265
 200         -108.610693
 210          -95.279422
 300          -13.450597
 310           -9.327816
 320           -2.524503
 400           -0.497405
 410           -0.057353
 IND0= 9 IND1= 0    L= 0   IA= 1  ISP= 1
  0.200  0.300  0.400  0.500  0.600  0.700  0.800  0.900  1.000  1.100  1.200
 -0.193 -0.169 -0.145 -0.121 -0.096 -0.072 -0.047 -0.021  0.004  0.029  0.054
  0.613  0.644  0.673  0.702  0.728  0.753  0.776  0.797  0.816  0.833  0.848
 IND0=11 IND1= 0    L= 1   IA= 1  ISP= 1
  1.400  1.500  1.600  1.700  1.800  1.900  2.000  2.100  2.200  2.300  2.400
  0.217  0.196  0.174  0.153  0.131  0.109  0.086  0.064  0.041  0.019 -0.004
 -0.683 -0.712 -0.739 -0.765 -0.789 -0.812 -0.833 -0.853 -0.871 -0.888 -0.902
 IND0= 0 IND1= 8    L= 2   IA= 1  ISP= 1
  0.400  0.500  0.600  0.700  0.800  0.900  1.000  1.100  1.200  1.300  1.400
 -0.653 -0.644 -0.635 -0.626 -0.617 -0.607 -0.598 -0.587 -0.577 -0.566 -0.555
 -0.235 -0.201 -0.166 -0.132 -0.097 -0.063 -0.028  0.007  0.041  0.076  0.111
 IND0= 0 IND1= 0    L= 3   IA= 1  ISP= 1
  0.000  0.100  0.200  0.300  0.400  0.500  0.600  0.700  0.800  0.900  1.000
  0.817  0.811  0.805  0.798  0.792  0.785  0.778  0.771  0.764  0.757  0.750
  0.841  0.810  0.778  0.747  0.715  0.683  0.651  0.619  0.587  0.555  0.523
 IND0= 0 IND1= 0    L= 4   IA= 1  ISP= 1
  0.000  0.100  0.200  0.300  0.400  0.500  0.600  0.700  0.800  0.900  1.000
  0.951  0.947  0.943  0.939  0.935  0.930  0.926  0.922  0.918  0.913  0.909
  1.508  1.480  1.452  1.424  1.397  1.369  1.341  1.312  1.284  1.256  1.228
 IND0= 0 IND1= 0    L= 5   IA= 1  ISP= 1
  0.000  0.100  0.200  0.300  0.400  0.500  0.600  0.700  0.800  0.900  1.000
  1.054  1.051  1.048  1.044  1.041  1.038  1.035  1.032  1.029  1.026  1.023
  2.201  2.176  2.151  2.125  2.099  2.074  2.048  2.023  1.997  1.971  1.945
 IND0= 0 IND1= 0    L= 6   IA= 1  ISP= 1
  0.000  0.100  0.200  0.300  0.400  0.500  0.600  0.700  0.800  0.900  1.000
  1.141  1.139  1.137  1.134  1.132  1.130  1.127  1.125  1.122  1.120  1.117
  2.938  2.914  2.890  2.866  2.843  2.819  2.795  2.771  2.747  2.723  2.699
 IND0= 0 IND1= 0    L= 7   IA= 1  ISP= 1
  0.000  0.100  0.200  0.300  0.400  0.500  0.600  0.700  0.800  0.900  1.000
  1.220  1.218  1.216  1.214  1.212  1.210  1.208  1.207  1.205  1.203  1.201
  3.717  3.695  3.673  3.651  3.628  3.606  3.584  3.561  3.539  3.517  3.494
 <<< CPU =     0.001(SEC.) FOR SUB.TSRWF  >>>.   TOTAL CPU =    18.050(SEC.).  
   
   RADIAL INTEGRAL OF SPIN-ORBIT HAMILTONIAN 
   
 ===    1/ 33 ===== (  0  0  0)/  4 ==========
  NO. OF PLANE WAVES =         381
 <<< CPU =     0.012(SEC.) FOR SUB.SOHMTX >>>.   TOTAL CPU =    18.164(SEC.).  
 ===    2/ 33 ===== (  0  0  1)/  4 ==========
  NO. OF PLANE WAVES =         381
 <<< CPU =     0.010(SEC.) FOR SUB.SOHMTX >>>.   TOTAL CPU =    18.262(SEC.).  
 ===    3/ 33 ===== (  0  0  2)/  4 ==========
  NO. OF PLANE WAVES =         369
 <<< CPU =     0.010(SEC.) FOR SUB.SOHMTX >>>.   TOTAL CPU =    18.354(SEC.).  
 ===    4/ 33 ===== (  0  0  3)/  4 ==========
  NO. OF PLANE WAVES =         375
 <<< CPU =     0.011(SEC.) FOR SUB.SOHMTX >>>.   TOTAL CPU =    18.450(SEC.).  
 ===    5/ 33 ===== (  0  0  4)/  4 ==========
  NO. OF PLANE WAVES =         375
 <<< CPU =     0.010(SEC.) FOR SUB.SOHMTX >>>.   TOTAL CPU =    18.544(SEC.).  
 ===    6/ 33 ===== (  0  0  5)/  4 ==========
  NO. OF PLANE WAVES =         387
 <<< CPU =     0.010(SEC.) FOR SUB.SOHMTX >>>.   TOTAL CPU =    18.644(SEC.).  
 ===    7/ 33 ===== (  0  0  6)/  4 ==========
  NO. OF PLANE WAVES =         380
 <<< CPU =     0.012(SEC.) FOR SUB.SOHMTX >>>.   TOTAL CPU =    18.753(SEC.).  
 ===    8/ 33 ===== (  0  1  0)/  4 ==========
  NO. OF PLANE WAVES =         374
 <<< CPU =     0.010(SEC.) FOR SUB.SOHMTX >>>.   TOTAL CPU =    18.881(SEC.).  
 ===    9/ 33 ===== (  0  1  1)/  4 ==========
  NO. OF PLANE WAVES =         378
 <<< CPU =     0.010(SEC.) FOR SUB.SOHMTX >>>.   TOTAL CPU =    19.012(SEC.).  
 ===   10/ 33 ===== (  0  1  2)/  4 ==========
  NO. OF PLANE WAVES =         378
 <<< CPU =     0.010(SEC.) FOR SUB.SOHMTX >>>.   TOTAL CPU =    19.142(SEC.).  
 ===   11/ 33 ===== (  0  1  3)/  4 ==========
  NO. OF PLANE WAVES =         375
 <<< CPU =     0.010(SEC.) FOR SUB.SOHMTX >>>.   TOTAL CPU =    19.271(SEC.).  
 ===   12/ 33 ===== (  0  1  4)/  4 ==========
  NO. OF PLANE WAVES =         375
 <<< CPU =     0.010(SEC.) FOR SUB.SOHMTX >>>.   TOTAL CPU =    19.399(SEC.).  
 ===   13/ 33 ===== (  0  1  5)/  4 ==========
  NO. OF PLANE WAVES =         375
 <<< CPU =     0.009(SEC.) FOR SUB.SOHMTX >>>.   TOTAL CPU =    19.527(SEC.).  
 ===   14/ 33 ===== (  0  1  6)/  4 ==========
  NO. OF PLANE WAVES =         373
 <<< CPU =     0.009(SEC.) FOR SUB.SOHMTX >>>.   TOTAL CPU =    19.653(SEC.).  
 ===   15/ 33 ===== (  0  1 -5)/  4 ==========
  NO. OF PLANE WAVES =         374
 <<< CPU =     0.010(SEC.) FOR SUB.SOHMTX >>>.   TOTAL CPU =    19.781(SEC.).  
 ===   16/ 33 ===== (  0  1 -4)/  4 ==========
  NO. OF PLANE WAVES =         371
 <<< CPU =     0.010(SEC.) FOR SUB.SOHMTX >>>.   TOTAL CPU =    19.906(SEC.).  
 ===   17/ 33 ===== (  0  1 -3)/  4 ==========
  NO. OF PLANE WAVES =         376
 <<< CPU =     0.010(SEC.) FOR SUB.SOHMTX >>>.   TOTAL CPU =    20.037(SEC.).  
 ===   18/ 33 ===== (  0  1 -2)/  4 ==========
  NO. OF PLANE WAVES =         373
 <<< CPU =     0.010(SEC.) FOR SUB.SOHMTX >>>.   TOTAL CPU =    20.164(SEC.).  
 ===   19/ 33 ===== (  0  1 -1)/  4 ==========
  NO. OF PLANE WAVES =         380
 <<< CPU =     0.010(SEC.) FOR SUB.SOHMTX >>>.   TOTAL CPU =    20.295(SEC.).  
 ===   20/ 33 ===== (  0  2  0)/  4 ==========
  NO. OF PLANE WAVES =         384
 <<< CPU =     0.010(SEC.) FOR SUB.SOHMTX >>>.   TOTAL CPU =    20.430(SEC.).  
 ===   21/ 33 ===== (  0  2  1)/  4 ==========
  NO. OF PLANE WAVES =         376
 <<< CPU =     0.010(SEC.) FOR SUB.SOHMTX >>>.   TOTAL CPU =    20.559(SEC.).  
 ===   22/ 33 ===== (  0  2  2)/  4 ==========
  NO. OF PLANE WAVES =         379
 <<< CPU =     0.010(SEC.) FOR SUB.SOHMTX >>>.   TOTAL CPU =    20.690(SEC.).  
 ===   23/ 33 ===== (  0  2  3)/  4 ==========
  NO. OF PLANE WAVES =         378
 <<< CPU =     0.010(SEC.) FOR SUB.SOHMTX >>>.   TOTAL CPU =    20.820(SEC.).  
 ===   24/ 33 ===== (  0  2  4)/  4 ==========
  NO. OF PLANE WAVES =         372
 <<< CPU =     0.010(SEC.) FOR SUB.SOHMTX >>>.   TOTAL CPU =    20.924(SEC.).  
 ===   25/ 33 ===== (  0 -2  1)/  4 ==========
  NO. OF PLANE WAVES =         376
 <<< CPU =     0.009(SEC.) FOR SUB.SOHMTX >>>.   TOTAL CPU =    21.052(SEC.).  
 ===   26/ 33 ===== (  0  2 -2)/  4 ==========
  NO. OF PLANE WAVES =         374
 <<< CPU =     0.010(SEC.) FOR SUB.SOHMTX >>>.   TOTAL CPU =    21.158(SEC.).  
 ===   27/ 33 ===== (  1  1  0)/  4 ==========
  NO. OF PLANE WAVES =         377
 <<< CPU =     0.010(SEC.) FOR SUB.SOHMTX >>>.   TOTAL CPU =    21.285(SEC.).  
 ===   28/ 33 ===== (  1  1  1)/  4 ==========
  NO. OF PLANE WAVES =         373
 <<< CPU =     0.010(SEC.) FOR SUB.SOHMTX >>>.   TOTAL CPU =    21.505(SEC.).  
 ===   29/ 33 ===== (  1  1  2)/  4 ==========
  NO. OF PLANE WAVES =         376
 <<< CPU =     0.010(SEC.) FOR SUB.SOHMTX >>>.   TOTAL CPU =    21.730(SEC.).  
 ===   30/ 33 ===== (  1  1  3)/  4 ==========
  NO. OF PLANE WAVES =         375
 <<< CPU =     0.010(SEC.) FOR SUB.SOHMTX >>>.   TOTAL CPU =    21.953(SEC.).  
 ===   31/ 33 ===== (  1  1  4)/  4 ==========
  NO. OF PLANE WAVES =         377
 <<< CPU =     0.010(SEC.) FOR SUB.SOHMTX >>>.   TOTAL CPU =    22.180(SEC.).  
 ===   32/ 33 ===== (  1  1  5)/  4 ==========
  NO. OF PLANE WAVES =         379
 <<< CPU =     0.009(SEC.) FOR SUB.SOHMTX >>>.   TOTAL CPU =    22.408(SEC.).  
 ===   33/ 33 ===== (  1  1  6)/  4 ==========
  NO. OF PLANE WAVES =         378
 <<< CPU =     0.010(SEC.) FOR SUB.SOHMTX >>>.   TOTAL CPU =    22.537(SEC.).  
 TIME TO GET EIGENSTATES.     4.487    22.537
  EMAX=   1.22693504448800         EMIN= -0.720514819590474     
     FERMI-EN= -0.72050739  DOS=     0.00000  INT.DOS=   0.0000000000
  === DOS OF EACH BAND ===
 SPIN= 1    1    0.000    2    0.000    3    0.000    4    0.000    5    0.000
            6    0.000    7    0.000    8    0.000    9    0.000   10    0.000
           11    0.000   12    0.000   13    0.000   14    0.000   15    0.000
           16    0.000   17    0.000   18    0.000   19    0.000   20    0.000
  === OCCUPATION OF EACH BAND ===
 SPIN= 1    1  0.00000    2  0.00000    3  0.00000    4  0.00000    5  0.00000
            6  0.00000    7  0.00000    8  0.00000    9  0.00000   10  0.00000
           11  0.00000   12  0.00000   13  0.00000   14  0.00000   15  0.00000
           16  0.00000   17  0.00000   18  0.00000   19  0.00000   20  0.00000
   NX=  4  NY=  4  NZ=  4
 NEIG= 20NKP1= 33 NSP=  1
   1/ 33  (  0  0  0 )/  4 SPIN= 1
 -0.7205 -0.7205 -0.1592 -0.1592  0.2240  0.2240  0.2799  0.2799  0.2967  0.2967
  0.5354  0.5354  0.5908  0.5908  0.6098  0.6098  0.8965  0.8965  0.9241  0.9241
   2/ 33  (  0  0  1 )/  4 SPIN= 1
 -0.7158 -0.7158 -0.1774 -0.1774  0.2338  0.2338  0.2811  0.2811  0.2974  0.2974
  0.5301  0.5301  0.5793  0.5793  0.5973  0.5973  0.8624  0.8624  0.9329  0.9329
   3/ 33  (  0  0  2 )/  4 SPIN= 1
 -0.7018 -0.7018 -0.2235 -0.2235  0.2541  0.2541  0.2852  0.2852  0.3000  0.3000
  0.5154  0.5154  0.5506  0.5506  0.5662  0.5662  0.8356  0.8356  0.9609  0.9609
   4/ 33  (  0  0  3 )/  4 SPIN= 1
 -0.6798 -0.6798 -0.2825 -0.2825  0.2728  0.2728  0.2927  0.2927  0.3047  0.3047
  0.4934  0.4934  0.5160  0.5160  0.5277  0.5277  0.8396  0.8396  1.0090  1.0090
   5/ 33  (  0  0  4 )/  4 SPIN= 1
 -0.6522 -0.6522 -0.3418 -0.3418  0.2861  0.2861  0.3017  0.3017  0.3114  0.3114
  0.4679  0.4679  0.4856  0.4856  0.4916  0.4916  0.8719  0.8719  1.0757  1.0757
   6/ 33  (  0  0  5 )/  4 SPIN= 1
 -0.6255 -0.6255 -0.3895 -0.3895  0.2959  0.2959  0.3076  0.3076  0.3181  0.3181
  0.4466  0.4466  0.4650  0.4650  0.4651  0.4651  0.9167  0.9167  1.1590  1.1590
   7/ 33  (  0  0  6 )/  4 SPIN= 1
 -0.6131 -0.6131 -0.4090 -0.4090  0.3008  0.3008  0.3091  0.3091  0.3213  0.3213
  0.4383  0.4383  0.4553  0.4553  0.4576  0.4576  0.9410  0.9410  1.1826  1.1826
   8/ 33  (  0  1  0 )/  4 SPIN= 1
 -0.6667 -0.6667 -0.2574 -0.2574  0.2158  0.2158  0.2410  0.2410  0.2767  0.2767
  0.4337  0.4337  0.5337  0.5337  0.5852  0.5852  0.7728  0.7728  0.9279  0.9279
   9/ 33  (  0  1  1 )/  4 SPIN= 1
 -0.6629 -0.6629 -0.2551 -0.2551  0.1667  0.1667  0.2167  0.2167  0.2722  0.2722
  0.4627  0.4627  0.5581  0.5581  0.6351  0.6351  0.7569  0.7569  0.9744  0.9744
  10/ 33  (  0  1  2 )/  4 SPIN= 1
 -0.6504 -0.6504 -0.2692 -0.2692  0.1243  0.1243  0.1986  0.1986  0.2379  0.2379
  0.5328  0.5328  0.5623  0.5623  0.6680  0.6680  0.7738  0.7738  1.0348  1.0348
  11/ 33  (  0  1  3 )/  4 SPIN= 1
 -0.6306 -0.6306 -0.2990 -0.2990  0.0891  0.0891  0.1880  0.1880  0.2137  0.2137
  0.5641  0.5641  0.6042  0.6042  0.6734  0.6734  0.7871  0.7871  1.0907  1.0907
  12/ 33  (  0  1  4 )/  4 SPIN= 1
 -0.6060 -0.6060 -0.3381 -0.3381  0.0595  0.0595  0.1861  0.1861  0.2074  0.2074
  0.5713  0.5713  0.6542  0.6542  0.6632  0.6632  0.7903  0.7903  1.1349  1.1349
  13/ 33  (  0  1  5 )/  4 SPIN= 1
 -0.5820 -0.5820 -0.3755 -0.3755  0.0378  0.0378  0.1937  0.1937  0.2161  0.2161
  0.5709  0.5709  0.6213  0.6213  0.7079  0.7079  0.8058  0.8058  1.1056  1.1056
  14/ 33  (  0  1  6 )/  4 SPIN= 1
 -0.5696 -0.5696 -0.3960 -0.3960  0.0276  0.0276  0.2101  0.2101  0.2368  0.2368
  0.5508  0.5508  0.5825  0.5825  0.7332  0.7332  0.8533  0.8533  1.0333  1.0333
  15/ 33  (  0  1 -5 )/  4 SPIN= 1
 -0.5789 -0.5789 -0.3885 -0.3885  0.0320  0.0320  0.2331  0.2331  0.2678  0.2678
  0.5129  0.5129  0.5417  0.5417  0.7342  0.7342  0.9242  0.9242  0.9691  0.9691
  16/ 33  (  0  1 -4 )/  4 SPIN= 1
 -0.6025 -0.6025 -0.3612 -0.3612  0.0539  0.0539  0.2589  0.2589  0.3080  0.3080
  0.4631  0.4631  0.5050  0.5050  0.7088  0.7088  0.8939  0.8939  1.0285  1.0285
  17/ 33  (  0  1 -3 )/  4 SPIN= 1
 -0.6278 -0.6278 -0.3283 -0.3283  0.0941  0.0941  0.2784  0.2784  0.3558  0.3558
  0.4045  0.4045  0.4847  0.4847  0.6534  0.6534  0.8554  0.8554  1.0248  1.0248
  18/ 33  (  0  1 -2 )/  4 SPIN= 1
 -0.6485 -0.6485 -0.2975 -0.2975  0.1513  0.1513  0.2791  0.2791  0.3423  0.3423
  0.4084  0.4084  0.4939  0.4939  0.5788  0.5788  0.8410  0.8410  0.9756  0.9756
  19/ 33  (  0  1 -1 )/  4 SPIN= 1
 -0.6619 -0.6619 -0.2729 -0.2729  0.2174  0.2174  0.2606  0.2606  0.2823  0.2823
  0.4494  0.4494  0.5149  0.5149  0.5347  0.5347  0.8196  0.8196  0.9136  0.9136
  20/ 33  (  0  2  0 )/  4 SPIN= 1
 -0.5334 -0.5334 -0.4319 -0.4319  0.1010  0.1010  0.2042  0.2042  0.2279  0.2279
  0.4800  0.4800  0.5377  0.5377  0.5435  0.5435  0.8219  0.8219  1.1442  1.1442
  21/ 33  (  0  2  1 )/  4 SPIN= 1
 -0.5357 -0.5357 -0.4079 -0.4079  0.0391  0.0391  0.1713  0.1713  0.1857  0.1857
  0.5310  0.5310  0.6059  0.6059  0.6438  0.6438  0.7618  0.7618  1.1535  1.1535
  22/ 33  (  0  2  2 )/  4 SPIN= 1
 -0.5360 -0.5360 -0.3845 -0.3845 -0.0084 -0.0084  0.1369  0.1369  0.1596  0.1596
  0.5383  0.5383  0.6691  0.6691  0.7429  0.7429  0.7651  0.7651  1.1676  1.1676
  23/ 33  (  0  2  3 )/  4 SPIN= 1
 -0.5352 -0.5352 -0.3672 -0.3672 -0.0375 -0.0375  0.1122  0.1122  0.1447  0.1447
  0.5205  0.5205  0.7190  0.7190  0.8003  0.8003  0.8204  0.8204  1.1932  1.1932
  24/ 33  (  0  2  4 )/  4 SPIN= 1
 -0.5347 -0.5347 -0.3608 -0.3608 -0.0472 -0.0472  0.1032  0.1032  0.1397  0.1397
  0.5114  0.5114  0.7388  0.7388  0.8204  0.8204  0.8484  0.8484  1.2269  1.2269
  25/ 33  (  0 -2  1 )/  4 SPIN= 1
 -0.5294 -0.5294 -0.4507 -0.4507  0.1699  0.1699  0.2319  0.2319  0.2812  0.2812
  0.4094  0.4094  0.4467  0.4467  0.4926  0.4926  0.9169  0.9169  1.1274  1.1274
  26/ 33  (  0  2 -2 )/  4 SPIN= 1
 -0.5271 -0.5271 -0.4583 -0.4583  0.2110  0.2110  0.2444  0.2444  0.3300  0.3300
  0.3504  0.3504  0.4011  0.4011  0.4721  0.4721  0.9892  0.9892  1.0922  1.0922
  27/ 33  (  1  1  0 )/  4 SPIN= 1
 -0.5675 -0.5675 -0.3811 -0.3811  0.0668  0.0668  0.2280  0.2280  0.2448  0.2448
  0.4475  0.4475  0.4601  0.4601  0.7055  0.7055  0.8310  0.8310  1.0430  1.0430
  28/ 33  (  1  1  1 )/  4 SPIN= 1
 -0.5642 -0.5642 -0.3833 -0.3833  0.0705  0.0705  0.1857  0.1857  0.2558  0.2558
  0.4253  0.4253  0.5295  0.5295  0.6918  0.6918  0.8199  0.8199  1.0694  1.0694
  29/ 33  (  1  1  2 )/  4 SPIN= 1
 -0.5548 -0.5548 -0.3893 -0.3893  0.0667  0.0667  0.1606  0.1606  0.2062  0.2062
  0.4802  0.4802  0.6079  0.6079  0.6580  0.6580  0.7979  0.7979  1.1197  1.1197
  30/ 33  (  1  1  3 )/  4 SPIN= 1
 -0.5404 -0.5404 -0.3978 -0.3978  0.0400  0.0400  0.1357  0.1357  0.1869  0.1869
  0.5626  0.5626  0.6074  0.6074  0.6845  0.6845  0.7839  0.7839  1.0956  1.0956
  31/ 33  (  1  1  4 )/  4 SPIN= 1
 -0.5236 -0.5236 -0.4074 -0.4074  0.0135  0.0135  0.0765  0.0765  0.2341  0.2341
  0.5423  0.5423  0.6585  0.6585  0.7372  0.7372  0.7895  0.7895  1.0224  1.0224
  32/ 33  (  1  1  5 )/  4 SPIN= 1
 -0.5089 -0.5089 -0.4160 -0.4160  0.0006  0.0006  0.0320  0.0320  0.2874  0.2874
  0.4862  0.4862  0.7213  0.7213  0.7650  0.7650  0.8222  0.8222  0.9540  0.9540
  33/ 33  (  1  1  6 )/  4 SPIN= 1
 -0.5026 -0.5026 -0.4199 -0.4199  0.0036  0.0036  0.0088  0.0088  0.3172  0.3172
  0.4555  0.4555  0.7505  0.7505  0.7612  0.7612  0.8617  0.8617  0.9125  0.9125
 FERMI LEVEL=-0.720507
 ====== EIGENENERGIES HAVE BEEN WRITTEN ON FILE( 6) =====
 ====== EIGENENERGIES HAVE BEEN WRITTEN ON FILE(40) =====




 ----- NO. OF ELECTRONS INSIDE THE MUFFIN-TIN SPHERE ( NEW  ) ---
 ELCOM,ELCO 0.303304E+02 0.303304E+02
 EINM, EIN  0.303304E+02 0.303304E+02
                               IA=  1   M=  0.000,   N= 30.330
                      (TOTAL IN MT-S)   M=  0.000,   N= 60.661
 (VALENCE) MOMENT=  0.000000000000000E+000     CHARGE=  2.131628207280301E-013
  ===== RHOUT =  2.712692313431416E-002  0.000000000000000E+000
  EKIN=   9212.88517214461     
    
  ===== TOTAL POTENTIAL ====

      VOM(IS)=  -0.490229D-01

 VIM(IA,IS) : UP        DOWN          (POTENTIAL ON THE SPHERE)
 IA=  1 :  V(UP)=  -0.663032D+00   V(DOWN)=
  ===== (IN MT SPHERE) =====     UP       DOWN
 IA=  1   J=   1    R=   0.123410D-03 :   V*R=  -0.659671D+02   0.000000D+00
 IA=  1   J=  51    R=   0.554238D-03 :   V*R=  -0.658511D+02   0.000000D+00
 IA=  1   J= 101    R=   0.248910D-02 :   V*R=  -0.653222D+02   0.000000D+00
 IA=  1   J= 151    R=   0.111787D-01 :   V*R=  -0.629363D+02   0.000000D+00
 IA=  1   J= 201    R=   0.502038D-01 :   V*R=  -0.539535D+02   0.000000D+00
 IA=  1   J= 251    R=   0.225467D+00 :   V*R=  -0.319746D+02   0.000000D+00
 IA=  1   J= 301    R=   0.101258D+01 :   V*R=  -0.701554D+01   0.000000D+00
  ECLM=  -17923.1020691167         EEXC=  -325.142925810425     
             TOTAL ENERGY =  -9035.35982278256     
 (VALENCE IN MT) MOMENT=      0.00000000  CHARGE=      0.00000000
                               IA=  1   M=  0.0000   N=  0.0000
   CONVERGENCE TEST FOR ITER = 5 ==== R.M.S. OF POTENTIAL DEFFERENCE ====
 IA=  1 (As)  IS= 1 : 0.17312D-02
      MAX DIFF OF V*R = 0.19518D-01  AT R(327)= 0.221D+01 WHERE VR=-0.147D+01
 ----------  POTENTIALS HAVE BEEN WRITTEN ON FILE(36).  ------
 ----------  POTENTIALS HAVE BEEN WRITTEN ON FILE(37).  ------
 AMIXCH=  0.100          AMIXMO=  0.100
 ----------  POTENTIALS HAVE BEEN WRITTEN ON FILE(35).  ------


 ===== CHARGE DENSITY =====
 AT NUCLEUS                    ON MUFFIN-TIN SPHERE
 CORE           TOTAL          CORE           TOTAL
     0.34358D+05    0.34358D+05    0.31983D-01    0.31983D-01


 ===== SPIN DENSITY =====
 AT NUCLEUS                    ON MUFFIN-TIN SPHERE
 CORE           TOTAL          CORE           TOTAL
     0.00000D+00    0.00000D+00    0.00000D+00    0.00000D+00
  === SUCCESSFULLY ENDE (TAPWLM) ===
