  RADIUS OF MT =  0.337500000000000     
      
      
      
      
      
 A,B,C=  0.8140943E+01  0.8140943E+01  0.2130478E+02
 CA,CB,CC=  0.0000000E+00  0.0000000E+00 -0.5000000E+00
 A,B,C=  0.8140943E+01  0.8140943E+01  0.2130478E+02
 CA,CB,CC=  0.0000000E+00  0.0000000E+00 -0.5000000E+00
 NATOM,NKAT,(KION(I),I=1,NKAT)    2    1    2
 I, (VATOM(J,I),J=1,3)    1   0.0000000   0.0000000   0.2334900
 I, (VATOM(J,I),J=1,3)    2   0.0000000   0.0000000   0.7665100
 ((NR(I,J),J=1,NKAT),I=1,NKAT)    5
     1    1              3              3              6              6              3
                 0.6750259      0.7787307      1.0000000      1.0460850      1.2065073
 TMAD(I,J),I= 1:        3.9026233
 VP,AS=      0.7554604      1.1547005
 ATOM=           1 ,    R(1)=  1.234098040866796E-004 R(         333 )=
   2.74756839393938     
      ALATT               WUNIT               VCELL               VOUT
   0.814094338945D+01  0.891198612969D+00  0.407601634703D+03  0.233835900088D+03


 NXC(P)          RAPW(P)        VIN(P)         CR(P)        ANA(P)       NKF(P)    NKL(P)          P=1,NKAT
   333       0.2747568E+01  0.8688287E+02  0.2327400E+00       2.0         1         2


 FA(P1,P2)                                                                                                    FO(P1)
 P1                    P2=1,NKAT
    1       -0.07569
+                                                                                                              -1.36846
1SELF-CONSISTENT ATOMIC CALCULATION FOR Sb
0MAGNETIC STATE = PARA
0INITIAL DATA
          MESH= 421       RMAX=  60.00        PHI=  0.3000000
             Z=  51.0     RINF=  75.00       EDEL=  0.0000050
          XION=   0.0        H=  32.00       VDEL=  0.0001000
           NC1=  50       TIME=1200.00       JLAT=  1
0ELECTRON CONFIGURATION
      NLJC   ORBIT    WNLJ      ENERGY (A.U.)
   1  100   1S       2.0000       0.0000000
   2  200   2S       2.0000       0.0000000
   3  210   2P       6.0000       0.0000000
   4  300   3S       2.0000       0.0000000
   5  310   3P       6.0000       0.0000000
   6  320   3D      10.0000       0.0000000
   7  400   4S       2.0000       0.0000000
   8  410   4P       6.0000       0.0000000
   9  420   4D      10.0000       0.0000000
  10  505   5S       2.0000       0.0000000
  11  515   5P       3.0000       0.0000000
0CONVERGENCE TEST
       CYCLET     PH      RLC     VERR(NERR)       SUME     ELECTRONS
  1  0.004 SEC 1.000000  1.7561 0.4261E+06(  1) -3560.7608  51.0000000
  2  0.000 SEC 0.650000 18.2990 0.1668E+03(  1) -4851.2334  51.0000104
  3  0.001 SEC 0.475000 14.2512 0.2796E+02( 75) -3972.7975  50.9999385
  4  0.000 SEC 0.387500 11.0989 0.1821E+01(283) -3910.7065  50.9999703
  5  0.001 SEC 0.343750  7.8703 0.1934E+01( 92) -3947.9614  50.9999850
  6  0.000 SEC 0.321875  5.0814 0.2864E+00( 93) -3948.6962  50.9999931
  7  0.000 SEC 0.310937  4.3464 0.8990E-01(300) -3947.3819  50.9999973
  8  0.001 SEC 0.305469  3.9574 0.4749E-01(300) -3946.4685  50.9999991
  9  0.000 SEC 0.302734  3.8357 0.2515E-01( 93) -3946.0525  51.0000002
 10  0.000 SEC 0.301367  3.7177 0.1761E-01( 93) -3945.9167  51.0000009
 11  0.000 SEC 0.300684  3.7177 0.1204E-01( 93) -3945.8903  51.0000010
 12  0.001 SEC 0.300342  3.6033 0.7516E-02( 94) -3945.8880  51.0000018
 13  0.000 SEC 0.300171  3.6033 0.5263E-02( 94) -3945.8972  51.0000022
 14  0.000 SEC 0.300085  3.6033 0.3628E-02( 94) -3945.9073  51.0000023
 15  0.000 SEC 0.300043  3.6033 0.2526E-02( 94) -3945.9153  51.0000023
 16  0.000 SEC 0.300021  3.6033 0.1776E-02( 94) -3945.9214  51.0000024
 17  0.001 SEC 0.300011  3.6033 0.1240E-02( 94) -3945.9254  51.0000023
 18  0.000 SEC 0.300005  3.6033 0.8949E-03( 94) -3945.9288  51.0000021
 19  0.000 SEC 0.300003  3.6033 0.6219E-03( 94) -3945.9311  51.0000020
 20  0.000 SEC 0.300001  3.6033 0.4472E-03( 94) -3945.9330  51.0000019
 21  0.000 SEC 0.300001  3.6033 0.3116E-03( 94) -3945.9342  51.0000018
 22  0.001 SEC 0.300000  3.6033 0.2227E-03( 94) -3945.9352  51.0000017
 23  0.000 SEC 0.300000  3.6033 0.1552E-03( 94) -3945.9359  51.0000016
 24  0.000 SEC 0.300000  3.6033 0.1103E-03( 94) -3945.9364  51.0000016
 25  0.000 SEC 0.300000  3.6033 0.7682E-04( 94) -3945.9368  51.0000015
0PROBLEM CONVERGED
       ORBIT   ELECTRONS   ENERGY (RYD.)
   1   1S        2.0000   -2224.4020908
   2   2S        2.0000    -338.6264639
   3   2P        6.0000    -304.1647316
   4   3S        2.0000     -66.4348688
   5   3P        6.0000     -55.2043400
   6   3D       10.0000     -38.0254998
   7   4S        2.0000     -11.0117052
   8   4P        6.0000      -7.5649214
   9   4D       10.0000      -2.5632834
  10   5S        2.0000      -1.0395995
  11   5P        3.0000      -0.4507649
0TOTAL CPU TIME =   0.010 SEC
 TIME FOR STACHR     0.009     0.011

 -------   CHARGE DENSITIES HAVE BEEN WRITTEN ON FILE(30).  ------


 ----- NO. OF ELECTRONS INSIDE THE MUFFIN-TIN SPHERE -----
 ELCOM,ELCO 0.459700E+02 0.459700E+02
 EINM,EIN 0.493333E+02 0.493333E+02
                                         M=  0.000,   N= 49.333
                                         M=  0.000,   N= 98.667
  P=           1    MS=           1    COR=   229431.635555060     
   198834.041923323        197897.389667571     
  P=           1    MS=           1    TOT=   229543.716859723     
   198931.189094472        197994.079675649     


 ===== CHARGE DENSITY =====
 AT NUCLEUS                    ON MUFFIN-TIN SPHERE
 CORE           TOTAL          CORE           TOTAL
     0.22943D+06    0.22954D+06    0.10039D-02    0.25267D-01


 ===== SPIN DENSITY =====
 AT NUCLEUS                    ON MUFFIN-TIN SPHERE
 CORE           TOTAL          CORE           TOTAL
     0.00000D+00    0.00000D+00    0.00000D+00    0.00000D+00
  ===========     ==========     ========== 


      QZE(P)         QE(P)          P=1,NKAT
   0.166674E+01   0.290531E+01

 VCOUT=   0.488370E+00ROWAVE=   0.142556E-01
      VEM(MS)=  -0.590523E+00

      VOM(MS)=  -0.102153E+00
                 ...... MUFFIN-TIN ZERO

 VMT(MS,P): UP        DOWN          (POTENTIAL ON THE SPHERE)
 P= 1  -0.481553E+00
 ----------  POTENTIALS HAVE BEEN WRITTEN ON FILE(35).  ------
