  ----- WELCOME TO TSPACE V2.1 1990/10/04 -----
 

 TABLE OF OPERATION CODE
   1   E     X  Y  Z
   2   C6+   W  X  Z
   3   C3+  -Y  W  Z
   4   C2   -X -Y  Z
   5   C3-  -W -X  Z
   6   C6-   Y -W  Z
   7   C211 -W  Y -Z
   8   C221  X  W -Z
   9   C231 -Y -X -Z
  10   C212  W -Y -Z
  11   C222 -X -W -Z
  12   C232  Y  X -Z
  13  IE    -X -Y -Z
  14  IC6+  -W -X -Z
  15  IC3+   Y -W -Z
  16  IC2    X  Y -Z
  17  IC3-   W  X -Z
  18  IC6-  -Y  W -Z
  19  IC211  W -Y  Z
  20  IC221 -X -W  Z
  21  IC231  Y  X  Z
  22  IC212 -W  Y  Z
  23  IC222  X  W  Z
  24  IC232 -Y -X  Z
 

 GROUP TABLE FOR D6H
  1  2  3  4  5  6  7  8  9 10 11 12 13 14 15 16 17 18 19 20 21 22 23 24
  2  3  4  5  6  1 11 12 10  8  9  7 14 15 16 17 18 13 23 24 22 20 21 19
  3  4  5  6  1  2  9  7  8 12 10 11 15 16 17 18 13 14 21 19 20 24 22 23
  4  5  6  1  2  3 10 11 12  7  8  9 16 17 18 13 14 15 22 23 24 19 20 21
  5  6  1  2  3  4  8  9  7 11 12 10 17 18 13 14 15 16 20 21 19 23 24 22
  6  1  2  3  4  5 12 10 11  9  7  8 18 13 14 15 16 17 24 22 23 21 19 20
  7 12  8 10  9 11  1  3  5  4  6  2 19 24 20 22 21 23 13 15 17 16 18 14
  8 10  9 11  7 12  5  1  3  2  4  6 20 22 21 23 19 24 17 13 15 14 16 18
  9 11  7 12  8 10  3  5  1  6  2  4 21 23 19 24 20 22 15 17 13 18 14 16
 10  9 11  7 12  8  4  6  2  1  3  5 22 21 23 19 24 20 16 18 14 13 15 17
 11  7 12  8 10  9  2  4  6  5  1  3 23 19 24 20 22 21 14 16 18 17 13 15
 12  8 10  9 11  7  6  2  4  3  5  1 24 20 22 21 23 19 18 14 16 15 17 13
 13 14 15 16 17 18 19 20 21 22 23 24  1  2  3  4  5  6  7  8  9 10 11 12
 14 15 16 17 18 13 23 24 22 20 21 19  2  3  4  5  6  1 11 12 10  8  9  7
 15 16 17 18 13 14 21 19 20 24 22 23  3  4  5  6  1  2  9  7  8 12 10 11
 16 17 18 13 14 15 22 23 24 19 20 21  4  5  6  1  2  3 10 11 12  7  8  9
 17 18 13 14 15 16 20 21 19 23 24 22  5  6  1  2  3  4  8  9  7 11 12 10
 18 13 14 15 16 17 24 22 23 21 19 20  6  1  2  3  4  5 12 10 11  9  7  8
 19 24 20 22 21 23 13 15 17 16 18 14  7 12  8 10  9 11  1  3  5  4  6  2
 20 22 21 23 19 24 17 13 15 14 16 18  8 10  9 11  7 12  5  1  3  2  4  6
 21 23 19 24 20 22 15 17 13 18 14 16  9 11  7 12  8 10  3  5  1  6  2  4
 22 21 23 19 24 20 16 18 14 13 15 17 10  9 11  7 12  8  4  6  2  1  3  5
 23 19 24 20 22 21 14 16 18 17 13 15 11  7 12  8 10  9  2  4  6  5  1  3
 24 20 22 21 23 19 18 14 16 15 17 13 12  8 10  9 11  7  6  2  4  3  5  1


 INVERS ELEMENTS
  1  6  5  4  3  2  7  8  9 10 11 12 13 18 17 16 15 14 19 20 21 22 23 24





 LATTICE PARAMETERS

  A=   8.14094   B=   8.14094   C=  21.30478


 COS(BC)=   0.00000
 COS(CA)=   0.00000
 COS(AB)=  -0.50000


 LATTICE CONSTANTS ARE SET AS
  A=  8.14094  B=  8.14094  C= 21.30478
 CA=  0.00000 CB=  0.00000 CC= -0.50000
 

 GROUP ELEMENTS
  1   1   E     X  Y  Z  0/1  0/1  0/1
  2   3   C3+  -Y  W  Z  0/1  0/1  0/1
  3   5   C3-  -W -X  Z  0/1  0/1  0/1
  4  10   C212  W -Y -Z  0/1  0/1  0/1
  5  11   C222 -X -W -Z  0/1  0/1  0/1
  6  12   C232  Y  X -Z  0/1  0/1  0/1
  7  13  IE    -X -Y -Z  0/1  0/1  0/1
  8  15  IC3+   Y -W -Z  0/1  0/1  0/1
  9  17  IC3-   W  X -Z  0/1  0/1  0/1
 10  22  IC212 -W  Y  Z  0/1  0/1  0/1
 11  23  IC222  X  W  Z  0/1  0/1  0/1
 12  24  IC232 -Y -X  Z  0/1  0/1  0/1





 NKA= 1    NA= 2

 KIND= 1   ATOM= 1 - 2.



 POSITIONS OF ATOMS -->

     1        0.00000   0.00000   0.23349
     2        0.00000   0.00000   0.76651
           2           1   1.21000000000000        ** 1**
 
 TABLE OF THE TRANSLATION OF ATOMIC POSITION
  1  1  1  2
  2  3  1  2
  3  5  1  2
  4 10  2  1
  5 11  2  1
  6 12  2  1
  7 13  2  1
  8 15  2  1
  9 17  2  1
 10 22  1  2
 11 23  1  2
 12 24  1  2
           2           1   1.21000000000000        ** 2**
1

  0.00000  0.00000  0.23349  8.14094  8.14094 21.30478  1.21000    1
    X        Y        Z       XD       YD       ZD
 -0.33333 -0.66667  0.09984 -0.33333 -0.66667 -0.13365  0.67503   1   2   1   1   1
 -0.33333  0.33333  0.09984 -0.33333  0.33333 -0.13365  0.67503   1   2   2   1   2
  0.66667  0.33333  0.09984  0.66667  0.33333 -0.13365  0.67503   1   2   3   1   3
 -0.66667 -0.33333  0.43318 -0.66667 -0.33333  0.19969  0.77873   1   2   4   2   1
  0.33333 -0.33333  0.43318  0.33333 -0.33333  0.19969  0.77873   1   2   5   2   2
  0.33333  0.66667  0.43318  0.33333  0.66667  0.19969  0.77873   1   2   6   2   3
 -1.00000 -1.00000  0.23349 -1.00000 -1.00000  0.00000  1.00000   1   1   7   3   1
 -1.00000  0.00000  0.23349 -1.00000  0.00000  0.00000  1.00000   1   1   8   3   2
  0.00000 -1.00000  0.23349  0.00000 -1.00000  0.00000  1.00000   1   1   9   3   3
  0.00000  1.00000  0.23349  0.00000  1.00000  0.00000  1.00000   1   1  10   3   4
  1.00000  0.00000  0.23349  1.00000  0.00000  0.00000  1.00000   1   1  11   3   5
  1.00000  1.00000  0.23349  1.00000  1.00000  0.00000  1.00000   1   1  12   3   6
 -0.66667 -0.33333 -0.09984 -0.66667 -0.33333 -0.33333  1.04609   1   1  13   4   1
  0.33333 -0.33333 -0.09984  0.33333 -0.33333 -0.33333  1.04609   1   1  14   4   2
  0.33333  0.66667 -0.09984  0.33333  0.66667 -0.33333  1.04609   1   1  15   4   3
 -0.33333 -0.66667  0.56682 -0.33333 -0.66667  0.33333  1.04609   1   1  16   4   4
 -0.33333  0.33333  0.56682 -0.33333  0.33333  0.33333  1.04609   1   1  17   4   5
  0.66667  0.33333  0.56682  0.66667  0.33333  0.33333  1.04609   1   1  18   4   6
 -1.33333 -0.66667  0.09984 -1.33333 -0.66667 -0.13365  1.20651   1   2  19   5   1
  0.66667 -0.66667  0.09984  0.66667 -0.66667 -0.13365  1.20651   1   2  20   5   2
  0.66667  1.33333  0.09984  0.66667  1.33333 -0.13365  1.20651   1   2  21   5   3
    5
       3       3       6       6       3
  0.6750  0.7787  1.0000  1.0461  1.2065
           2           1   1.21000000000000        ** 3**
           2           1   1.21000000000000        ** 4**
 IK=          15    IE=           4
 IK=          47    IE=           9
 IK=          65    IE=          12
 IK=         139    IE=          21
 IK=         199    IE=          28
 IK=         321    IE=          40
 IK=         441    IE=          53
 IK=         611    IE=          68
 IK=         821    IE=          89
 IK=        1039    IE=         112
 IK=        1321    IE=         135
 IK=        1659    IE=         165
 IK=        2037    IE=         194
 IK=        2525    IE=         232
 (    0    0    0 )  (    1 )      0.00000D+00
 (    0    0   -3 )  (    3 )      0.99277D+00
 (   -1    1    1 )  (    9 )      0.10533D+01
 (   -1    1   -2 )  (   15 )      0.11992D+01
 (   -1    1    4 )  (   21 )      0.16590D+01
 (   -2    1    0 )  (   27 )      0.17321D+01
 (   -1    1   -5 )  (   33 )      0.19333D+01
 (    0    0   -6 )  (   35 )      0.19855D+01
 (   -2    1   -3 )  (   47 )      0.19964D+01
 (   -2    2   -1 )  (   53 )      0.20272D+01
 (   -2    2    2 )  (   59 )      0.21067D+01
 (   -2    2   -4 )  (   65 )      0.23984D+01
 (   -1    1    7 )  (   71 )      0.25231D+01
 (   -2    2    5 )  (   77 )      0.25957D+01
 (   -2    1   -6 )  (   89 )      0.26348D+01
 (   -3    2    1 )  (  101 )      0.26664D+01
 (   -3    2   -2 )  (  113 )      0.27273D+01
 (   -1    1   -8 )  (  119 )      0.28300D+01
 (   -3    2    4 )  (  131 )      0.29584D+01
 (    0    0   -9 )  (  133 )      0.29783D+01
 (   -3    3    0 )  (  139 )      0.30000D+01
 (   -2    2   -7 )  (  145 )      0.30604D+01
 (   -3    2   -5 )  (  157 )      0.31205D+01
 (   -3    3   -3 )  (  169 )      0.31600D+01
 (   -2    2    8 )  (  175 )      0.33179D+01
 (   -2    1   -9 )  (  187 )      0.34453D+01
 (   -1    1   10 )  (  193 )      0.34570D+01
 (   -4    2    0 )  (  199 )      0.34641D+01
 (   -3    2    7 )  (  211 )      0.35165D+01
 (   -3    3   -6 )  (  223 )      0.35976D+01
 (   -4    2   -3 )  (  235 )      0.36036D+01
 (   -4    3   -1 )  (  247 )      0.36207D+01
 (   -4    3    2 )  (  259 )      0.36658D+01
 (   -3    2   -8 )  (  271 )      0.37428D+01
 (   -1    1  -11 )  (  277 )      0.37750D+01
 (   -4    3   -4 )  (  289 )      0.38409D+01
 (   -2    2  -10 )  (  295 )      0.38667D+01
 (   -4    3    5 )  (  307 )      0.39671D+01
 (    0    0  -12 )  (  309 )      0.39711D+01
 (   -4    2   -6 )  (  321 )      0.39928D+01
 (   -4    4    1 )  (  327 )      0.40137D+01
 (   -4    4   -2 )  (  333 )      0.40544D+01
 (   -2    2   11 )  (  339 )      0.41534D+01
 (   -4    4    4 )  (  345 )      0.42133D+01
 (   -3    3   -9 )  (  357 )      0.42273D+01
 (   -3    2   10 )  (  369 )      0.42369D+01
 (   -4    3   -7 )  (  381 )      0.42856D+01
 (   -4    4   -5 )  (  387 )      0.43287D+01
 (   -2    1  -12 )  (  399 )      0.43324D+01
 (   -5    3    1 )  (  411 )      0.43714D+01
 (   -5    3   -2 )  (  423 )      0.44089D+01
 (   -1    1   13 )  (  429 )      0.44167D+01
 (   -4    3    8 )  (  441 )      0.44731D+01
 (   -3    2  -11 )  (  453 )      0.45001D+01
 (   -5    3    4 )  (  465 )      0.45555D+01
 (   -4    2   -9 )  (  477 )      0.45684D+01
 (   -5    4    0 )  (  489 )      0.45826D+01
 (   -4    4    7 )  (  495 )      0.46223D+01
 (   -5    3   -5 )  (  507 )      0.46624D+01
 (   -5    4   -3 )  (  531 )      0.46889D+01
 (   -1    1  -14 )  (  537 )      0.47396D+01
 (   -2    2  -13 )  (  543 )      0.47442D+01
 (   -4    4   -8 )  (  549 )      0.47967D+01
 (   -4    3  -10 )  (  561 )      0.48940D+01
 (   -5    3    7 )  (  573 )      0.49362D+01
 (    0    0  -15 )  (  575 )      0.49639D+01
 (   -3    3  -12 )  (  587 )      0.49769D+01
 (   -5    4   -6 )  (  611 )      0.49942D+01
 (   -5    5   -1 )  (  617 )      0.50109D+01
 (   -5    5    2 )  (  623 )      0.50436D+01
 (   -2    2   14 )  (  629 )      0.50462D+01
 (   -3    2   13 )  (  641 )      0.50505D+01
 (   -5    3   -8 )  (  653 )      0.50999D+01
 (   -4    3   11 )  (  665 )      0.51236D+01
 (   -5    5   -4 )  (  671 )      0.51723D+01
 (   -4    4   10 )  (  677 )      0.51914D+01
 (   -6    3    0 )  (  683 )      0.51962D+01
 (   -2    1  -15 )  (  695 )      0.52574D+01
 (   -5    5    5 )  (  701 )      0.52667D+01
 (   -4    2  -12 )  (  713 )      0.52697D+01
 (   -3    6   -3 )  (  725 )      0.52901D+01
 (   -6    2    1 )  (  737 )      0.53018D+01
 (   -6    4    2 )  (  749 )      0.53327D+01
 (   -3    2  -14 )  (  761 )      0.53352D+01
 (   -1    1   16 )  (  767 )      0.53884D+01
 (   -4    4  -11 )  (  773 )      0.54084D+01
 (   -6    4   -4 )  (  785 )      0.54546D+01
 (   -5    4   -9 )  (  809 )      0.54654D+01
 (   -5    3   10 )  (  821 )      0.54728D+01
 (   -5    5   -7 )  (  827 )      0.55105D+01
 (   -6    4    5 )  (  839 )      0.55442D+01
 (   -6    3   -6 )  (  851 )      0.55626D+01
 (   -5    6    1 )  (  863 )      0.55776D+01
 (   -6    5   -2 )  (  875 )      0.56070D+01
 (   -4    3  -13 )  (  887 )      0.56131D+01
 (   -5    5    8 )  (  893 )      0.56576D+01
 (   -2    2  -16 )  (  899 )      0.56599D+01
 (   -5    3  -11 )  (  911 )      0.56790D+01
 (   -1    1  -17 )  (  917 )      0.57139D+01
 (   -6    5    4 )  (  929 )      0.57230D+01
 (   -6    4   -7 )  (  941 )      0.57763D+01
 (   -3    3  -15 )  (  953 )      0.58000D+01
 (   -6    5   -5 )  (  965 )      0.58084D+01
 (   -4    3   14 )  (  977 )      0.58706D+01
 (   -4    4   13 )  (  983 )      0.58743D+01
 (   -6    4    8 )  (  995 )      0.59168D+01
 (   -3    2   16 )  ( 1007 )      0.59190D+01
 (    0    0  -18 )  ( 1009 )      0.59566D+01
 (   -2    2   17 )  ( 1015 )      0.59706D+01
 (   -6    3   -9 )  ( 1027 )      0.59892D+01
 (   -5    5  -10 )  ( 1033 )      0.59959D+01
 (   -6    6    0 )  ( 1039 )      0.60000D+01
 (   -6    5    7 )  ( 1051 )      0.60304D+01
 (   -4    2  -15 )  ( 1063 )      0.60531D+01
 (   -5    4  -12 )  ( 1087 )      0.60638D+01
 (   -6    6   -3 )  ( 1099 )      0.60816D+01
 (   -7    3   -1 )  ( 1111 )      0.60918D+01
 (   -7    4   -2 )  ( 1123 )      0.61187D+01
 (   -4    4  -14 )  ( 1129 )      0.61208D+01
 (   -5    3   13 )  ( 1141 )      0.61243D+01
 (   -6    5   -8 )  ( 1153 )      0.61651D+01
 (   -5    5   11 )  ( 1159 )      0.61847D+01
 (   -2    1  -18 )  ( 1171 )      0.62033D+01
 (   -3    2  -17 )  ( 1183 )      0.62168D+01
 (   -7    4    4 )  ( 1195 )      0.62251D+01
 (   -6    4  -10 )  ( 1207 )      0.62411D+01
 (   -7    5    0 )  ( 1219 )      0.62450D+01
 (   -7    4   -5 )  ( 1231 )      0.63038D+01
 (   -6    6   -6 )  ( 1243 )      0.63200D+01
 (   -7    5   -3 )  ( 1267 )      0.63234D+01
 (   -5    3  -14 )  ( 1279 )      0.63611D+01
 (   -1    1   19 )  ( 1285 )      0.63666D+01
 (   -4    3  -16 )  ( 1297 )      0.64058D+01
 (   -6    4   11 )  ( 1309 )      0.64227D+01
 (   -6    5   10 )  ( 1321 )      0.64770D+01
 (   -7    4    7 )  ( 1333 )      0.65089D+01
 (   -6    3  -12 )  ( 1345 )      0.65398D+01
 (   -7    5   -6 )  ( 1369 )      0.65530D+01
 (   -7    6   -1 )  ( 1381 )      0.65658D+01
 (   -7    6    2 )  ( 1393 )      0.65908D+01
 (   -5    5  -13 )  ( 1399 )      0.65960D+01
 (   -2    2  -19 )  ( 1405 )      0.65980D+01
 (   -7    4   -8 )  ( 1417 )      0.66339D+01
 (   -4    4   16 )  ( 1423 )      0.66359D+01
 (   -6    5  -11 )  ( 1435 )      0.66521D+01
 (   -3    3  -18 )  ( 1447 )      0.66694D+01
 (   -4    3   17 )  ( 1459 )      0.66820D+01
 (   -7    6   -4 )  ( 1471 )      0.66897D+01
 (   -1    1  -20 )  ( 1477 )      0.66936D+01
 (   -6    6   -9 )  ( 1489 )      0.66985D+01
 (   -5    4  -15 )  ( 1513 )      0.67557D+01
 (   -7    6    5 )  ( 1525 )      0.67630D+01
 (   -5    5   14 )  ( 1531 )      0.68165D+01
 (   -6    4  -13 )  ( 1543 )      0.68196D+01
 (   -3    2   19 )  ( 1555 )      0.68215D+01
 (   -5    3   16 )  ( 1567 )      0.68582D+01
 (   -4    2  -18 )  ( 1579 )      0.68907D+01
 (   -4    4  -17 )  ( 1585 )      0.69028D+01
 (   -2    2   20 )  ( 1591 )      0.69141D+01
 (   -7    5   -9 )  ( 1615 )      0.69188D+01
 (   -7    4   10 )  ( 1627 )      0.69247D+01
 (   -8    4    0 )  ( 1633 )      0.69282D+01
 (    0    0  -21 )  ( 1635 )      0.69494D+01
 (   -7    6   -7 )  ( 1647 )      0.69546D+01
 (   -8    4   -3 )  ( 1659 )      0.69990D+01
 (   -8    5   -1 )  ( 1677 )      0.70078D+01
 (   -8    5    2 )  ( 1695 )      0.70312D+01
 (   -6    4   14 )  ( 1707 )      0.70331D+01
 (   -6    5   13 )  ( 1719 )      0.70361D+01
 (   -7    6    8 )  ( 1731 )      0.70717D+01
 (   -7    4  -11 )  ( 1743 )      0.70888D+01
 (   -5    3  -17 )  ( 1755 )      0.71168D+01
 (   -8    5   -4 )  ( 1773 )      0.71241D+01
 (   -3    2  -20 )  ( 1785 )      0.71277D+01
 (   -2    1  -21 )  ( 1797 )      0.71620D+01
 (   -6    3  -15 )  ( 1809 )      0.71861D+01
 (   -8    5    5 )  ( 1827 )      0.71929D+01
 (   -6    6  -12 )  ( 1839 )      0.71951D+01
 (   -8    4   -6 )  ( 1851 )      0.72071D+01
 (   -8    6    1 )  ( 1863 )      0.72187D+01
 (   -8    6   -2 )  ( 1875 )      0.72414D+01
 (   -6    5  -14 )  ( 1887 )      0.72432D+01
 (   -4    3  -19 )  ( 1899 )      0.72480D+01
 (   -5    5  -16 )  ( 1905 )      0.72825D+01
 (   -8    6    4 )  ( 1917 )      0.73316D+01
 (   -7    6  -10 )  ( 1929 )      0.73451D+01
 (   -1    1   22 )  ( 1935 )      0.73487D+01
 (   -8    5   -7 )  ( 1953 )      0.73733D+01
 (   -8    6   -5 )  ( 1965 )      0.73985D+01
 (   -7    5  -12 )  ( 1989 )      0.74006D+01
 (   -7    4   13 )  ( 2001 )      0.74503D+01
 (   -4    4   19 )  ( 2007 )      0.74521D+01
 (   -8    5    8 )  ( 2025 )      0.74839D+01
 (   -6    4  -16 )  ( 2037 )      0.74856D+01
 (   -7    6   11 )  ( 2049 )      0.75001D+01
 (   -5    4  -18 )  ( 2073 )      0.75154D+01
 (   -5    5   17 )  ( 2079 )      0.75265D+01
 (   -4    3   20 )  ( 2091 )      0.75369D+01
 (   -8    4   -9 )  ( 2103 )      0.75412D+01
 (   -8    7    0 )  ( 2115 )      0.75498D+01
 (   -2    2  -22 )  ( 2121 )      0.75500D+01
 (   -3    3  -21 )  ( 2133 )      0.75693D+01
 (   -8    6    7 )  ( 2145 )      0.75740D+01
 (   -8    7   -3 )  ( 2169 )      0.76148D+01
 (   -7    4  -14 )  ( 2181 )      0.76462D+01
 (   -5    3   19 )  ( 2193 )      0.76507D+01
 (   -1    1  -23 )  ( 2199 )      0.76767D+01
 (   -8    6   -8 )  ( 2211 )      0.76817D+01
 (   -6    5   16 )  ( 2223 )      0.76834D+01
 (   -6    4   17 )  ( 2235 )      0.77233D+01
 (   -4    4  -20 )  ( 2241 )      0.77333D+01
 (   -8    5  -10 )  ( 2259 )      0.77428D+01
 (   -3    2   22 )  ( 2271 )      0.77462D+01
 (   -4    2  -21 )  ( 2283 )      0.77649D+01
 (   -6    6  -15 )  ( 2295 )      0.77872D+01
 (   -8    7   -6 )  ( 2319 )      0.78066D+01
 (   -9    5    1 )  ( 2331 )      0.78173D+01
 (   -9    5   -2 )  ( 2343 )      0.78382D+01
 (   -7    6  -13 )  ( 2355 )      0.78427D+01
 (   -2    2   23 )  ( 2361 )      0.78696D+01
 (   -8    5   11 )  ( 2379 )      0.78899D+01
 (   -6    3  -18 )  ( 2391 )      0.79045D+01
 (   -6    5  -17 )  ( 2403 )      0.79151D+01
 (   -9    5    4 )  ( 2415 )      0.79216D+01
 (   -5    3  -20 )  ( 2427 )      0.79249D+01
 (   -8    6   10 )  ( 2439 )      0.79342D+01
 (   -9    6    0 )  ( 2451 )      0.79373D+01
 (    0    0  -24 )  ( 2453 )      0.79422D+01
 (   -7    5  -15 )  ( 2477 )      0.79775D+01
 (   -9    5   -5 )  ( 2489 )      0.79836D+01
 (   -8    4  -12 )  ( 2501 )      0.79856D+01
 (   -9    6   -3 )  ( 2525 )      0.79991D+01
       381        47     4.29434     1.21000
 0.3902623286705663D+01
           2           1   1.21000000000000        ** 5**
