 WE USE THE DATA ON FILE( 1):  Paramagnetic antimon R\=3m #166                 
 IL= -1   NGEN=  3   INV=  0   IDU=  0
 JA=    3 WITH (    0/  1,    0/  1,    0/  1)
 JA=   10 WITH (    0/  1,    0/  1,    0/  1)
 JA=   13 WITH (    0/  1,    0/  1,    0/  1)
  A, B, C=    8.14094338945000    8.14094338945000   21.30478082003000
 CA,CB,CC=    0.00000000000000    0.00000000000000   -0.50000000000000
 NAT,NKAT,(KION(I),I=1,NKAT)    2    1    2
 I, (RATOM(J,I),J=1,3)    1   0.0000000   0.0000000   0.2334900
 I, (RATOM(J,I),J=1,3)    2   0.0000000   0.0000000   0.7665100
   1  1           3           3           6           6           3

         0.67502588  0.77873067  1.00000000  1.04608504  1.20650733
 TMAD(I,J),I= 1:        3.9026233
 VP,AS=      0.7554604      1.1547005
  ====== ELECTRON NUMBER ====
 TOTAL=    102.00000000  VALENCE=     10.00000000
  ===========================
 IKAT= 1  Z,MASS,RADIUS=  51.00000000 119.54440040   0.00010246
  ----- WELCOME TO TSPACE V2.1 1990/10/04 -----
 LATTICE CONSTANTS ARE SET AS
  A=  8.14094  B=  8.14094  C= 21.30478
 CA=  0.00000 CB=  0.00000 CC= -0.50000
 --- LATTICE PARAMETERS IN REAL SPACE ---------
  A, B, C=    8.1409433894    8.1409433894   21.3047808200
 CA,CB,CC=    0.0000000000    0.0000000000   -0.5000000000
 --- LATTICE PARAMETERS IN RECIPROCAL SPACE ---
  A, B, C=    0.8911986130    0.8911986130    0.2949190306
 CA,CB,CC=    0.0000000000    0.0000000000    0.5000000000
 ----------------------------------------------
 

 GROUP ELEMENTS
  1   1   E     X  Y  Z  0/1  0/1  0/1
  2   3   C3+  -Y  W  Z  0/1  0/1  0/1
  3   5   C3-  -W -X  Z  0/1  0/1  0/1
  4  10   C212  W -Y -Z  0/1  0/1  0/1
  5  11   C222 -X -W -Z  0/1  0/1  0/1
  6  12   C232  Y  X -Z  0/1  0/1  0/1
  7  13  IE    -X -Y -Z  0/1  0/1  0/1
  8  15  IC3+   Y -W -Z  0/1  0/1  0/1
  9  17  IC3-   W  X -Z  0/1  0/1  0/1
 10  22  IC212 -W  Y  Z  0/1  0/1  0/1
 11  23  IC222  X  W  Z  0/1  0/1  0/1
 12  24  IC232 -Y -X  Z  0/1  0/1  0/1
 
 TABLE OF THE TRANSLATION OF ATOMIC POSITION
  1  1  1  2
  2  3  1  2
  3  5  1  2
  4 10  2  1
  5 11  2  1
  6 12  2  1
  7 13  2  1
  8 15  2  1
  9 17  2  1
 10 22  1  2
 11 23  1  2
 12 24  1  2
 IK=          15    IE=           4
 IK=          47    IE=           9
 IK=          65    IE=          12
 IK=         139    IE=          21
 IK=         199    IE=          28
 IK=         321    IE=          40
 (    0    0    0 )  (    1 )      0.00000D+00
 (    0    0   -3 )  (    3 )      0.99277D+00
 (   -1    1    1 )  (    9 )      0.10533D+01
 (   -1    1   -2 )  (   15 )      0.11992D+01
 (   -1    1    4 )  (   21 )      0.16590D+01
 (   -2    1    0 )  (   27 )      0.17321D+01
 (   -1    1   -5 )  (   33 )      0.19333D+01
 (    0    0   -6 )  (   35 )      0.19855D+01
 (   -2    1   -3 )  (   47 )      0.19964D+01
 (   -2    2   -1 )  (   53 )      0.20272D+01
 (   -2    2    2 )  (   59 )      0.21067D+01
 (   -2    2   -4 )  (   65 )      0.23984D+01
 (   -1    1    7 )  (   71 )      0.25231D+01
 (   -2    2    5 )  (   77 )      0.25957D+01
 (   -2    1   -6 )  (   89 )      0.26348D+01
 (   -3    2    1 )  (  101 )      0.26664D+01
 (   -3    2   -2 )  (  113 )      0.27273D+01
 (   -1    1   -8 )  (  119 )      0.28300D+01
 (   -3    2    4 )  (  131 )      0.29584D+01
 (    0    0   -9 )  (  133 )      0.29783D+01
 (   -3    3    0 )  (  139 )      0.30000D+01
 (   -2    2   -7 )  (  145 )      0.30604D+01
 (   -3    2   -5 )  (  157 )      0.31205D+01
 (   -3    3   -3 )  (  169 )      0.31600D+01
 (   -2    2    8 )  (  175 )      0.33179D+01
 (   -2    1   -9 )  (  187 )      0.34453D+01
 (   -1    1   10 )  (  193 )      0.34570D+01
 (   -4    2    0 )  (  199 )      0.34641D+01
 (   -3    2    7 )  (  211 )      0.35165D+01
 (   -3    3   -6 )  (  223 )      0.35976D+01
 (   -4    2   -3 )  (  235 )      0.36036D+01
 (   -4    3   -1 )  (  247 )      0.36207D+01
 (   -4    3    2 )  (  259 )      0.36658D+01
 (   -3    2   -8 )  (  271 )      0.37428D+01
 (   -1    1  -11 )  (  277 )      0.37750D+01
 (   -4    3   -4 )  (  289 )      0.38409D+01
 (   -2    2  -10 )  (  295 )      0.38667D+01
 (   -4    3    5 )  (  307 )      0.39671D+01
 (    0    0  -12 )  (  309 )      0.39711D+01
 (   -4    2   -6 )  (  321 )      0.39928D+01
1
      
 TAPW                 
      
      
 NON-MAGNETIC         
 WITH SPIN-ORBIT      
      
      
  RADIUS OF MT =  0.337512900000000     
  ==== RADIUS OF MT (A.U.) ====
 KIND OF ATOM =  1    S=  2.74767
  =============================
 AMX=  2.9628   LMAX= 7  NNEIG(INITIAL)=  10
 LEVEL   = 1
 IXNAME  =GL  
 ITERDATA= 0
           1         333   2.74767341210910        1.01075452163113     
  -9.00000000000000       6.000000000000000E-002
 ATOM=  1,    R(1)=  0.00012341   R(333)=  2.74767341   SATOM=  2.74767341
      ALATT           WUNIT           VCELL           VOUT
       8.14094339      0.89119861    407.60163470    233.81597419


      RAPW(P)        VIN(P)         CR(P)        ANA(P)  KAT(1,P)  KAT(2,P)
      2.74767341    86.89283026     0.21318077     2.0    1         2

 FA(P1,P2)                                                  FO(P1)
   P1        P2=1,NKAT
    1        0.07570
+                                                           1.36852
  NKP1=          33
  NKP1=          33  NKP0=        2197
 === K POINTS === (NX,NY,NZ)=(  4  4  4) ===== NKP1=   33   NKP2=  192
 (  0  0  0)/  4( 1) (  0  0  1)/  4( 2) (  0  0  2)/  4( 2) (  0  0  3)/  4( 2)
 (  0  0  4)/  4( 2) (  0  0  5)/  4( 2) (  0  0  6)/  4( 1) (  0  1  0)/  4( 6)
 (  0  1  1)/  4( 6) (  0  1  2)/  4( 6) (  0  1  3)/  4( 6) (  0  1  4)/  4( 6)
 (  0  1  5)/  4( 6) (  0  1  6)/  4( 6) (  0  1 -5)/  4( 6) (  0  1 -4)/  4( 6)
 (  0  1 -3)/  4( 6) (  0  1 -2)/  4( 6) (  0  1 -1)/  4( 6) (  0  2  0)/  4( 6)
 (  0  2  1)/  4( 6) (  0  2  2)/  4( 6) (  0  2  3)/  4( 6) (  0  2  4)/  4( 3)
 (  0 -2  1)/  4( 6) (  0  2 -2)/  4( 3) (  1  1  0)/  4( 6) (  1  1  1)/  4(12)
 (  1  1  2)/  4(12) (  1  1  3)/  4(12) (  1  1  4)/  4(12) (  1  1  5)/  4(12)
 (  1  1  6)/  4( 6) (
 ----------  POTENTIALS HAVE BEEN READ  FROM FILE(35).  ----------
0 ========== ITER=  1 ===========================




 ===== CORE STATE CALCULATION =====
 IA=           1    RMAX=R(         353 )=   5.02191845442453     
  ===== EIGENENERGY OF CORE STATE (RYD.) =====
 100        -2223.730973
 200         -337.950806
 210         -303.489351
 300          -65.760408
 310          -54.530000
 320          -37.350753
 400          -10.345796
 410           -6.900607
 420           -1.904823
 IND0= 6 IND1= 0    L= 0   IA= 1  ISP= 1
  0.000  0.100  0.200  0.300  0.400  0.500  0.600  0.700  0.800  0.900  1.000
  0.127  0.100  0.072  0.044  0.016 -0.012 -0.040 -0.068 -0.095 -0.122 -0.148
 -0.360 -0.388 -0.414 -0.437 -0.458 -0.477 -0.492 -0.504 -0.513 -0.518 -0.520
 IND0=11 IND1= 0    L= 1   IA= 1  ISP= 1
  0.500  0.620  0.740  0.860  0.980  1.100  1.220  1.340  1.460  1.580  1.700
 -0.253 -0.229 -0.205 -0.179 -0.153 -0.126 -0.098 -0.070 -0.042 -0.013  0.016
  0.287  0.323  0.358  0.391  0.423  0.452  0.479  0.504  0.525  0.544  0.558
 IND0= 0 IND1=11    L= 2   IA= 1  ISP= 1
  0.100  0.180  0.260  0.340  0.420  0.500  0.580  0.660  0.740  0.820  0.900
  0.504  0.498  0.492  0.486  0.480  0.473  0.466  0.459  0.451  0.444  0.436
  0.226  0.202  0.179  0.155  0.131  0.107  0.083  0.059  0.035  0.011 -0.013
 IND0= 0 IND1= 0    L= 3   IA= 1  ISP= 1
  0.000  0.100  0.200  0.300  0.400  0.500  0.600  0.700  0.800  0.900  1.000
  0.569  0.561  0.552  0.543  0.533  0.523  0.512  0.501  0.490  0.478  0.465
  0.448  0.418  0.388  0.357  0.326  0.296  0.264  0.233  0.201  0.169  0.137
 IND0= 0 IND1= 0    L= 4   IA= 1  ISP= 1
  0.000  0.100  0.200  0.300  0.400  0.500  0.600  0.700  0.800  0.900  1.000
  0.682  0.678  0.673  0.668  0.663  0.658  0.653  0.648  0.643  0.638  0.632
  0.860  0.835  0.809  0.784  0.759  0.733  0.708  0.682  0.656  0.630  0.604
 IND0= 0 IND1= 0    L= 5   IA= 1  ISP= 1
  0.000  0.100  0.200  0.300  0.400  0.500  0.600  0.700  0.800  0.900  1.000
  0.758  0.755  0.752  0.748  0.745  0.741  0.738  0.734  0.730  0.727  0.723
  1.267  1.244  1.221  1.198  1.175  1.152  1.129  1.105  1.082  1.059  1.035
 IND0= 0 IND1= 0    L= 6   IA= 1  ISP= 1
  0.000  0.100  0.200  0.300  0.400  0.500  0.600  0.700  0.800  0.900  1.000
  0.823  0.820  0.817  0.815  0.812  0.809  0.806  0.804  0.801  0.798  0.795
  1.697  1.676  1.654  1.633  1.611  1.590  1.569  1.547  1.525  1.504  1.482
 IND0= 0 IND1= 0    L= 7   IA= 1  ISP= 1
  0.000  0.100  0.200  0.300  0.400  0.500  0.600  0.700  0.800  0.900  1.000
  0.880  0.878  0.875  0.873  0.871  0.869  0.867  0.864  0.862  0.860  0.858
  2.151  2.131  2.111  2.091  2.071  2.051  2.031  2.011  1.990  1.970  1.950
 <<< CPU =     0.000(SEC.) FOR SUB.TSRWF  >>>.   TOTAL CPU =     0.000(SEC.).  
   
   RADIAL INTEGRAL OF SPIN-ORBIT HAMILTONIAN 
   
 ===    1/ 33 ===== (  0  0  0)/  4 ==========
  NO. OF PLANE WAVES =         131
 <<< CPU =     0.000(SEC.) FOR SUB.SOHMTX >>>.   TOTAL CPU =     0.000(SEC.).  
 ===    2/ 33 ===== (  0  0  1)/  4 ==========
  NO. OF PLANE WAVES =         126
 <<< CPU =     0.000(SEC.) FOR SUB.SOHMTX >>>.   TOTAL CPU =     0.000(SEC.).  
 ===    3/ 33 ===== (  0  0  2)/  4 ==========
  NO. OF PLANE WAVES =         126
 <<< CPU =     0.000(SEC.) FOR SUB.SOHMTX >>>.   TOTAL CPU =     0.000(SEC.).  
 ===    4/ 33 ===== (  0  0  3)/  4 ==========
  NO. OF PLANE WAVES =         126
 <<< CPU =     0.000(SEC.) FOR SUB.SOHMTX >>>.   TOTAL CPU =     0.000(SEC.).  
 ===    5/ 33 ===== (  0  0  4)/  4 ==========
  NO. OF PLANE WAVES =         132
 <<< CPU =     0.000(SEC.) FOR SUB.SOHMTX >>>.   TOTAL CPU =     0.000(SEC.).  
 ===    6/ 33 ===== (  0  0  5)/  4 ==========
  NO. OF PLANE WAVES =         132
 <<< CPU =     0.000(SEC.) FOR SUB.SOHMTX >>>.   TOTAL CPU =     0.000(SEC.).  
 ===    7/ 33 ===== (  0  0  6)/  4 ==========
  NO. OF PLANE WAVES =         126
 <<< CPU =     0.000(SEC.) FOR SUB.SOHMTX >>>.   TOTAL CPU =     0.000(SEC.).  
 ===    8/ 33 ===== (  0  1  0)/  4 ==========
  NO. OF PLANE WAVES =         133
 <<< CPU =     0.000(SEC.) FOR SUB.SOHMTX >>>.   TOTAL CPU =     0.000(SEC.).  
 ===    9/ 33 ===== (  0  1  1)/  4 ==========
  NO. OF PLANE WAVES =         131
 <<< CPU =     0.000(SEC.) FOR SUB.SOHMTX >>>.   TOTAL CPU =     0.000(SEC.).  
 ===   10/ 33 ===== (  0  1  2)/  4 ==========
  NO. OF PLANE WAVES =         130
 <<< CPU =     0.000(SEC.) FOR SUB.SOHMTX >>>.   TOTAL CPU =     0.000(SEC.).  
 ===   11/ 33 ===== (  0  1  3)/  4 ==========
  NO. OF PLANE WAVES =         126
 <<< CPU =     0.000(SEC.) FOR SUB.SOHMTX >>>.   TOTAL CPU =     0.000(SEC.).  
 ===   12/ 33 ===== (  0  1  4)/  4 ==========
  NO. OF PLANE WAVES =         130
 <<< CPU =     0.000(SEC.) FOR SUB.SOHMTX >>>.   TOTAL CPU =     0.000(SEC.).  
 ===   13/ 33 ===== (  0  1  5)/  4 ==========
  NO. OF PLANE WAVES =         126
 <<< CPU =     0.000(SEC.) FOR SUB.SOHMTX >>>.   TOTAL CPU =     0.000(SEC.).  
 ===   14/ 33 ===== (  0  1  6)/  4 ==========
  NO. OF PLANE WAVES =         130
 <<< CPU =     0.000(SEC.) FOR SUB.SOHMTX >>>.   TOTAL CPU =     0.000(SEC.).  
 ===   15/ 33 ===== (  0  1 -5)/  4 ==========
  NO. OF PLANE WAVES =         125
 <<< CPU =     0.000(SEC.) FOR SUB.SOHMTX >>>.   TOTAL CPU =     0.000(SEC.).  
 ===   16/ 33 ===== (  0  1 -4)/  4 ==========
  NO. OF PLANE WAVES =         129
 <<< CPU =     0.000(SEC.) FOR SUB.SOHMTX >>>.   TOTAL CPU =     0.000(SEC.).  
 ===   17/ 33 ===== (  0  1 -3)/  4 ==========
  NO. OF PLANE WAVES =         127
 <<< CPU =     0.000(SEC.) FOR SUB.SOHMTX >>>.   TOTAL CPU =     0.000(SEC.).  
 ===   18/ 33 ===== (  0  1 -2)/  4 ==========
  NO. OF PLANE WAVES =         132
 <<< CPU =     0.000(SEC.) FOR SUB.SOHMTX >>>.   TOTAL CPU =     0.000(SEC.).  
 ===   19/ 33 ===== (  0  1 -1)/  4 ==========
  NO. OF PLANE WAVES =         133
 <<< CPU =     0.000(SEC.) FOR SUB.SOHMTX >>>.   TOTAL CPU =     0.000(SEC.).  
 ===   20/ 33 ===== (  0  2  0)/  4 ==========
  NO. OF PLANE WAVES =         131
 <<< CPU =     0.000(SEC.) FOR SUB.SOHMTX >>>.   TOTAL CPU =     0.000(SEC.).  
 ===   21/ 33 ===== (  0  2  1)/  4 ==========
  NO. OF PLANE WAVES =         127
 <<< CPU =     0.000(SEC.) FOR SUB.SOHMTX >>>.   TOTAL CPU =     0.000(SEC.).  
 ===   22/ 33 ===== (  0  2  2)/  4 ==========
  NO. OF PLANE WAVES =         127
 <<< CPU =     0.000(SEC.) FOR SUB.SOHMTX >>>.   TOTAL CPU =     0.000(SEC.).  
 ===   23/ 33 ===== (  0  2  3)/  4 ==========
  NO. OF PLANE WAVES =         121
 <<< CPU =     0.000(SEC.) FOR SUB.SOHMTX >>>.   TOTAL CPU =     0.000(SEC.).  
 ===   24/ 33 ===== (  0  2  4)/  4 ==========
  NO. OF PLANE WAVES =         124
 <<< CPU =     0.000(SEC.) FOR SUB.SOHMTX >>>.   TOTAL CPU =     0.000(SEC.).  
 ===   25/ 33 ===== (  0 -2  1)/  4 ==========
  NO. OF PLANE WAVES =         126
 <<< CPU =     0.000(SEC.) FOR SUB.SOHMTX >>>.   TOTAL CPU =     0.000(SEC.).  
 ===   26/ 33 ===== (  0  2 -2)/  4 ==========
  NO. OF PLANE WAVES =         126
 <<< CPU =     0.000(SEC.) FOR SUB.SOHMTX >>>.   TOTAL CPU =     0.000(SEC.).  
 ===   27/ 33 ===== (  1  1  0)/  4 ==========
  NO. OF PLANE WAVES =         127
 <<< CPU =     0.000(SEC.) FOR SUB.SOHMTX >>>.   TOTAL CPU =     0.000(SEC.).  
 ===   28/ 33 ===== (  1  1  1)/  4 ==========
  NO. OF PLANE WAVES =         129
 <<< CPU =     0.000(SEC.) FOR SUB.SOHMTX >>>.   TOTAL CPU =     0.000(SEC.).  
 ===   29/ 33 ===== (  1  1  2)/  4 ==========
  NO. OF PLANE WAVES =         126
 <<< CPU =     0.000(SEC.) FOR SUB.SOHMTX >>>.   TOTAL CPU =     0.000(SEC.).  
 ===   30/ 33 ===== (  1  1  3)/  4 ==========
  NO. OF PLANE WAVES =         124
 <<< CPU =     0.000(SEC.) FOR SUB.SOHMTX >>>.   TOTAL CPU =     0.000(SEC.).  
 ===   31/ 33 ===== (  1  1  4)/  4 ==========
  NO. OF PLANE WAVES =         122
 <<< CPU =     0.000(SEC.) FOR SUB.SOHMTX >>>.   TOTAL CPU =     0.000(SEC.).  
 ===   32/ 33 ===== (  1  1  5)/  4 ==========
  NO. OF PLANE WAVES =         123
 <<< CPU =     0.000(SEC.) FOR SUB.SOHMTX >>>.   TOTAL CPU =     0.000(SEC.).  
 ===   33/ 33 ===== (  1  1  6)/  4 ==========
  NO. OF PLANE WAVES =         122
 <<< CPU =     0.000(SEC.) FOR SUB.SOHMTX >>>.   TOTAL CPU =     0.000(SEC.).  
 TIME TO GET EIGENSTATES.     0.000     0.000
  EMAX=  0.971617809092338         EMIN= -0.651346256790176     
     FERMI-EN=  0.25305350  DOS=     0.09515  INT.DOS=  10.0000000000
  === DOS OF EACH BAND ===
 SPIN= 1    1    0.000    2    0.000    3    0.000    4    0.000    5    0.000
            6    0.000    7    0.000    8    0.000    9    0.037   10    0.037
           11    0.010   12    0.010   13    0.000   14    0.000   15    0.000
           16    0.000   17    0.000   18    0.000   19    0.000   20    0.000
  === OCCUPATION OF EACH BAND ===
 SPIN= 1    1  1.00000    2  1.00000    3  1.00000    4  1.00000    5  1.00000
            6  1.00000    7  1.00000    8  1.00000    9  0.99998   10  0.99998
           11  0.00002   12  0.00002   13  0.00000   14  0.00000   15  0.00000
           16  0.00000   17  0.00000   18  0.00000   19  0.00000   20  0.00000
   NX=  4  NY=  4  NZ=  4
 NEIG= 20NKP1= 33 NSP=  1
   1/ 33  (  0  0  0 )/  4 SPIN= 1
 -0.6513 -0.6513 -0.1274 -0.1274  0.1176  0.1176  0.1765  0.1765  0.1939  0.1939
  0.4101  0.4101  0.4737  0.4737  0.4945  0.4945  0.6475  0.6475  0.6617  0.6617
   2/ 33  (  0  0  1 )/  4 SPIN= 1
 -0.6466 -0.6466 -0.1489 -0.1489  0.1257  0.1257  0.1820  0.1820  0.1948  0.1948
  0.4004  0.4004  0.4610  0.4610  0.4790  0.4790  0.6178  0.6178  0.6694  0.6694
   3/ 33  (  0  0  2 )/  4 SPIN= 1
 -0.6328 -0.6328 -0.2003 -0.2003  0.1392  0.1392  0.1961  0.1961  0.1976  0.1976
  0.3749  0.3749  0.4301  0.4301  0.4414  0.4414  0.5965  0.5965  0.6949  0.6949
   4/ 33  (  0  0  3 )/  4 SPIN= 1
 -0.6104 -0.6104 -0.2630 -0.2630  0.1510  0.1510  0.2032  0.2032  0.2105  0.2105
  0.3422  0.3422  0.3932  0.3932  0.3971  0.3971  0.6097  0.6097  0.7385  0.7385
   5/ 33  (  0  0  4 )/  4 SPIN= 1
 -0.5809 -0.5809 -0.3256 -0.3256  0.1629  0.1629  0.2120  0.2120  0.2190  0.2190
  0.3105  0.3105  0.3557  0.3557  0.3587  0.3587  0.6537  0.6537  0.7972  0.7972
   6/ 33  (  0  0  5 )/  4 SPIN= 1
 -0.5493 -0.5493 -0.3785 -0.3785  0.1756  0.1756  0.2209  0.2209  0.2228  0.2228
  0.2882  0.2882  0.3240  0.3240  0.3333  0.3333  0.7128  0.7128  0.8699  0.8699
   7/ 33  (  0  0  6 )/  4 SPIN= 1
 -0.5313 -0.5313 -0.4026 -0.4026  0.1826  0.1826  0.2191  0.2191  0.2288  0.2288
  0.2802  0.2802  0.3108  0.3108  0.3239  0.3239  0.7495  0.7495  0.9167  0.9167
   8/ 33  (  0  1  0 )/  4 SPIN= 1
 -0.6068 -0.6068 -0.2382 -0.2382  0.1128  0.1128  0.1537  0.1537  0.2070  0.2070
  0.3108  0.3108  0.4083  0.4083  0.4521  0.4521  0.5590  0.5590  0.7062  0.7062
   9/ 33  (  0  1  1 )/  4 SPIN= 1
 -0.6026 -0.6026 -0.2323 -0.2323  0.0771  0.0771  0.1189  0.1189  0.1780  0.1780
  0.3567  0.3567  0.4318  0.4318  0.4993  0.4993  0.5540  0.5540  0.7521  0.7521
  10/ 33  (  0  1  2 )/  4 SPIN= 1
 -0.5900 -0.5900 -0.2439 -0.2439  0.0464  0.0464  0.0938  0.0938  0.1324  0.1324
  0.4230  0.4230  0.4309  0.4309  0.5284  0.5284  0.5873  0.5873  0.8124  0.8124
  11/ 33  (  0  1  3 )/  4 SPIN= 1
 -0.5694 -0.5694 -0.2743 -0.2743  0.0192  0.0192  0.0758  0.0758  0.1080  0.1080
  0.4236  0.4236  0.4959  0.4959  0.5319  0.5319  0.5956  0.5956  0.8721  0.8721
  12/ 33  (  0  1  4 )/  4 SPIN= 1
 -0.5429 -0.5429 -0.3169 -0.3169 -0.0092 -0.0092  0.0705  0.0705  0.1045  0.1045
  0.4376  0.4376  0.5128  0.5128  0.5445  0.5445  0.5856  0.5856  0.8983  0.8983
  13/ 33  (  0  1  5 )/  4 SPIN= 1
 -0.5142 -0.5142 -0.3597 -0.3597 -0.0327 -0.0327  0.0794  0.0794  0.1149  0.1149
  0.4430  0.4430  0.4883  0.4883  0.5722  0.5722  0.5963  0.5963  0.8536  0.8536
  14/ 33  (  0  1  6 )/  4 SPIN= 1
 -0.4974 -0.4974 -0.3855 -0.3855 -0.0455 -0.0455  0.0976  0.0976  0.1351  0.1351
  0.4180  0.4180  0.4598  0.4598  0.6059  0.6059  0.6293  0.6293  0.7820  0.7820
  15/ 33  (  0  1 -5 )/  4 SPIN= 1
 -0.5103 -0.5103 -0.3750 -0.3750 -0.0429 -0.0429  0.1244  0.1244  0.1644  0.1644
  0.3800  0.3800  0.4224  0.4224  0.6058  0.6058  0.6944  0.6944  0.7328  0.7328
  16/ 33  (  0  1 -4 )/  4 SPIN= 1
 -0.5390 -0.5390 -0.3438 -0.3438 -0.0224 -0.0224  0.1568  0.1568  0.2015  0.2015
  0.3399  0.3399  0.3766  0.3766  0.5813  0.5813  0.6638  0.6638  0.7694  0.7694
  17/ 33  (  0  1 -3 )/  4 SPIN= 1
 -0.5669 -0.5669 -0.3102 -0.3102  0.0177  0.0177  0.1852  0.1852  0.2448  0.2448
  0.3032  0.3032  0.3342  0.3342  0.5284  0.5284  0.6279  0.6279  0.7446  0.7446
  18/ 33  (  0  1 -2 )/  4 SPIN= 1
 -0.5887 -0.5887 -0.2804 -0.2804  0.0744  0.0744  0.1866  0.1866  0.2541  0.2541
  0.2918  0.2918  0.3405  0.3405  0.4513  0.4513  0.6185  0.6185  0.7373  0.7373
  19/ 33  (  0  1 -1 )/  4 SPIN= 1
 -0.6021 -0.6021 -0.2559 -0.2559  0.1294  0.1294  0.1722  0.1722  0.2021  0.2021
  0.3317  0.3317  0.3783  0.3783  0.3969  0.3969  0.6049  0.6049  0.6944  0.6944
  20/ 33  (  0  2  0 )/  4 SPIN= 1
 -0.4883 -0.4883 -0.4047 -0.4047  0.0311  0.0311  0.1030  0.1030  0.1423  0.1423
  0.3685  0.3685  0.4076  0.4076  0.4358  0.4358  0.6219  0.6219  0.8889  0.8889
  21/ 33  (  0  2  1 )/  4 SPIN= 1
 -0.4902 -0.4902 -0.3772 -0.3772 -0.0321 -0.0321  0.0676  0.0676  0.1009  0.1009
  0.4220  0.4220  0.4732  0.4732  0.5376  0.5376  0.5662  0.5662  0.8945  0.8945
  22/ 33  (  0  2  2 )/  4 SPIN= 1
 -0.4890 -0.4890 -0.3501 -0.3501 -0.0806 -0.0806  0.0373  0.0373  0.0698  0.0698
  0.4148  0.4148  0.5291  0.5291  0.5876  0.5876  0.6459  0.6459  0.9095  0.9095
  23/ 33  (  0  2  3 )/  4 SPIN= 1
 -0.4866 -0.4866 -0.3293 -0.3293 -0.1102 -0.1102  0.0156  0.0156  0.0511  0.0511
  0.3835  0.3835  0.5788  0.5788  0.6439  0.6439  0.7219  0.7219  0.9398  0.9398
  24/ 33  (  0  2  4 )/  4 SPIN= 1
 -0.4854 -0.4854 -0.3215 -0.3215 -0.1203 -0.1203  0.0070  0.0070  0.0446  0.0446
  0.3710  0.3710  0.5988  0.5988  0.6686  0.6686  0.7506  0.7506  0.9716  0.9716
  25/ 33  (  0 -2  1 )/  4 SPIN= 1
 -0.4833 -0.4833 -0.4266 -0.4266  0.1029  0.1029  0.1404  0.1404  0.1916  0.1916
  0.3053  0.3053  0.3351  0.3351  0.3471  0.3471  0.7166  0.7166  0.8858  0.8858
  26/ 33  (  0  2 -2 )/  4 SPIN= 1
 -0.4797 -0.4797 -0.4364 -0.4364  0.1511  0.1511  0.1591  0.1591  0.2433  0.2433
  0.2476  0.2476  0.2811  0.2811  0.3160  0.3160  0.7868  0.7868  0.8709  0.8709
  27/ 33  (  1  1  0 )/  4 SPIN= 1
 -0.5223 -0.5223 -0.3534 -0.3534 -0.0154 -0.0154  0.1430  0.1430  0.1675  0.1675
  0.3227  0.3227  0.3592  0.3592  0.5831  0.5831  0.6231  0.6231  0.7682  0.7682
  28/ 33  (  1  1  1 )/  4 SPIN= 1
 -0.5188 -0.5188 -0.3558 -0.3558 -0.0087 -0.0087  0.0933  0.0933  0.1892  0.1892
  0.2996  0.2996  0.4206  0.4206  0.5637  0.5637  0.6129  0.6129  0.7985  0.7985
  29/ 33  (  1  1  2 )/  4 SPIN= 1
 -0.5085 -0.5085 -0.3623 -0.3623 -0.0039 -0.0039  0.0586  0.0586  0.1355  0.1355
  0.3601  0.3601  0.4933  0.4933  0.5272  0.5272  0.5897  0.5897  0.8651  0.8651
  30/ 33  (  1  1  3 )/  4 SPIN= 1
 -0.4927 -0.4927 -0.3711 -0.3711 -0.0328 -0.0328  0.0563  0.0563  0.0936  0.0936
  0.4392  0.4392  0.4848  0.4848  0.5488  0.5488  0.5905  0.5905  0.8512  0.8512
  31/ 33  (  1  1  4 )/  4 SPIN= 1
 -0.4737 -0.4737 -0.3806 -0.3806 -0.0619 -0.0619 -0.0003 -0.0003  0.1404  0.1404
  0.4128  0.4128  0.5359  0.5359  0.5737  0.5737  0.6307  0.6307  0.7797  0.7797
  32/ 33  (  1  1  5 )/  4 SPIN= 1
 -0.4560 -0.4560 -0.3898 -0.3898 -0.0765 -0.0765 -0.0452 -0.0452  0.1980  0.1980
  0.3571  0.3571  0.5668  0.5668  0.6372  0.6372  0.6446  0.6446  0.7308  0.7308
  33/ 33  (  1  1  6 )/  4 SPIN= 1
 -0.4477 -0.4477 -0.3946 -0.3946 -0.0739 -0.0739 -0.0685 -0.0685  0.2346  0.2346
  0.3211  0.3211  0.5930  0.5930  0.6111  0.6111  0.6883  0.6883  0.7138  0.7138
 FERMI LEVEL= 0.253054
 ====== EIGENENERGIES HAVE BEEN WRITTEN ON FILE( 6) =====
 ====== EIGENENERGIES HAVE BEEN WRITTEN ON FILE(40) =====




 ----- NO. OF ELECTRONS INSIDE THE MUFFIN-TIN SPHERE ( NEW  ) ---
 ELCOM,ELCO 0.459675E+02 0.459675E+02
 EINM, EIN  0.494235E+02 0.494235E+02
                               IA=  1   M=  0.000,   N= 49.424
                      (TOTAL IN MT-S)   M=  0.000,   N= 98.847
 (VALENCE) MOMENT=  0.000000000000000E+000     CHARGE=   6.91217287050200     
  ===== RHOUT =  1.348460447242690E-002  0.000000000000000E+000
  EKIN=   27196.5039806314     
    
  ===== TOTAL POTENTIAL ====

      VOM(IS)=  -0.118769D+00

 VIM(IA,IS) : UP        DOWN          (POTENTIAL ON THE SPHERE)
 IA=  1 :  V(UP)=  -0.501730D+00   V(DOWN)=
  ===== (IN MT SPHERE) =====     UP       DOWN
 IA=  1   J=   1    R=   0.123410D-03 :   V*R=  -0.101938D+03   0.000000D+00
 IA=  1   J=  51    R=   0.557328D-03 :   V*R=  -0.101716D+03   0.000000D+00
 IA=  1   J= 101    R=   0.251694D-02 :   V*R=  -0.100690D+03   0.000000D+00
 IA=  1   J= 151    R=   0.113667D-01 :   V*R=  -0.961538D+02   0.000000D+00
 IA=  1   J= 201    R=   0.513328D-01 :   V*R=  -0.803206D+02   0.000000D+00
 IA=  1   J= 251    R=   0.231823D+00 :   V*R=  -0.446862D+02   0.000000D+00
 IA=  1   J= 301    R=   0.104693D+01 :   V*R=  -0.971129D+01   0.000000D+00
  ECLM=  -52440.8546241470         EEXC=  -663.971128654505     
             TOTAL ENERGY =  -25908.3217721701     
 (VALENCE IN MT) MOMENT=      0.00000000  CHARGE=      6.91217287
                               IA=  1   M=  3.4561   N=  3.4561
   CONVERGENCE TEST FOR ITER = 1 ==== R.M.S. OF POTENTIAL DEFFERENCE ====
 IA=  1 (Sb)  IS= 1 : 0.67141D-02
      MAX DIFF OF V*R =-0.55489D-01  AT R(333)= 0.275D+01 WHERE VR=-0.138D+01
 ----------  POTENTIALS HAVE BEEN WRITTEN ON FILE(36).  ------
 ----------  POTENTIALS HAVE BEEN WRITTEN ON FILE(37).  ------
 AMIXCH=  0.100          AMIXMO=  0.100
 ----------  POTENTIALS HAVE BEEN WRITTEN ON FILE(35).  ------
0 ========== ITER=  2 ===========================




 ===== CORE STATE CALCULATION =====
 IA=           1    RMAX=R(         353 )=   5.02191845442453     
  ===== EIGENENERGY OF CORE STATE (RYD.) =====
 100        -2223.739110
 200         -337.958626
 210         -303.497214
 300          -65.767318
 310          -54.536918
 320          -37.357782
 400          -10.350830
 410           -6.905386
 420           -1.908957
 IND0= 6 IND1= 0    L= 0   IA= 1  ISP= 1
  0.000  0.100  0.200  0.300  0.400  0.500  0.600  0.700  0.800  0.900  1.000
  0.126  0.099  0.072  0.044  0.016 -0.013 -0.041 -0.069 -0.096 -0.123 -0.149
 -0.361 -0.389 -0.414 -0.438 -0.459 -0.477 -0.492 -0.504 -0.513 -0.518 -0.520
 IND0=11 IND1= 0    L= 1   IA= 1  ISP= 1
  0.500  0.620  0.740  0.860  0.980  1.100  1.220  1.340  1.460  1.580  1.700
 -0.252 -0.229 -0.204 -0.179 -0.152 -0.125 -0.098 -0.070 -0.041 -0.012  0.016
  0.288  0.324  0.359  0.392  0.423  0.453  0.480  0.504  0.526  0.544  0.559
 IND0= 0 IND1=11    L= 2   IA= 1  ISP= 1
  0.100  0.180  0.260  0.340  0.420  0.500  0.580  0.660  0.740  0.820  0.900
  0.504  0.498  0.492  0.486  0.480  0.473  0.466  0.459  0.451  0.444  0.436
  0.225  0.201  0.178  0.154  0.130  0.106  0.082  0.058  0.034  0.010 -0.014
 IND0= 0 IND1= 0    L= 3   IA= 1  ISP= 1
  0.000  0.100  0.200  0.300  0.400  0.500  0.600  0.700  0.800  0.900  1.000
  0.569  0.561  0.552  0.542  0.533  0.523  0.512  0.501  0.489  0.477  0.464
  0.447  0.417  0.387  0.357  0.326  0.295  0.264  0.232  0.200  0.168  0.136
 IND0= 0 IND1= 0    L= 4   IA= 1  ISP= 1
  0.000  0.100  0.200  0.300  0.400  0.500  0.600  0.700  0.800  0.900  1.000
  0.682  0.677  0.673  0.668  0.663  0.658  0.653  0.648  0.643  0.637  0.632
  0.859  0.834  0.809  0.784  0.758  0.733  0.707  0.681  0.656  0.630  0.604
 IND0= 0 IND1= 0    L= 5   IA= 1  ISP= 1
  0.000  0.100  0.200  0.300  0.400  0.500  0.600  0.700  0.800  0.900  1.000
  0.758  0.755  0.751  0.748  0.745  0.741  0.737  0.734  0.730  0.727  0.723
  1.267  1.244  1.221  1.198  1.175  1.152  1.128  1.105  1.082  1.058  1.035
 IND0= 0 IND1= 0    L= 6   IA= 1  ISP= 1
  0.000  0.100  0.200  0.300  0.400  0.500  0.600  0.700  0.800  0.900  1.000
  0.823  0.820  0.817  0.815  0.812  0.809  0.806  0.804  0.801  0.798  0.795
  1.696  1.675  1.654  1.632  1.611  1.590  1.568  1.546  1.525  1.503  1.481
 IND0= 0 IND1= 0    L= 7   IA= 1  ISP= 1
  0.000  0.100  0.200  0.300  0.400  0.500  0.600  0.700  0.800  0.900  1.000
  0.880  0.878  0.875  0.873  0.871  0.869  0.867  0.864  0.862  0.860  0.858
  2.151  2.131  2.111  2.091  2.071  2.051  2.030  2.010  1.990  1.970  1.949
 <<< CPU =     0.000(SEC.) FOR SUB.TSRWF  >>>.   TOTAL CPU =     0.000(SEC.).  
   
   RADIAL INTEGRAL OF SPIN-ORBIT HAMILTONIAN 
   
 ===    1/ 33 ===== (  0  0  0)/  4 ==========
  NO. OF PLANE WAVES =         131
 <<< CPU =     0.000(SEC.) FOR SUB.SOHMTX >>>.   TOTAL CPU =     0.000(SEC.).  
 ===    2/ 33 ===== (  0  0  1)/  4 ==========
  NO. OF PLANE WAVES =         126
 <<< CPU =     0.000(SEC.) FOR SUB.SOHMTX >>>.   TOTAL CPU =     0.000(SEC.).  
 ===    3/ 33 ===== (  0  0  2)/  4 ==========
  NO. OF PLANE WAVES =         126
 <<< CPU =     0.000(SEC.) FOR SUB.SOHMTX >>>.   TOTAL CPU =     0.000(SEC.).  
 ===    4/ 33 ===== (  0  0  3)/  4 ==========
  NO. OF PLANE WAVES =         126
 <<< CPU =     0.000(SEC.) FOR SUB.SOHMTX >>>.   TOTAL CPU =     0.000(SEC.).  
 ===    5/ 33 ===== (  0  0  4)/  4 ==========
  NO. OF PLANE WAVES =         132
 <<< CPU =     0.000(SEC.) FOR SUB.SOHMTX >>>.   TOTAL CPU =     0.000(SEC.).  
 ===    6/ 33 ===== (  0  0  5)/  4 ==========
  NO. OF PLANE WAVES =         132
 <<< CPU =     0.000(SEC.) FOR SUB.SOHMTX >>>.   TOTAL CPU =     0.000(SEC.).  
 ===    7/ 33 ===== (  0  0  6)/  4 ==========
  NO. OF PLANE WAVES =         126
 <<< CPU =     0.000(SEC.) FOR SUB.SOHMTX >>>.   TOTAL CPU =     0.000(SEC.).  
 ===    8/ 33 ===== (  0  1  0)/  4 ==========
  NO. OF PLANE WAVES =         133
 <<< CPU =     0.000(SEC.) FOR SUB.SOHMTX >>>.   TOTAL CPU =     0.000(SEC.).  
 ===    9/ 33 ===== (  0  1  1)/  4 ==========
  NO. OF PLANE WAVES =         131
 <<< CPU =     0.000(SEC.) FOR SUB.SOHMTX >>>.   TOTAL CPU =     0.000(SEC.).  
 ===   10/ 33 ===== (  0  1  2)/  4 ==========
  NO. OF PLANE WAVES =         130
 <<< CPU =     0.000(SEC.) FOR SUB.SOHMTX >>>.   TOTAL CPU =     0.000(SEC.).  
 ===   11/ 33 ===== (  0  1  3)/  4 ==========
  NO. OF PLANE WAVES =         126
 <<< CPU =     0.000(SEC.) FOR SUB.SOHMTX >>>.   TOTAL CPU =     0.000(SEC.).  
 ===   12/ 33 ===== (  0  1  4)/  4 ==========
  NO. OF PLANE WAVES =         130
 <<< CPU =     0.000(SEC.) FOR SUB.SOHMTX >>>.   TOTAL CPU =     0.000(SEC.).  
 ===   13/ 33 ===== (  0  1  5)/  4 ==========
  NO. OF PLANE WAVES =         126
 <<< CPU =     0.000(SEC.) FOR SUB.SOHMTX >>>.   TOTAL CPU =     0.000(SEC.).  
 ===   14/ 33 ===== (  0  1  6)/  4 ==========
  NO. OF PLANE WAVES =         130
 <<< CPU =     0.000(SEC.) FOR SUB.SOHMTX >>>.   TOTAL CPU =     0.000(SEC.).  
 ===   15/ 33 ===== (  0  1 -5)/  4 ==========
  NO. OF PLANE WAVES =         125
 <<< CPU =     0.000(SEC.) FOR SUB.SOHMTX >>>.   TOTAL CPU =     0.000(SEC.).  
 ===   16/ 33 ===== (  0  1 -4)/  4 ==========
  NO. OF PLANE WAVES =         129
 <<< CPU =     0.000(SEC.) FOR SUB.SOHMTX >>>.   TOTAL CPU =     0.000(SEC.).  
 ===   17/ 33 ===== (  0  1 -3)/  4 ==========
  NO. OF PLANE WAVES =         127
 <<< CPU =     0.000(SEC.) FOR SUB.SOHMTX >>>.   TOTAL CPU =     0.000(SEC.).  
 ===   18/ 33 ===== (  0  1 -2)/  4 ==========
  NO. OF PLANE WAVES =         132
 <<< CPU =     0.000(SEC.) FOR SUB.SOHMTX >>>.   TOTAL CPU =     0.000(SEC.).  
 ===   19/ 33 ===== (  0  1 -1)/  4 ==========
  NO. OF PLANE WAVES =         133
 <<< CPU =     0.000(SEC.) FOR SUB.SOHMTX >>>.   TOTAL CPU =     0.000(SEC.).  
 ===   20/ 33 ===== (  0  2  0)/  4 ==========
  NO. OF PLANE WAVES =         131
 <<< CPU =     0.000(SEC.) FOR SUB.SOHMTX >>>.   TOTAL CPU =     1.000(SEC.).  
 ===   21/ 33 ===== (  0  2  1)/  4 ==========
  NO. OF PLANE WAVES =         127
 <<< CPU =     0.000(SEC.) FOR SUB.SOHMTX >>>.   TOTAL CPU =     1.000(SEC.).  
 ===   22/ 33 ===== (  0  2  2)/  4 ==========
  NO. OF PLANE WAVES =         127
 <<< CPU =     0.000(SEC.) FOR SUB.SOHMTX >>>.   TOTAL CPU =     1.000(SEC.).  
 ===   23/ 33 ===== (  0  2  3)/  4 ==========
  NO. OF PLANE WAVES =         121
 <<< CPU =     0.000(SEC.) FOR SUB.SOHMTX >>>.   TOTAL CPU =     1.000(SEC.).  
 ===   24/ 33 ===== (  0  2  4)/  4 ==========
  NO. OF PLANE WAVES =         124
 <<< CPU =     0.000(SEC.) FOR SUB.SOHMTX >>>.   TOTAL CPU =     1.000(SEC.).  
 ===   25/ 33 ===== (  0 -2  1)/  4 ==========
  NO. OF PLANE WAVES =         126
 <<< CPU =     0.000(SEC.) FOR SUB.SOHMTX >>>.   TOTAL CPU =     1.000(SEC.).  
 ===   26/ 33 ===== (  0  2 -2)/  4 ==========
  NO. OF PLANE WAVES =         126
 <<< CPU =     0.000(SEC.) FOR SUB.SOHMTX >>>.   TOTAL CPU =     1.000(SEC.).  
 ===   27/ 33 ===== (  1  1  0)/  4 ==========
  NO. OF PLANE WAVES =         127
 <<< CPU =     0.000(SEC.) FOR SUB.SOHMTX >>>.   TOTAL CPU =     1.000(SEC.).  
 ===   28/ 33 ===== (  1  1  1)/  4 ==========
  NO. OF PLANE WAVES =         129
 <<< CPU =     0.000(SEC.) FOR SUB.SOHMTX >>>.   TOTAL CPU =     1.000(SEC.).  
 ===   29/ 33 ===== (  1  1  2)/  4 ==========
  NO. OF PLANE WAVES =         126
 <<< CPU =     0.000(SEC.) FOR SUB.SOHMTX >>>.   TOTAL CPU =     1.000(SEC.).  
 ===   30/ 33 ===== (  1  1  3)/  4 ==========
  NO. OF PLANE WAVES =         124
 <<< CPU =     0.000(SEC.) FOR SUB.SOHMTX >>>.   TOTAL CPU =     1.000(SEC.).  
 ===   31/ 33 ===== (  1  1  4)/  4 ==========
  NO. OF PLANE WAVES =         122
 <<< CPU =     0.000(SEC.) FOR SUB.SOHMTX >>>.   TOTAL CPU =     1.000(SEC.).  
 ===   32/ 33 ===== (  1  1  5)/  4 ==========
  NO. OF PLANE WAVES =         123
 <<< CPU =     0.000(SEC.) FOR SUB.SOHMTX >>>.   TOTAL CPU =     1.000(SEC.).  
 ===   33/ 33 ===== (  1  1  6)/  4 ==========
  NO. OF PLANE WAVES =         122
 <<< CPU =     0.000(SEC.) FOR SUB.SOHMTX >>>.   TOTAL CPU =     1.000(SEC.).  
 TIME TO GET EIGENSTATES.     1.000     1.000
  EMAX=  0.969729198888170         EMIN= -0.653314664952233     
     FERMI-EN=  0.25103175  DOS=     0.09438  INT.DOS=  10.0000000000
  === DOS OF EACH BAND ===
 SPIN= 1    1    0.000    2    0.000    3    0.000    4    0.000    5    0.000
            6    0.000    7    0.000    8    0.000    9    0.037   10    0.037
           11    0.010   12    0.010   13    0.000   14    0.000   15    0.000
           16    0.000   17    0.000   18    0.000   19    0.000   20    0.000
  === OCCUPATION OF EACH BAND ===
 SPIN= 1    1  1.00000    2  1.00000    3  1.00000    4  1.00000    5  1.00000
            6  1.00000    7  1.00000    8  1.00000    9  0.99998   10  0.99998
           11  0.00002   12  0.00002   13  0.00000   14  0.00000   15  0.00000
           16  0.00000   17  0.00000   18  0.00000   19  0.00000   20  0.00000
   NX=  4  NY=  4  NZ=  4
 NEIG= 20NKP1= 33 NSP=  1
   1/ 33  (  0  0  0 )/  4 SPIN= 1
 -0.6533 -0.6533 -0.1296 -0.1296  0.1157  0.1157  0.1745  0.1745  0.1919  0.1919
  0.4080  0.4080  0.4717  0.4717  0.4924  0.4924  0.6456  0.6456  0.6598  0.6598
   2/ 33  (  0  0  1 )/  4 SPIN= 1
 -0.6486 -0.6486 -0.1511 -0.1511  0.1237  0.1237  0.1800  0.1800  0.1928  0.1928
  0.3984  0.3984  0.4590  0.4590  0.4770  0.4770  0.6159  0.6159  0.6675  0.6675
   3/ 33  (  0  0  2 )/  4 SPIN= 1
 -0.6348 -0.6348 -0.2024 -0.2024  0.1372  0.1372  0.1941  0.1941  0.1956  0.1956
  0.3729  0.3729  0.4281  0.4281  0.4394  0.4394  0.5947  0.5947  0.6930  0.6930
   4/ 33  (  0  0  3 )/  4 SPIN= 1
 -0.6124 -0.6124 -0.2650 -0.2650  0.1490  0.1490  0.2011  0.2011  0.2084  0.2084
  0.3402  0.3402  0.3912  0.3912  0.3951  0.3951  0.6078  0.6078  0.7366  0.7366
   5/ 33  (  0  0  4 )/  4 SPIN= 1
 -0.5829 -0.5829 -0.3277 -0.3277  0.1609  0.1609  0.2100  0.2100  0.2170  0.2170
  0.3085  0.3085  0.3537  0.3537  0.3567  0.3567  0.6519  0.6519  0.7953  0.7953
   6/ 33  (  0  0  5 )/  4 SPIN= 1
 -0.5513 -0.5513 -0.3805 -0.3805  0.1736  0.1736  0.2188  0.2188  0.2208  0.2208
  0.2862  0.2862  0.3219  0.3219  0.3313  0.3313  0.7109  0.7109  0.8679  0.8679
   7/ 33  (  0  0  6 )/  4 SPIN= 1
 -0.5333 -0.5333 -0.4046 -0.4046  0.1806  0.1806  0.2171  0.2171  0.2267  0.2267
  0.2782  0.2782  0.3088  0.3088  0.3219  0.3219  0.7476  0.7476  0.9148  0.9148
   8/ 33  (  0  1  0 )/  4 SPIN= 1
 -0.6088 -0.6088 -0.2403 -0.2403  0.1108  0.1108  0.1517  0.1517  0.2050  0.2050
  0.3088  0.3088  0.4063  0.4063  0.4501  0.4501  0.5572  0.5572  0.7043  0.7043
   9/ 33  (  0  1  1 )/  4 SPIN= 1
 -0.6046 -0.6046 -0.2345 -0.2345  0.0752  0.0752  0.1169  0.1169  0.1760  0.1760
  0.3547  0.3547  0.4299  0.4299  0.4972  0.4972  0.5521  0.5521  0.7502  0.7502
  10/ 33  (  0  1  2 )/  4 SPIN= 1
 -0.5920 -0.5920 -0.2460 -0.2460  0.0444  0.0444  0.0918  0.0918  0.1305  0.1305
  0.4211  0.4211  0.4288  0.4288  0.5263  0.5263  0.5853  0.5853  0.8105  0.8105
  11/ 33  (  0  1  3 )/  4 SPIN= 1
 -0.5714 -0.5714 -0.2764 -0.2764  0.0173  0.0173  0.0739  0.0739  0.1060  0.1060
  0.4216  0.4216  0.4938  0.4938  0.5299  0.5299  0.5936  0.5936  0.8702  0.8702
  12/ 33  (  0  1  4 )/  4 SPIN= 1
 -0.5449 -0.5449 -0.3190 -0.3190 -0.0112 -0.0112  0.0686  0.0686  0.1025  0.1025
  0.4356  0.4356  0.5107  0.5107  0.5424  0.5424  0.5836  0.5836  0.8964  0.8964
  13/ 33  (  0  1  5 )/  4 SPIN= 1
 -0.5162 -0.5162 -0.3617 -0.3617 -0.0346 -0.0346  0.0775  0.0775  0.1129  0.1129
  0.4409  0.4409  0.4863  0.4863  0.5703  0.5703  0.5943  0.5943  0.8517  0.8517
  14/ 33  (  0  1  6 )/  4 SPIN= 1
 -0.4995 -0.4995 -0.3876 -0.3876 -0.0474 -0.0474  0.0956  0.0956  0.1331  0.1331
  0.4159  0.4159  0.4577  0.4577  0.6038  0.6038  0.6273  0.6273  0.7801  0.7801
  15/ 33  (  0  1 -5 )/  4 SPIN= 1
 -0.5123 -0.5123 -0.3770 -0.3770 -0.0448 -0.0448  0.1224  0.1224  0.1625  0.1625
  0.3779  0.3779  0.4203  0.4203  0.6037  0.6037  0.6925  0.6925  0.7309  0.7309
  16/ 33  (  0  1 -4 )/  4 SPIN= 1
 -0.5410 -0.5410 -0.3459 -0.3459 -0.0243 -0.0243  0.1548  0.1548  0.1995  0.1995
  0.3379  0.3379  0.3746  0.3746  0.5793  0.5793  0.6619  0.6619  0.7675  0.7675
  17/ 33  (  0  1 -3 )/  4 SPIN= 1
 -0.5689 -0.5689 -0.3123 -0.3123  0.0158  0.0158  0.1831  0.1831  0.2428  0.2428
  0.3012  0.3012  0.3321  0.3321  0.5263  0.5263  0.6260  0.6260  0.7427  0.7427
  18/ 33  (  0  1 -2 )/  4 SPIN= 1
 -0.5907 -0.5907 -0.2825 -0.2825  0.0724  0.0724  0.1845  0.1845  0.2520  0.2520
  0.2898  0.2898  0.3385  0.3385  0.4493  0.4493  0.6166  0.6166  0.7354  0.7354
  19/ 33  (  0  1 -1 )/  4 SPIN= 1
 -0.6041 -0.6041 -0.2580 -0.2580  0.1274  0.1274  0.1702  0.1702  0.2001  0.2001
  0.3297  0.3297  0.3763  0.3763  0.3949  0.3949  0.6030  0.6030  0.6924  0.6924
  20/ 33  (  0  2  0 )/  4 SPIN= 1
 -0.4903 -0.4903 -0.4067 -0.4067  0.0292  0.0292  0.1011  0.1011  0.1403  0.1403
  0.3665  0.3665  0.4055  0.4055  0.4338  0.4338  0.6201  0.6201  0.8869  0.8869
  21/ 33  (  0  2  1 )/  4 SPIN= 1
 -0.4922 -0.4922 -0.3793 -0.3793 -0.0341 -0.0341  0.0656  0.0656  0.0989  0.0989
  0.4200  0.4200  0.4712  0.4712  0.5356  0.5356  0.5643  0.5643  0.8925  0.8925
  22/ 33  (  0  2  2 )/  4 SPIN= 1
 -0.4910 -0.4910 -0.3522 -0.3522 -0.0824 -0.0824  0.0353  0.0353  0.0678  0.0678
  0.4129  0.4129  0.5270  0.5270  0.5856  0.5856  0.6438  0.6438  0.9076  0.9076
  23/ 33  (  0  2  3 )/  4 SPIN= 1
 -0.4886 -0.4886 -0.3314 -0.3314 -0.1121 -0.1121  0.0137  0.0137  0.0491  0.0491
  0.3817  0.3817  0.5767  0.5767  0.6418  0.6418  0.7197  0.7197  0.9379  0.9379
  24/ 33  (  0  2  4 )/  4 SPIN= 1
 -0.4875 -0.4875 -0.3237 -0.3237 -0.1222 -0.1222  0.0050  0.0050  0.0427  0.0427
  0.3691  0.3691  0.5967  0.5967  0.6665  0.6665  0.7484  0.7484  0.9697  0.9697
  25/ 33  (  0 -2  1 )/  4 SPIN= 1
 -0.4853 -0.4853 -0.4287 -0.4287  0.1009  0.1009  0.1384  0.1384  0.1897  0.1897
  0.3033  0.3033  0.3331  0.3331  0.3450  0.3450  0.7147  0.7147  0.8839  0.8839
  26/ 33  (  0  2 -2 )/  4 SPIN= 1
 -0.4817 -0.4817 -0.4384 -0.4384  0.1491  0.1491  0.1571  0.1571  0.2413  0.2413
  0.2456  0.2456  0.2792  0.2792  0.3140  0.3140  0.7850  0.7850  0.8690  0.8690
  27/ 33  (  1  1  0 )/  4 SPIN= 1
 -0.5243 -0.5243 -0.3555 -0.3555 -0.0173 -0.0173  0.1410  0.1410  0.1655  0.1655
  0.3207  0.3207  0.3571  0.3571  0.5810  0.5810  0.6213  0.6213  0.7663  0.7663
  28/ 33  (  1  1  1 )/  4 SPIN= 1
 -0.5208 -0.5208 -0.3579 -0.3579 -0.0106 -0.0106  0.0914  0.0914  0.1871  0.1871
  0.2976  0.2976  0.4186  0.4186  0.5617  0.5617  0.6110  0.6110  0.7966  0.7966
  29/ 33  (  1  1  2 )/  4 SPIN= 1
 -0.5105 -0.5105 -0.3644 -0.3644 -0.0059 -0.0059  0.0566  0.0566  0.1335  0.1335
  0.3581  0.3581  0.4912  0.4912  0.5251  0.5251  0.5878  0.5878  0.8632  0.8632
  30/ 33  (  1  1  3 )/  4 SPIN= 1
 -0.4947 -0.4947 -0.3731 -0.3731 -0.0347 -0.0347  0.0544  0.0544  0.0916  0.0916
  0.4371  0.4371  0.4827  0.4827  0.5468  0.5468  0.5884  0.5884  0.8493  0.8493
  31/ 33  (  1  1  4 )/  4 SPIN= 1
 -0.4757 -0.4757 -0.3827 -0.3827 -0.0638 -0.0638 -0.0022 -0.0022  0.1384  0.1384
  0.4108  0.4108  0.5339  0.5339  0.5718  0.5718  0.6286  0.6286  0.7778  0.7778
  32/ 33  (  1  1  5 )/  4 SPIN= 1
 -0.4581 -0.4581 -0.3919 -0.3919 -0.0783 -0.0783 -0.0471 -0.0471  0.1960  0.1960
  0.3550  0.3550  0.5649  0.5649  0.6352  0.6352  0.6425  0.6425  0.7288  0.7288
  33/ 33  (  1  1  6 )/  4 SPIN= 1
 -0.4498 -0.4498 -0.3967 -0.3967 -0.0758 -0.0758 -0.0704 -0.0704  0.2326  0.2326
  0.3191  0.3191  0.5910  0.5910  0.6092  0.6092  0.6863  0.6863  0.7117  0.7117
 FERMI LEVEL= 0.251032
 ====== EIGENENERGIES HAVE BEEN WRITTEN ON FILE( 6) =====
 ====== EIGENENERGIES HAVE BEEN WRITTEN ON FILE(40) =====




 ----- NO. OF ELECTRONS INSIDE THE MUFFIN-TIN SPHERE ( NEW  ) ---
 ELCOM,ELCO 0.459676E+02 0.459676E+02
 EINM, EIN  0.494243E+02 0.494243E+02
                               IA=  1   M=  0.000,   N= 49.424
                      (TOTAL IN MT-S)   M=  0.000,   N= 98.849
 (VALENCE) MOMENT=  0.000000000000000E+000     CHARGE=   6.91341942623721     
  ===== RHOUT =  1.347842438308200E-002  0.000000000000000E+000
  EKIN=   27196.9378701221     
    
  ===== TOTAL POTENTIAL ====

      VOM(IS)=  -0.118901D+00

 VIM(IA,IS) : UP        DOWN          (POTENTIAL ON THE SPHERE)
 IA=  1 :  V(UP)=  -0.501821D+00   V(DOWN)=
  ===== (IN MT SPHERE) =====     UP       DOWN
 IA=  1   J=   1    R=   0.123410D-03 :   V*R=  -0.101938D+03   0.000000D+00
 IA=  1   J=  51    R=   0.557328D-03 :   V*R=  -0.101716D+03   0.000000D+00
 IA=  1   J= 101    R=   0.251694D-02 :   V*R=  -0.100690D+03   0.000000D+00
 IA=  1   J= 151    R=   0.113667D-01 :   V*R=  -0.961537D+02   0.000000D+00
 IA=  1   J= 201    R=   0.513328D-01 :   V*R=  -0.803201D+02   0.000000D+00
 IA=  1   J= 251    R=   0.231823D+00 :   V*R=  -0.446846D+02   0.000000D+00
 IA=  1   J= 301    R=   0.104693D+01 :   V*R=  -0.970931D+01   0.000000D+00
  ECLM=  -52441.2692936453         EEXC=  -663.990309847992     
             TOTAL ENERGY =  -25908.3217333713     
 (VALENCE IN MT) MOMENT=      0.00000000  CHARGE=      6.91341943
                               IA=  1   M=  3.4567   N=  3.4567
   CONVERGENCE TEST FOR ITER = 2 ==== R.M.S. OF POTENTIAL DEFFERENCE ====
 IA=  1 (Sb)  IS= 1 : 0.58765D-02
      MAX DIFF OF V*R =-0.50190D-01  AT R(333)= 0.275D+01 WHERE VR=-0.138D+01
 ----------  POTENTIALS HAVE BEEN WRITTEN ON FILE(36).  ------
 ----------  POTENTIALS HAVE BEEN WRITTEN ON FILE(37).  ------
 AMIXCH=  0.100          AMIXMO=  0.100
 ----------  POTENTIALS HAVE BEEN WRITTEN ON FILE(35).  ------
0 ========== ITER=  3 ===========================




 ===== CORE STATE CALCULATION =====
 IA=           1    RMAX=R(         353 )=   5.02191845442453     
  ===== EIGENENERGY OF CORE STATE (RYD.) =====
 100        -2223.745551
 200         -337.964859
 210         -303.503471
 300          -65.772926
 310          -54.542530
 320          -37.363474
 400          -10.355024
 410           -6.909377
 420           -1.912430
 IND0= 6 IND1= 0    L= 0   IA= 1  ISP= 1
  0.000  0.100  0.200  0.300  0.400  0.500  0.600  0.700  0.800  0.900  1.000
  0.126  0.099  0.071  0.043  0.015 -0.013 -0.041 -0.069 -0.097 -0.123 -0.149
 -0.362 -0.389 -0.415 -0.438 -0.459 -0.477 -0.492 -0.504 -0.513 -0.518 -0.520
 IND0=11 IND1= 0    L= 1   IA= 1  ISP= 1
  0.500  0.620  0.740  0.860  0.980  1.100  1.220  1.340  1.460  1.580  1.700
 -0.252 -0.228 -0.204 -0.178 -0.152 -0.125 -0.097 -0.069 -0.041 -0.012  0.017
  0.289  0.325  0.359  0.392  0.424  0.453  0.480  0.505  0.526  0.544  0.559
 IND0= 0 IND1=11    L= 2   IA= 1  ISP= 1
  0.100  0.180  0.260  0.340  0.420  0.500  0.580  0.660  0.740  0.820  0.900
  0.504  0.498  0.492  0.486  0.479  0.473  0.466  0.458  0.451  0.443  0.435
  0.224  0.201  0.177  0.153  0.130  0.106  0.082  0.058  0.034  0.010 -0.014
 IND0= 0 IND1= 0    L= 3   IA= 1  ISP= 1
  0.000  0.100  0.200  0.300  0.400  0.500  0.600  0.700  0.800  0.900  1.000
  0.569  0.560  0.551  0.542  0.533  0.522  0.512  0.501  0.489  0.477  0.464
  0.446  0.417  0.386  0.356  0.325  0.294  0.263  0.232  0.200  0.168  0.136
 IND0= 0 IND1= 0    L= 4   IA= 1  ISP= 1
  0.000  0.100  0.200  0.300  0.400  0.500  0.600  0.700  0.800  0.900  1.000
  0.682  0.677  0.673  0.668  0.663  0.658  0.653  0.648  0.643  0.637  0.632
  0.859  0.834  0.808  0.783  0.758  0.732  0.707  0.681  0.655  0.629  0.603
 IND0= 0 IND1= 0    L= 5   IA= 1  ISP= 1
  0.000  0.100  0.200  0.300  0.400  0.500  0.600  0.700  0.800  0.900  1.000
  0.758  0.755  0.751  0.748  0.744  0.741  0.737  0.734  0.730  0.726  0.723
  1.266  1.243  1.220  1.197  1.174  1.151  1.128  1.105  1.081  1.058  1.034
 IND0= 0 IND1= 0    L= 6   IA= 1  ISP= 1
  0.000  0.100  0.200  0.300  0.400  0.500  0.600  0.700  0.800  0.900  1.000
  0.823  0.820  0.817  0.815  0.812  0.809  0.806  0.804  0.801  0.798  0.795
  1.696  1.675  1.653  1.632  1.611  1.589  1.568  1.546  1.524  1.503  1.481
 IND0= 0 IND1= 0    L= 7   IA= 1  ISP= 1
  0.000  0.100  0.200  0.300  0.400  0.500  0.600  0.700  0.800  0.900  1.000
  0.880  0.878  0.875  0.873  0.871  0.869  0.867  0.864  0.862  0.860  0.858
  2.150  2.130  2.110  2.090  2.070  2.050  2.030  2.010  1.990  1.969  1.949
 <<< CPU =     0.000(SEC.) FOR SUB.TSRWF  >>>.   TOTAL CPU =     1.000(SEC.).  
   
   RADIAL INTEGRAL OF SPIN-ORBIT HAMILTONIAN 
   
 ===    1/ 33 ===== (  0  0  0)/  4 ==========
  NO. OF PLANE WAVES =         131
 <<< CPU =     0.000(SEC.) FOR SUB.SOHMTX >>>.   TOTAL CPU =     1.000(SEC.).  
 ===    2/ 33 ===== (  0  0  1)/  4 ==========
  NO. OF PLANE WAVES =         126
 <<< CPU =     0.000(SEC.) FOR SUB.SOHMTX >>>.   TOTAL CPU =     1.000(SEC.).  
 ===    3/ 33 ===== (  0  0  2)/  4 ==========
  NO. OF PLANE WAVES =         126
 <<< CPU =     0.000(SEC.) FOR SUB.SOHMTX >>>.   TOTAL CPU =     1.000(SEC.).  
 ===    4/ 33 ===== (  0  0  3)/  4 ==========
  NO. OF PLANE WAVES =         126
 <<< CPU =     0.000(SEC.) FOR SUB.SOHMTX >>>.   TOTAL CPU =     1.000(SEC.).  
 ===    5/ 33 ===== (  0  0  4)/  4 ==========
  NO. OF PLANE WAVES =         132
 <<< CPU =     0.000(SEC.) FOR SUB.SOHMTX >>>.   TOTAL CPU =     1.000(SEC.).  
 ===    6/ 33 ===== (  0  0  5)/  4 ==========
  NO. OF PLANE WAVES =         132
 <<< CPU =     0.000(SEC.) FOR SUB.SOHMTX >>>.   TOTAL CPU =     1.000(SEC.).  
 ===    7/ 33 ===== (  0  0  6)/  4 ==========
  NO. OF PLANE WAVES =         126
 <<< CPU =     0.000(SEC.) FOR SUB.SOHMTX >>>.   TOTAL CPU =     1.000(SEC.).  
 ===    8/ 33 ===== (  0  1  0)/  4 ==========
  NO. OF PLANE WAVES =         133
 <<< CPU =     0.000(SEC.) FOR SUB.SOHMTX >>>.   TOTAL CPU =     1.000(SEC.).  
 ===    9/ 33 ===== (  0  1  1)/  4 ==========
  NO. OF PLANE WAVES =         131
 <<< CPU =     0.000(SEC.) FOR SUB.SOHMTX >>>.   TOTAL CPU =     1.000(SEC.).  
 ===   10/ 33 ===== (  0  1  2)/  4 ==========
  NO. OF PLANE WAVES =         130
 <<< CPU =     0.000(SEC.) FOR SUB.SOHMTX >>>.   TOTAL CPU =     1.000(SEC.).  
 ===   11/ 33 ===== (  0  1  3)/  4 ==========
  NO. OF PLANE WAVES =         126
 <<< CPU =     0.000(SEC.) FOR SUB.SOHMTX >>>.   TOTAL CPU =     1.000(SEC.).  
 ===   12/ 33 ===== (  0  1  4)/  4 ==========
  NO. OF PLANE WAVES =         130
 <<< CPU =     0.000(SEC.) FOR SUB.SOHMTX >>>.   TOTAL CPU =     1.000(SEC.).  
 ===   13/ 33 ===== (  0  1  5)/  4 ==========
  NO. OF PLANE WAVES =         126
 <<< CPU =     0.000(SEC.) FOR SUB.SOHMTX >>>.   TOTAL CPU =     1.000(SEC.).  
 ===   14/ 33 ===== (  0  1  6)/  4 ==========
  NO. OF PLANE WAVES =         130
 <<< CPU =     0.000(SEC.) FOR SUB.SOHMTX >>>.   TOTAL CPU =     1.000(SEC.).  
 ===   15/ 33 ===== (  0  1 -5)/  4 ==========
  NO. OF PLANE WAVES =         125
 <<< CPU =     0.000(SEC.) FOR SUB.SOHMTX >>>.   TOTAL CPU =     1.000(SEC.).  
 ===   16/ 33 ===== (  0  1 -4)/  4 ==========
  NO. OF PLANE WAVES =         129
 <<< CPU =     0.000(SEC.) FOR SUB.SOHMTX >>>.   TOTAL CPU =     1.000(SEC.).  
 ===   17/ 33 ===== (  0  1 -3)/  4 ==========
  NO. OF PLANE WAVES =         127
 <<< CPU =     0.000(SEC.) FOR SUB.SOHMTX >>>.   TOTAL CPU =     1.000(SEC.).  
 ===   18/ 33 ===== (  0  1 -2)/  4 ==========
  NO. OF PLANE WAVES =         132
 <<< CPU =     0.000(SEC.) FOR SUB.SOHMTX >>>.   TOTAL CPU =     1.000(SEC.).  
 ===   19/ 33 ===== (  0  1 -1)/  4 ==========
  NO. OF PLANE WAVES =         133
 <<< CPU =     0.000(SEC.) FOR SUB.SOHMTX >>>.   TOTAL CPU =     1.000(SEC.).  
 ===   20/ 33 ===== (  0  2  0)/  4 ==========
  NO. OF PLANE WAVES =         131
 <<< CPU =     0.000(SEC.) FOR SUB.SOHMTX >>>.   TOTAL CPU =     1.000(SEC.).  
 ===   21/ 33 ===== (  0  2  1)/  4 ==========
  NO. OF PLANE WAVES =         127
 <<< CPU =     0.000(SEC.) FOR SUB.SOHMTX >>>.   TOTAL CPU =     1.000(SEC.).  
 ===   22/ 33 ===== (  0  2  2)/  4 ==========
  NO. OF PLANE WAVES =         127
 <<< CPU =     0.000(SEC.) FOR SUB.SOHMTX >>>.   TOTAL CPU =     1.000(SEC.).  
 ===   23/ 33 ===== (  0  2  3)/  4 ==========
  NO. OF PLANE WAVES =         121
 <<< CPU =     0.000(SEC.) FOR SUB.SOHMTX >>>.   TOTAL CPU =     1.000(SEC.).  
 ===   24/ 33 ===== (  0  2  4)/  4 ==========
  NO. OF PLANE WAVES =         124
 <<< CPU =     0.000(SEC.) FOR SUB.SOHMTX >>>.   TOTAL CPU =     1.000(SEC.).  
 ===   25/ 33 ===== (  0 -2  1)/  4 ==========
  NO. OF PLANE WAVES =         126
 <<< CPU =     0.000(SEC.) FOR SUB.SOHMTX >>>.   TOTAL CPU =     1.000(SEC.).  
 ===   26/ 33 ===== (  0  2 -2)/  4 ==========
  NO. OF PLANE WAVES =         126
 <<< CPU =     0.000(SEC.) FOR SUB.SOHMTX >>>.   TOTAL CPU =     1.000(SEC.).  
 ===   27/ 33 ===== (  1  1  0)/  4 ==========
  NO. OF PLANE WAVES =         127
 <<< CPU =     0.000(SEC.) FOR SUB.SOHMTX >>>.   TOTAL CPU =     1.000(SEC.).  
 ===   28/ 33 ===== (  1  1  1)/  4 ==========
  NO. OF PLANE WAVES =         129
 <<< CPU =     0.000(SEC.) FOR SUB.SOHMTX >>>.   TOTAL CPU =     1.000(SEC.).  
 ===   29/ 33 ===== (  1  1  2)/  4 ==========
  NO. OF PLANE WAVES =         126
 <<< CPU =     0.000(SEC.) FOR SUB.SOHMTX >>>.   TOTAL CPU =     1.000(SEC.).  
 ===   30/ 33 ===== (  1  1  3)/  4 ==========
  NO. OF PLANE WAVES =         124
 <<< CPU =     0.000(SEC.) FOR SUB.SOHMTX >>>.   TOTAL CPU =     1.000(SEC.).  
 ===   31/ 33 ===== (  1  1  4)/  4 ==========
  NO. OF PLANE WAVES =         122
 <<< CPU =     0.000(SEC.) FOR SUB.SOHMTX >>>.   TOTAL CPU =     1.000(SEC.).  
 ===   32/ 33 ===== (  1  1  5)/  4 ==========
  NO. OF PLANE WAVES =         123
 <<< CPU =     0.000(SEC.) FOR SUB.SOHMTX >>>.   TOTAL CPU =     1.000(SEC.).  
 ===   33/ 33 ===== (  1  1  6)/  4 ==========
  NO. OF PLANE WAVES =         122
 <<< CPU =     0.000(SEC.) FOR SUB.SOHMTX >>>.   TOTAL CPU =     1.000(SEC.).  
 TIME TO GET EIGENSTATES.     0.000     1.000
  EMAX=  0.968042258232735         EMIN= -0.655055032107837     
     FERMI-EN=  0.24924298  DOS=     0.09378  INT.DOS=  10.0000000000
  === DOS OF EACH BAND ===
 SPIN= 1    1    0.000    2    0.000    3    0.000    4    0.000    5    0.000
            6    0.000    7    0.000    8    0.000    9    0.037   10    0.037
           11    0.010   12    0.010   13    0.000   14    0.000   15    0.000
           16    0.000   17    0.000   18    0.000   19    0.000   20    0.000
  === OCCUPATION OF EACH BAND ===
 SPIN= 1    1  1.00000    2  1.00000    3  1.00000    4  1.00000    5  1.00000
            6  1.00000    7  1.00000    8  1.00000    9  0.99998   10  0.99998
           11  0.00002   12  0.00002   13  0.00000   14  0.00000   15  0.00000
           16  0.00000   17  0.00000   18  0.00000   19  0.00000   20  0.00000
   NX=  4  NY=  4  NZ=  4
 NEIG= 20NKP1= 33 NSP=  1
   1/ 33  (  0  0  0 )/  4 SPIN= 1
 -0.6551 -0.6551 -0.1315 -0.1315  0.1139  0.1139  0.1727  0.1727  0.1901  0.1901
  0.4062  0.4062  0.4699  0.4699  0.4906  0.4906  0.6439  0.6439  0.6581  0.6581
   2/ 33  (  0  0  1 )/  4 SPIN= 1
 -0.6504 -0.6504 -0.1529 -0.1529  0.1219  0.1219  0.1782  0.1782  0.1910  0.1910
  0.3966  0.3966  0.4572  0.4572  0.4752  0.4752  0.6142  0.6142  0.6658  0.6658
   3/ 33  (  0  0  2 )/  4 SPIN= 1
 -0.6366 -0.6366 -0.2042 -0.2042  0.1354  0.1354  0.1923  0.1923  0.1938  0.1938
  0.3711  0.3711  0.4263  0.4263  0.4376  0.4376  0.5930  0.5930  0.6912  0.6912
   4/ 33  (  0  0  3 )/  4 SPIN= 1
 -0.6141 -0.6141 -0.2668 -0.2668  0.1472  0.1472  0.1993  0.1993  0.2066  0.2066
  0.3384  0.3384  0.3894  0.3894  0.3933  0.3933  0.6062  0.6062  0.7349  0.7349
   5/ 33  (  0  0  4 )/  4 SPIN= 1
 -0.5847 -0.5847 -0.3295 -0.3295  0.1591  0.1591  0.2082  0.2082  0.2152  0.2152
  0.3067  0.3067  0.3519  0.3519  0.3549  0.3549  0.6502  0.6502  0.7936  0.7936
   6/ 33  (  0  0  5 )/  4 SPIN= 1
 -0.5530 -0.5530 -0.3823 -0.3823  0.1718  0.1718  0.2171  0.2171  0.2190  0.2190
  0.2844  0.2844  0.3202  0.3202  0.3296  0.3296  0.7092  0.7092  0.8662  0.8662
   7/ 33  (  0  0  6 )/  4 SPIN= 1
 -0.5351 -0.5351 -0.4063 -0.4063  0.1788  0.1788  0.2153  0.2153  0.2249  0.2249
  0.2765  0.2765  0.3071  0.3071  0.3201  0.3201  0.7459  0.7459  0.9131  0.9131
   8/ 33  (  0  1  0 )/  4 SPIN= 1
 -0.6106 -0.6106 -0.2421 -0.2421  0.1090  0.1090  0.1499  0.1499  0.2032  0.2032
  0.3071  0.3071  0.4045  0.4045  0.4483  0.4483  0.5555  0.5555  0.7025  0.7025
   9/ 33  (  0  1  1 )/  4 SPIN= 1
 -0.6064 -0.6064 -0.2363 -0.2363  0.0734  0.0734  0.1152  0.1152  0.1742  0.1742
  0.3529  0.3529  0.4281  0.4281  0.4955  0.4955  0.5504  0.5504  0.7485  0.7485
  10/ 33  (  0  1  2 )/  4 SPIN= 1
 -0.5938 -0.5938 -0.2478 -0.2478  0.0427  0.0427  0.0900  0.0900  0.1287  0.1287
  0.4194  0.4194  0.4270  0.4270  0.5245  0.5245  0.5835  0.5835  0.8088  0.8088
  11/ 33  (  0  1  3 )/  4 SPIN= 1
 -0.5732 -0.5732 -0.2783 -0.2783  0.0156  0.0156  0.0721  0.0721  0.1043  0.1043
  0.4199  0.4199  0.4919  0.4919  0.5281  0.5281  0.5918  0.5918  0.8685  0.8685
  12/ 33  (  0  1  4 )/  4 SPIN= 1
 -0.5467 -0.5467 -0.3208 -0.3208 -0.0129 -0.0129  0.0668  0.0668  0.1007  0.1007
  0.4339  0.4339  0.5089  0.5089  0.5406  0.5406  0.5818  0.5818  0.8947  0.8947
  13/ 33  (  0  1  5 )/  4 SPIN= 1
 -0.5180 -0.5180 -0.3635 -0.3635 -0.0363 -0.0363  0.0757  0.0757  0.1112  0.1112
  0.4391  0.4391  0.4844  0.4844  0.5685  0.5685  0.5924  0.5924  0.8500  0.8500
  14/ 33  (  0  1  6 )/  4 SPIN= 1
 -0.5013 -0.5013 -0.3894 -0.3894 -0.0491 -0.0491  0.0939  0.0939  0.1314  0.1314
  0.4141  0.4141  0.4559  0.4559  0.6020  0.6020  0.6256  0.6256  0.7784  0.7784
  15/ 33  (  0  1 -5 )/  4 SPIN= 1
 -0.5141 -0.5141 -0.3788 -0.3788 -0.0465 -0.0465  0.1207  0.1207  0.1607  0.1607
  0.3761  0.3761  0.4185  0.4185  0.6019  0.6019  0.6908  0.6908  0.7292  0.7292
  16/ 33  (  0  1 -4 )/  4 SPIN= 1
 -0.5428 -0.5428 -0.3477 -0.3477 -0.0260 -0.0260  0.1530  0.1530  0.1978  0.1978
  0.3361  0.3361  0.3727  0.3727  0.5774  0.5774  0.6602  0.6602  0.7658  0.7658
  17/ 33  (  0  1 -3 )/  4 SPIN= 1
 -0.5706 -0.5706 -0.3141 -0.3141  0.0141  0.0141  0.1813  0.1813  0.2411  0.2411
  0.2994  0.2994  0.3304  0.3304  0.5245  0.5245  0.6243  0.6243  0.7410  0.7410
  18/ 33  (  0  1 -2 )/  4 SPIN= 1
 -0.5925 -0.5925 -0.2843 -0.2843  0.0707  0.0707  0.1827  0.1827  0.2502  0.2502
  0.2880  0.2880  0.3367  0.3367  0.4475  0.4475  0.6149  0.6149  0.7337  0.7337
  19/ 33  (  0  1 -1 )/  4 SPIN= 1
 -0.6058 -0.6058 -0.2598 -0.2598  0.1257  0.1257  0.1684  0.1684  0.1983  0.1983
  0.3279  0.3279  0.3745  0.3745  0.3931  0.3931  0.6014  0.6014  0.6907  0.6907
  20/ 33  (  0  2  0 )/  4 SPIN= 1
 -0.4921 -0.4921 -0.4085 -0.4085  0.0275  0.0275  0.0993  0.0993  0.1385  0.1385
  0.3647  0.3647  0.4037  0.4037  0.4320  0.4320  0.6184  0.6184  0.8852  0.8852
  21/ 33  (  0  2  1 )/  4 SPIN= 1
 -0.4940 -0.4940 -0.3811 -0.3811 -0.0358 -0.0358  0.0639  0.0639  0.0972  0.0972
  0.4182  0.4182  0.4694  0.4694  0.5338  0.5338  0.5626  0.5626  0.8908  0.8908
  22/ 33  (  0  2  2 )/  4 SPIN= 1
 -0.4928 -0.4928 -0.3540 -0.3540 -0.0841 -0.0841  0.0336  0.0336  0.0661  0.0661
  0.4111  0.4111  0.5252  0.5252  0.5838  0.5838  0.6419  0.6419  0.9059  0.9059
  23/ 33  (  0  2  3 )/  4 SPIN= 1
 -0.4904 -0.4904 -0.3332 -0.3332 -0.1138 -0.1138  0.0120  0.0120  0.0474  0.0474
  0.3800  0.3800  0.5749  0.5749  0.6400  0.6400  0.7178  0.7178  0.9362  0.9362
  24/ 33  (  0  2  4 )/  4 SPIN= 1
 -0.4893 -0.4893 -0.3255 -0.3255 -0.1239 -0.1239  0.0033  0.0033  0.0410  0.0410
  0.3675  0.3675  0.5949  0.5949  0.6647  0.6647  0.7466  0.7466  0.9680  0.9680
  25/ 33  (  0 -2  1 )/  4 SPIN= 1
 -0.4871 -0.4871 -0.4305 -0.4305  0.0991  0.0991  0.1366  0.1366  0.1879  0.1879
  0.3015  0.3015  0.3313  0.3313  0.3433  0.3433  0.7131  0.7131  0.8822  0.8822
  26/ 33  (  0  2 -2 )/  4 SPIN= 1
 -0.4835 -0.4835 -0.4402 -0.4402  0.1473  0.1473  0.1554  0.1554  0.2396  0.2396
  0.2439  0.2439  0.2774  0.2774  0.3122  0.3122  0.7833  0.7833  0.8672  0.8672
  27/ 33  (  1  1  0 )/  4 SPIN= 1
 -0.5260 -0.5260 -0.3573 -0.3573 -0.0190 -0.0190  0.1393  0.1393  0.1638  0.1638
  0.3189  0.3189  0.3553  0.3553  0.5792  0.5792  0.6196  0.6196  0.7646  0.7646
  28/ 33  (  1  1  1 )/  4 SPIN= 1
 -0.5226 -0.5226 -0.3597 -0.3597 -0.0124 -0.0124  0.0897  0.0897  0.1854  0.1854
  0.2959  0.2959  0.4168  0.4168  0.5599  0.5599  0.6093  0.6093  0.7949  0.7949
  29/ 33  (  1  1  2 )/  4 SPIN= 1
 -0.5123 -0.5123 -0.3662 -0.3662 -0.0076 -0.0076  0.0549  0.0549  0.1318  0.1318
  0.3564  0.3564  0.4894  0.4894  0.5233  0.5233  0.5861  0.5861  0.8615  0.8615
  30/ 33  (  1  1  3 )/  4 SPIN= 1
 -0.4965 -0.4965 -0.3750 -0.3750 -0.0364 -0.0364  0.0526  0.0526  0.0899  0.0899
  0.4353  0.4353  0.4809  0.4809  0.5451  0.5451  0.5866  0.5866  0.8476  0.8476
  31/ 33  (  1  1  4 )/  4 SPIN= 1
 -0.4775 -0.4775 -0.3845 -0.3845 -0.0655 -0.0655 -0.0039 -0.0039  0.1367  0.1367
  0.4090  0.4090  0.5321  0.5321  0.5700  0.5700  0.6268  0.6268  0.7761  0.7761
  32/ 33  (  1  1  5 )/  4 SPIN= 1
 -0.4599 -0.4599 -0.3937 -0.3937 -0.0800 -0.0800 -0.0488 -0.0488  0.1942  0.1942
  0.3533  0.3533  0.5631  0.5631  0.6334  0.6334  0.6407  0.6407  0.7270  0.7270
  33/ 33  (  1  1  6 )/  4 SPIN= 1
 -0.4516 -0.4516 -0.3985 -0.3985 -0.0775 -0.0775 -0.0721 -0.0721  0.2308  0.2308
  0.3173  0.3173  0.5893  0.5893  0.6074  0.6074  0.6844  0.6844  0.7099  0.7099
 FERMI LEVEL= 0.249243
 ====== EIGENENERGIES HAVE BEEN WRITTEN ON FILE( 6) =====
 ====== EIGENENERGIES HAVE BEEN WRITTEN ON FILE(40) =====




 ----- NO. OF ELECTRONS INSIDE THE MUFFIN-TIN SPHERE ( NEW  ) ---
 ELCOM,ELCO 0.459676E+02 0.459676E+02
 EINM, EIN  0.494248E+02 0.494248E+02
                               IA=  1   M=  0.000,   N= 49.425
                      (TOTAL IN MT-S)   M=  0.000,   N= 98.850
 (VALENCE) MOMENT=  0.000000000000000E+000     CHARGE=   6.91436970134671     
  ===== RHOUT =  1.347368675064023E-002  0.000000000000000E+000
  EKIN=   27197.2737301132     
    
  ===== TOTAL POTENTIAL ====

      VOM(IS)=  -0.119002D+00

 VIM(IA,IS) : UP        DOWN          (POTENTIAL ON THE SPHERE)
 IA=  1 :  V(UP)=  -0.501897D+00   V(DOWN)=
  ===== (IN MT SPHERE) =====     UP       DOWN
 IA=  1   J=   1    R=   0.123410D-03 :   V*R=  -0.101938D+03   0.000000D+00
 IA=  1   J=  51    R=   0.557328D-03 :   V*R=  -0.101716D+03   0.000000D+00
 IA=  1   J= 101    R=   0.251694D-02 :   V*R=  -0.100690D+03   0.000000D+00
 IA=  1   J= 151    R=   0.113667D-01 :   V*R=  -0.961536D+02   0.000000D+00
 IA=  1   J= 201    R=   0.513328D-01 :   V*R=  -0.803198D+02   0.000000D+00
 IA=  1   J= 251    R=   0.231823D+00 :   V*R=  -0.446833D+02   0.000000D+00
 IA=  1   J= 301    R=   0.104693D+01 :   V*R=  -0.970776D+01   0.000000D+00
  ECLM=  -52441.5900280661         EEXC=  -664.005327783287     
             TOTAL ENERGY =  -25908.3216257361     
 (VALENCE IN MT) MOMENT=      0.00000000  CHARGE=      6.91436970
                               IA=  1   M=  3.4572   N=  3.4572
   CONVERGENCE TEST FOR ITER = 3 ==== R.M.S. OF POTENTIAL DEFFERENCE ====
 IA=  1 (Sb)  IS= 1 : 0.51650D-02
      MAX DIFF OF V*R =-0.45380D-01  AT R(333)= 0.275D+01 WHERE VR=-0.138D+01
 ----------  POTENTIALS HAVE BEEN WRITTEN ON FILE(36).  ------
 ----------  POTENTIALS HAVE BEEN WRITTEN ON FILE(37).  ------
 AMIXCH=  0.100          AMIXMO=  0.100
 ----------  POTENTIALS HAVE BEEN WRITTEN ON FILE(35).  ------
0 ========== ITER=  4 ===========================




 ===== CORE STATE CALCULATION =====
 IA=           1    RMAX=R(         353 )=   5.02191845442453     
  ===== EIGENENERGY OF CORE STATE (RYD.) =====
 100        -2223.750661
 200         -337.969839
 210         -303.508462
 300          -65.777494
 310          -54.547100
 320          -37.368099
 400          -10.358534
 410           -6.912726
 420           -1.915362
 IND0= 6 IND1= 0    L= 0   IA= 1  ISP= 1
  0.000  0.100  0.200  0.300  0.400  0.500  0.600  0.700  0.800  0.900  1.000
  0.125  0.098  0.071  0.043  0.015 -0.014 -0.042 -0.070 -0.097 -0.124 -0.150
 -0.362 -0.390 -0.415 -0.439 -0.460 -0.478 -0.493 -0.504 -0.513 -0.518 -0.520
 IND0=11 IND1= 0    L= 1   IA= 1  ISP= 1
  0.500  0.620  0.740  0.860  0.980  1.100  1.220  1.340  1.460  1.580  1.700
 -0.252 -0.228 -0.203 -0.178 -0.152 -0.125 -0.097 -0.069 -0.040 -0.011  0.017
  0.289  0.325  0.360  0.393  0.424  0.454  0.481  0.505  0.526  0.544  0.559
 IND0= 0 IND1=11    L= 2   IA= 1  ISP= 1
  0.100  0.180  0.260  0.340  0.420  0.500  0.580  0.660  0.740  0.820  0.900
  0.503  0.498  0.492  0.486  0.479  0.473  0.466  0.458  0.451  0.443  0.435
  0.224  0.200  0.177  0.153  0.129  0.105  0.081  0.057  0.033  0.009 -0.015
 IND0= 0 IND1= 0    L= 3   IA= 1  ISP= 1
  0.000  0.100  0.200  0.300  0.400  0.500  0.600  0.700  0.800  0.900  1.000
  0.569  0.560  0.551  0.542  0.532  0.522  0.512  0.501  0.489  0.477  0.464
  0.446  0.416  0.386  0.355  0.325  0.294  0.262  0.231  0.199  0.167  0.135
 IND0= 0 IND1= 0    L= 4   IA= 1  ISP= 1
  0.000  0.100  0.200  0.300  0.400  0.500  0.600  0.700  0.800  0.900  1.000
  0.682  0.677  0.673  0.668  0.663  0.658  0.653  0.648  0.643  0.637  0.632
  0.858  0.833  0.808  0.783  0.757  0.732  0.706  0.680  0.655  0.629  0.603
 IND0= 0 IND1= 0    L= 5   IA= 1  ISP= 1
  0.000  0.100  0.200  0.300  0.400  0.500  0.600  0.700  0.800  0.900  1.000
  0.758  0.755  0.751  0.748  0.744  0.741  0.737  0.734  0.730  0.726  0.723
  1.266  1.243  1.220  1.197  1.174  1.151  1.127  1.104  1.081  1.057  1.034
 IND0= 0 IND1= 0    L= 6   IA= 1  ISP= 1
  0.000  0.100  0.200  0.300  0.400  0.500  0.600  0.700  0.800  0.900  1.000
  0.822  0.820  0.817  0.815  0.812  0.809  0.806  0.804  0.801  0.798  0.795
  1.696  1.674  1.653  1.632  1.610  1.589  1.567  1.546  1.524  1.502  1.481
 IND0= 0 IND1= 0    L= 7   IA= 1  ISP= 1
  0.000  0.100  0.200  0.300  0.400  0.500  0.600  0.700  0.800  0.900  1.000
  0.880  0.877  0.875  0.873  0.871  0.869  0.867  0.864  0.862  0.860  0.858
  2.150  2.130  2.110  2.090  2.070  2.050  2.030  2.009  1.989  1.969  1.949
 <<< CPU =     0.000(SEC.) FOR SUB.TSRWF  >>>.   TOTAL CPU =     1.000(SEC.).  
   
   RADIAL INTEGRAL OF SPIN-ORBIT HAMILTONIAN 
   
 ===    1/ 33 ===== (  0  0  0)/  4 ==========
  NO. OF PLANE WAVES =         131
 <<< CPU =     0.000(SEC.) FOR SUB.SOHMTX >>>.   TOTAL CPU =     1.000(SEC.).  
 ===    2/ 33 ===== (  0  0  1)/  4 ==========
  NO. OF PLANE WAVES =         126
 <<< CPU =     0.000(SEC.) FOR SUB.SOHMTX >>>.   TOTAL CPU =     1.000(SEC.).  
 ===    3/ 33 ===== (  0  0  2)/  4 ==========
  NO. OF PLANE WAVES =         126
 <<< CPU =     0.000(SEC.) FOR SUB.SOHMTX >>>.   TOTAL CPU =     1.000(SEC.).  
 ===    4/ 33 ===== (  0  0  3)/  4 ==========
  NO. OF PLANE WAVES =         126
 <<< CPU =     0.000(SEC.) FOR SUB.SOHMTX >>>.   TOTAL CPU =     1.000(SEC.).  
 ===    5/ 33 ===== (  0  0  4)/  4 ==========
  NO. OF PLANE WAVES =         132
 <<< CPU =     0.000(SEC.) FOR SUB.SOHMTX >>>.   TOTAL CPU =     1.000(SEC.).  
 ===    6/ 33 ===== (  0  0  5)/  4 ==========
  NO. OF PLANE WAVES =         132
 <<< CPU =     0.000(SEC.) FOR SUB.SOHMTX >>>.   TOTAL CPU =     1.000(SEC.).  
 ===    7/ 33 ===== (  0  0  6)/  4 ==========
  NO. OF PLANE WAVES =         126
 <<< CPU =     0.000(SEC.) FOR SUB.SOHMTX >>>.   TOTAL CPU =     1.000(SEC.).  
 ===    8/ 33 ===== (  0  1  0)/  4 ==========
  NO. OF PLANE WAVES =         133
 <<< CPU =     0.000(SEC.) FOR SUB.SOHMTX >>>.   TOTAL CPU =     1.000(SEC.).  
 ===    9/ 33 ===== (  0  1  1)/  4 ==========
  NO. OF PLANE WAVES =         131
 <<< CPU =     0.000(SEC.) FOR SUB.SOHMTX >>>.   TOTAL CPU =     1.000(SEC.).  
 ===   10/ 33 ===== (  0  1  2)/  4 ==========
  NO. OF PLANE WAVES =         130
 <<< CPU =     0.000(SEC.) FOR SUB.SOHMTX >>>.   TOTAL CPU =     1.000(SEC.).  
 ===   11/ 33 ===== (  0  1  3)/  4 ==========
  NO. OF PLANE WAVES =         126
 <<< CPU =     0.000(SEC.) FOR SUB.SOHMTX >>>.   TOTAL CPU =     2.000(SEC.).  
 ===   12/ 33 ===== (  0  1  4)/  4 ==========
  NO. OF PLANE WAVES =         130
 <<< CPU =     0.000(SEC.) FOR SUB.SOHMTX >>>.   TOTAL CPU =     2.000(SEC.).  
 ===   13/ 33 ===== (  0  1  5)/  4 ==========
  NO. OF PLANE WAVES =         126
 <<< CPU =     0.000(SEC.) FOR SUB.SOHMTX >>>.   TOTAL CPU =     2.000(SEC.).  
 ===   14/ 33 ===== (  0  1  6)/  4 ==========
  NO. OF PLANE WAVES =         130
 <<< CPU =     0.000(SEC.) FOR SUB.SOHMTX >>>.   TOTAL CPU =     2.000(SEC.).  
 ===   15/ 33 ===== (  0  1 -5)/  4 ==========
  NO. OF PLANE WAVES =         125
 <<< CPU =     0.000(SEC.) FOR SUB.SOHMTX >>>.   TOTAL CPU =     2.000(SEC.).  
 ===   16/ 33 ===== (  0  1 -4)/  4 ==========
  NO. OF PLANE WAVES =         129
 <<< CPU =     0.000(SEC.) FOR SUB.SOHMTX >>>.   TOTAL CPU =     2.000(SEC.).  
 ===   17/ 33 ===== (  0  1 -3)/  4 ==========
  NO. OF PLANE WAVES =         127
 <<< CPU =     0.000(SEC.) FOR SUB.SOHMTX >>>.   TOTAL CPU =     2.000(SEC.).  
 ===   18/ 33 ===== (  0  1 -2)/  4 ==========
  NO. OF PLANE WAVES =         132
 <<< CPU =     0.000(SEC.) FOR SUB.SOHMTX >>>.   TOTAL CPU =     2.000(SEC.).  
 ===   19/ 33 ===== (  0  1 -1)/  4 ==========
  NO. OF PLANE WAVES =         133
 <<< CPU =     0.000(SEC.) FOR SUB.SOHMTX >>>.   TOTAL CPU =     2.000(SEC.).  
 ===   20/ 33 ===== (  0  2  0)/  4 ==========
  NO. OF PLANE WAVES =         131
 <<< CPU =     0.000(SEC.) FOR SUB.SOHMTX >>>.   TOTAL CPU =     2.000(SEC.).  
 ===   21/ 33 ===== (  0  2  1)/  4 ==========
  NO. OF PLANE WAVES =         127
 <<< CPU =     0.000(SEC.) FOR SUB.SOHMTX >>>.   TOTAL CPU =     2.000(SEC.).  
 ===   22/ 33 ===== (  0  2  2)/  4 ==========
  NO. OF PLANE WAVES =         127
 <<< CPU =     0.000(SEC.) FOR SUB.SOHMTX >>>.   TOTAL CPU =     2.000(SEC.).  
 ===   23/ 33 ===== (  0  2  3)/  4 ==========
  NO. OF PLANE WAVES =         121
 <<< CPU =     0.000(SEC.) FOR SUB.SOHMTX >>>.   TOTAL CPU =     2.000(SEC.).  
 ===   24/ 33 ===== (  0  2  4)/  4 ==========
  NO. OF PLANE WAVES =         124
 <<< CPU =     0.000(SEC.) FOR SUB.SOHMTX >>>.   TOTAL CPU =     2.000(SEC.).  
 ===   25/ 33 ===== (  0 -2  1)/  4 ==========
  NO. OF PLANE WAVES =         126
 <<< CPU =     0.000(SEC.) FOR SUB.SOHMTX >>>.   TOTAL CPU =     2.000(SEC.).  
 ===   26/ 33 ===== (  0  2 -2)/  4 ==========
  NO. OF PLANE WAVES =         126
 <<< CPU =     0.000(SEC.) FOR SUB.SOHMTX >>>.   TOTAL CPU =     2.000(SEC.).  
 ===   27/ 33 ===== (  1  1  0)/  4 ==========
  NO. OF PLANE WAVES =         127
 <<< CPU =     0.000(SEC.) FOR SUB.SOHMTX >>>.   TOTAL CPU =     2.000(SEC.).  
 ===   28/ 33 ===== (  1  1  1)/  4 ==========
  NO. OF PLANE WAVES =         129
 <<< CPU =     0.000(SEC.) FOR SUB.SOHMTX >>>.   TOTAL CPU =     2.000(SEC.).  
 ===   29/ 33 ===== (  1  1  2)/  4 ==========
  NO. OF PLANE WAVES =         126
 <<< CPU =     0.000(SEC.) FOR SUB.SOHMTX >>>.   TOTAL CPU =     2.000(SEC.).  
 ===   30/ 33 ===== (  1  1  3)/  4 ==========
  NO. OF PLANE WAVES =         124
 <<< CPU =     0.000(SEC.) FOR SUB.SOHMTX >>>.   TOTAL CPU =     2.000(SEC.).  
 ===   31/ 33 ===== (  1  1  4)/  4 ==========
  NO. OF PLANE WAVES =         122
 <<< CPU =     0.000(SEC.) FOR SUB.SOHMTX >>>.   TOTAL CPU =     2.000(SEC.).  
 ===   32/ 33 ===== (  1  1  5)/  4 ==========
  NO. OF PLANE WAVES =         123
 <<< CPU =     0.000(SEC.) FOR SUB.SOHMTX >>>.   TOTAL CPU =     2.000(SEC.).  
 ===   33/ 33 ===== (  1  1  6)/  4 ==========
  NO. OF PLANE WAVES =         122
 <<< CPU =     0.000(SEC.) FOR SUB.SOHMTX >>>.   TOTAL CPU =     2.000(SEC.).  
 TIME TO GET EIGENSTATES.     1.000     2.000
  EMAX=  0.966534029708996         EMIN= -0.656599055087786     
     FERMI-EN=  0.24765705  DOS=     0.09331  INT.DOS=  10.0000000000
  === DOS OF EACH BAND ===
 SPIN= 1    1    0.000    2    0.000    3    0.000    4    0.000    5    0.000
            6    0.000    7    0.000    8    0.000    9    0.037   10    0.037
           11    0.010   12    0.010   13    0.000   14    0.000   15    0.000
           16    0.000   17    0.000   18    0.000   19    0.000   20    0.000
  === OCCUPATION OF EACH BAND ===
 SPIN= 1    1  1.00000    2  1.00000    3  1.00000    4  1.00000    5  1.00000
            6  1.00000    7  1.00000    8  1.00000    9  0.99998   10  0.99998
           11  0.00002   12  0.00002   13  0.00000   14  0.00000   15  0.00000
           16  0.00000   17  0.00000   18  0.00000   19  0.00000   20  0.00000
   NX=  4  NY=  4  NZ=  4
 NEIG= 20NKP1= 33 NSP=  1
   1/ 33  (  0  0  0 )/  4 SPIN= 1
 -0.6566 -0.6566 -0.1331 -0.1331  0.1123  0.1123  0.1711  0.1711  0.1885  0.1885
  0.4047  0.4047  0.4683  0.4683  0.4890  0.4890  0.6423  0.6423  0.6565  0.6565
   2/ 33  (  0  0  1 )/  4 SPIN= 1
 -0.6519 -0.6519 -0.1546 -0.1546  0.1203  0.1203  0.1766  0.1766  0.1894  0.1894
  0.3950  0.3950  0.4556  0.4556  0.4736  0.4736  0.6128  0.6128  0.6642  0.6642
   3/ 33  (  0  0  2 )/  4 SPIN= 1
 -0.6381 -0.6381 -0.2059 -0.2059  0.1338  0.1338  0.1907  0.1907  0.1922  0.1922
  0.3695  0.3695  0.4247  0.4247  0.4360  0.4360  0.5915  0.5915  0.6897  0.6897
   4/ 33  (  0  0  3 )/  4 SPIN= 1
 -0.6157 -0.6157 -0.2685 -0.2685  0.1456  0.1456  0.1978  0.1978  0.2050  0.2050
  0.3368  0.3368  0.3878  0.3878  0.3917  0.3917  0.6047  0.6047  0.7333  0.7333
   5/ 33  (  0  0  4 )/  4 SPIN= 1
 -0.5862 -0.5862 -0.3311 -0.3311  0.1575  0.1575  0.2066  0.2066  0.2136  0.2136
  0.3051  0.3051  0.3503  0.3503  0.3533  0.3533  0.6487  0.6487  0.7920  0.7920
   6/ 33  (  0  0  5 )/  4 SPIN= 1
 -0.5546 -0.5546 -0.3838 -0.3838  0.1702  0.1702  0.2155  0.2155  0.2174  0.2174
  0.2829  0.2829  0.3186  0.3186  0.3280  0.3280  0.7077  0.7077  0.8647  0.8647
   7/ 33  (  0  0  6 )/  4 SPIN= 1
 -0.5366 -0.5366 -0.4079 -0.4079  0.1772  0.1772  0.2138  0.2138  0.2233  0.2233
  0.2749  0.2749  0.3055  0.3055  0.3185  0.3185  0.7443  0.7443  0.9116  0.9116
   8/ 33  (  0  1  0 )/  4 SPIN= 1
 -0.6121 -0.6121 -0.2438 -0.2438  0.1075  0.1075  0.1484  0.1484  0.2016  0.2016
  0.3055  0.3055  0.4029  0.4029  0.4467  0.4467  0.5540  0.5540  0.7010  0.7010
   9/ 33  (  0  1  1 )/  4 SPIN= 1
 -0.6079 -0.6079 -0.2379 -0.2379  0.0719  0.0719  0.1136  0.1136  0.1727  0.1727
  0.3513  0.3513  0.4266  0.4266  0.4939  0.4939  0.5488  0.5488  0.7469  0.7469
  10/ 33  (  0  1  2 )/  4 SPIN= 1
 -0.5953 -0.5953 -0.2495 -0.2495  0.0412  0.0412  0.0885  0.0885  0.1272  0.1272
  0.4178  0.4178  0.4253  0.4253  0.5229  0.5229  0.5819  0.5819  0.8072  0.8072
  11/ 33  (  0  1  3 )/  4 SPIN= 1
 -0.5748 -0.5748 -0.2799 -0.2799  0.0140  0.0140  0.0706  0.0706  0.1027  0.1027
  0.4184  0.4184  0.4903  0.4903  0.5265  0.5265  0.5902  0.5902  0.8670  0.8670
  12/ 33  (  0  1  4 )/  4 SPIN= 1
 -0.5483 -0.5483 -0.3224 -0.3224 -0.0144 -0.0144  0.0653  0.0653  0.0992  0.0992
  0.4323  0.4323  0.5073  0.5073  0.5390  0.5390  0.5802  0.5802  0.8932  0.8932
  13/ 33  (  0  1  5 )/  4 SPIN= 1
 -0.5195 -0.5195 -0.3651 -0.3651 -0.0378 -0.0378  0.0742  0.0742  0.1096  0.1096
  0.4375  0.4375  0.4828  0.4828  0.5670  0.5670  0.5908  0.5908  0.8485  0.8485
  14/ 33  (  0  1  6 )/  4 SPIN= 1
 -0.5028 -0.5028 -0.3909 -0.3909 -0.0506 -0.0506  0.0923  0.0923  0.1298  0.1298
  0.4125  0.4125  0.4543  0.4543  0.6004  0.6004  0.6241  0.6241  0.7769  0.7769
  15/ 33  (  0  1 -5 )/  4 SPIN= 1
 -0.5156 -0.5156 -0.3804 -0.3804 -0.0481 -0.0481  0.1191  0.1191  0.1591  0.1591
  0.3745  0.3745  0.4168  0.4168  0.6003  0.6003  0.6893  0.6893  0.7277  0.7277
  16/ 33  (  0  1 -4 )/  4 SPIN= 1
 -0.5444 -0.5444 -0.3493 -0.3493 -0.0275 -0.0275  0.1514  0.1514  0.1962  0.1962
  0.3345  0.3345  0.3711  0.3711  0.5758  0.5758  0.6587  0.6587  0.7642  0.7642
  17/ 33  (  0  1 -3 )/  4 SPIN= 1
 -0.5722 -0.5722 -0.3157 -0.3157  0.0125  0.0125  0.1798  0.1798  0.2395  0.2395
  0.2978  0.2978  0.3288  0.3288  0.5229  0.5229  0.6228  0.6228  0.7394  0.7394
  18/ 33  (  0  1 -2 )/  4 SPIN= 1
 -0.5940 -0.5940 -0.2860 -0.2860  0.0692  0.0692  0.1812  0.1812  0.2486  0.2486
  0.2865  0.2865  0.3352  0.3352  0.4459  0.4459  0.6134  0.6134  0.7321  0.7321
  19/ 33  (  0  1 -1 )/  4 SPIN= 1
 -0.6074 -0.6074 -0.2614 -0.2614  0.1241  0.1241  0.1668  0.1668  0.1967  0.1967
  0.3263  0.3263  0.3729  0.3729  0.3915  0.3915  0.5999  0.5999  0.6892  0.6892
  20/ 33  (  0  2  0 )/  4 SPIN= 1
 -0.4936 -0.4936 -0.4101 -0.4101  0.0259  0.0259  0.0977  0.0977  0.1370  0.1370
  0.3631  0.3631  0.4021  0.4021  0.4304  0.4304  0.6169  0.6169  0.8836  0.8836
  21/ 33  (  0  2  1 )/  4 SPIN= 1
 -0.4956 -0.4956 -0.3827 -0.3827 -0.0373 -0.0373  0.0623  0.0623  0.0956  0.0956
  0.4166  0.4166  0.4678  0.4678  0.5322  0.5322  0.5610  0.5610  0.8893  0.8893
  22/ 33  (  0  2  2 )/  4 SPIN= 1
 -0.4944 -0.4944 -0.3556 -0.3556 -0.0856 -0.0856  0.0320  0.0320  0.0646  0.0646
  0.4096  0.4096  0.5236  0.5236  0.5822  0.5822  0.6403  0.6403  0.9044  0.9044
  23/ 33  (  0  2  3 )/  4 SPIN= 1
 -0.4920 -0.4920 -0.3348 -0.3348 -0.1153 -0.1153  0.0104  0.0104  0.0458  0.0458
  0.3785  0.3785  0.5733  0.5733  0.6384  0.6384  0.7162  0.7162  0.9346  0.9346
  24/ 33  (  0  2  4 )/  4 SPIN= 1
 -0.4909 -0.4909 -0.3271 -0.3271 -0.1253 -0.1253  0.0018  0.0018  0.0394  0.0394
  0.3660  0.3660  0.5932  0.5932  0.6630  0.6630  0.7449  0.7449  0.9665  0.9665
  25/ 33  (  0 -2  1 )/  4 SPIN= 1
 -0.4886 -0.4886 -0.4320 -0.4320  0.0976  0.0976  0.1350  0.1350  0.1863  0.1863
  0.3000  0.3000  0.3297  0.3297  0.3417  0.3417  0.7115  0.7115  0.8806  0.8806
  26/ 33  (  0  2 -2 )/  4 SPIN= 1
 -0.4851 -0.4851 -0.4418 -0.4418  0.1458  0.1458  0.1538  0.1538  0.2380  0.2380
  0.2423  0.2423  0.2758  0.2758  0.3106  0.3106  0.7818  0.7818  0.8657  0.8657
  27/ 33  (  1  1  0 )/  4 SPIN= 1
 -0.5276 -0.5276 -0.3589 -0.3589 -0.0206 -0.0206  0.1377  0.1377  0.1622  0.1622
  0.3173  0.3173  0.3538  0.3538  0.5776  0.5776  0.6181  0.6181  0.7631  0.7631
  28/ 33  (  1  1  1 )/  4 SPIN= 1
 -0.5241 -0.5241 -0.3613 -0.3613 -0.0139 -0.0139  0.0881  0.0881  0.1838  0.1838
  0.2943  0.2943  0.4151  0.4151  0.5583  0.5583  0.6077  0.6077  0.7933  0.7933
  29/ 33  (  1  1  2 )/  4 SPIN= 1
 -0.5138 -0.5138 -0.3678 -0.3678 -0.0091 -0.0091  0.0534  0.0534  0.1302  0.1302
  0.3548  0.3548  0.4877  0.4877  0.5217  0.5217  0.5845  0.5845  0.8600  0.8600
  30/ 33  (  1  1  3 )/  4 SPIN= 1
 -0.4981 -0.4981 -0.3766 -0.3766 -0.0379 -0.0379  0.0511  0.0511  0.0883  0.0883
  0.4337  0.4337  0.4793  0.4793  0.5435  0.5435  0.5851  0.5851  0.8461  0.8461
  31/ 33  (  1  1  4 )/  4 SPIN= 1
 -0.4791 -0.4791 -0.3861 -0.3861 -0.0670 -0.0670 -0.0054 -0.0054  0.1351  0.1351
  0.4073  0.4073  0.5305  0.5305  0.5685  0.5685  0.6251  0.6251  0.7746  0.7746
  32/ 33  (  1  1  5 )/  4 SPIN= 1
 -0.4615 -0.4615 -0.3953 -0.3953 -0.0815 -0.0815 -0.0503 -0.0503  0.1927  0.1927
  0.3517  0.3517  0.5616  0.5616  0.6318  0.6318  0.6391  0.6391  0.7254  0.7254
  33/ 33  (  1  1  6 )/  4 SPIN= 1
 -0.4532 -0.4532 -0.4001 -0.4001 -0.0790 -0.0790 -0.0736 -0.0736  0.2292  0.2292
  0.3157  0.3157  0.5877  0.5877  0.6059  0.6059  0.6828  0.6828  0.7083  0.7083
 FERMI LEVEL= 0.247657
 ====== EIGENENERGIES HAVE BEEN WRITTEN ON FILE( 6) =====
 ====== EIGENENERGIES HAVE BEEN WRITTEN ON FILE(40) =====




 ----- NO. OF ELECTRONS INSIDE THE MUFFIN-TIN SPHERE ( NEW  ) ---
 ELCOM,ELCO 0.459677E+02 0.459677E+02
 EINM, EIN  0.494252E+02 0.494252E+02
                               IA=  1   M=  0.000,   N= 49.425
                      (TOTAL IN MT-S)   M=  0.000,   N= 98.850
 (VALENCE) MOMENT=  0.000000000000000E+000     CHARGE=   6.91509079249408     
  ===== RHOUT =  1.347006730165589E-002  0.000000000000000E+000
  EKIN=   27197.5332498462     
    
  ===== TOTAL POTENTIAL ====

      VOM(IS)=  -0.119079D+00

 VIM(IA,IS) : UP        DOWN          (POTENTIAL ON THE SPHERE)
 IA=  1 :  V(UP)=  -0.501960D+00   V(DOWN)=
  ===== (IN MT SPHERE) =====     UP       DOWN
 IA=  1   J=   1    R=   0.123410D-03 :   V*R=  -0.101938D+03   0.000000D+00
 IA=  1   J=  51    R=   0.557328D-03 :   V*R=  -0.101716D+03   0.000000D+00
 IA=  1   J= 101    R=   0.251694D-02 :   V*R=  -0.100690D+03   0.000000D+00
 IA=  1   J= 151    R=   0.113667D-01 :   V*R=  -0.961535D+02   0.000000D+00
 IA=  1   J= 201    R=   0.513328D-01 :   V*R=  -0.803195D+02   0.000000D+00
 IA=  1   J= 251    R=   0.231823D+00 :   V*R=  -0.446823D+02   0.000000D+00
 IA=  1   J= 301    R=   0.104693D+01 :   V*R=  -0.970654D+01   0.000000D+00
  ECLM=  -52441.8376455747         EEXC=  -664.017085343197     
             TOTAL ENERGY =  -25908.3214810717     
 (VALENCE IN MT) MOMENT=      0.00000000  CHARGE=      6.91509079
                               IA=  1   M=  3.4575   N=  3.4575
   CONVERGENCE TEST FOR ITER = 4 ==== R.M.S. OF POTENTIAL DEFFERENCE ====
 IA=  1 (Sb)  IS= 1 : 0.45564D-02
      MAX DIFF OF V*R =-0.41016D-01  AT R(333)= 0.275D+01 WHERE VR=-0.138D+01
 ----------  POTENTIALS HAVE BEEN WRITTEN ON FILE(36).  ------
 ----------  POTENTIALS HAVE BEEN WRITTEN ON FILE(37).  ------
 AMIXCH=  0.100          AMIXMO=  0.100
 ----------  POTENTIALS HAVE BEEN WRITTEN ON FILE(35).  ------
0 ========== ITER=  5 ===========================




 ===== CORE STATE CALCULATION =====
 IA=           1    RMAX=R(         353 )=   5.02191845442453     
  ===== EIGENENERGY OF CORE STATE (RYD.) =====
 100        -2223.754725
 200         -337.973829
 210         -303.512453
 300          -65.781229
 310          -54.550835
 320          -37.371871
 400          -10.361485
 410           -6.915549
 420           -1.917849
 IND0= 6 IND1= 0    L= 0   IA= 1  ISP= 1
  0.000  0.100  0.200  0.300  0.400  0.500  0.600  0.700  0.800  0.900  1.000
  0.125  0.098  0.070  0.042  0.014 -0.014 -0.042 -0.070 -0.097 -0.124 -0.150
 -0.362 -0.390 -0.416 -0.439 -0.460 -0.478 -0.493 -0.505 -0.513 -0.518 -0.520
 IND0=11 IND1= 0    L= 1   IA= 1  ISP= 1
  0.500  0.620  0.740  0.860  0.980  1.100  1.220  1.340  1.460  1.580  1.700
 -0.251 -0.228 -0.203 -0.178 -0.151 -0.124 -0.097 -0.068 -0.040 -0.011  0.018
  0.290  0.326  0.360  0.393  0.425  0.454  0.481  0.505  0.526  0.545  0.559
 IND0= 0 IND1=11    L= 2   IA= 1  ISP= 1
  0.100  0.180  0.260  0.340  0.420  0.500  0.580  0.660  0.740  0.820  0.900
  0.503  0.498  0.492  0.486  0.479  0.472  0.465  0.458  0.451  0.443  0.435
  0.223  0.200  0.176  0.152  0.128  0.105  0.081  0.057  0.033  0.009 -0.016
 IND0= 0 IND1= 0    L= 3   IA= 1  ISP= 1
  0.000  0.100  0.200  0.300  0.400  0.500  0.600  0.700  0.800  0.900  1.000
  0.569  0.560  0.551  0.542  0.532  0.522  0.512  0.500  0.489  0.477  0.464
  0.446  0.416  0.385  0.355  0.324  0.293  0.262  0.230  0.199  0.167  0.134
 IND0= 0 IND1= 0    L= 4   IA= 1  ISP= 1
  0.000  0.100  0.200  0.300  0.400  0.500  0.600  0.700  0.800  0.900  1.000
  0.682  0.677  0.673  0.668  0.663  0.658  0.653  0.648  0.643  0.637  0.632
  0.858  0.833  0.808  0.782  0.757  0.731  0.706  0.680  0.654  0.628  0.602
 IND0= 0 IND1= 0    L= 5   IA= 1  ISP= 1
  0.000  0.100  0.200  0.300  0.400  0.500  0.600  0.700  0.800  0.900  1.000
  0.758  0.755  0.751  0.748  0.744  0.741  0.737  0.734  0.730  0.726  0.723
  1.265  1.243  1.220  1.197  1.173  1.150  1.127  1.104  1.080  1.057  1.033
 IND0= 0 IND1= 0    L= 6   IA= 1  ISP= 1
  0.000  0.100  0.200  0.300  0.400  0.500  0.600  0.700  0.800  0.900  1.000
  0.822  0.820  0.817  0.814  0.812  0.809  0.806  0.804  0.801  0.798  0.795
  1.695  1.674  1.653  1.631  1.610  1.588  1.567  1.545  1.524  1.502  1.480
 IND0= 0 IND1= 0    L= 7   IA= 1  ISP= 1
  0.000  0.100  0.200  0.300  0.400  0.500  0.600  0.700  0.800  0.900  1.000
  0.880  0.877  0.875  0.873  0.871  0.869  0.867  0.864  0.862  0.860  0.858
  2.150  2.130  2.110  2.090  2.070  2.049  2.029  2.009  1.989  1.969  1.948
 <<< CPU =     0.000(SEC.) FOR SUB.TSRWF  >>>.   TOTAL CPU =     2.000(SEC.).  
   
   RADIAL INTEGRAL OF SPIN-ORBIT HAMILTONIAN 
   
 ===    1/ 33 ===== (  0  0  0)/  4 ==========
  NO. OF PLANE WAVES =         131
 <<< CPU =     0.000(SEC.) FOR SUB.SOHMTX >>>.   TOTAL CPU =     2.000(SEC.).  
 ===    2/ 33 ===== (  0  0  1)/  4 ==========
  NO. OF PLANE WAVES =         126
 <<< CPU =     0.000(SEC.) FOR SUB.SOHMTX >>>.   TOTAL CPU =     2.000(SEC.).  
 ===    3/ 33 ===== (  0  0  2)/  4 ==========
  NO. OF PLANE WAVES =         126
 <<< CPU =     0.000(SEC.) FOR SUB.SOHMTX >>>.   TOTAL CPU =     2.000(SEC.).  
 ===    4/ 33 ===== (  0  0  3)/  4 ==========
  NO. OF PLANE WAVES =         126
 <<< CPU =     0.000(SEC.) FOR SUB.SOHMTX >>>.   TOTAL CPU =     2.000(SEC.).  
 ===    5/ 33 ===== (  0  0  4)/  4 ==========
  NO. OF PLANE WAVES =         132
 <<< CPU =     0.000(SEC.) FOR SUB.SOHMTX >>>.   TOTAL CPU =     2.000(SEC.).  
 ===    6/ 33 ===== (  0  0  5)/  4 ==========
  NO. OF PLANE WAVES =         132
 <<< CPU =     0.000(SEC.) FOR SUB.SOHMTX >>>.   TOTAL CPU =     2.000(SEC.).  
 ===    7/ 33 ===== (  0  0  6)/  4 ==========
  NO. OF PLANE WAVES =         126
 <<< CPU =     0.000(SEC.) FOR SUB.SOHMTX >>>.   TOTAL CPU =     2.000(SEC.).  
 ===    8/ 33 ===== (  0  1  0)/  4 ==========
  NO. OF PLANE WAVES =         133
 <<< CPU =     0.000(SEC.) FOR SUB.SOHMTX >>>.   TOTAL CPU =     2.000(SEC.).  
 ===    9/ 33 ===== (  0  1  1)/  4 ==========
  NO. OF PLANE WAVES =         131
 <<< CPU =     0.000(SEC.) FOR SUB.SOHMTX >>>.   TOTAL CPU =     2.000(SEC.).  
 ===   10/ 33 ===== (  0  1  2)/  4 ==========
  NO. OF PLANE WAVES =         130
 <<< CPU =     0.000(SEC.) FOR SUB.SOHMTX >>>.   TOTAL CPU =     2.000(SEC.).  
 ===   11/ 33 ===== (  0  1  3)/  4 ==========
  NO. OF PLANE WAVES =         126
 <<< CPU =     0.000(SEC.) FOR SUB.SOHMTX >>>.   TOTAL CPU =     2.000(SEC.).  
 ===   12/ 33 ===== (  0  1  4)/  4 ==========
  NO. OF PLANE WAVES =         130
 <<< CPU =     0.000(SEC.) FOR SUB.SOHMTX >>>.   TOTAL CPU =     2.000(SEC.).  
 ===   13/ 33 ===== (  0  1  5)/  4 ==========
  NO. OF PLANE WAVES =         126
 <<< CPU =     0.000(SEC.) FOR SUB.SOHMTX >>>.   TOTAL CPU =     2.000(SEC.).  
 ===   14/ 33 ===== (  0  1  6)/  4 ==========
  NO. OF PLANE WAVES =         130
 <<< CPU =     0.000(SEC.) FOR SUB.SOHMTX >>>.   TOTAL CPU =     2.000(SEC.).  
 ===   15/ 33 ===== (  0  1 -5)/  4 ==========
  NO. OF PLANE WAVES =         125
 <<< CPU =     0.000(SEC.) FOR SUB.SOHMTX >>>.   TOTAL CPU =     2.000(SEC.).  
 ===   16/ 33 ===== (  0  1 -4)/  4 ==========
  NO. OF PLANE WAVES =         129
 <<< CPU =     0.000(SEC.) FOR SUB.SOHMTX >>>.   TOTAL CPU =     2.000(SEC.).  
 ===   17/ 33 ===== (  0  1 -3)/  4 ==========
  NO. OF PLANE WAVES =         127
 <<< CPU =     0.000(SEC.) FOR SUB.SOHMTX >>>.   TOTAL CPU =     2.000(SEC.).  
 ===   18/ 33 ===== (  0  1 -2)/  4 ==========
  NO. OF PLANE WAVES =         132
 <<< CPU =     0.000(SEC.) FOR SUB.SOHMTX >>>.   TOTAL CPU =     2.000(SEC.).  
 ===   19/ 33 ===== (  0  1 -1)/  4 ==========
  NO. OF PLANE WAVES =         133
 <<< CPU =     0.000(SEC.) FOR SUB.SOHMTX >>>.   TOTAL CPU =     2.000(SEC.).  
 ===   20/ 33 ===== (  0  2  0)/  4 ==========
  NO. OF PLANE WAVES =         131
 <<< CPU =     0.000(SEC.) FOR SUB.SOHMTX >>>.   TOTAL CPU =     2.000(SEC.).  
 ===   21/ 33 ===== (  0  2  1)/  4 ==========
  NO. OF PLANE WAVES =         127
 <<< CPU =     0.000(SEC.) FOR SUB.SOHMTX >>>.   TOTAL CPU =     2.000(SEC.).  
 ===   22/ 33 ===== (  0  2  2)/  4 ==========
  NO. OF PLANE WAVES =         127
 <<< CPU =     0.000(SEC.) FOR SUB.SOHMTX >>>.   TOTAL CPU =     2.000(SEC.).  
 ===   23/ 33 ===== (  0  2  3)/  4 ==========
  NO. OF PLANE WAVES =         121
 <<< CPU =     0.000(SEC.) FOR SUB.SOHMTX >>>.   TOTAL CPU =     2.000(SEC.).  
 ===   24/ 33 ===== (  0  2  4)/  4 ==========
  NO. OF PLANE WAVES =         124
 <<< CPU =     0.000(SEC.) FOR SUB.SOHMTX >>>.   TOTAL CPU =     2.000(SEC.).  
 ===   25/ 33 ===== (  0 -2  1)/  4 ==========
  NO. OF PLANE WAVES =         126
 <<< CPU =     0.000(SEC.) FOR SUB.SOHMTX >>>.   TOTAL CPU =     2.000(SEC.).  
 ===   26/ 33 ===== (  0  2 -2)/  4 ==========
  NO. OF PLANE WAVES =         126
 <<< CPU =     0.000(SEC.) FOR SUB.SOHMTX >>>.   TOTAL CPU =     2.000(SEC.).  
 ===   27/ 33 ===== (  1  1  0)/  4 ==========
  NO. OF PLANE WAVES =         127
 <<< CPU =     0.000(SEC.) FOR SUB.SOHMTX >>>.   TOTAL CPU =     2.000(SEC.).  
 ===   28/ 33 ===== (  1  1  1)/  4 ==========
  NO. OF PLANE WAVES =         129
 <<< CPU =     0.000(SEC.) FOR SUB.SOHMTX >>>.   TOTAL CPU =     2.000(SEC.).  
 ===   29/ 33 ===== (  1  1  2)/  4 ==========
  NO. OF PLANE WAVES =         126
 <<< CPU =     0.000(SEC.) FOR SUB.SOHMTX >>>.   TOTAL CPU =     2.000(SEC.).  
 ===   30/ 33 ===== (  1  1  3)/  4 ==========
  NO. OF PLANE WAVES =         124
 <<< CPU =     0.000(SEC.) FOR SUB.SOHMTX >>>.   TOTAL CPU =     2.000(SEC.).  
 ===   31/ 33 ===== (  1  1  4)/  4 ==========
  NO. OF PLANE WAVES =         122
 <<< CPU =     0.000(SEC.) FOR SUB.SOHMTX >>>.   TOTAL CPU =     2.000(SEC.).  
 ===   32/ 33 ===== (  1  1  5)/  4 ==========
  NO. OF PLANE WAVES =         123
 <<< CPU =     0.000(SEC.) FOR SUB.SOHMTX >>>.   TOTAL CPU =     2.000(SEC.).  
 ===   33/ 33 ===== (  1  1  6)/  4 ==========
  NO. OF PLANE WAVES =         122
 <<< CPU =     0.000(SEC.) FOR SUB.SOHMTX >>>.   TOTAL CPU =     2.000(SEC.).  
 TIME TO GET EIGENSTATES.     0.000     2.000
  EMAX=  0.965184463195147         EMIN= -0.657969607870250     
     FERMI-EN=  0.24624835  DOS=     0.09294  INT.DOS=  10.0000000000
  === DOS OF EACH BAND ===
 SPIN= 1    1    0.000    2    0.000    3    0.000    4    0.000    5    0.000
            6    0.000    7    0.000    8    0.000    9    0.037   10    0.037
           11    0.010   12    0.010   13    0.000   14    0.000   15    0.000
           16    0.000   17    0.000   18    0.000   19    0.000   20    0.000
  === OCCUPATION OF EACH BAND ===
 SPIN= 1    1  1.00000    2  1.00000    3  1.00000    4  1.00000    5  1.00000
            6  1.00000    7  1.00000    8  1.00000    9  0.99998   10  0.99998
           11  0.00002   12  0.00002   13  0.00000   14  0.00000   15  0.00000
           16  0.00000   17  0.00000   18  0.00000   19  0.00000   20  0.00000
   NX=  4  NY=  4  NZ=  4
 NEIG= 20NKP1= 33 NSP=  1
   1/ 33  (  0  0  0 )/  4 SPIN= 1
 -0.6580 -0.6580 -0.1346 -0.1346  0.1110  0.1110  0.1697  0.1697  0.1871  0.1871
  0.4032  0.4032  0.4668  0.4668  0.4876  0.4876  0.6410  0.6410  0.6552  0.6552
   2/ 33  (  0  0  1 )/  4 SPIN= 1
 -0.6533 -0.6533 -0.1560 -0.1560  0.1190  0.1190  0.1752  0.1752  0.1880  0.1880
  0.3936  0.3936  0.4541  0.4541  0.4721  0.4721  0.6114  0.6114  0.6629  0.6629
   3/ 33  (  0  0  2 )/  4 SPIN= 1
 -0.6395 -0.6395 -0.2073 -0.2073  0.1324  0.1324  0.1893  0.1893  0.1908  0.1908
  0.3681  0.3681  0.4233  0.4233  0.4346  0.4346  0.5902  0.5902  0.6883  0.6883
   4/ 33  (  0  0  3 )/  4 SPIN= 1
 -0.6170 -0.6170 -0.2699 -0.2699  0.1442  0.1442  0.1963  0.1963  0.2036  0.2036
  0.3354  0.3354  0.3864  0.3864  0.3903  0.3903  0.6034  0.6034  0.7320  0.7320
   5/ 33  (  0  0  4 )/  4 SPIN= 1
 -0.5876 -0.5876 -0.3325 -0.3325  0.1561  0.1561  0.2051  0.2051  0.2122  0.2122
  0.3037  0.3037  0.3489  0.3489  0.3519  0.3519  0.6473  0.6473  0.7906  0.7906
   6/ 33  (  0  0  5 )/  4 SPIN= 1
 -0.5560 -0.5560 -0.3852 -0.3852  0.1688  0.1688  0.2141  0.2141  0.2159  0.2159
  0.2815  0.2815  0.3172  0.3172  0.3266  0.3266  0.7064  0.7064  0.8633  0.8633
   7/ 33  (  0  0  6 )/  4 SPIN= 1
 -0.5380 -0.5380 -0.4093 -0.4093  0.1758  0.1758  0.2124  0.2124  0.2219  0.2219
  0.2735  0.2735  0.3041  0.3041  0.3171  0.3171  0.7430  0.7430  0.9102  0.9102
   8/ 33  (  0  1  0 )/  4 SPIN= 1
 -0.6135 -0.6135 -0.2452 -0.2452  0.1061  0.1061  0.1470  0.1470  0.2002  0.2002
  0.3041  0.3041  0.4015  0.4015  0.4452  0.4452  0.5527  0.5527  0.6996  0.6996
   9/ 33  (  0  1  1 )/  4 SPIN= 1
 -0.6093 -0.6093 -0.2394 -0.2394  0.0705  0.0705  0.1122  0.1122  0.1713  0.1713
  0.3499  0.3499  0.4252  0.4252  0.4924  0.4924  0.5474  0.5474  0.7455  0.7455
  10/ 33  (  0  1  2 )/  4 SPIN= 1
 -0.5967 -0.5967 -0.2509 -0.2509  0.0398  0.0398  0.0871  0.0871  0.1258  0.1258
  0.4165  0.4165  0.4239  0.4239  0.5215  0.5215  0.5805  0.5805  0.8058  0.8058
  11/ 33  (  0  1  3 )/  4 SPIN= 1
 -0.5761 -0.5761 -0.2813 -0.2813  0.0127  0.0127  0.0692  0.0692  0.1014  0.1014
  0.4170  0.4170  0.4889  0.4889  0.5250  0.5250  0.5888  0.5888  0.8656  0.8656
  12/ 33  (  0  1  4 )/  4 SPIN= 1
 -0.5497 -0.5497 -0.3239 -0.3239 -0.0158 -0.0158  0.0639  0.0639  0.0978  0.0978
  0.4309  0.4309  0.5059  0.5059  0.5375  0.5375  0.5788  0.5788  0.8919  0.8919
  13/ 33  (  0  1  5 )/  4 SPIN= 1
 -0.5209 -0.5209 -0.3665 -0.3665 -0.0392 -0.0392  0.0728  0.0728  0.1082  0.1082
  0.4361  0.4361  0.4814  0.4814  0.5656  0.5656  0.5894  0.5894  0.8472  0.8472
  14/ 33  (  0  1  6 )/  4 SPIN= 1
 -0.5042 -0.5042 -0.3923 -0.3923 -0.0520 -0.0520  0.0909  0.0909  0.1284  0.1284
  0.4111  0.4111  0.4528  0.4528  0.5989  0.5989  0.6227  0.6227  0.7755  0.7755
  15/ 33  (  0  1 -5 )/  4 SPIN= 1
 -0.5170 -0.5170 -0.3818 -0.3818 -0.0494 -0.0494  0.1177  0.1177  0.1578  0.1578
  0.3731  0.3731  0.4154  0.4154  0.5988  0.5988  0.6879  0.6879  0.7264  0.7264
  16/ 33  (  0  1 -4 )/  4 SPIN= 1
 -0.5458 -0.5458 -0.3507 -0.3507 -0.0289 -0.0289  0.1500  0.1500  0.1948  0.1948
  0.3330  0.3330  0.3697  0.3697  0.5744  0.5744  0.6573  0.6573  0.7628  0.7628
  17/ 33  (  0  1 -3 )/  4 SPIN= 1
 -0.5736 -0.5736 -0.3172 -0.3172  0.0112  0.0112  0.1783  0.1783  0.2381  0.2381
  0.2964  0.2964  0.3273  0.3273  0.5215  0.5215  0.6214  0.6214  0.7380  0.7380
  18/ 33  (  0  1 -2 )/  4 SPIN= 1
 -0.5954 -0.5954 -0.2874 -0.2874  0.0678  0.0678  0.1797  0.1797  0.2472  0.2472
  0.2851  0.2851  0.3338  0.3338  0.4445  0.4445  0.6120  0.6120  0.7307  0.7307
  19/ 33  (  0  1 -1 )/  4 SPIN= 1
 -0.6088 -0.6088 -0.2629 -0.2629  0.1227  0.1227  0.1654  0.1654  0.1953  0.1953
  0.3249  0.3249  0.3715  0.3715  0.3901  0.3901  0.5985  0.5985  0.6878  0.6878
  20/ 33  (  0  2  0 )/  4 SPIN= 1
 -0.4950 -0.4950 -0.4115 -0.4115  0.0246  0.0246  0.0963  0.0963  0.1356  0.1356
  0.3617  0.3617  0.4007  0.4007  0.4290  0.4290  0.6155  0.6155  0.8822  0.8822
  21/ 33  (  0  2  1 )/  4 SPIN= 1
 -0.4970 -0.4970 -0.3841 -0.3841 -0.0386 -0.0386  0.0609  0.0609  0.0942  0.0942
  0.4152  0.4152  0.4664  0.4664  0.5308  0.5308  0.5596  0.5596  0.8879  0.8879
  22/ 33  (  0  2  2 )/  4 SPIN= 1
 -0.4958 -0.4958 -0.3570 -0.3570 -0.0870 -0.0870  0.0307  0.0307  0.0632  0.0632
  0.4082  0.4082  0.5222  0.5222  0.5808  0.5808  0.6388  0.6388  0.9030  0.9030
  23/ 33  (  0  2  3 )/  4 SPIN= 1
 -0.4934 -0.4934 -0.3363 -0.3363 -0.1166 -0.1166  0.0091  0.0091  0.0445  0.0445
  0.3771  0.3771  0.5719  0.5719  0.6370  0.6370  0.7147  0.7147  0.9333  0.9333
  24/ 33  (  0  2  4 )/  4 SPIN= 1
 -0.4923 -0.4923 -0.3286 -0.3286 -0.1267 -0.1267  0.0004  0.0004  0.0380  0.0380
  0.3646  0.3646  0.5918  0.5918  0.6616  0.6616  0.7434  0.7434  0.9652  0.9652
  25/ 33  (  0 -2  1 )/  4 SPIN= 1
 -0.4900 -0.4900 -0.4334 -0.4334  0.0962  0.0962  0.1336  0.1336  0.1849  0.1849
  0.2986  0.2986  0.3283  0.3283  0.3403  0.3403  0.7102  0.7102  0.8792  0.8792
  26/ 33  (  0  2 -2 )/  4 SPIN= 1
 -0.4865 -0.4865 -0.4432 -0.4432  0.1444  0.1444  0.1524  0.1524  0.2366  0.2366
  0.2409  0.2409  0.2744  0.2744  0.3092  0.3092  0.7804  0.7804  0.8643  0.8643
  27/ 33  (  1  1  0 )/  4 SPIN= 1
 -0.5290 -0.5290 -0.3603 -0.3603 -0.0219 -0.0219  0.1363  0.1363  0.1608  0.1608
  0.3159  0.3159  0.3523  0.3523  0.5761  0.5761  0.6167  0.6167  0.7617  0.7617
  28/ 33  (  1  1  1 )/  4 SPIN= 1
 -0.5255 -0.5255 -0.3628 -0.3628 -0.0152 -0.0152  0.0867  0.0867  0.1824  0.1824
  0.2929  0.2929  0.4137  0.4137  0.5569  0.5569  0.6064  0.6064  0.7920  0.7920
  29/ 33  (  1  1  2 )/  4 SPIN= 1
 -0.5152 -0.5152 -0.3692 -0.3692 -0.0105 -0.0105  0.0520  0.0520  0.1288  0.1288
  0.3534  0.3534  0.4863  0.4863  0.5203  0.5203  0.5832  0.5832  0.8586  0.8586
  30/ 33  (  1  1  3 )/  4 SPIN= 1
 -0.4995 -0.4995 -0.3780 -0.3780 -0.0393 -0.0393  0.0497  0.0497  0.0869  0.0869
  0.4323  0.4323  0.4779  0.4779  0.5421  0.5421  0.5836  0.5836  0.8447  0.8447
  31/ 33  (  1  1  4 )/  4 SPIN= 1
 -0.4805 -0.4805 -0.3875 -0.3875 -0.0684 -0.0684 -0.0068 -0.0068  0.1337  0.1337
  0.4059  0.4059  0.5291  0.5291  0.5671  0.5671  0.6237  0.6237  0.7732  0.7732
  32/ 33  (  1  1  5 )/  4 SPIN= 1
 -0.4629 -0.4629 -0.3967 -0.3967 -0.0829 -0.0829 -0.0517 -0.0517  0.1913  0.1913
  0.3502  0.3502  0.5602  0.5602  0.6304  0.6304  0.6376  0.6376  0.7240  0.7240
  33/ 33  (  1  1  6 )/  4 SPIN= 1
 -0.4546 -0.4546 -0.4015 -0.4015 -0.0803 -0.0803 -0.0750 -0.0750  0.2278  0.2278
  0.3143  0.3143  0.5863  0.5863  0.6045  0.6045  0.6814  0.6814  0.7069  0.7069
 FERMI LEVEL= 0.246248
 ====== EIGENENERGIES HAVE BEEN WRITTEN ON FILE( 6) =====
 ====== EIGENENERGIES HAVE BEEN WRITTEN ON FILE(40) =====




 ----- NO. OF ELECTRONS INSIDE THE MUFFIN-TIN SPHERE ( NEW  ) ---
 ELCOM,ELCO 0.459677E+02 0.459677E+02
 EINM, EIN  0.494256E+02 0.494256E+02
                               IA=  1   M=  0.000,   N= 49.426
                      (TOTAL IN MT-S)   M=  0.000,   N= 98.851
 (VALENCE) MOMENT=  0.000000000000000E+000     CHARGE=   6.91563938474812     
  ===== RHOUT =  1.346729447196164E-002  0.000000000000000E+000
  EKIN=   27197.7330957377     
    
  ===== TOTAL POTENTIAL ====

      VOM(IS)=  -0.119138D+00

 VIM(IA,IS) : UP        DOWN          (POTENTIAL ON THE SPHERE)
 IA=  1 :  V(UP)=  -0.502014D+00   V(DOWN)=
  ===== (IN MT SPHERE) =====     UP       DOWN
 IA=  1   J=   1    R=   0.123410D-03 :   V*R=  -0.101938D+03   0.000000D+00
 IA=  1   J=  51    R=   0.557328D-03 :   V*R=  -0.101716D+03   0.000000D+00
 IA=  1   J= 101    R=   0.251694D-02 :   V*R=  -0.100690D+03   0.000000D+00
 IA=  1   J= 151    R=   0.113667D-01 :   V*R=  -0.961535D+02   0.000000D+00
 IA=  1   J= 201    R=   0.513328D-01 :   V*R=  -0.803193D+02   0.000000D+00
 IA=  1   J= 251    R=   0.231823D+00 :   V*R=  -0.446815D+02   0.000000D+00
 IA=  1   J= 301    R=   0.104693D+01 :   V*R=  -0.970558D+01   0.000000D+00
  ECLM=  -52442.0281327707         EEXC=  -664.026276438704     
             TOTAL ENERGY =  -25908.3213134717     
 (VALENCE IN MT) MOMENT=      0.00000000  CHARGE=      6.91563938
                               IA=  1   M=  3.4578   N=  3.4578
   CONVERGENCE TEST FOR ITER = 5 ==== R.M.S. OF POTENTIAL DEFFERENCE ====
 IA=  1 (Sb)  IS= 1 : 0.40328D-02
      MAX DIFF OF V*R =-0.37062D-01  AT R(333)= 0.275D+01 WHERE VR=-0.138D+01
 ----------  POTENTIALS HAVE BEEN WRITTEN ON FILE(36).  ------
 ----------  POTENTIALS HAVE BEEN WRITTEN ON FILE(37).  ------
 AMIXCH=  0.100          AMIXMO=  0.100
 ----------  POTENTIALS HAVE BEEN WRITTEN ON FILE(35).  ------


 ===== CHARGE DENSITY =====
 AT NUCLEUS                    ON MUFFIN-TIN SPHERE
 CORE           TOTAL          CORE           TOTAL
     0.19884D+06    0.19893D+06    0.10456D-02    0.26278D-01


 ===== SPIN DENSITY =====
 AT NUCLEUS                    ON MUFFIN-TIN SPHERE
 CORE           TOTAL          CORE           TOTAL
     0.00000D+00    0.00000D+00    0.00000D+00    0.00000D+00
  === SUCCESSFULLY ENDE (TAPWLM) ===
