++++++++++++++ KANSAI CALCULATION PACKAGE ++++++++++++++++++

=== Package Environmental Variables  ===

-> KANSAI Package ... /Volumes/exHD/moritakumi/KANSAI12x/flapw
-> Executable ... tflapwmn
-> overwrite executable ... yes
-> Dir is ..
-> check previous output file ...no
-> Series prefix ... fl
-> index of execution ... 10
-> Series suffix ... .dat
==========================================

=== Generate Link package  ===
temorary directory:/Users/Shared/moritakumi/as/wk
 -> temporary file fort.20 was linked.
 -> temporary file fort.22 was linked.
 -> temporary file fort.24 was linked.
 -> temporary file fort.25 was linked.
 -> temporary file fort.26 was linked.
 -> temporary file fort.27 was linked.
 -> temporary file fort.40 was linked.
 -> temporary file fort.61 was linked.
 -> temporary file fort.62 was linked.
==========================================

=== Execution SCF calculation package  ===
 Date:2022-01-19 04:45:36 +0900
 Hostname:bern6

check old data...
-> fort.45  :(potential)...ok
-> fort.32  :(charge density)...ok
-> fort.1  :(crystal data)...ok

========== outfile is exist ===========
your inputfile is ../fl10.dat
output file:../fl10.out is exist.
Maybe, your calculation has already done.
==========================================

