++++++++++++++ KANSAI CALCULATION PACKAGE ++++++++++++++++++

=== Package Environmental Variables  ===

-> KANSAI Package ... /Volumes/exHD/moritakumi/KANSAI12x/flapw
-> Executable ... tflapw1mn
-> overwrite executable ... yes
-> Dir is ..
-> check previous output file ...no
-> Series prefix ... fw
-> index of execution ... 1
-> Series suffix ... .dat
==========================================

=== Generate Link package  ===
temorary directory:/Users/Shared/moritakumi/as/wk
 -> temporary file fort.20 was linked.
 -> temporary file fort.22 was linked.
 -> temporary file fort.24 was linked.
 -> temporary file fort.25 was linked.
 -> temporary file fort.26 was linked.
 -> temporary file fort.27 was linked.
 -> temporary file fort.40 was linked.
 -> temporary file fort.61 was linked.
 -> temporary file fort.62 was linked.
==========================================

=== Execution SCF calculation package  ===
 Date:2022-01-24 14:35:06 +0900
 Hostname:bern6

check old data...
-> fort.35  :(potential(LAPW))...ok
-> fort.30  :(charge density(LAPW))...ok
-> fort.1  :(crystal data)...ok

execute scf calculation
 -> copy executable tflapw1mn from /Volumes/exHD/moritakumi/KANSAI12x/flapw
 file check for tflapw1mn ...ok
tflapw1mn has done (time:9.031992 sec).

copy calculation results...
 ->../fw1fpot.dat was generated from fort.45
 ->../fw1fchg.dat was generated from fort.32
 ->../fw1dst.dat was generated from fort.16
 ->../fw1eld.dat was generated from fort.28
 ->../fw1esd.dat was generated from fort.29

remove symbolic link to temporary files...
 ->file:fort.20 was deleted.
 ->file:fort.22 was deleted.
 ->file:fort.24 was deleted.
 ->file:fort.25 was deleted.
 ->file:fort.26 was deleted.
 ->file:fort.27 was deleted.
 ->file:fort.40 was deleted.
 ->file:fort.61 was deleted.
 ->file:fort.62 was deleted.
==========================================

remove temporary file in /Users/Shared/moritakumi/as/wk
 -> remove temporary file: fort.20
 -> remove temporary file: fort.22
 -> remove temporary file: fort.24
 -> remove temporary file: fort.25
 -> remove temporary file: fort.26
 -> remove temporary file: fort.27
 -> remove temporary file: fort.40
 -> remove temporary file: fort.61
 -> remove temporary file: fort.62
==========================================

